[2015.08.06-00.04.05:733][  0]Log file open, 08/06/15 10:04:05
[2015.08.06-00.04.05:733][  0]LogInit:Display: Running engine for game: Spook_Prototype
[2015.08.06-00.04.05:733][  0]LogInit:Display: RandInit(394552908) SRandInit(394552909).
[2015.08.06-00.04.05:733][  0]LogTaskGraph: Started task graph with 4 named threads and 7 total threads.
[2015.08.06-00.04.05:733][  0]LogStats: Stats thread started
[2015.08.06-00.04.05:733][  0]LogExit: Preparing to exit.
[2015.08.06-00.04.05:733][  0]LogModuleManager: Shutting down and abandoning module TextureCompressor (13)
[2015.08.06-00.04.05:733][  0]LogModuleManager: Shutting down and abandoning module ShaderCore (12)
[2015.08.06-00.04.05:733][  0]LogModuleManager: Shutting down and abandoning module Landscape (11)
[2015.08.06-00.04.05:733][  0]LogModuleManager: Shutting down and abandoning module SlateRHIRenderer (10)
[2015.08.06-00.04.05:733][  0]LogModuleManager: Shutting down and abandoning module OpenGLDrv (9)
[2015.08.06-00.04.05:733][  0]LogModuleManager: Shutting down and abandoning module D3D11RHI (8)
[2015.08.06-00.04.05:733][  0]LogModuleManager: Shutting down and abandoning module Renderer (7)
[2015.08.06-00.04.05:733][  0]LogModuleManager: Shutting down and abandoning module Engine (6)
[2015.08.06-00.04.05:733][  0]LogModuleManager: Shutting down and abandoning module CoreUObject (5)
[2015.08.06-00.04.05:733][  0]LogModuleManager: Shutting down and abandoning module NetworkFile (4)
[2015.08.06-00.04.05:733][  0]LogModuleManager: Shutting down and abandoning module StreamingFile (3)
[2015.08.06-00.04.05:733][  0]LogModuleManager: Shutting down and abandoning module SandboxFile (2)
[2015.08.06-00.04.05:733][  0]LogModuleManager: Shutting down and abandoning module PakFile (1)
[2015.08.06-00.04.05:734][  0]LogExit: Exiting.
[2015.08.06-00.04.05:735][  0]Log file closed, 08/06/15 10:04:05
