[2015.08.13-04.13.33:676][  0]Log file open, 08/13/15 14:13:33
[2015.08.13-04.13.33:676][  0]LogInit:Display: Running engine for game: Spook_Prototype
[2015.08.13-04.13.33:676][  0]LogInit:Display: RandInit(-1859658956) SRandInit(-1859658956).
[2015.08.13-04.13.33:676][  0]LogTaskGraph: Started task graph with 4 named threads and 7 total threads.
[2015.08.13-04.13.33:676][  0]LogStats: Stats thread started
[2015.08.13-04.13.33:676][  0]LogInit: Version: 4.8.3-2634408+++depot+UE4-Releases+4.8
[2015.08.13-04.13.33:676][  0]LogInit: API Version: 2579680
[2015.08.13-04.13.33:676][  0]LogInit: Compiled (64-bit): Jul 27 2015 16:24:33
[2015.08.13-04.13.33:676][  0]LogInit: Compiled with Visual C++: 18.00.21005.01
[2015.08.13-04.13.33:676][  0]LogInit: Build Configuration: Development
[2015.08.13-04.13.33:676][  0]LogInit: Branch Name: ++depot+UE4-Releases+4.8
[2015.08.13-04.13.33:676][  0]LogInit: Command line:  
[2015.08.13-04.13.33:676][  0]LogInit: Base directory: C:/Program Files/Epic Games/4.8/Engine/Binaries/Win64/
[2015.08.13-04.13.33:676][  0]LogInit: Rocket: 1
[2015.08.13-04.13.33:687][  0]LogInit: Using libcurl 7.41.0
[2015.08.13-04.13.33:687][  0]LogInit:  - built for x86_64-pc-win32
[2015.08.13-04.13.33:687][  0]LogInit:  - supports SSL with WinSSL
[2015.08.13-04.13.33:687][  0]LogInit:  - other features:
[2015.08.13-04.13.33:687][  0]LogInit:      CURL_VERSION_SSL
[2015.08.13-04.13.33:687][  0]LogInit:      CURL_VERSION_IPV6
[2015.08.13-04.13.33:687][  0]LogInit:      CURL_VERSION_ASYNCHDNS
[2015.08.13-04.13.33:687][  0]LogInit:      CURL_VERSION_LARGEFILE
[2015.08.13-04.13.33:687][  0]LogInit:      CURL_VERSION_IDN
[2015.08.13-04.13.33:687][  0]LogInit:  CurlRequestOptions (configurable via config and command line):
[2015.08.13-04.13.33:687][  0]LogInit:  - bVerifyPeer = true  - Libcurl will verify peer certificate
[2015.08.13-04.13.33:687][  0]LogInit:  - bUseHttpProxy = false  - Libcurl will NOT use HTTP proxy
[2015.08.13-04.13.33:687][  0]LogInit:  - bDontReuseConnections = false  - Libcurl will reuse connections
[2015.08.13-04.13.33:687][  0]LogInit:  - CertBundlePath = nullptr  - Libcurl will use whatever was configured at build time.
[2015.08.13-04.13.33:698][  0]LogOnline:Warning: No default platform service specified for OnlineSubsystem
[2015.08.13-04.13.33:709][  0]LogInit: Presizing for 0 objects not considered by GC, pre-allocating 0 bytes.
[2015.08.13-04.13.33:716][  0]LogInit: Object subsystem initialized
[2015.08.13-04.13.33:717][  0]LogConsoleResponse:Warning: Skipping Unknown console variable: 'TranslucentSortAxis = (X=0.000000,Y=-1.000000,Z=0.000000)'
[2015.08.13-04.13.33:717][  0]LogConsoleResponse:Warning:   Found in ini file 'C:/Users/jackson.luff/Desktop/Spook_Prototype/Spook_Prototype/Saved/Config/Windows/Engine.ini', in section '[/Script/Engine.RendererSettings]'
[2015.08.13-04.13.33:717][  0]LogConsoleResponse:Warning: Skipping Unknown console variable: 'UIScaleRule = ShortestSide'
[2015.08.13-04.13.33:717][  0]LogConsoleResponse:Warning:   Found in ini file 'C:/Users/jackson.luff/Desktop/Spook_Prototype/Spook_Prototype/Saved/Config/Windows/Engine.ini', in section '[/Script/Engine.RendererSettings]'
[2015.08.13-04.13.33:717][  0]LogConsoleResponse:Warning: Skipping Unknown console variable: 'UIScaleCurve = (EditorCurveData=(Keys=),ExternalCurve=None)'
[2015.08.13-04.13.33:717][  0]LogConsoleResponse:Warning:   Found in ini file 'C:/Users/jackson.luff/Desktop/Spook_Prototype/Spook_Prototype/Saved/Config/Windows/Engine.ini', in section '[/Script/Engine.RendererSettings]'
[2015.08.13-04.13.33:718][  0]LogInit: Selected Device Profile: [Windows]
[2015.08.13-04.13.33:718][  0]LogInit: Applying CVar settings loaded from the selected device profile: [Windows]
[2015.08.13-04.13.33:725][  0]LogInit: Computer: 902B34D117A1
[2015.08.13-04.13.33:725][  0]LogInit: User: jacksonluff
[2015.08.13-04.13.33:725][  0]LogInit: CPU Page size=4096, Cores=4
[2015.08.13-04.13.33:725][  0]LogInit: High frequency timer resolution =3.323642 MHz
[2015.08.13-04.13.33:725][  0]LogMemory: Memory total: Physical=16.0GB (16GB approx)
[2015.08.13-04.13.33:725][  0]LogMemory: Platform Memory Stats for Windows
[2015.08.13-04.13.33:725][  0]LogMemory: Process Physical Memory: 51.73 MB used, 51.73 MB peak
[2015.08.13-04.13.33:725][  0]LogMemory: Process Virtual Memory: 24.30 MB used, 24.30 MB peak
[2015.08.13-04.13.33:725][  0]LogMemory: Physical Memory: 3910.18 MB used, 16343.68 MB total
[2015.08.13-04.13.33:725][  0]LogMemory: Virtual Memory: 282.57 MB used, 8388608.00 MB total
[2015.08.13-04.13.33:757][  0]LogTextLocalizationManager: The requested culture ('en_AU') has no localization data; parent culture's ('en') localization data will be used.
[2015.08.13-04.13.33:941][  0]LogTextLocalizationManager:Warning: Loaded localization resources contain conflicting entries for (Namespace:ContentBrowser, Key:ImportAssetToolTip):
Localization Resource: (C:/Program Files/Epic Games/4.8/Engine/Content/Localization/Editor/en/Editor.locres) Source String Hash: (-630476809) Localized String: (Import to {0}...)
Localization Resource: (C:/Program Files/Epic Games/4.8/Engine/Content/Localization/Editor/en/Editor.locres) Source String Hash: (1271782899) Localized String: (Imports an asset from file to this folder.)
[2015.08.13-04.13.34:356][  0]LogD3D11RHI: Found D3D11 adapter 0: NVIDIA GeForce GTX 660 Ti (Feature Level 11_0)
[2015.08.13-04.13.34:356][  0]LogD3D11RHI: Adapter has 1990MB of dedicated video memory, 0MB of dedicated system memory, and 2048MB of shared system memory, 2 output[s]
[2015.08.13-04.13.34:357][  0]LogD3D11RHI: Chosen D3D11 Adapter Id = 0
[2015.08.13-04.13.34:361][  0]LogD3D11RHI: InitD3DDevice
[2015.08.13-04.13.34:361][  0]LogD3D11RHI: !Direct3DDevice
[2015.08.13-04.13.34:361][  0]LogRHI: Texture pool is 1361 MB (70% of 1945 MB)
[2015.08.13-04.13.34:368][  0]LogD3D11RHI: Async texture creation enabled
[2015.08.13-04.13.34:382][  0]LogShaderCompilers:Display: Using Local Shader Compiler.
[2015.08.13-04.13.35:101][  0]LogTemp:Display: Loaded TP DesktopTargetPlatform
[2015.08.13-04.13.35:113][  0]LogTemp:Display: Loaded TP WindowsClientTargetPlatform
[2015.08.13-04.13.35:125][  0]LogTemp:Display: Loaded TP WindowsNoEditorTargetPlatform
[2015.08.13-04.13.35:137][  0]LogTemp:Display: Loaded TP WindowsServerTargetPlatform
[2015.08.13-04.13.35:151][  0]LogTemp:Display: Loaded TP WindowsTargetPlatform
[2015.08.13-04.13.35:161][  0]LogTemp:Display: Loaded TP AndroidTargetPlatform
[2015.08.13-04.13.35:172][  0]LogTemp:Display: Loaded TP Android_ASTCTargetPlatform
[2015.08.13-04.13.35:183][  0]LogTemp:Display: Loaded TP Android_ATCTargetPlatform
[2015.08.13-04.13.35:193][  0]LogTemp:Display: Loaded TP Android_DXTTargetPlatform
[2015.08.13-04.13.35:203][  0]LogTemp:Display: Loaded TP Android_ETC1TargetPlatform
[2015.08.13-04.13.35:214][  0]LogTemp:Display: Loaded TP Android_ETC2TargetPlatform
[2015.08.13-04.13.35:224][  0]LogTemp:Display: Loaded TP Android_PVRTCTargetPlatform
[2015.08.13-04.13.35:264][  0]LogTemp:Display: Loaded TP IOSTargetPlatform
[2015.08.13-04.13.35:274][  0]LogTemp:Display: Loaded TP LinuxNoEditorTargetPlatform
[2015.08.13-04.13.35:284][  0]LogTemp:Display: Loaded TP LinuxServerTargetPlatform
[2015.08.13-04.13.35:296][  0]LogTemp:Display: Loaded TP LinuxTargetPlatform
[2015.08.13-04.13.35:296][  0]LogTargetPlatformManager:Display: Building Assets For Windows
[2015.08.13-04.13.35:467][  0]LogDerivedDataCache:Display: Max Cache Size: 512 MB
[2015.08.13-04.13.35:507][  0]LogDerivedDataCache: Loaded boot cache 0.04s 53MB C:/Users/jackson.luff/AppData/Local/UnrealEngine/4.8/DerivedDataCache/Boot.ddc.
[2015.08.13-04.13.35:507][  0]LogDerivedDataCache:Display: Loaded Boot cache: C:/Users/jackson.luff/AppData/Local/UnrealEngine/4.8/DerivedDataCache/Boot.ddc
[2015.08.13-04.13.35:507][  0]LogDerivedDataCache: FDerivedDataBackendGraph:  Pak pak cache file ../../../../../../Users/jackson.luff/Desktop/Spook_Prototype/Spook_Prototype/DerivedDataCache/DDC.ddp not found, will not use a pak cache.
[2015.08.13-04.13.35:507][  0]LogDerivedDataCache: Unable to find inner node Pak for hierarchical cache Hierarchy.
[2015.08.13-04.13.35:507][  0]LogDerivedDataCache: FDerivedDataBackendGraph:  CompressedPak pak cache file ../../../../../../Users/jackson.luff/Desktop/Spook_Prototype/Spook_Prototype/DerivedDataCache/Compressed.ddp not found, will not use a pak cache.
[2015.08.13-04.13.35:507][  0]LogDerivedDataCache: Unable to find inner node CompressedPak for hierarchical cache Hierarchy.
[2015.08.13-04.13.35:655][  0]LogDerivedDataCache:Display: Pak cache opened for reading ../../../Engine/DerivedDataCache/Compressed.ddp.
[2015.08.13-04.13.35:666][  0]LogDerivedDataCache: Using Local data cache path C:/Users/jackson.luff/AppData/Local/UnrealEngine/Common/DerivedDataCache: Writable
[2015.08.13-04.13.35:866][  0]LogInit: Selected Device Profile: [Windows]
[2015.08.13-04.13.35:875][  0]ImportText (ComponentSweepMultiTests): Missing closing parenthesis: (RootShapeAsset="/Engine/BasicShapes/Cube.Cube",ShapeType="TriggerCapsule",HitResult=(Time=0.50,Location=(X=-100.000015,Y=0.0,Z=100.000015),ImpactPoint=(X=-50.0,Y=0.0,Z=50.0),Normal=(X=-1.0,Y=-0.0,Z=0.0),ImpactNormal=(X=0.0,Y=0.0,Z=1.0),TraceStart=(X=-200.0,Y=0.0,Z=200.0),TraceEnd=(X=0.0,Y=0.0,Z=0.0))
[2015.08.13-04.13.35:875][  0]ImportText (LineTraceSingleByChannelTests): Missing closing parenthesis: (RootShapeAsset="/Engine/BasicShapes/Cube.Cube",HitResult=(Time=0.50,Location=(X=-100.000015,Y=0.0,Z=100.000015),ImpactPoint=(X=-50.0,Y=0.0,Z=50.0),Normal=(X=-1.0,Y=-0.0,Z=0.0),ImpactNormal=(X=0.0,Y=0.0,Z=1.0),TraceStart=(X=-200.0,Y=0.0,Z=200.0),TraceEnd=(X=0.0,Y=0.0,Z=0.0))
[2015.08.13-04.13.35:899][  0]LogMeshUtilities: No automatic mesh reduction module available
[2015.08.13-04.13.35:899][  0]LogMeshUtilities: No automatic mesh merging module available
[2015.08.13-04.13.36:270][  0]LogInit: WinSock: version 1.1 (2.2), MaxSocks=32767, MaxUdp=65467
[2015.08.13-04.13.37:131][  0]LogAssetRegistry: FAssetRegistry took 0.0095 seconds to start up
[2015.08.13-04.13.37:143][  0]LogDirectoryWatcher:Warning: Failed to begin reading directory changes for ../../../Engine/Plugins/Experimental/CharacterAI/Content/. Error: 0
[2015.08.13-04.13.37:154][  0]UdpMessaging: Initializing bridge on interface 0.0.0.0:0 to multicast group 230.0.0.1:6666.
[2015.08.13-04.13.37:451][  0]SourceControl: Info Source control is disabled
[2015.08.13-04.13.37:456][  0]SourceControl: Info Source control is disabled
[2015.08.13-04.13.37:464][  0]SourceControl: Info Source control is disabled
[2015.08.13-04.13.37:472][  0]SourceControl: Info Source control is disabled
[2015.08.13-04.13.37:696][  0]LogObj: 26440 objects as part of root set at end of initial load.
[2015.08.13-04.13.37:696][  0]LogUObjectAllocator: 5438864 out of 0 bytes used by permanent object pool.
[2015.08.13-04.13.37:758][  0]LogEngine: Initializing Engine...
[2015.08.13-04.13.37:759][  0]LogHMD: Can't find Oculus library dev build: is proper Runtime installed? Version: 0.6.0.0
[2015.08.13-04.13.37:761][  0]LogHMD:Warning: SteamVR failed to initialize.  Error: 110
[2015.08.13-04.13.37:897][  0]LogAIModule: Creating AISystem for world NewWorld
[2015.08.13-04.13.37:902][  0]LogInit: XAudio2 using 'Speakers (VIA High Definition Audio)' : 2 channels at 48 kHz using 32 bits per sample (channel mask 0x3)
[2015.08.13-04.13.37:912][  0]LogInit: FAudioDevice initialized.
[2015.08.13-04.13.37:938][  0]LogDerivedDataCache: Saved boot cache 0.03s 53MB C:/Users/jackson.luff/AppData/Local/UnrealEngine/4.8/DerivedDataCache/Boot.ddc.
[2015.08.13-04.13.37:943][  0]LogInit: Texture streaming: Disabled
[2015.08.13-04.13.37:962][  0]LogAnalytics: Creating configured Analytics provider AnalyticsET
[2015.08.13-04.13.37:962][  0]LogAnalytics: [UEEditor.Rocket.Release] APIServer = http://et2.epicgames.com/ET2/. AppVersion = 4.8.3-2634408+++depot+UE4-Releases+4.8
[2015.08.13-04.13.37:963][  0]LogAnalytics: [UEEditor.Rocket.Release] SetUserId 84f5543c4eae4eeb85427c8f31b15fed|7cf267475aab4bafb7b336aedadbdf03|766909cc-7ea2-4327-9533-350144afa63e
[2015.08.13-04.13.37:963][  0]LogAnalytics: [UEEditor.Rocket.Release] AnalyticsET::StartSession
[2015.08.13-04.13.37:982][  0]LogInit: Transaction tracking system initialized
[2015.08.13-04.13.38:087][  0]BlueprintLog: New page: Editor Load
[2015.08.13-04.13.38:608][  0]LogConsoleManager:Warning: Console variable 'r.VSync' wasn't set ('GameSetting' has a lower priority than 'SystemSettingsIni')
[2015.08.13-04.13.38:608][  0]LogConsoleResponse:Display: 
[2015.08.13-04.13.38:695][  0]LogCook:Display: Done creating registry. It took  0.00s.
[2015.08.13-04.13.38:857][  0]SourceControl: Info Source control is disabled
[2015.08.13-04.13.38:857][  0]Cmd: MAP LOAD FILE="../../../../../../Users/jackson.luff/Desktop/Spook_Prototype/Spook_Prototype/Content/ThirdPersonBP/Maps/ThirdPersonExampleMap.umap" TEMPLATE=0 SHOWPROGRESS=1 FEATURELEVEL=3
[2015.08.13-04.13.38:858][  0]LogEditorServer:Warning: Can't find file '../../../../../../Users/jackson.luff/Desktop/Spook_Prototype/Spook_Prototype/Content/ThirdPersonBP/Maps/ThirdPersonExampleMap.umap'
[2015.08.13-04.13.38:858][  0]Cmd: MAP CHECKDEP NOCLEARLOG
[2015.08.13-04.13.38:888][  0]MapCheck: Info Map check complete: 0 Error(s), 0 Warning(s), took 30.662ms to complete.
[2015.08.13-04.13.38:888][  0]LogFileHelpers: Loading map 'ThirdPersonExampleMap' took 0.031
[2015.08.13-04.13.39:008][  0]LogCollectionManager: Loaded 0 collections in 0.001543 seconds
[2015.08.13-04.13.39:014][  0]LogContentBrowser: Native class hierarchy populated in 0.0059 seconds. Added 1807 classes and 307 folders.
[2015.08.13-04.13.39:051][  0]LogContentBrowser: Native class hierarchy updated for 'WidgetCarousel' in 0.0003 seconds. Added 0 classes and 0 folders.
[2015.08.13-04.13.39:071][  0]LogContentBrowser: Native class hierarchy updated for 'AddContentDialog' in 0.0003 seconds. Added 0 classes and 0 folders.
[2015.08.13-04.13.39:084][  0]LogContentBrowser: Native class hierarchy updated for 'SceneOutliner' in 0.0003 seconds. Added 1 classes and 2 folders.
[2015.08.13-04.13.39:127][  0]LogCrashTracker: Crashtracker disabled due to settings.
[2015.08.13-04.13.39:128][  0]LogD3D11RHI: InitD3DDevice
[2015.08.13-04.13.39:131][  0]LogUObjectGlobals:Warning: Failed to find object 'Class None.'
[2015.08.13-04.13.39:152][  0]LogLoad: Full Startup: 7.00 seconds (BP compile: 0.01 seconds)
[2015.08.13-04.13.39:525][  0]LogContentStreaming: Texture pool size is 0.000000MB
[2015.08.13-04.13.39:541][  0]LogContentStreaming: Texture pool size now 1000 MB
[2015.08.13-04.13.39:712][  0]LogRenderer: Reallocating scene render targets to support 1056x560 (Frame:2).
[2015.08.13-04.13.40:213][  3]LogD3D11RHI: InitD3DDevice
[2015.08.13-04.13.40:846][  4]LogAssetRegistry: Asset discovery search completed in 3.7245 seconds
[2015.08.13-04.13.54:952][200]LogD3D11RHI: InitD3DDevice
[2015.08.13-04.13.57:441][430]LogD3D11RHI: InitD3DDevice
[2015.08.13-04.13.58:804][430]LogAIModule: Creating AISystem for world Spook_World
[2015.08.13-04.13.58:936][430]Cmd: MAP LOAD FILE="../../../../../../Users/jackson.luff/Desktop/Spook_Prototype/Spook_Prototype/Content/Spook/MapAndGameMode/Spook_World.umap" TEMPLATE=0 SHOWPROGRESS=1 FEATURELEVEL=3
[2015.08.13-04.13.58:936][430]LightingResults: New page: Lighting Build
[2015.08.13-04.13.58:947][430]LogContentBrowser: Native class hierarchy updated for 'StatsViewer' in 0.0003 seconds. Added 5 classes and 0 folders.
[2015.08.13-04.13.58:965][430]LoadErrors: New page: Loading map: Spook_World.umap
[2015.08.13-04.13.58:965][430]MapCheck: New page: Map Check
[2015.08.13-04.13.58:965][430]LightingResults: New page: Lighting Build
[2015.08.13-04.13.58:973][430]LogParticles: Destroying 0 GPU particle simulations for FXSystem 0x000000001CEC2F20
[2015.08.13-04.13.59:822][430]LogAIModule: Creating AISystem for world Spook_World
[2015.08.13-04.13.59:861][430]LogPhysics:Warning: FConstraintInstance::GetRefFrame : Contained scale.
[2015.08.13-04.13.59:863][430]LogEditorServer: Finished looking for orphan Actors (0.000 secs)
[2015.08.13-04.14.00:559][430]Cmd: MAP CHECKDEP NOCLEARLOG
[2015.08.13-04.14.00:596][430]MapCheck: Info Map check complete: 0 Error(s), 0 Warning(s), took 37.274ms to complete.
[2015.08.13-04.14.00:596][430]LogFileHelpers: Loading map 'Spook_World' took 1.661
[2015.08.13-04.14.02:675][631]BlueprintLog: New page: Pre-PIE auto-recompile
[2015.08.13-04.14.02:675][631]LogPlayLevel: [PIE] Compiling Spook_World before PIE...
[2015.08.13-04.14.02:729][631]LogActorComponent: UnregisterComponent: (/Engine/Transient.CharMoveComp) Not registered. Aborting.
[2015.08.13-04.14.02:758][631]LogPlayLevel: PIE:  Blueprint regeneration took 82 ms (1 blueprints)
[2015.08.13-04.14.02:760][631]PIE: New page: PIE session: Spook_World (14 Aug 2015 12:14:02 am)
[2015.08.13-04.14.02:760][631]LogPlayLevel: Creating play world package: /Game/Spook/MapAndGameMode/UEDPIE_0_Spook_World
[2015.08.13-04.14.02:798][631]LogPlayLevel: PIE: StaticDuplicateObject took: (0.037725s)
[2015.08.13-04.14.02:799][631]LogAIModule: Creating AISystem for world Spook_World
[2015.08.13-04.14.02:799][631]LogPlayLevel: PIE: World Init took: (0.001634s)
[2015.08.13-04.14.02:800][631]LogPlayLevel: PIE: Created PIE world by copying editor world from /Game/Spook/MapAndGameMode/Spook_World.Spook_World to /Game/Spook/MapAndGameMode/UEDPIE_0_Spook_World.Spook_World (0.039584s)
[2015.08.13-04.14.02:818][631]LogInit: XAudio2 using 'Speakers (VIA High Definition Audio)' : 2 channels at 48 kHz using 32 bits per sample (channel mask 0x3)
[2015.08.13-04.14.02:828][631]LogInit: FAudioDevice initialized.
[2015.08.13-04.14.02:869][631]LogWorld: Game class is 'SpookGameMode_C'
[2015.08.13-04.14.02:878][631]LogPhysics:Warning: FConstraintInstance::GetRefFrame : Contained scale.
[2015.08.13-04.14.02:878][631]LogWorld: Bringing World /Game/Spook/MapAndGameMode/UEDPIE_0_Spook_World.Spook_World up for play (max tick rate 0) at 2015.08.13-14.14.02
[2015.08.13-04.14.02:879][631]LogActor:Warning: GameSession /Game/Spook/MapAndGameMode/UEDPIE_0_Spook_World.Spook_World:PersistentLevel.GameSession_0 has natively added scene component(s), but none of them were set as the actor's RootComponent - picking one arbitrarily
[2015.08.13-04.14.02:879][631]LogActor:Warning: GameNetworkManager /Game/Spook/MapAndGameMode/UEDPIE_0_Spook_World.Spook_World:PersistentLevel.GameNetworkManager_0 has natively added scene component(s), but none of them were set as the actor's RootComponent - picking one arbitrarily
[2015.08.13-04.14.02:880][631]LogWorld: Bringing up level for play took: 0.009180
[2015.08.13-04.14.02:882][631]LogPhysics:Warning: PHYSX: ..\..\PhysX\src\NpMaterial.cpp (124) 4 : NpMaterial::setRestitution: Invalid value 14785.600586 was clamped to [0,1]!
[2015.08.13-04.14.02:883][631]PIE: Info Play in editor start time for /Game/Spook/MapAndGameMode/UEDPIE_0_Spook_World 1.129
[2015.08.13-04.14.03:108][649]LogD3D11RHI:Warning: Temp texture streaming buffer not large enough, needed 8388608 bytes
[2015.08.13-04.14.17:037][313]LogParticles: Destroying 0 GPU particle simulations for FXSystem 0x000000001503E2A0
[2015.08.13-04.14.23:040][767]LogD3D11RHI: InitD3DDevice
[2015.08.13-04.14.23:080][767]LogLinker:Warning: Asset '../../../Engine/Content/ArtTools/RenderToTexture/Macros/RenderToTextureMacros.uasset' has been saved with empty engine version. The asset will be loaded but may be incompatible.
[2015.08.13-04.14.23:163][767]LogLinker:Warning: Asset '../../../Engine/Content/ArtTools/RenderToTexture/Enums/RenderToTexture_Enum.uasset' has been saved with empty engine version. The asset will be loaded but may be incompatible.
[2015.08.13-04.14.44:570][906]LogActorComponent: UnregisterComponent: (/Engine/Transient.CharMoveComp) Not registered. Aborting.
[2015.08.13-04.14.45:474][992]BlueprintLog: New page: Pre-PIE auto-recompile
[2015.08.13-04.14.45:484][992]LogActorComponent: UnregisterComponent: (/Engine/Transient.CharacterMovementComponent_0) Not registered. Aborting.
[2015.08.13-04.14.45:489][992]LogPlayLevel: [PIE] Compiling FrankController before PIE...
[2015.08.13-04.14.45:604][992]LogPlayLevel: [PIE] Compiling Spook_World before PIE...
[2015.08.13-04.14.45:712][992]LogPlayLevel: PIE:  Blueprint regeneration took 237 ms (2 blueprints)
[2015.08.13-04.14.45:712][992]PIE: New page: PIE session: Spook_World (14 Aug 2015 12:14:45 am)
[2015.08.13-04.14.45:712][992]LogPlayLevel: Creating play world package: /Game/Spook/MapAndGameMode/UEDPIE_0_Spook_World
[2015.08.13-04.14.45:762][992]LogPlayLevel: PIE: StaticDuplicateObject took: (0.049658s)
[2015.08.13-04.14.45:763][992]LogAIModule: Creating AISystem for world Spook_World
[2015.08.13-04.14.45:763][992]LogPlayLevel: PIE: World Init took: (0.001187s)
[2015.08.13-04.14.45:763][992]LogPlayLevel: PIE: Created PIE world by copying editor world from /Game/Spook/MapAndGameMode/Spook_World.Spook_World to /Game/Spook/MapAndGameMode/UEDPIE_0_Spook_World.Spook_World (0.051046s)
[2015.08.13-04.14.45:791][992]LogInit: XAudio2 using 'Speakers (VIA High Definition Audio)' : 2 channels at 48 kHz using 32 bits per sample (channel mask 0x3)
[2015.08.13-04.14.45:801][992]LogInit: FAudioDevice initialized.
[2015.08.13-04.14.45:809][992]LogD3D11RHI: InitD3DDevice
[2015.08.13-04.14.45:847][992]LogWorld: Game class is 'SpookGameMode_C'
[2015.08.13-04.14.45:867][992]LogPhysics:Warning: FConstraintInstance::GetRefFrame : Contained scale.
[2015.08.13-04.14.45:867][992]LogWorld: Bringing World /Game/Spook/MapAndGameMode/UEDPIE_0_Spook_World.Spook_World up for play (max tick rate 0) at 2015.08.13-14.14.45
[2015.08.13-04.14.45:867][992]LogActor:Warning: GameSession /Game/Spook/MapAndGameMode/UEDPIE_0_Spook_World.Spook_World:PersistentLevel.GameSession_1 has natively added scene component(s), but none of them were set as the actor's RootComponent - picking one arbitrarily
[2015.08.13-04.14.45:868][992]LogActor:Warning: GameNetworkManager /Game/Spook/MapAndGameMode/UEDPIE_0_Spook_World.Spook_World:PersistentLevel.GameNetworkManager_1 has natively added scene component(s), but none of them were set as the actor's RootComponent - picking one arbitrarily
[2015.08.13-04.14.45:870][992]LogWorld: Bringing up level for play took: 0.019653
[2015.08.13-04.14.45:885][992]PIE: Info Play in editor start time for /Game/Spook/MapAndGameMode/UEDPIE_0_Spook_World 0.13
[2015.08.13-04.14.45:967][992]LogRenderer: Reallocating scene render targets to support 1296x760 (Frame:2840).
[2015.08.13-04.14.49:883][426]LogActorComponent: UnregisterComponent: (/Engine/Transient.CharMoveComp) Not registered. Aborting.
[2015.08.13-04.14.49:917][427]LogParticles: Destroying 0 GPU particle simulations for FXSystem 0x000000001503CE00
[2015.08.13-04.14.51:358][566]LogRenderer: Reallocating scene render targets to support 1296x872 (Frame:3277).
[2015.08.13-04.14.57:567][209]LogActorComponent: UnregisterComponent: (/Engine/Transient.CharMoveComp) Not registered. Aborting.
[2015.08.13-04.14.58:538][299]BlueprintLog: New page: Pre-PIE auto-recompile
[2015.08.13-04.14.58:548][299]LogActorComponent: UnregisterComponent: (/Engine/Transient.CharacterMovementComponent_1) Not registered. Aborting.
[2015.08.13-04.14.58:553][299]LogPlayLevel: [PIE] Compiling FrankController before PIE...
[2015.08.13-04.14.58:666][299]LogPlayLevel: [PIE] Compiling Spook_World before PIE...
[2015.08.13-04.14.58:764][299]LogPlayLevel: PIE:  Blueprint regeneration took 226 ms (2 blueprints)
[2015.08.13-04.14.58:765][299]PIE: New page: PIE session: Spook_World (14 Aug 2015 12:14:58 am)
[2015.08.13-04.14.58:765][299]LogPlayLevel: Creating play world package: /Game/Spook/MapAndGameMode/UEDPIE_0_Spook_World
[2015.08.13-04.14.58:807][299]LogPlayLevel: PIE: StaticDuplicateObject took: (0.041629s)
[2015.08.13-04.14.58:807][299]LogAIModule: Creating AISystem for world Spook_World
[2015.08.13-04.14.58:808][299]LogPlayLevel: PIE: World Init took: (0.001142s)
[2015.08.13-04.14.58:808][299]LogPlayLevel: PIE: Created PIE world by copying editor world from /Game/Spook/MapAndGameMode/Spook_World.Spook_World to /Game/Spook/MapAndGameMode/UEDPIE_0_Spook_World.Spook_World (0.042997s)
[2015.08.13-04.14.58:834][299]LogInit: XAudio2 using 'Speakers (VIA High Definition Audio)' : 2 channels at 48 kHz using 32 bits per sample (channel mask 0x3)
[2015.08.13-04.14.58:843][299]LogInit: FAudioDevice initialized.
[2015.08.13-04.14.58:851][299]LogD3D11RHI: InitD3DDevice
[2015.08.13-04.14.58:886][299]LogWorld: Game class is 'SpookGameMode_C'
[2015.08.13-04.14.58:895][299]LogPhysics:Warning: FConstraintInstance::GetRefFrame : Contained scale.
[2015.08.13-04.14.58:896][299]LogWorld: Bringing World /Game/Spook/MapAndGameMode/UEDPIE_0_Spook_World.Spook_World up for play (max tick rate 0) at 2015.08.13-14.14.58
[2015.08.13-04.14.58:896][299]LogActor:Warning: GameSession /Game/Spook/MapAndGameMode/UEDPIE_0_Spook_World.Spook_World:PersistentLevel.GameSession_2 has natively added scene component(s), but none of them were set as the actor's RootComponent - picking one arbitrarily
[2015.08.13-04.14.58:896][299]LogActor:Warning: GameNetworkManager /Game/Spook/MapAndGameMode/UEDPIE_0_Spook_World.Spook_World:PersistentLevel.GameNetworkManager_2 has natively added scene component(s), but none of them were set as the actor's RootComponent - picking one arbitrarily
[2015.08.13-04.14.58:897][299]LogWorld: Bringing up level for play took: 0.008936
[2015.08.13-04.14.58:910][299]PIE: Info Play in editor start time for /Game/Spook/MapAndGameMode/UEDPIE_0_Spook_World 1.155
[2015.08.13-04.15.10:328][646]LogActorComponent: UnregisterComponent: (/Engine/Transient.CharacterMovementComponent_2) Not registered. Aborting.
[2015.08.13-04.15.10:361][647]LogParticles: Destroying 0 GPU particle simulations for FXSystem 0x000000000DFACEA0
[2015.08.13-04.15.12:178][827]LogEditorViewport: Clicking on Actor (LMB): InstancedFoliageActor (InstancedFoliageActor)
[2015.08.13-04.15.12:997][923]Cmd: DELETE
[2015.08.13-04.15.12:997][923]Cmd: ACTOR DELETE
[2015.08.13-04.15.12:999][923]LogEditorActor: Deleted Actor: InstancedFoliageActor
[2015.08.13-04.15.13:029][923]LogEditorActor: Deleted 1 Actors (0.030 secs)
[2015.08.13-04.15.14:916][ 97]BlueprintLog: New page: Pre-PIE auto-recompile
[2015.08.13-04.15.14:923][ 97]LogPlayLevel: [PIE] Compiling Spook_World before PIE...
[2015.08.13-04.15.15:013][ 97]LogPlayLevel: PIE:  Blueprint regeneration took 97 ms (1 blueprints)
[2015.08.13-04.15.15:013][ 97]PIE: New page: PIE session: Spook_World (14 Aug 2015 12:15:15 am)
[2015.08.13-04.15.15:014][ 97]LogPlayLevel: Creating play world package: /Game/Spook/MapAndGameMode/UEDPIE_0_Spook_World
[2015.08.13-04.15.15:049][ 97]LogPlayLevel: PIE: StaticDuplicateObject took: (0.035504s)
[2015.08.13-04.15.15:050][ 97]LogAIModule: Creating AISystem for world Spook_World
[2015.08.13-04.15.15:051][ 97]LogPlayLevel: PIE: World Init took: (0.001243s)
[2015.08.13-04.15.15:051][ 97]LogPlayLevel: PIE: Created PIE world by copying editor world from /Game/Spook/MapAndGameMode/Spook_World.Spook_World to /Game/Spook/MapAndGameMode/UEDPIE_0_Spook_World.Spook_World (0.036981s)
[2015.08.13-04.15.15:078][ 97]LogInit: XAudio2 using 'Speakers (VIA High Definition Audio)' : 2 channels at 48 kHz using 32 bits per sample (channel mask 0x3)
[2015.08.13-04.15.15:088][ 97]LogInit: FAudioDevice initialized.
[2015.08.13-04.15.15:095][ 97]LogD3D11RHI: InitD3DDevice
[2015.08.13-04.15.15:144][ 97]LogWorld: Game class is 'SpookGameMode_C'
[2015.08.13-04.15.15:159][ 97]LogPhysics:Warning: FConstraintInstance::GetRefFrame : Contained scale.
[2015.08.13-04.15.15:159][ 97]LogWorld: Bringing World /Game/Spook/MapAndGameMode/UEDPIE_0_Spook_World.Spook_World up for play (max tick rate 0) at 2015.08.13-14.15.15
[2015.08.13-04.15.15:159][ 97]LogActor:Warning: GameSession /Game/Spook/MapAndGameMode/UEDPIE_0_Spook_World.Spook_World:PersistentLevel.GameSession_3 has natively added scene component(s), but none of them were set as the actor's RootComponent - picking one arbitrarily
[2015.08.13-04.15.15:160][ 97]LogActor:Warning: GameNetworkManager /Game/Spook/MapAndGameMode/UEDPIE_0_Spook_World.Spook_World:PersistentLevel.GameNetworkManager_3 has natively added scene component(s), but none of them were set as the actor's RootComponent - picking one arbitrarily
[2015.08.13-04.15.15:161][ 97]LogWorld: Bringing up level for play took: 0.013823
[2015.08.13-04.15.15:171][ 97]PIE: Info Play in editor start time for /Game/Spook/MapAndGameMode/UEDPIE_0_Spook_World -0.585
[2015.08.13-04.15.19:972][656]LogParticles: Destroying 0 GPU particle simulations for FXSystem 0x000000003F419440
[2015.08.13-04.15.30:658][752]LogActorComponent: UnregisterComponent: (/Engine/Transient.CharacterMovementComponent_3) Not registered. Aborting.
[2015.08.13-04.15.31:000][793]LogActorComponent: UnregisterComponent: (/Engine/Transient.CharacterMovementComponent_4) Not registered. Aborting.
[2015.08.13-04.15.31:030][793]LogD3D11RHI: InitD3DDevice
[2015.08.13-04.15.32:696][793]LogSavePackage: Save=1544.858032ms
[2015.08.13-04.15.32:696][793]LogSavePackage: Moving '../../../../../../Users/jackson.luff/Desktop/Spook_Prototype/Spook_Prototype/Saved/Spook_World04FD33C6414EAA307DE93C979502B72A.tmp' to '../../../../../../Users/jackson.luff/Desktop/Spook_Prototype/Spook_Prototype/Content/Spook/MapAndGameMode/Spook_World.umap'
[2015.08.13-04.15.32:748][793]LogFileHelpers: Saving map 'Spook_World' took 1.706
[2015.08.13-04.15.32:839][793]LogSavePackage: Save=63.391003ms
[2015.08.13-04.15.32:839][793]LogSavePackage: Moving '../../../../../../Users/jackson.luff/Desktop/Spook_Prototype/Spook_Prototype/Saved/FrankControllerCD4A61C34C8B1176F27B5EA103899E0D.tmp' to '../../../../../../Users/jackson.luff/Desktop/Spook_Prototype/Spook_Prototype/Content/Spook/Characters/Frank/FrankController.uasset'
[2015.08.13-04.15.33:953][904]BlueprintLog: New page: Pre-PIE auto-recompile
[2015.08.13-04.15.33:962][904]LogActorComponent: UnregisterComponent: (/Engine/Transient.CharacterMovementComponent_5) Not registered. Aborting.
[2015.08.13-04.15.33:965][904]LogPlayLevel: [PIE] Compiling FrankController before PIE...
[2015.08.13-04.15.34:078][904]LogPlayLevel: [PIE] Compiling Spook_World before PIE...
[2015.08.13-04.15.34:183][904]LogPlayLevel: PIE:  Blueprint regeneration took 230 ms (2 blueprints)
[2015.08.13-04.15.34:183][904]PIE: New page: PIE session: Spook_World (14 Aug 2015 12:15:34 am)
[2015.08.13-04.15.34:184][904]LogPlayLevel: Creating play world package: /Game/Spook/MapAndGameMode/UEDPIE_0_Spook_World
[2015.08.13-04.15.34:220][904]LogPlayLevel: PIE: StaticDuplicateObject took: (0.036338s)
[2015.08.13-04.15.34:221][904]LogAIModule: Creating AISystem for world Spook_World
[2015.08.13-04.15.34:222][904]LogPlayLevel: PIE: World Init took: (0.001322s)
[2015.08.13-04.15.34:222][904]LogPlayLevel: PIE: Created PIE world by copying editor world from /Game/Spook/MapAndGameMode/Spook_World.Spook_World to /Game/Spook/MapAndGameMode/UEDPIE_0_Spook_World.Spook_World (0.037862s)
[2015.08.13-04.15.34:248][904]LogInit: XAudio2 using 'Speakers (VIA High Definition Audio)' : 2 channels at 48 kHz using 32 bits per sample (channel mask 0x3)
[2015.08.13-04.15.34:257][904]LogInit: FAudioDevice initialized.
[2015.08.13-04.15.34:265][904]LogD3D11RHI: InitD3DDevice
[2015.08.13-04.15.34:311][904]LogWorld: Game class is 'SpookGameMode_C'
[2015.08.13-04.15.34:328][904]LogPhysics:Warning: FConstraintInstance::GetRefFrame : Contained scale.
[2015.08.13-04.15.34:329][904]LogWorld: Bringing World /Game/Spook/MapAndGameMode/UEDPIE_0_Spook_World.Spook_World up for play (max tick rate 0) at 2015.08.13-14.15.34
[2015.08.13-04.15.34:329][904]LogActor:Warning: GameSession /Game/Spook/MapAndGameMode/UEDPIE_0_Spook_World.Spook_World:PersistentLevel.GameSession_4 has natively added scene component(s), but none of them were set as the actor's RootComponent - picking one arbitrarily
[2015.08.13-04.15.34:330][904]LogActor:Warning: GameNetworkManager /Game/Spook/MapAndGameMode/UEDPIE_0_Spook_World.Spook_World:PersistentLevel.GameNetworkManager_4 has natively added scene component(s), but none of them were set as the actor's RootComponent - picking one arbitrarily
[2015.08.13-04.15.34:331][904]LogWorld: Bringing up level for play took: 0.016256
[2015.08.13-04.15.34:349][904]PIE: Info Play in editor start time for /Game/Spook/MapAndGameMode/UEDPIE_0_Spook_World 0.594
[2015.08.13-04.15.49:487][705]LogActorComponent: UnregisterComponent: (/Engine/Transient.CharMoveComp) Not registered. Aborting.
[2015.08.13-04.15.49:522][706]LogParticles: Destroying 0 GPU particle simulations for FXSystem 0x00000000434AF6A0
[2015.08.13-04.16.15:966][849]LogD3D11RHI: InitD3DDevice
[2015.08.13-04.16.16:106][849]LogD3D11RHI: InitD3DDevice
[2015.08.13-04.16.16:195][849]LogSkeletalMesh: InitArticulated: Bodies already created (/Engine/Transient.DebugSkelMeshComponent_0) - call TermArticulated first.
[2015.08.13-04.16.16:261][849]LogLinker:Warning: Asset '../../../Engine/Content/Tutorial/SubEditors/PersonaAnimEditorTutorial.uasset' has been saved with empty engine version. The asset will be loaded but may be incompatible.
[2015.08.13-04.16.16:352][849]LogContentBrowser:Verbose: The majority of assets in the view are of type: AnimSequence
[2015.08.13-04.16.19:768][110]LogActorComponent: UnregisterComponent: (/Engine/Transient.CharMoveComp) Not registered. Aborting.
[2015.08.13-04.16.19:803][110]LogD3D11RHI: InitD3DDevice
[2015.08.13-04.16.19:848][110]LogSavePackage: Save=11.629110ms
[2015.08.13-04.16.19:848][110]LogSavePackage: Moving '../../../../../../Users/jackson.luff/Desktop/Spook_Prototype/Spook_Prototype/Saved/King_Model_RunC582866C4B17B80F4B47649DDAE95DF7.tmp' to '../../../../../../Users/jackson.luff/Desktop/Spook_Prototype/Spook_Prototype/Content/Spook/Characters/Frank/Resources/Animations/King_Model_Run.uasset'
[2015.08.13-04.16.21:063][187]BlueprintLog: New page: Pre-PIE auto-recompile
[2015.08.13-04.16.21:070][187]LogPlayLevel: [PIE] Compiling Spook_World before PIE...
[2015.08.13-04.16.21:163][187]LogPlayLevel: PIE:  Blueprint regeneration took 100 ms (1 blueprints)
[2015.08.13-04.16.21:163][187]PIE: New page: PIE session: Spook_World (14 Aug 2015 12:16:21 am)
[2015.08.13-04.16.21:164][187]LogPlayLevel: Creating play world package: /Game/Spook/MapAndGameMode/UEDPIE_0_Spook_World
[2015.08.13-04.16.21:201][187]LogPlayLevel: PIE: StaticDuplicateObject took: (0.036941s)
[2015.08.13-04.16.21:201][187]LogAIModule: Creating AISystem for world Spook_World
[2015.08.13-04.16.21:202][187]LogPlayLevel: PIE: World Init took: (0.001329s)
[2015.08.13-04.16.21:202][187]LogPlayLevel: PIE: Created PIE world by copying editor world from /Game/Spook/MapAndGameMode/Spook_World.Spook_World to /Game/Spook/MapAndGameMode/UEDPIE_0_Spook_World.Spook_World (0.038541s)
[2015.08.13-04.16.21:229][187]LogInit: XAudio2 using 'Speakers (VIA High Definition Audio)' : 2 channels at 48 kHz using 32 bits per sample (channel mask 0x3)
[2015.08.13-04.16.21:239][187]LogInit: FAudioDevice initialized.
[2015.08.13-04.16.21:267][187]LogWorld: Game class is 'SpookGameMode_C'
[2015.08.13-04.16.21:277][187]LogPhysics:Warning: FConstraintInstance::GetRefFrame : Contained scale.
[2015.08.13-04.16.21:277][187]LogWorld: Bringing World /Game/Spook/MapAndGameMode/UEDPIE_0_Spook_World.Spook_World up for play (max tick rate 0) at 2015.08.13-14.16.21
[2015.08.13-04.16.21:277][187]LogActor:Warning: GameSession /Game/Spook/MapAndGameMode/UEDPIE_0_Spook_World.Spook_World:PersistentLevel.GameSession_5 has natively added scene component(s), but none of them were set as the actor's RootComponent - picking one arbitrarily
[2015.08.13-04.16.21:277][187]LogActor:Warning: GameNetworkManager /Game/Spook/MapAndGameMode/UEDPIE_0_Spook_World.Spook_World:PersistentLevel.GameNetworkManager_5 has natively added scene component(s), but none of them were set as the actor's RootComponent - picking one arbitrarily
[2015.08.13-04.16.21:278][187]LogWorld: Bringing up level for play took: 0.008985
[2015.08.13-04.16.21:281][187]PIE: Info Play in editor start time for /Game/Spook/MapAndGameMode/UEDPIE_0_Spook_World -0.476
[2015.08.13-04.16.35:097][289]LogParticles: Destroying 0 GPU particle simulations for FXSystem 0x0000000044D0AD40
[2015.08.13-04.16.44:470][928]LogD3D11RHI: InitD3DDevice
[2015.08.13-04.16.49:739][341]BlueprintLog: New page: Pre-PIE auto-recompile
[2015.08.13-04.16.49:747][341]LogPlayLevel: [PIE] Compiling Spook_World before PIE...
[2015.08.13-04.16.49:831][341]LogParticles: Destroying 0 GPU particle simulations for FXSystem 0x000000000DFAF6A0
[2015.08.13-04.16.49:842][341]LogPlayLevel: PIE:  Blueprint regeneration took 102 ms (1 blueprints)
[2015.08.13-04.16.49:842][341]PIE: New page: PIE session: Spook_World (14 Aug 2015 12:16:49 am)
[2015.08.13-04.16.49:842][341]LogPlayLevel: Creating play world package: /Game/Spook/MapAndGameMode/UEDPIE_0_Spook_World
[2015.08.13-04.16.49:876][341]LogPlayLevel: PIE: StaticDuplicateObject took: (0.034144s)
[2015.08.13-04.16.49:877][341]LogAIModule: Creating AISystem for world Spook_World
[2015.08.13-04.16.49:878][341]LogPlayLevel: PIE: World Init took: (0.001158s)
[2015.08.13-04.16.49:878][341]LogPlayLevel: PIE: Created PIE world by copying editor world from /Game/Spook/MapAndGameMode/Spook_World.Spook_World to /Game/Spook/MapAndGameMode/UEDPIE_0_Spook_World.Spook_World (0.035520s)
[2015.08.13-04.16.49:904][341]LogInit: XAudio2 using 'Speakers (VIA High Definition Audio)' : 2 channels at 48 kHz using 32 bits per sample (channel mask 0x3)
[2015.08.13-04.16.49:913][341]LogInit: FAudioDevice initialized.
[2015.08.13-04.16.49:945][341]LogWorld: Game class is 'SpookGameMode_C'
[2015.08.13-04.16.49:954][341]LogPhysics:Warning: FConstraintInstance::GetRefFrame : Contained scale.
[2015.08.13-04.16.49:954][341]LogWorld: Bringing World /Game/Spook/MapAndGameMode/UEDPIE_0_Spook_World.Spook_World up for play (max tick rate 0) at 2015.08.13-14.16.49
[2015.08.13-04.16.49:954][341]LogActor:Warning: GameSession /Game/Spook/MapAndGameMode/UEDPIE_0_Spook_World.Spook_World:PersistentLevel.GameSession_6 has natively added scene component(s), but none of them were set as the actor's RootComponent - picking one arbitrarily
[2015.08.13-04.16.49:955][341]LogActor:Warning: GameNetworkManager /Game/Spook/MapAndGameMode/UEDPIE_0_Spook_World.Spook_World:PersistentLevel.GameNetworkManager_6 has natively added scene component(s), but none of them were set as the actor's RootComponent - picking one arbitrarily
[2015.08.13-04.16.49:956][341]LogWorld: Bringing up level for play took: 0.009122
[2015.08.13-04.16.49:959][341]PIE: Info Play in editor start time for /Game/Spook/MapAndGameMode/UEDPIE_0_Spook_World 0.201
[2015.08.13-04.16.59:027][ 56]LogParticles: Destroying 0 GPU particle simulations for FXSystem 0x0000000044D096C0
[2015.08.13-04.17.02:579][291]Cmd: QUIT_EDITOR
[2015.08.13-04.17.02:807][291]LogExit: Preparing to exit.
[2015.08.13-04.17.03:236][291]LogExit: Editor shut down
[2015.08.13-04.17.03:236][291]LogExit: Transaction tracking system shut down
[2015.08.13-04.17.03:237][291]LogParticles: Destroying 0 GPU particle simulations for FXSystem 0x000000000E9356C0
[2015.08.13-04.17.03:237][291]LogParticles: Destroying 0 GPU particle simulations for FXSystem 0x000000000BF5D9E0
[2015.08.13-04.17.03:240][291]LogParticles: Destroying 0 GPU particle simulations for FXSystem 0x00000000268437E0
[2015.08.13-04.17.03:241][291]LogParticles: Destroying 0 GPU particle simulations for FXSystem 0x00000000229011C0
[2015.08.13-04.17.03:242][291]LogParticles: Destroying 0 GPU particle simulations for FXSystem 0x000000002671B420
[2015.08.13-04.17.03:242][291]LogParticles: Destroying 0 GPU particle simulations for FXSystem 0x000000001604B240
[2015.08.13-04.17.03:242][291]LogParticles: Destroying 0 GPU particle simulations for FXSystem 0x00000000434AF600
[2015.08.13-04.17.03:242][291]LogParticles: Destroying 0 GPU particle simulations for FXSystem 0x0000000024D834C0
[2015.08.13-04.17.03:242][291]LogParticles: Destroying 0 GPU particle simulations for FXSystem 0x0000000024D804A0
[2015.08.13-04.17.03:242][291]LogParticles: Destroying 0 GPU particle simulations for FXSystem 0x000000000DD140E0
[2015.08.13-04.17.03:242][291]LogParticles: Destroying 0 GPU particle simulations for FXSystem 0x000000000DD14EA0
[2015.08.13-04.17.03:242][291]LogParticles: Destroying 0 GPU particle simulations for FXSystem 0x000000000DD14900
[2015.08.13-04.17.03:396][291]LogParticles: Destroying 0 GPU particle simulations for FXSystem 0x000000003F36D4E0
[2015.08.13-04.17.03:396][291]LogExit: Object subsystem successfully closed.
[2015.08.13-04.17.03:417][291]LogD3D11RHI: Shutdown
[2015.08.13-04.17.03:417][291]LogD3D11RHI: CleanupD3DDevice
[2015.08.13-04.17.03:460][291]LogD3D11RHI: ~FD3D11DynamicRHI
[2015.08.13-04.17.03:473][291]LogModuleManager: Shutting down and abandoning module StatsViewer (190)
[2015.08.13-04.17.03:473][291]LogModuleManager: Shutting down and abandoning module CrashTracker (189)
[2015.08.13-04.17.03:473][291]LogModuleManager: Shutting down and abandoning module SceneOutliner (188)
[2015.08.13-04.17.03:473][291]LogModuleManager: Shutting down and abandoning module SuperSearch (187)
[2015.08.13-04.17.03:473][291]LogModuleManager: Shutting down and abandoning module WidgetCarousel (186)
[2015.08.13-04.17.03:473][291]LogModuleManager: Shutting down and abandoning module AddContentDialog (185)
[2015.08.13-04.17.03:474][291]LogModuleManager: Shutting down and abandoning module EditorWidgets (184)
[2015.08.13-04.17.03:474][291]LogModuleManager: Shutting down and abandoning module CollectionManager (183)
[2015.08.13-04.17.03:474][291]LogModuleManager: Shutting down and abandoning module FoliageEdit (182)
[2015.08.13-04.17.03:474][291]LogModuleManager: Shutting down and abandoning module LandscapeEditor (181)
[2015.08.13-04.17.03:474][291]LogModuleManager: Shutting down and abandoning module ActorPickerMode (180)
[2015.08.13-04.17.03:474][291]LogModuleManager: Shutting down and abandoning module GeometryMode (179)
[2015.08.13-04.17.03:474][291]LogModuleManager: Shutting down and abandoning module TextureAlignMode (178)
[2015.08.13-04.17.03:474][291]LogModuleManager: Shutting down and abandoning module BspMode (177)
[2015.08.13-04.17.03:474][291]LogModuleManager: Shutting down and abandoning module PlacementMode (176)
[2015.08.13-04.17.03:474][291]LogModuleManager: Shutting down and abandoning module AutomationWorker (175)
[2015.08.13-04.17.03:474][291]LogModuleManager: Shutting down and abandoning module CharacterAI (174)
[2015.08.13-04.17.03:474][291]LogModuleManager: Shutting down and abandoning module SmartSnapping (173)
[2015.08.13-04.17.03:474][291]LogModuleManager: Shutting down and abandoning module ViewportSnapping (172)
[2015.08.13-04.17.03:474][291]LogModuleManager: Shutting down and abandoning module LogVisualizer (171)
[2015.08.13-04.17.03:474][291]LogModuleManager: Shutting down and abandoning module GameProjectGeneration (170)
[2015.08.13-04.17.03:474][291]LogModuleManager: Shutting down and abandoning module IntroTutorials (169)
[2015.08.13-04.17.03:474][291]LogModuleManager: Shutting down and abandoning module EditorLiveStreaming (168)
[2015.08.13-04.17.03:474][291]LogModuleManager: Shutting down and abandoning module IOSPlatformEditor (167)
[2015.08.13-04.17.03:474][291]LogModuleManager: Shutting down and abandoning module HTML5PlatformEditor (166)
[2015.08.13-04.17.03:474][291]LogModuleManager: Shutting down and abandoning module AndroidDeviceDetection (165)
[2015.08.13-04.17.03:488][291]LogModuleManager: Shutting down and abandoning module AndroidPlatformEditor (164)
[2015.08.13-04.17.03:488][291]LogModuleManager: Shutting down and abandoning module IOSRuntimeSettings (163)
[2015.08.13-04.17.03:488][291]LogModuleManager: Shutting down and abandoning module AndroidRuntimeSettings (162)
[2015.08.13-04.17.03:488][291]LogModuleManager: Shutting down and abandoning module MergeActors (161)
[2015.08.13-04.17.03:488][291]LogModuleManager: Shutting down and abandoning module SizeMap (160)
[2015.08.13-04.17.03:488][291]LogModuleManager: Shutting down and abandoning module TreeMap (159)
[2015.08.13-04.17.03:488][291]LogModuleManager: Shutting down and abandoning module ReferenceViewer (158)
[2015.08.13-04.17.03:488][291]LogModuleManager: Shutting down and abandoning module LocalizationDashboard (157)
[2015.08.13-04.17.03:488][291]LogModuleManager: Shutting down and abandoning module HardwareTargeting (156)
[2015.08.13-04.17.03:488][291]LogModuleManager: Shutting down and abandoning module DeviceProfileEditor (155)
[2015.08.13-04.17.03:488][291]LogModuleManager: Shutting down and abandoning module UndoHistory (154)
[2015.08.13-04.17.03:488][291]LogModuleManager: Shutting down and abandoning module GameplayTagsEditor (153)
[2015.08.13-04.17.03:488][291]LogModuleManager: Shutting down and abandoning module UserFeedback (152)
[2015.08.13-04.17.03:488][291]LogModuleManager: Shutting down and abandoning module XmlParser (151)
[2015.08.13-04.17.03:488][291]LogModuleManager: Shutting down and abandoning module Blutility (150)
[2015.08.13-04.17.03:488][291]LogModuleManager: Shutting down and abandoning module ProjectTargetPlatformEditor (149)
[2015.08.13-04.17.03:488][291]LogModuleManager: Shutting down and abandoning module ProjectSettingsViewer (148)
[2015.08.13-04.17.03:488][291]LogModuleManager: Shutting down and abandoning module InputBindingEditor (147)
[2015.08.13-04.17.03:488][291]LogModuleManager: Shutting down and abandoning module EditorSettingsViewer (146)
[2015.08.13-04.17.03:488][291]LogModuleManager: Shutting down and abandoning module SettingsEditor (145)
[2015.08.13-04.17.03:488][291]LogModuleManager: Shutting down and abandoning module ProjectLauncher (144)
[2015.08.13-04.17.03:488][291]LogModuleManager: Shutting down and abandoning module SessionFrontend (143)
[2015.08.13-04.17.03:488][291]LogModuleManager: Shutting down and abandoning module ProfilerClient (142)
[2015.08.13-04.17.03:488][291]LogModuleManager: Shutting down and abandoning module TargetDeviceServices (141)
[2015.08.13-04.17.03:488][291]LogModuleManager: Shutting down and abandoning module DeviceManager (140)
[2015.08.13-04.17.03:488][291]LogModuleManager: Shutting down and abandoning module AutomationController (139)
[2015.08.13-04.17.03:488][291]LogModuleManager: Shutting down and abandoning module AutomationWindow (138)
[2015.08.13-04.17.03:488][291]LogModuleManager: Shutting down and abandoning module Layers (137)
[2015.08.13-04.17.03:488][291]LogModuleManager: Shutting down and abandoning module ComponentVisualizers (136)
[2015.08.13-04.17.03:488][291]LogModuleManager: Shutting down and abandoning module DetailCustomizations (135)
[2015.08.13-04.17.03:489][291]LogModuleManager: Shutting down and abandoning module PackagesDialog (134)
[2015.08.13-04.17.03:489][291]LogModuleManager: Shutting down and abandoning module Persona (133)
[2015.08.13-04.17.03:489][291]LogModuleManager: Shutting down and abandoning module Kismet (132)
[2015.08.13-04.17.03:489][291]LogModuleManager: Shutting down and abandoning module GraphEditor (131)
[2015.08.13-04.17.03:489][291]LogModuleManager: Shutting down and abandoning module ClassViewer (130)
[2015.08.13-04.17.03:489][291]LogModuleManager: Shutting down and abandoning module Toolbox (129)
[2015.08.13-04.17.03:489][291]LogModuleManager: Shutting down and abandoning module ModuleUI (128)
[2015.08.13-04.17.03:489][291]LogModuleManager: Shutting down and abandoning module MovieSceneTools (127)
[2015.08.13-04.17.03:489][291]LogModuleManager: Shutting down and abandoning module OutputLog (126)
[2015.08.13-04.17.03:489][291]LogModuleManager: Shutting down and abandoning module GammaUI (125)
[2015.08.13-04.17.03:489][291]LogModuleManager: Shutting down and abandoning module Documentation (124)
[2015.08.13-04.17.03:489][291]LogModuleManager: Shutting down and abandoning module GameLiveStreaming (123)
[2015.08.13-04.17.03:489][291]LogModuleManager: Shutting down and abandoning module StreamingPauseRendering (122)
[2015.08.13-04.17.03:489][291]LogModuleManager: Shutting down and abandoning module AnalyticsET (121)
[2015.08.13-04.17.03:489][291]LogModuleManager: Shutting down and abandoning module Analytics (120)
[2015.08.13-04.17.03:489][291]LogModuleManager: Shutting down and abandoning module AITestSuite (119)
[2015.08.13-04.17.03:489][291]LogModuleManager: Shutting down and abandoning module GameplayDebugger (118)
[2015.08.13-04.17.03:489][291]LogModuleManager: Shutting down and abandoning module AIModule (117)
[2015.08.13-04.17.03:489][291]LogModuleManager: Shutting down and abandoning module ProfilerService (116)
[2015.08.13-04.17.03:729][291]LogModuleManager: Shutting down and abandoning module TaskGraph (115)
[2015.08.13-04.17.03:729][291]LogModuleManager: Shutting down and abandoning module SubstanceEditor (114)
[2015.08.13-04.17.03:729][291]LogModuleManager: Shutting down and abandoning module SlateRemote (113)
[2015.08.13-04.17.03:729][291]LogModuleManager: Shutting down and abandoning module SteamVRController (112)
[2015.08.13-04.17.03:729][291]LogModuleManager: Shutting down and abandoning module SteamVR (111)
[2015.08.13-04.17.03:729][291]LogModuleManager: Shutting down and abandoning module ProceduralMeshComponent (110)
[2015.08.13-04.17.03:729][291]LogModuleManager: Shutting down and abandoning module OculusRift (109)
[2015.08.13-04.17.03:729][291]LogModuleManager: Shutting down and abandoning module LeapMotionController (108)
[2015.08.13-04.17.03:740][291]LogModuleManager: Shutting down and abandoning module CustomMeshComponent (107)
[2015.08.13-04.17.03:740][291]LogModuleManager: Shutting down and abandoning module CableComponent (106)
[2015.08.13-04.17.03:740][291]LogModuleManager: Shutting down and abandoning module MessagingDebugger (105)
[2015.08.13-04.17.03:740][291]LogModuleManager: Shutting down and abandoning module MediaPlayerEditor (104)
[2015.08.13-04.17.03:740][291]LogModuleManager: Shutting down and abandoning module SpeedTreeImporter (103)
[2015.08.13-04.17.03:740][291]LogModuleManager: Shutting down and abandoning module PluginBrowser (102)
[2015.08.13-04.17.03:740][291]LogModuleManager: Shutting down and abandoning module EpicSurvey (101)
[2015.08.13-04.17.03:740][291]LogModuleManager: Shutting down and abandoning module DesktopPlatform (100)
[2015.08.13-04.17.03:740][291]LogModuleManager: Shutting down and abandoning module VisualStudioSourceCodeAccess (99)
[2015.08.13-04.17.03:741][291]LogModuleManager: Shutting down and abandoning module UObjectPlugin (98)
[2015.08.13-04.17.03:741][291]LogModuleManager: Shutting down and abandoning module SubversionSourceControl (97)
[2015.08.13-04.17.03:741][291]LogModuleManager: Shutting down and abandoning module PerforceSourceControl (96)
[2015.08.13-04.17.03:741][291]LogModuleManager: Shutting down and abandoning module SourceControl (95)
[2015.08.13-04.17.03:741][291]LogModuleManager: Shutting down and abandoning module GitSourceControl (94)
[2015.08.13-04.17.03:741][291]LogModuleManager: Shutting down and abandoning module BlankPlugin (93)
[2015.08.13-04.17.03:741][291]LogModuleManager: Shutting down and abandoning module PaperTiledImporter (92)
[2015.08.13-04.17.03:741][291]LogModuleManager: Shutting down and abandoning module PaperSpriteSheetImporter (91)
[2015.08.13-04.17.03:741][291]LogModuleManager: Shutting down and abandoning module MeshPaint (90)
[2015.08.13-04.17.03:741][291]LogModuleManager: Shutting down and abandoning module SlateReflector (89)
[2015.08.13-04.17.03:741][291]LogModuleManager: Shutting down and abandoning module HotReload (88)
[2015.08.13-04.17.03:741][291]LogModuleManager: Shutting down and abandoning module MainFrame (87)
[2015.08.13-04.17.03:741][291]LogModuleManager: Shutting down and abandoning module LevelEditor (86)
[2015.08.13-04.17.03:742][291]LogModuleManager: Shutting down and abandoning module ContentBrowser (85)
[2015.08.13-04.17.03:743][291]LogModuleManager: Shutting down and abandoning module Paper2DEditor (84)
[2015.08.13-04.17.03:743][291]LogModuleManager: Shutting down and abandoning module UdpMessaging (83)
[2015.08.13-04.17.03:844][291]LogModuleManager: Shutting down and abandoning module DirectoryWatcher (82)
[2015.08.13-04.17.03:844][291]LogModuleManager: Shutting down and abandoning module AssetRegistry (81)
[2015.08.13-04.17.03:940][291]LogModuleManager: Shutting down and abandoning module SubstanceCore (80)
[2015.08.13-04.17.03:940][291]LogModuleManager: Shutting down and abandoning module Paper2D (79)
[2015.08.13-04.17.03:940][291]LogModuleManager: Shutting down and abandoning module WindowsMoviePlayer (78)
[2015.08.13-04.17.03:943][291]LogModuleManager: Shutting down and abandoning module Media (77)
[2015.08.13-04.17.03:943][291]LogModuleManager: Shutting down and abandoning module WmfMedia (76)
[2015.08.13-04.17.03:943][291]LogModuleManager: Shutting down and abandoning module OnlineBlueprintSupport (75)
[2015.08.13-04.17.03:943][291]LogModuleManager: Shutting down and abandoning module PropertyEditor (74)
[2015.08.13-04.17.03:943][291]LogModuleManager: Shutting down and abandoning module BehaviorTreeEditor (73)
[2015.08.13-04.17.03:943][291]LogModuleManager: Shutting down and abandoning module FunctionalTesting (72)
[2015.08.13-04.17.03:943][291]LogModuleManager: Shutting down and abandoning module CollisionAnalyzer (71)
[2015.08.13-04.17.03:943][291]LogModuleManager: Shutting down and abandoning module WorkspaceMenuStructure (70)
[2015.08.13-04.17.03:943][291]LogModuleManager: Shutting down and abandoning module MessageLog (69)
[2015.08.13-04.17.03:943][291]LogModuleManager: Shutting down and abandoning module Sequencer (68)
[2015.08.13-04.17.03:943][291]LogModuleManager: Shutting down and abandoning module AssetTools (67)
[2015.08.13-04.17.03:943][291]LogModuleManager: Shutting down and abandoning module UMGEditor (66)
[2015.08.13-04.17.03:943][291]LogModuleManager: Shutting down and abandoning module UMG (65)
[2015.08.13-04.17.03:943][291]LogModuleManager: Shutting down and abandoning module Slate (64)
[2015.08.13-04.17.03:943][291]LogModuleManager: Shutting down and abandoning module EditorStyle (63)
[2015.08.13-04.17.03:945][291]LogModuleManager: Shutting down and abandoning module SessionServices (62)
[2015.08.13-04.17.03:945][291]LogModuleManager: Shutting down and abandoning module SourceCodeAccess (61)
[2015.08.13-04.17.03:945][291]LogModuleManager: Shutting down and abandoning module HeadMountedDisplay (60)
[2015.08.13-04.17.03:945][291]LogModuleManager: Shutting down and abandoning module XAudio2 (59)
[2015.08.13-04.17.03:945][291]LogModuleManager: Shutting down and abandoning module Networking (57)
[2015.08.13-04.17.03:945][291]LogModuleManager: Shutting down and abandoning module Core (56)
[2015.08.13-04.17.03:945][291]LogModuleManager: Shutting down and abandoning module KismetCompiler (55)
[2015.08.13-04.17.03:945][291]LogModuleManager: Shutting down and abandoning module PhysXFormats (54)
[2015.08.13-04.17.03:945][291]LogModuleManager: Shutting down and abandoning module MeshUtilities (53)
[2015.08.13-04.17.03:945][291]LogModuleManager: Shutting down and abandoning module DerivedDataCache (52)
[2015.08.13-04.17.03:969][291]LogDerivedDataCache: Shutdown
[2015.08.13-04.17.03:969][291]LogModuleManager: Shutting down and abandoning module ShaderFormatOpenGL (51)
[2015.08.13-04.17.03:969][291]LogModuleManager: Shutting down and abandoning module ShaderFormatD3D (50)
[2015.08.13-04.17.03:969][291]LogModuleManager: Shutting down and abandoning module MetalShaderFormat (49)
[2015.08.13-04.17.03:969][291]LogModuleManager: Shutting down and abandoning module TextureFormatUncompressed (48)
[2015.08.13-04.17.03:969][291]LogModuleManager: Shutting down and abandoning module TextureFormatPVR (47)
[2015.08.13-04.17.03:969][291]LogModuleManager: Shutting down and abandoning module TextureFormatIntelISPCTexComp (46)
[2015.08.13-04.17.03:969][291]LogModuleManager: Shutting down and abandoning module TextureFormatDXT (45)
[2015.08.13-04.17.03:969][291]LogModuleManager: Shutting down and abandoning module ImageWrapper (44)
[2015.08.13-04.17.03:969][291]LogModuleManager: Shutting down and abandoning module TextureFormatASTC (43)
[2015.08.13-04.17.03:969][291]LogModuleManager: Shutting down and abandoning module TextureFormatAndroid (42)
[2015.08.13-04.17.03:969][291]LogModuleManager: Shutting down and abandoning module AudioFormatOpus (41)
[2015.08.13-04.17.03:969][291]LogModuleManager: Shutting down and abandoning module AudioFormatOgg (40)
[2015.08.13-04.17.03:969][291]LogModuleManager: Shutting down and abandoning module AudioFormatADPCM (39)
[2015.08.13-04.17.03:969][291]LogModuleManager: Shutting down and abandoning module LinuxTargetPlatform (38)
[2015.08.13-04.17.03:969][291]LogModuleManager: Shutting down and abandoning module LinuxServerTargetPlatform (37)
[2015.08.13-04.17.03:969][291]LogModuleManager: Shutting down and abandoning module LinuxNoEditorTargetPlatform (36)
[2015.08.13-04.17.03:969][291]LogModuleManager: Shutting down and abandoning module Messaging (35)
[2015.08.13-04.17.03:969][291]LogModuleManager: Shutting down and abandoning module IOSTargetPlatform (34)
[2015.08.13-04.17.03:969][291]LogModuleManager: Shutting down and abandoning module HTML5TargetPlatform (33)
[2015.08.13-04.17.03:969][291]LogModuleManager: Shutting down and abandoning module Android_PVRTCTargetPlatform (32)
[2015.08.13-04.17.03:969][291]LogModuleManager: Shutting down and abandoning module Android_ETC2TargetPlatform (31)
[2015.08.13-04.17.03:969][291]LogModuleManager: Shutting down and abandoning module Android_ETC1TargetPlatform (30)
[2015.08.13-04.17.03:969][291]LogModuleManager: Shutting down and abandoning module Android_DXTTargetPlatform (29)
[2015.08.13-04.17.03:969][291]LogModuleManager: Shutting down and abandoning module Android_ATCTargetPlatform (28)
[2015.08.13-04.17.03:969][291]LogModuleManager: Shutting down and abandoning module Android_ASTCTargetPlatform (27)
[2015.08.13-04.17.03:969][291]LogModuleManager: Shutting down and abandoning module AndroidTargetPlatform (26)
[2015.08.13-04.17.03:969][291]LogModuleManager: Shutting down and abandoning module WindowsTargetPlatform (25)
[2015.08.13-04.17.03:969][291]LogModuleManager: Shutting down and abandoning module WindowsServerTargetPlatform (24)
[2015.08.13-04.17.03:969][291]LogModuleManager: Shutting down and abandoning module WindowsNoEditorTargetPlatform (23)
[2015.08.13-04.17.03:969][291]LogModuleManager: Shutting down and abandoning module WindowsClientTargetPlatform (22)
[2015.08.13-04.17.03:969][291]LogModuleManager: Shutting down and abandoning module DesktopTargetPlatform (21)
[2015.08.13-04.17.03:969][291]LogModuleManager: Shutting down and abandoning module TargetPlatform (20)
[2015.08.13-04.17.03:969][291]LogModuleManager: Shutting down and abandoning module InputCore (19)
[2015.08.13-04.17.03:969][291]LogModuleManager: Shutting down and abandoning module Settings (18)
[2015.08.13-04.17.03:969][291]LogModuleManager: Shutting down and abandoning module OnlineSubsystem (16)
[2015.08.13-04.17.03:969][291]LogModuleManager: Shutting down and abandoning module HTTP (15)
[2015.08.13-04.17.03:969][291]LogModuleManager: Shutting down and abandoning module ExampleDeviceProfileSelector (14)
[2015.08.13-04.17.03:969][291]LogModuleManager: Shutting down and abandoning module TextureCompressor (13)
[2015.08.13-04.17.03:969][291]LogModuleManager: Shutting down and abandoning module ShaderCore (12)
[2015.08.13-04.17.03:969][291]LogModuleManager: Shutting down and abandoning module Landscape (11)
[2015.08.13-04.17.03:969][291]LogModuleManager: Shutting down and abandoning module SlateRHIRenderer (10)
[2015.08.13-04.17.03:970][291]LogModuleManager: Shutting down and abandoning module OpenGLDrv (9)
[2015.08.13-04.17.03:970][291]LogModuleManager: Shutting down and abandoning module D3D11RHI (8)
[2015.08.13-04.17.03:970][291]LogModuleManager: Shutting down and abandoning module Renderer (7)
[2015.08.13-04.17.03:970][291]LogModuleManager: Shutting down and abandoning module Engine (6)
[2015.08.13-04.17.03:970][291]LogModuleManager: Shutting down and abandoning module CoreUObject (5)
[2015.08.13-04.17.03:970][291]LogModuleManager: Shutting down and abandoning module NetworkFile (4)
[2015.08.13-04.17.03:970][291]LogModuleManager: Shutting down and abandoning module StreamingFile (3)
[2015.08.13-04.17.03:970][291]LogModuleManager: Shutting down and abandoning module SandboxFile (2)
[2015.08.13-04.17.03:970][291]LogModuleManager: Shutting down and abandoning module PakFile (1)
[2015.08.13-04.17.03:971][291]LogExit: Exiting.
[2015.08.13-04.17.03:972][291]Log file closed, 08/13/15 14:17:03
