[2015.08.13-08.13.22:851][  0]Log file open, 08/13/15 18:13:22
[2015.08.13-08.13.22:851][  0]LogInit:Display: Running engine for game: Spook_Prototype
[2015.08.13-08.13.22:851][  0]LogInit:Display: RandInit(-1280957875) SRandInit(-1280957874).
[2015.08.13-08.13.22:851][  0]LogTaskGraph: Started task graph with 4 named threads and 7 total threads.
[2015.08.13-08.13.22:851][  0]LogStats: Stats thread started
[2015.08.13-08.13.22:851][  0]LogInit: Version: 4.8.3-2634408+++depot+UE4-Releases+4.8
[2015.08.13-08.13.22:851][  0]LogInit: API Version: 2579680
[2015.08.13-08.13.22:851][  0]LogInit: Compiled (64-bit): Jul 27 2015 16:24:33
[2015.08.13-08.13.22:851][  0]LogInit: Compiled with Visual C++: 18.00.21005.01
[2015.08.13-08.13.22:851][  0]LogInit: Build Configuration: Development
[2015.08.13-08.13.22:851][  0]LogInit: Branch Name: ++depot+UE4-Releases+4.8
[2015.08.13-08.13.22:851][  0]LogInit: Command line:  
[2015.08.13-08.13.22:851][  0]LogInit: Base directory: C:/Program Files/Epic Games/4.8/Engine/Binaries/Win64/
[2015.08.13-08.13.22:851][  0]LogInit: Rocket: 1
[2015.08.13-08.13.22:862][  0]LogInit: Using libcurl 7.41.0
[2015.08.13-08.13.22:862][  0]LogInit:  - built for x86_64-pc-win32
[2015.08.13-08.13.22:862][  0]LogInit:  - supports SSL with WinSSL
[2015.08.13-08.13.22:862][  0]LogInit:  - other features:
[2015.08.13-08.13.22:862][  0]LogInit:      CURL_VERSION_SSL
[2015.08.13-08.13.22:862][  0]LogInit:      CURL_VERSION_IPV6
[2015.08.13-08.13.22:862][  0]LogInit:      CURL_VERSION_ASYNCHDNS
[2015.08.13-08.13.22:862][  0]LogInit:      CURL_VERSION_LARGEFILE
[2015.08.13-08.13.22:862][  0]LogInit:      CURL_VERSION_IDN
[2015.08.13-08.13.22:862][  0]LogInit:  CurlRequestOptions (configurable via config and command line):
[2015.08.13-08.13.22:862][  0]LogInit:  - bVerifyPeer = true  - Libcurl will verify peer certificate
[2015.08.13-08.13.22:862][  0]LogInit:  - bUseHttpProxy = false  - Libcurl will NOT use HTTP proxy
[2015.08.13-08.13.22:862][  0]LogInit:  - bDontReuseConnections = false  - Libcurl will reuse connections
[2015.08.13-08.13.22:862][  0]LogInit:  - CertBundlePath = nullptr  - Libcurl will use whatever was configured at build time.
[2015.08.13-08.13.22:871][  0]LogOnline:Warning: No default platform service specified for OnlineSubsystem
[2015.08.13-08.13.22:883][  0]LogInit: Presizing for 0 objects not considered by GC, pre-allocating 0 bytes.
[2015.08.13-08.13.22:890][  0]LogInit: Object subsystem initialized
[2015.08.13-08.13.22:891][  0]LogConsoleResponse:Warning: Skipping Unknown console variable: 'TranslucentSortAxis = (X=0.000000,Y=-1.000000,Z=0.000000)'
[2015.08.13-08.13.22:891][  0]LogConsoleResponse:Warning:   Found in ini file 'C:/Users/jackson.luff/Desktop/Spook_Prototype/Spook_Prototype/Saved/Config/Windows/Engine.ini', in section '[/Script/Engine.RendererSettings]'
[2015.08.13-08.13.22:891][  0]LogConsoleResponse:Warning: Skipping Unknown console variable: 'UIScaleRule = ShortestSide'
[2015.08.13-08.13.22:891][  0]LogConsoleResponse:Warning:   Found in ini file 'C:/Users/jackson.luff/Desktop/Spook_Prototype/Spook_Prototype/Saved/Config/Windows/Engine.ini', in section '[/Script/Engine.RendererSettings]'
[2015.08.13-08.13.22:891][  0]LogConsoleResponse:Warning: Skipping Unknown console variable: 'UIScaleCurve = (EditorCurveData=(Keys=),ExternalCurve=None)'
[2015.08.13-08.13.22:891][  0]LogConsoleResponse:Warning:   Found in ini file 'C:/Users/jackson.luff/Desktop/Spook_Prototype/Spook_Prototype/Saved/Config/Windows/Engine.ini', in section '[/Script/Engine.RendererSettings]'
[2015.08.13-08.13.22:891][  0]LogInit: Selected Device Profile: [Windows]
[2015.08.13-08.13.22:891][  0]LogInit: Applying CVar settings loaded from the selected device profile: [Windows]
[2015.08.13-08.13.22:899][  0]LogInit: Computer: 902B34D117A1
[2015.08.13-08.13.22:899][  0]LogInit: User: jacksonluff
[2015.08.13-08.13.22:899][  0]LogInit: CPU Page size=4096, Cores=4
[2015.08.13-08.13.22:899][  0]LogInit: High frequency timer resolution =3.323642 MHz
[2015.08.13-08.13.22:899][  0]LogMemory: Memory total: Physical=16.0GB (16GB approx)
[2015.08.13-08.13.22:899][  0]LogMemory: Platform Memory Stats for Windows
[2015.08.13-08.13.22:899][  0]LogMemory: Process Physical Memory: 51.12 MB used, 51.12 MB peak
[2015.08.13-08.13.22:899][  0]LogMemory: Process Virtual Memory: 24.44 MB used, 24.44 MB peak
[2015.08.13-08.13.22:899][  0]LogMemory: Physical Memory: 8280.21 MB used, 16343.68 MB total
[2015.08.13-08.13.22:899][  0]LogMemory: Virtual Memory: 282.70 MB used, 8388608.00 MB total
[2015.08.13-08.13.22:930][  0]LogTextLocalizationManager: The requested culture ('en_AU') has no localization data; parent culture's ('en') localization data will be used.
[2015.08.13-08.13.23:131][  0]LogTextLocalizationManager:Warning: Loaded localization resources contain conflicting entries for (Namespace:ContentBrowser, Key:ImportAssetToolTip):
Localization Resource: (C:/Program Files/Epic Games/4.8/Engine/Content/Localization/Editor/en/Editor.locres) Source String Hash: (-630476809) Localized String: (Import to {0}...)
Localization Resource: (C:/Program Files/Epic Games/4.8/Engine/Content/Localization/Editor/en/Editor.locres) Source String Hash: (1271782899) Localized String: (Imports an asset from file to this folder.)
[2015.08.13-08.13.23:556][  0]LogD3D11RHI: Found D3D11 adapter 0: NVIDIA GeForce GTX 660 Ti (Feature Level 11_0)
[2015.08.13-08.13.23:556][  0]LogD3D11RHI: Adapter has 1990MB of dedicated video memory, 0MB of dedicated system memory, and 2048MB of shared system memory, 2 output[s]
[2015.08.13-08.13.23:556][  0]LogD3D11RHI: Chosen D3D11 Adapter Id = 0
[2015.08.13-08.13.23:560][  0]LogD3D11RHI: InitD3DDevice
[2015.08.13-08.13.23:560][  0]LogD3D11RHI: !Direct3DDevice
[2015.08.13-08.13.23:560][  0]LogRHI: Texture pool is 1361 MB (70% of 1945 MB)
[2015.08.13-08.13.23:567][  0]LogD3D11RHI: Async texture creation enabled
[2015.08.13-08.13.23:580][  0]LogShaderCompilers:Display: Using Local Shader Compiler.
[2015.08.13-08.13.24:302][  0]LogTemp:Display: Loaded TP DesktopTargetPlatform
[2015.08.13-08.13.24:314][  0]LogTemp:Display: Loaded TP WindowsClientTargetPlatform
[2015.08.13-08.13.24:326][  0]LogTemp:Display: Loaded TP WindowsNoEditorTargetPlatform
[2015.08.13-08.13.24:339][  0]LogTemp:Display: Loaded TP WindowsServerTargetPlatform
[2015.08.13-08.13.24:353][  0]LogTemp:Display: Loaded TP WindowsTargetPlatform
[2015.08.13-08.13.24:363][  0]LogTemp:Display: Loaded TP AndroidTargetPlatform
[2015.08.13-08.13.24:374][  0]LogTemp:Display: Loaded TP Android_ASTCTargetPlatform
[2015.08.13-08.13.24:384][  0]LogTemp:Display: Loaded TP Android_ATCTargetPlatform
[2015.08.13-08.13.24:395][  0]LogTemp:Display: Loaded TP Android_DXTTargetPlatform
[2015.08.13-08.13.24:406][  0]LogTemp:Display: Loaded TP Android_ETC1TargetPlatform
[2015.08.13-08.13.24:416][  0]LogTemp:Display: Loaded TP Android_ETC2TargetPlatform
[2015.08.13-08.13.24:427][  0]LogTemp:Display: Loaded TP Android_PVRTCTargetPlatform
[2015.08.13-08.13.24:468][  0]LogTemp:Display: Loaded TP IOSTargetPlatform
[2015.08.13-08.13.24:479][  0]LogTemp:Display: Loaded TP LinuxNoEditorTargetPlatform
[2015.08.13-08.13.24:489][  0]LogTemp:Display: Loaded TP LinuxServerTargetPlatform
[2015.08.13-08.13.24:502][  0]LogTemp:Display: Loaded TP LinuxTargetPlatform
[2015.08.13-08.13.24:502][  0]LogTargetPlatformManager:Display: Building Assets For Windows
[2015.08.13-08.13.24:678][  0]LogDerivedDataCache:Display: Max Cache Size: 512 MB
[2015.08.13-08.13.24:722][  0]LogDerivedDataCache: Loaded boot cache 0.04s 53MB C:/Users/jackson.luff/AppData/Local/UnrealEngine/4.8/DerivedDataCache/Boot.ddc.
[2015.08.13-08.13.24:722][  0]LogDerivedDataCache:Display: Loaded Boot cache: C:/Users/jackson.luff/AppData/Local/UnrealEngine/4.8/DerivedDataCache/Boot.ddc
[2015.08.13-08.13.24:722][  0]LogDerivedDataCache: FDerivedDataBackendGraph:  Pak pak cache file ../../../../../../Users/jackson.luff/Desktop/Spook_Prototype/Spook_Prototype/DerivedDataCache/DDC.ddp not found, will not use a pak cache.
[2015.08.13-08.13.24:722][  0]LogDerivedDataCache: Unable to find inner node Pak for hierarchical cache Hierarchy.
[2015.08.13-08.13.24:722][  0]LogDerivedDataCache: FDerivedDataBackendGraph:  CompressedPak pak cache file ../../../../../../Users/jackson.luff/Desktop/Spook_Prototype/Spook_Prototype/DerivedDataCache/Compressed.ddp not found, will not use a pak cache.
[2015.08.13-08.13.24:722][  0]LogDerivedDataCache: Unable to find inner node CompressedPak for hierarchical cache Hierarchy.
[2015.08.13-08.13.24:872][  0]LogDerivedDataCache:Display: Pak cache opened for reading ../../../Engine/DerivedDataCache/Compressed.ddp.
[2015.08.13-08.13.24:884][  0]LogDerivedDataCache: Using Local data cache path C:/Users/jackson.luff/AppData/Local/UnrealEngine/Common/DerivedDataCache: Writable
[2015.08.13-08.13.25:091][  0]LogInit: Selected Device Profile: [Windows]
[2015.08.13-08.13.25:100][  0]ImportText (ComponentSweepMultiTests): Missing closing parenthesis: (RootShapeAsset="/Engine/BasicShapes/Cube.Cube",ShapeType="TriggerCapsule",HitResult=(Time=0.50,Location=(X=-100.000015,Y=0.0,Z=100.000015),ImpactPoint=(X=-50.0,Y=0.0,Z=50.0),Normal=(X=-1.0,Y=-0.0,Z=0.0),ImpactNormal=(X=0.0,Y=0.0,Z=1.0),TraceStart=(X=-200.0,Y=0.0,Z=200.0),TraceEnd=(X=0.0,Y=0.0,Z=0.0))
[2015.08.13-08.13.25:100][  0]ImportText (LineTraceSingleByChannelTests): Missing closing parenthesis: (RootShapeAsset="/Engine/BasicShapes/Cube.Cube",HitResult=(Time=0.50,Location=(X=-100.000015,Y=0.0,Z=100.000015),ImpactPoint=(X=-50.0,Y=0.0,Z=50.0),Normal=(X=-1.0,Y=-0.0,Z=0.0),ImpactNormal=(X=0.0,Y=0.0,Z=1.0),TraceStart=(X=-200.0,Y=0.0,Z=200.0),TraceEnd=(X=0.0,Y=0.0,Z=0.0))
[2015.08.13-08.13.25:124][  0]LogMeshUtilities: No automatic mesh reduction module available
[2015.08.13-08.13.25:124][  0]LogMeshUtilities: No automatic mesh merging module available
[2015.08.13-08.13.25:542][  0]LogInit: WinSock: version 1.1 (2.2), MaxSocks=32767, MaxUdp=65467
[2015.08.13-08.13.26:444][  0]LogAssetRegistry: FAssetRegistry took 0.0103 seconds to start up
[2015.08.13-08.13.26:457][  0]LogDirectoryWatcher:Warning: Failed to begin reading directory changes for ../../../Engine/Plugins/Experimental/CharacterAI/Content/. Error: 0
[2015.08.13-08.13.26:469][  0]UdpMessaging: Initializing bridge on interface 0.0.0.0:0 to multicast group 230.0.0.1:6666.
[2015.08.13-08.13.26:779][  0]SourceControl: Info Source control is disabled
[2015.08.13-08.13.26:784][  0]SourceControl: Info Source control is disabled
[2015.08.13-08.13.26:793][  0]SourceControl: Info Source control is disabled
[2015.08.13-08.13.26:802][  0]SourceControl: Info Source control is disabled
[2015.08.13-08.13.27:064][  0]LogObj: 26440 objects as part of root set at end of initial load.
[2015.08.13-08.13.27:064][  0]LogUObjectAllocator: 5438856 out of 0 bytes used by permanent object pool.
[2015.08.13-08.13.27:130][  0]LogEngine: Initializing Engine...
[2015.08.13-08.13.27:132][  0]LogHMD: Can't find Oculus library dev build: is proper Runtime installed? Version: 0.6.0.0
[2015.08.13-08.13.27:133][  0]LogHMD:Warning: SteamVR failed to initialize.  Error: 110
[2015.08.13-08.13.27:273][  0]LogAIModule: Creating AISystem for world NewWorld
[2015.08.13-08.13.27:278][  0]LogInit: XAudio2 using 'Speakers (VIA High Definition Audio)' : 2 channels at 48 kHz using 32 bits per sample (channel mask 0x3)
[2015.08.13-08.13.27:289][  0]LogInit: FAudioDevice initialized.
[2015.08.13-08.13.27:315][  0]LogDerivedDataCache: Saved boot cache 0.03s 53MB C:/Users/jackson.luff/AppData/Local/UnrealEngine/4.8/DerivedDataCache/Boot.ddc.
[2015.08.13-08.13.27:320][  0]LogInit: Texture streaming: Disabled
[2015.08.13-08.13.27:340][  0]LogAnalytics: Creating configured Analytics provider AnalyticsET
[2015.08.13-08.13.27:340][  0]LogAnalytics: [UEEditor.Rocket.Release] APIServer = http://et2.epicgames.com/ET2/. AppVersion = 4.8.3-2634408+++depot+UE4-Releases+4.8
[2015.08.13-08.13.27:340][  0]LogAnalytics: [UEEditor.Rocket.Release] SetUserId 84f5543c4eae4eeb85427c8f31b15fed|7cf267475aab4bafb7b336aedadbdf03|766909cc-7ea2-4327-9533-350144afa63e
[2015.08.13-08.13.27:340][  0]LogAnalytics: [UEEditor.Rocket.Release] AnalyticsET::StartSession
[2015.08.13-08.13.27:360][  0]LogInit: Transaction tracking system initialized
[2015.08.13-08.13.27:465][  0]BlueprintLog: New page: Editor Load
[2015.08.13-08.13.27:989][  0]LogConsoleManager:Warning: Console variable 'r.VSync' wasn't set ('GameSetting' has a lower priority than 'SystemSettingsIni')
[2015.08.13-08.13.27:989][  0]LogConsoleResponse:Display: 
[2015.08.13-08.13.28:072][  0]LogCook:Display: Done creating registry. It took  0.00s.
[2015.08.13-08.13.28:256][  0]SourceControl: Info Source control is disabled
[2015.08.13-08.13.28:256][  0]Cmd: MAP LOAD FILE="../../../../../../Users/jackson.luff/Desktop/Spook_Prototype/Spook_Prototype/Content/ThirdPersonBP/Maps/ThirdPersonExampleMap.umap" TEMPLATE=0 SHOWPROGRESS=1 FEATURELEVEL=3
[2015.08.13-08.13.28:256][  0]LogEditorServer:Warning: Can't find file '../../../../../../Users/jackson.luff/Desktop/Spook_Prototype/Spook_Prototype/Content/ThirdPersonBP/Maps/ThirdPersonExampleMap.umap'
[2015.08.13-08.13.28:256][  0]Cmd: MAP CHECKDEP NOCLEARLOG
[2015.08.13-08.13.28:288][  0]MapCheck: Info Map check complete: 0 Error(s), 0 Warning(s), took 31.129ms to complete.
[2015.08.13-08.13.28:288][  0]LogFileHelpers: Loading map 'ThirdPersonExampleMap' took 0.032
[2015.08.13-08.13.28:412][  0]LogCollectionManager: Loaded 0 collections in 0.001546 seconds
[2015.08.13-08.13.28:418][  0]LogContentBrowser: Native class hierarchy populated in 0.0059 seconds. Added 1807 classes and 307 folders.
[2015.08.13-08.13.28:455][  0]LogContentBrowser: Native class hierarchy updated for 'WidgetCarousel' in 0.0003 seconds. Added 0 classes and 0 folders.
[2015.08.13-08.13.28:480][  0]LogContentBrowser: Native class hierarchy updated for 'AddContentDialog' in 0.0003 seconds. Added 0 classes and 0 folders.
[2015.08.13-08.13.28:494][  0]LogContentBrowser: Native class hierarchy updated for 'SceneOutliner' in 0.0003 seconds. Added 1 classes and 2 folders.
[2015.08.13-08.13.28:537][  0]LogCrashTracker: Crashtracker disabled due to settings.
[2015.08.13-08.13.28:538][  0]LogD3D11RHI: InitD3DDevice
[2015.08.13-08.13.28:541][  0]LogUObjectGlobals:Warning: Failed to find object 'Class None.'
[2015.08.13-08.13.28:562][  0]LogLoad: Full Startup: 7.32 seconds (BP compile: 0.01 seconds)
[2015.08.13-08.13.28:606][  0]LogContentStreaming: Texture pool size is 0.000000MB
[2015.08.13-08.13.28:622][  0]LogContentStreaming: Texture pool size now 1000 MB
[2015.08.13-08.13.28:808][  0]LogRenderer: Reallocating scene render targets to support 1056x560 (Frame:2).
[2015.08.13-08.13.29:037][  4]LogAssetRegistry: Asset discovery search completed in 2.6042 seconds
[2015.08.13-08.13.29:637][ 72]LogD3D11RHI: InitD3DDevice
[2015.08.13-08.13.35:079][570]LogD3D11RHI: InitD3DDevice
[2015.08.13-08.13.36:444][570]LogAIModule: Creating AISystem for world Spook_World
[2015.08.13-08.13.36:578][570]Cmd: MAP LOAD FILE="../../../../../../Users/jackson.luff/Desktop/Spook_Prototype/Spook_Prototype/Content/Spook/MapAndGameMode/Spook_World.umap" TEMPLATE=0 SHOWPROGRESS=1 FEATURELEVEL=3
[2015.08.13-08.13.36:578][570]LightingResults: New page: Lighting Build
[2015.08.13-08.13.36:589][570]LogContentBrowser: Native class hierarchy updated for 'StatsViewer' in 0.0003 seconds. Added 5 classes and 0 folders.
[2015.08.13-08.13.36:607][570]LoadErrors: New page: Loading map: Spook_World.umap
[2015.08.13-08.13.36:607][570]MapCheck: New page: Map Check
[2015.08.13-08.13.36:607][570]LightingResults: New page: Lighting Build
[2015.08.13-08.13.36:615][570]LogParticles: Destroying 0 GPU particle simulations for FXSystem 0x000000001CA1EF20
[2015.08.13-08.13.37:456][570]LogAIModule: Creating AISystem for world Spook_World
[2015.08.13-08.13.37:495][570]LogPhysics:Warning: FConstraintInstance::GetRefFrame : Contained scale.
[2015.08.13-08.13.37:497][570]LogEditorServer: Finished looking for orphan Actors (0.000 secs)
[2015.08.13-08.13.38:185][570]Cmd: MAP CHECKDEP NOCLEARLOG
[2015.08.13-08.13.38:223][570]MapCheck: Info Map check complete: 0 Error(s), 0 Warning(s), took 37.565ms to complete.
[2015.08.13-08.13.38:223][570]LogFileHelpers: Loading map 'Spook_World' took 1.646
[2015.08.13-08.13.43:944][982]LogActorComponent: UnregisterComponent: (/Engine/Transient.CharMoveComp) Not registered. Aborting.
[2015.08.13-08.13.43:984][982]LogD3D11RHI: InitD3DDevice
[2015.08.13-08.13.45:488][982]LogD3D11RHI: InitD3DDevice
[2015.08.13-08.13.49:306][282]LogActorComponent: UnregisterComponent: (/Engine/Transient.CharMoveComp) Not registered. Aborting.
[2015.08.13-08.13.49:351][282]LogD3D11RHI: InitD3DDevice
[2015.08.13-08.13.51:059][282]LogD3D11RHI: InitD3DDevice
[2015.08.13-08.13.51:197][282]LogObjectTools:Warning: ForceReplaceReferences replaced references for a transient object 'CharacterMesh0' or package '/Engine/Transient'.
[2015.08.13-08.13.51:197][282]LogObjectTools:Warning: ForceReplaceReferences replaced references for a transient object 'DEADCLASS_TEST_FrankController_C_1' or package '/Engine/Transient'.
[2015.08.13-08.13.51:197][282]LogObjectTools:Warning: ForceReplaceReferences replaced references for a transient object 'DEADCLASS_TEST_FrankController_C_0' or package '/Engine/Transient'.
[2015.08.13-08.13.51:200][282]LogObjectTools:Warning: ForceReplaceReferences replaced references for a transient object 'SKEL_KingAnimationBlueprint_C' or package '/Game/Test/King/Animation/KingAnimationBlueprint'.
[2015.08.13-08.13.51:200][282]LogObjectTools:Warning: ForceReplaceReferences replaced references for a transient object 'REINST_SKEL_TEST_FrankController_C_119' or package '/Engine/Transient'.
[2015.08.13-08.13.51:200][282]LogObjectTools:Warning: ForceReplaceReferences replaced references for a transient object 'CharacterMesh0' or package '/Engine/Transient'.
[2015.08.13-08.13.51:201][282]LogObjectTools:Warning: ForceReplaceReferences replaced references for a transient object 'REINST_TEST_FrankController_C_118' or package '/Engine/Transient'.
[2015.08.13-08.13.51:203][282]LogPhysics:Warning: FConstraintInstance::GetRefFrame : Contained scale.
[2015.08.13-08.13.51:473][282]LogD3D11RHI: InitD3DDevice
[2015.08.13-08.13.52:449][390]LogActorComponent: UnregisterComponent: (/Engine/Transient.CharMoveComp) Not registered. Aborting.
[2015.08.13-08.13.52:473][390]LogD3D11RHI: InitD3DDevice
[2015.08.13-08.13.53:486][390]LogD3D11RHI: InitD3DDevice
[2015.08.13-08.13.53:516][390]LogD3D11RHI: InitD3DDevice
[2015.08.13-08.13.53:537][390]LogD3D11RHI: InitD3DDevice
[2015.08.13-08.13.54:283][461]LogActorComponent: UnregisterComponent: (/Engine/Transient.CharMoveComp) Not registered. Aborting.
[2015.08.13-08.13.54:304][461]LogD3D11RHI: InitD3DDevice
[2015.08.13-08.13.55:915][461]LogSavePackage: Save=1548.532959ms
[2015.08.13-08.13.55:915][461]LogSavePackage: Moving '../../../../../../Users/jackson.luff/Desktop/Spook_Prototype/Spook_Prototype/Saved/Spook_WorldBED629F34D069278678B39A8CBF49C6F.tmp' to '../../../../../../Users/jackson.luff/Desktop/Spook_Prototype/Spook_Prototype/Content/Spook/MapAndGameMode/Spook_World.umap'
[2015.08.13-08.13.55:968][461]LogFileHelpers: Saving map 'Spook_World' took 1.656
[2015.08.13-08.13.58:253][669]LogD3D11RHI: InitD3DDevice
[2015.08.13-08.14.00:911][969]LogD3D11RHI: InitD3DDevice
[2015.08.13-08.14.01:882][ 62]LogD3D11RHI: InitD3DDevice
[2015.08.13-08.14.06:811][189]LogD3D11RHI: InitD3DDevice
[2015.08.13-08.14.07:628][280]LogMaterial: Missing cached shader map for material Mat_PS_Pickup, compiling. 
[2015.08.13-08.14.07:711][280]LogD3D11RHI: InitD3DDevice
[2015.08.13-08.14.08:840][280]LogD3D11RHI: InitD3DDevice
[2015.08.13-08.14.08:883][280]LogD3D11RHI: InitD3DDevice
[2015.08.13-08.14.08:903][280]LogD3D11RHI: InitD3DDevice
[2015.08.13-08.14.11:835][408]LogD3D11RHI: InitD3DDevice
[2015.08.13-08.14.14:285][684]LogD3D11RHI: InitD3DDevice
[2015.08.13-08.14.15:630][845]LogActorComponent: UnregisterComponent: (/Engine/Transient.CharMoveComp) Not registered. Aborting.
[2015.08.13-08.14.15:655][845]LogD3D11RHI: InitD3DDevice
[2015.08.13-08.14.16:845][845]LogD3D11RHI: InitD3DDevice
[2015.08.13-08.14.16:924][845]LogObjectTools:Warning: ForceReplaceReferences replaced references for a transient object 'DEADCLASS_BP_BoarAnim_C_2' or package '/Engine/Transient'.
[2015.08.13-08.14.16:925][845]LogObjectTools:Warning: ForceReplaceReferences replaced references for a transient object 'DEADCLASS_BP_BoarAnim_C_3' or package '/Engine/Transient'.
[2015.08.13-08.14.16:925][845]LogObjectTools:Warning: ForceReplaceReferences replaced references for a transient object 'Default__DEADCLASS_BP_BoarAnim_C_3' or package '/Engine/Transient'.
[2015.08.13-08.14.16:925][845]LogObjectTools:Warning: ForceReplaceReferences replaced references for a transient object 'Default__DEADCLASS_BP_BoarAnim_C_2' or package '/Engine/Transient'.
[2015.08.13-08.14.16:928][845]LogObjectTools:Warning: ForceReplaceReferences replaced references for a transient object 'DEADCLASS_TEST_BoarController_C_4' or package '/Engine/Transient'.
[2015.08.13-08.14.16:928][845]LogObjectTools:Warning: ForceReplaceReferences replaced references for a transient object 'DEADCLASS_TEST_BoarController_C_5' or package '/Engine/Transient'.
[2015.08.13-08.14.16:929][845]LogObjectTools:Warning: ForceReplaceReferences replaced references for a transient object 'CharacterMesh0' or package '/Engine/Transient'.
[2015.08.13-08.14.16:929][845]LogObjectTools:Warning: ForceReplaceReferences replaced references for a transient object 'REINST_SKEL_TEST_BoarController_C_136' or package '/Engine/Transient'.
[2015.08.13-08.14.16:929][845]LogObjectTools:Warning: ForceReplaceReferences replaced references for a transient object 'CharacterMesh0' or package '/Engine/Transient'.
[2015.08.13-08.14.16:929][845]LogObjectTools:Warning: ForceReplaceReferences replaced references for a transient object 'REINST_TEST_BoarController_C_135' or package '/Engine/Transient'.
[2015.08.13-08.14.16:929][845]LogObjectTools:Warning: ForceReplaceReferences replaced references for a transient object 'Default__REINST_SKEL_BP_BoarAnim_C_16' or package '/Engine/Transient'.
[2015.08.13-08.14.16:929][845]LogObjectTools:Warning: ForceReplaceReferences replaced references for a transient object 'REINST_SKEL_BP_BoarAnim_C_16' or package '/Engine/Transient'.
[2015.08.13-08.14.16:929][845]LogObjectTools:Warning: ForceReplaceReferences replaced references for a transient object 'Default__REINST_BP_BoarAnim_C_15' or package '/Engine/Transient'.
[2015.08.13-08.14.16:929][845]LogObjectTools:Warning: ForceReplaceReferences replaced references for a transient object 'REINST_BP_BoarAnim_C_15' or package '/Engine/Transient'.
[2015.08.13-08.14.16:929][845]LogObjectTools:Warning: ForceReplaceReferences replaced references for a transient object 'BP_BoarAnim_C_1' or package '/Game/Spook/MapAndGameMode/Spook_World'.
[2015.08.13-08.14.16:930][845]LogObjectTools:Warning: ForceReplaceReferences replaced references for a transient object 'AnimSingleNodeInstance_1' or package '/Engine/Transient'.
[2015.08.13-08.14.16:930][845]LogObjectTools:Warning: ForceReplaceReferences replaced references for a transient object 'AnimSingleNodeInstance_0' or package '/Engine/Transient'.
[2015.08.13-08.14.16:931][845]LogPhysics:Warning: FConstraintInstance::GetRefFrame : Contained scale.
[2015.08.13-08.14.17:048][845]LogCrashTracker: 


[2015.08.13-08.14.19:753][845]LogCrashTracker: 


[2015.08.13-08.14.19:753][845]LogWindows: === Critical error: ===
Fatal error!

Unhandled Exception: EXCEPTION_ACCESS_VIOLATION reading address 0xffffffff

UE4Editor-CoreUObject.dll!FSerialNumberManager::GetAndAllocateSerialNumber() {0x000007fee7d99348} + 0 bytes [d:\buildfarm\buildmachine_++depot+ue4-releases+4.8\engine\sou
UE4Editor-CoreUObject.dll!FWeakObjectPtr::operator=() {0x000007fee7d85aac} + 12 bytes [d:\buildfarm\buildmachine_++depot+ue4-releases+4.8\engine\sou
UE4Editor-Engine.dll!USelection::Deselect() {0x000007fee54f4b60} + 14 bytes [d:\buildfarm\buildmachine_++depot+ue4-releases+4.8\engine\sou
UE4Editor-UnrealEd.dll!ObjectTools::DeleteSingleObject() {0x000007fee2773c30} + 0 bytes [d:\buildfarm\buildmachine_++depot+ue4-releases+4.8\engine\sou
UE4Editor-UnrealEd.dll!ObjectTools::ForceDeleteObjects() {0x000007fee2780998} + 10 bytes [d:\buildfarm\buildmachine_++depot+ue4-releases+4.8\engine\sou
UE4Editor-UnrealEd.dll!FAssetDeleteModel::DoForceDelete() {0x000007fee2466d39} + 12 bytes [d:\buildfarm\buildmachine_++depot+ue4-releases+4.8\engine\sou
UE4Editor-UnrealEd.dll!SDeleteAssetsDialog::ForceDelete() {0x000007fee2cc0c22} + 0 bytes [d:\buildfarm\buildmachine_++depot+ue4-releases+4.8\engine\sou
UE4Editor-UnrealEd.dll!TMemberFunctionCaller<SDeleteAssetsDialog,FReply (__cdecl SDeleteAssetsDialog::*)(void) __ptr64>::operator()<>() {0x000007fee2c2abd7} + 16 bytes [d:\buildfarm\buildmachine_++depot+ue4-releases+4.8\engine\sou
UE4Editor-UnrealEd.dll!TTupleImpl<TIntegerSequence<> >::ApplyAfter_ExplicitReturnType<FReply,TMemberFunctionCaller<SDeleteAssetsDialog,FReply (__cdecl SDeleteAssetsDialog::*)(void) __ptr64> >() {0x000007fee2c2bc79} + 19 bytes [d:\buildfarm\buildmachine_++depot+ue4-releases+4.8\engine\sou
UE4Editor-UnrealEd.dll!TBaseSPMethodDelegateInstance<0,SDeleteAssetsDialog,0,FReply __cdecl(void)>::Execute() {0x000007fee2cac8a9} + 36 bytes [d:\buildfarm\buildmachine_++depot+ue4-releases+4.8\engine\sou
UE4Editor-Slate.dll!TBaseDelegate<FReply>::Execute() {0x000007fee4af0c7a} + 6 bytes [d:\buildfarm\buildmachine_++depot+ue4-releases+4.8\engine\sou
UE4Editor-Slate.dll!SButton::OnMouseButtonUp() {0x000007fee4b1f88f} + 17 bytes [d:\buildfarm\buildmachine_++depot+ue4-releases+4.8\engine\sou
UE4Editor-Slate.dll!<lambda_de96dc3471181973108233c6db1f9843>::operator()() {0x000007fee4924ccc} + 24 bytes [d:\buildfarm\buildmachine_++depot+ue4-releases+4.8\engine\sou
UE4Editor-Slate.dll!FEventRouter::Route<FReply,FEventRouter::FToLeafmostPolicy,FPointerEvent,<lambda_de96dc3471181973108233c6db1f9843> >() {0x000007fee48dd167} + 21 bytes [d:\buildfarm\buildmachine_++depot+ue4-releases+4.8\engine\sou
UE4Editor-Slate.dll!FSlateApplication::ProcessMouseButtonUpEvent() {0x000007fee4998617} + 78 bytes [d:\buildfarm\buildmachine_++depot+ue4-releases+4.8\engine\sou
UE4Editor-Slate.dll!FSlateApplication::OnMouseUp() {0x000007fee4985d84} + 16 bytes [d:\buildfarm\buildmachine_++depot+ue4-releases+4.8\engine\sou
UE4Editor-Core.dll!FWindowsApplication::ProcessDeferredMessage() {0x000007fee832d7ad} + 12 bytes [d:\buildfarm\buildmachine_++depot+ue4-releases+4.8\engine\sou
UE4Editor-Core.dll!FWindowsApplication::DeferMessage() {0x000007fee83149d1} + 74 bytes [d:\buildfarm\buildmachine_++depot+ue4-releases+4.8\engine\sou
UE4Editor-Core.dll!FWindowsApplication::ProcessMessage() {0x000007fee832edc3} + 44 bytes [d:\buildfarm\buildmachine_++depot+ue4-releases+4.8\engine\sou
UE4Editor-Core.dll!FWindowsApplication::AppWndProc() {0x000007fee830e5ba} + 0 bytes [d:\buildfarm\buildmachine_++depot+ue4-releases+4.8\engine\sou
USER32.dll {0x0000000076b19bd1} + 0 bytes
USER32.dll {0x0000000076b198da} + 0 bytes
UE4Editor-Core.dll!FWindowsApplication::PumpMessages() {0x000007fee83300e9} + 11 bytes [d:\buildfarm\buildmachine_++depot+ue4-releases+4.8\engine\sou
UE4Editor-Slate.dll!FSlateApplication::Tick() {0x000007fee49b687c} + 0 bytes [d:\buildfarm\buildmachine_++depot+ue4-releases+4.8\engine\sou
UE4Editor-Slate.dll!FSlateApplication::AddModalWindow() {0x000007fee4931ba7} + 0 bytes [d:\buildfarm\buildmachine_++depot+ue4-releases+4.8\engine\sou
UE4Editor-UnrealEd.dll!UEditorEngine::EditorAddModalWindow() {0x000007fee25f51ce} + 87 bytes [d:\buildfarm\buildmachine_++depot+ue4-releases+4.8\engine\sou
UE4Editor-UnrealEd.dll!ObjectTools::DeleteObjects() {0x000007fee2772f6c} + 0 bytes [d:\buildfarm\buildmachine_++depot+ue4-releases+4.8\engine\sou
UE4Editor-ContentBrowser.dll!ContentBrowserUtils::DeleteFolders() {0x000007fed66f3007} + 0 bytes [d:\buildfarm\buildmachine_++depot+ue4-releases+4.8\engine\sou
UE4Editor-ContentBrowser.dll!FAssetContextMenu::ExecuteDeleteFolderConfirmed() {0x000007fed6705520} + 0 bytes [d:\buildfarm\buildmachine_++depot+ue4-releases+4.8\engine\sou
UE4Editor-ContentBrowser.dll!TMemberFunctionCaller<FAssetContextMenu,FReply (__cdecl FAssetContextMenu::*)(void) __ptr64>::operator()<>() {0x000007fed659a833} + 12 bytes [d:\buildfarm\buildmachine_++depot+ue4-releases+4.8\engine\sou
UE4Editor-ContentBrowser.dll!TTupleImpl<TIntegerSequence<> >::ApplyAfter_ExplicitReturnType<FReply,TMemberFunctionCaller<FAssetContextMenu,FReply (__cdecl FAssetContextMenu::*)(void) __ptr64> >() {0x000007fed65a26b9} + 19 bytes [d:\buildfarm\buildmachine_++depot+ue4-releases+4.8\engine\sou
UE4Editor-ContentBrowser.dll!TBaseSPMethodDelegateInstance<0,FAssetContextMenu,0,FReply __cdecl(void)>::Execute() {0x000007fed66fdd19} + 36 bytes [d:\buildfarm\buildmachine_++depot+ue4-releases+4.8\engine\sou
UE4Editor-ContentBrowser.dll!TBaseDelegate<FReply>::Execute() {0x000007fed66f914a} + 6 bytes [d:\buildfarm\buildmachine_++depot+ue4-releases+4.8\engine\sou
UE4Editor-ContentBrowser.dll!SContentBrowserConfirmPopup::YesClicked() {0x000007fed67ef1c3} + 17 bytes [d:\buildfarm\buildmachine_++depot+ue4-releases+4.8\engine\sou
UE4Editor-ContentBrowser.dll!TMemberFunctionCaller<SContentBrowserConfirmPopup,FReply (__cdecl SContentBrowserConfirmPopup::*)(void) __ptr64>::operator()<>() {0x000007fed659bd97} + 16 bytes [d:\buildfarm\buildmachine_++depot+ue4-releases+4.8\engine\sou
UE4Editor-ContentBrowser.dll!TTupleImpl<TIntegerSequence<> >::ApplyAfter_ExplicitReturnType<FReply,TMemberFunctionCaller<SContentBrowserConfirmPopup,FReply (__cdecl SContentBrowserConfirmPopup::*)(void) __ptr64> >() {0x000007fed65a28c9} + 19 bytes [d:\buildfarm\buildmachine_++depot+ue4-releases+4.8\engine\sou
UE4Editor-ContentBrowser.dll!TBaseSPMethodDelegateInstance<0,SContentBrowserConfirmPopup,0,FReply __cdecl(void)>::Execute() {0x000007fed6701c89} + 36 bytes [d:\buildfarm\buildmachine_++depot+ue4-releases+4.8\engine\sou
UE4Editor-Slate.dll!TBaseDelegate<FReply>::Execute() {0x000007fee4af0c7a} + 6 bytes [d:\buildfarm\buildmachine_++depot+ue4-releases+4.8\engine\sou
UE4Editor-Slate.dll!SButton::OnMouseButtonUp() {0x000007fee4b1f88f} + 17 bytes [d:\buildfarm\buildmachine_++depot+ue4-releases+4.8\engine\sou
UE4Editor-Slate.dll!<lambda_de96dc3471181973108233c6db1f9843>::operator()() {0x000007fee4924ccc} + 24 bytes [d:\buildfarm\buildmachine_++depot+ue4-releases+4.8\engine\sou
UE4Editor-Slate.dll!FEventRouter::Route<FReply,FEventRouter::FToLeafmostPolicy,FPointerEvent,<lambda_de96dc3471181973108233c6db1f9843> >() {0x000007fee48dd167} + 21 bytes [d:\buildfarm\buildmachine_++depot+ue4-releases+4.8\engine\sou
UE4Editor-Slate.dll!FSlateApplication::ProcessMouseButtonUpEvent() {0x000007fee4998617} + 78 bytes [d:\buildfarm\buildmachine_++depot+ue4-releases+4.8\engine\sou
UE4Editor-Slate.dll!FSlateApplication::OnMouseUp() {0x000007fee4985d84} + 16 bytes [d:\buildfarm\buildmachine_++depot+ue4-releases+4.8\engine\sou
UE4Editor-Core.dll!FWindowsApplication::ProcessDeferredMessage() {0x000007fee832d7ad} + 12 bytes [d:\buildfarm\buildmachine_++depot+ue4-releases+4.8\engine\sou
UE4Editor-Core.dll!FWindowsApplication::DeferMessage() {0x000007fee83149d1} + 74 bytes [d:\buildfarm\buildmachine_++depot+ue4-releases+4.8\engine\sou
UE4Editor-Core.dll!FWindowsApplication::ProcessMessage() {0x000007fee832edc3} + 44 bytes [d:\buildfarm\buildmachine_++depot+ue4-releases+4.8\engine\sou
UE4Editor-Core.dll!FWindowsApplication::AppWndProc() {0x000007fee830e5ba} + 0 bytes [d:\buildfarm\buildmachine_++depot+ue4-releases+4.8\engine\sou
USER32.dll {0x0000000076b19bd1} + 0 bytes
USER32.dll {0x0000000076b198da} + 0 bytes
UE4Editor-Core.dll!FWindowsPlatformMisc::PumpMessages() {0x000007fee8330186} + 48 bytes [d:\buildfarm\buildmachine_++depot+ue4-releases+4.8\engine\sou
UE4Editor.exe!FEngineLoop::Tick() {0x000000013ff33c7a} + 8 bytes [d:\buildfarm\buildmachine_++depot+ue4-releases+4.8\engine\sou
UE4Editor.exe!GuardedMain() {0x000000013ff249cc} + 0 bytes [d:\buildfarm\buildmachine_++depot+ue4-releases+4.8\engine\sou
UE4Editor.exe!GuardedMainWrapper() {0x000000013ff24a4a} + 5 bytes [d:\buildfarm\buildmachine_++depot+ue4-releases+4.8\engine\sou
UE4Editor.exe!WinMain() {0x000000013ff365c9} + 17 bytes [d:\buildfarm\buildmachine_++depot+ue4-releases+4.8\engine\sou
UE4Editor.exe!__tmainCRTStartup() {0x000000013ff375d9} + 21 bytes [f:\dd\vctools\crt\crtw32\dllstuff\crtexe.c:618]
kernel32.dll {0x0000000076c159ed} + 0 bytes
ntdll.dll {0x0000000076d4c541} + 0 bytes
ntdll.dll {0x0000000076d4c541} + 0 bytes

