[2015.08.10-10.16.04:232][  0]Log file open, 08/10/15 20:16:04
[2015.08.10-10.16.04:232][  0]LogInit:Display: Running engine for game: Spook_Prototype
[2015.08.10-10.16.04:232][  0]LogInit:Display: RandInit(-594211966) SRandInit(-594211965).
[2015.08.10-10.16.04:232][  0]LogTaskGraph: Started task graph with 4 named threads and 5 total threads.
[2015.08.10-10.16.04:232][  0]LogStats: Stats thread started
[2015.08.10-10.16.04:232][  0]LogInit: Version: 4.8.3-2634408+++depot+UE4-Releases+4.8
[2015.08.10-10.16.04:232][  0]LogInit: API Version: 2579680
[2015.08.10-10.16.04:232][  0]LogInit: Compiled (64-bit): Jul 27 2015 16:24:33
[2015.08.10-10.16.04:232][  0]LogInit: Compiled with Visual C++: 18.00.21005.01
[2015.08.10-10.16.04:232][  0]LogInit: Build Configuration: Development
[2015.08.10-10.16.04:232][  0]LogInit: Branch Name: ++depot+UE4-Releases+4.8
[2015.08.10-10.16.04:232][  0]LogInit: Command line:  
[2015.08.10-10.16.04:232][  0]LogInit: Base directory: C:/Program Files/Epic Games/4.8/Engine/Binaries/Win64/
[2015.08.10-10.16.04:232][  0]LogInit: Rocket: 1
[2015.08.10-10.16.04:263][  0]LogInit: Using libcurl 7.41.0
[2015.08.10-10.16.04:263][  0]LogInit:  - built for x86_64-pc-win32
[2015.08.10-10.16.04:263][  0]LogInit:  - supports SSL with WinSSL
[2015.08.10-10.16.04:263][  0]LogInit:  - other features:
[2015.08.10-10.16.04:263][  0]LogInit:      CURL_VERSION_SSL
[2015.08.10-10.16.04:263][  0]LogInit:      CURL_VERSION_IPV6
[2015.08.10-10.16.04:263][  0]LogInit:      CURL_VERSION_ASYNCHDNS
[2015.08.10-10.16.04:263][  0]LogInit:      CURL_VERSION_LARGEFILE
[2015.08.10-10.16.04:263][  0]LogInit:      CURL_VERSION_IDN
[2015.08.10-10.16.04:263][  0]LogInit:  CurlRequestOptions (configurable via config and command line):
[2015.08.10-10.16.04:263][  0]LogInit:  - bVerifyPeer = true  - Libcurl will verify peer certificate
[2015.08.10-10.16.04:263][  0]LogInit:  - bUseHttpProxy = false  - Libcurl will NOT use HTTP proxy
[2015.08.10-10.16.04:263][  0]LogInit:  - bDontReuseConnections = false  - Libcurl will reuse connections
[2015.08.10-10.16.04:263][  0]LogInit:  - CertBundlePath = nullptr  - Libcurl will use whatever was configured at build time.
[2015.08.10-10.16.04:279][  0]LogOnline:Warning: No default platform service specified for OnlineSubsystem
[2015.08.10-10.16.04:310][  0]LogInit: Presizing for 0 objects not considered by GC, pre-allocating 0 bytes.
[2015.08.10-10.16.04:310][  0]LogInit: Object subsystem initialized
[2015.08.10-10.16.04:310][  0]LogConsoleResponse:Warning: Skipping Unknown console variable: 'TranslucentSortAxis = (X=0.000000,Y=-1.000000,Z=0.000000)'
[2015.08.10-10.16.04:310][  0]LogConsoleResponse:Warning:   Found in ini file 'C:/SourceTree/Spook/Spook_Prototype/Saved/Config/Windows/Engine.ini', in section '[/Script/Engine.RendererSettings]'
[2015.08.10-10.16.04:310][  0]LogConsoleResponse:Warning: Skipping Unknown console variable: 'UIScaleRule = ShortestSide'
[2015.08.10-10.16.04:310][  0]LogConsoleResponse:Warning:   Found in ini file 'C:/SourceTree/Spook/Spook_Prototype/Saved/Config/Windows/Engine.ini', in section '[/Script/Engine.RendererSettings]'
[2015.08.10-10.16.04:310][  0]LogConsoleResponse:Warning: Skipping Unknown console variable: 'UIScaleCurve = (EditorCurveData=(Keys=),ExternalCurve=None)'
[2015.08.10-10.16.04:310][  0]LogConsoleResponse:Warning:   Found in ini file 'C:/SourceTree/Spook/Spook_Prototype/Saved/Config/Windows/Engine.ini', in section '[/Script/Engine.RendererSettings]'
[2015.08.10-10.16.04:310][  0]LogInit: Selected Device Profile: [Windows]
[2015.08.10-10.16.04:310][  0]LogInit: Applying CVar settings loaded from the selected device profile: [Windows]
[2015.08.10-10.16.04:333][  0]LogInit: Computer: HURRAY-POOTA
[2015.08.10-10.16.04:333][  0]LogInit: User: Jackson
[2015.08.10-10.16.04:333][  0]LogInit: CPU Page size=4096, Cores=2
[2015.08.10-10.16.04:333][  0]LogInit: High frequency timer resolution =2.338335 MHz
[2015.08.10-10.16.04:333][  0]LogMemory: Memory total: Physical=7.9GB (8GB approx)
[2015.08.10-10.16.04:333][  0]LogMemory: Platform Memory Stats for Windows
[2015.08.10-10.16.04:333][  0]LogMemory: Process Physical Memory: 48.21 MB used, 48.21 MB peak
[2015.08.10-10.16.04:333][  0]LogMemory: Process Virtual Memory: 22.22 MB used, 22.22 MB peak
[2015.08.10-10.16.04:333][  0]LogMemory: Physical Memory: 1959.62 MB used, 8115.27 MB total
[2015.08.10-10.16.04:333][  0]LogMemory: Virtual Memory: 290.91 MB used, 134217728.00 MB total
[2015.08.10-10.16.04:572][  0]LogTextLocalizationManager: The requested culture ('en_AU') has no localization data; parent culture's ('en') localization data will be used.
[2015.08.10-10.16.04:849][  0]LogTextLocalizationManager:Warning: Loaded localization resources contain conflicting entries for (Namespace:ContentBrowser, Key:ImportAssetToolTip):
Localization Resource: (C:/Program Files/Epic Games/4.8/Engine/Content/Localization/Editor/en/Editor.locres) Source String Hash: (-630476809) Localized String: (Import to {0}...)
Localization Resource: (C:/Program Files/Epic Games/4.8/Engine/Content/Localization/Editor/en/Editor.locres) Source String Hash: (1271782899) Localized String: (Imports an asset from file to this folder.)
[2015.08.10-10.16.05:808][  0]LogD3D11RHI: Found D3D11 adapter 0: NVIDIA GeForce 840M (Feature Level 11_0)
[2015.08.10-10.16.05:808][  0]LogD3D11RHI: Adapter has 1972MB of dedicated video memory, 0MB of dedicated system memory, and 2048MB of shared system memory, 1 output[s]
[2015.08.10-10.16.05:817][  0]LogD3D11RHI: Found D3D11 adapter 1: Intel(R) HD Graphics Family (Feature Level 11_0)
[2015.08.10-10.16.05:817][  0]LogD3D11RHI: Adapter has 0MB of dedicated video memory, 0MB of dedicated system memory, and 1792MB of shared system memory, 0 output[s]
[2015.08.10-10.16.05:819][  0]LogD3D11RHI: Found D3D11 adapter 2: Microsoft Basic Render Driver (Feature Level 11_0)
[2015.08.10-10.16.05:819][  0]LogD3D11RHI: Adapter has 0MB of dedicated video memory, 0MB of dedicated system memory, and 256MB of shared system memory, 0 output[s]
[2015.08.10-10.16.05:819][  0]LogD3D11RHI: Chosen D3D11 Adapter Id = 0
[2015.08.10-10.16.05:842][  0]LogD3D11RHI: InitD3DDevice
[2015.08.10-10.16.05:843][  0]LogD3D11RHI: !Direct3DDevice
[2015.08.10-10.16.05:843][  0]LogRHI: Texture pool is 1361 MB (70% of 1945 MB)
[2015.08.10-10.16.05:855][  0]LogD3D11RHI: Async texture creation enabled
[2015.08.10-10.16.05:872][  0]LogShaderCompilers:Display: Using Local Shader Compiler.
[2015.08.10-10.16.14:131][  0]LogTemp:Display: Loaded TP DesktopTargetPlatform
[2015.08.10-10.16.14:199][  0]LogTemp:Display: Loaded TP WindowsClientTargetPlatform
[2015.08.10-10.16.14:233][  0]LogTemp:Display: Loaded TP WindowsNoEditorTargetPlatform
[2015.08.10-10.16.14:288][  0]LogTemp:Display: Loaded TP WindowsServerTargetPlatform
[2015.08.10-10.16.14:335][  0]LogTemp:Display: Loaded TP WindowsTargetPlatform
[2015.08.10-10.16.14:385][  0]LogTemp:Display: Loaded TP AndroidTargetPlatform
[2015.08.10-10.16.14:441][  0]LogTemp:Display: Loaded TP Android_ASTCTargetPlatform
[2015.08.10-10.16.14:519][  0]LogTemp:Display: Loaded TP Android_ATCTargetPlatform
[2015.08.10-10.16.14:561][  0]LogTemp:Display: Loaded TP Android_DXTTargetPlatform
[2015.08.10-10.16.14:616][  0]LogTemp:Display: Loaded TP Android_ETC1TargetPlatform
[2015.08.10-10.16.14:636][  0]LogTemp:Display: Loaded TP Android_ETC2TargetPlatform
[2015.08.10-10.16.14:693][  0]LogTemp:Display: Loaded TP Android_PVRTCTargetPlatform
[2015.08.10-10.16.14:880][  0]LogTemp:Display: Loaded TP IOSTargetPlatform
[2015.08.10-10.16.15:021][  0]LogTemp:Display: Loaded TP LinuxNoEditorTargetPlatform
[2015.08.10-10.16.15:236][  0]LogTemp:Display: Loaded TP LinuxServerTargetPlatform
[2015.08.10-10.16.15:526][  0]LogTemp:Display: Loaded TP LinuxTargetPlatform
[2015.08.10-10.16.15:526][  0]LogTargetPlatformManager:Display: Building Assets For Windows
[2015.08.10-10.16.18:536][  0]LogDerivedDataCache:Display: Max Cache Size: 512 MB
[2015.08.10-10.16.19:549][  0]LogDerivedDataCache: Loaded boot cache 1.00s 53MB C:/Users/Jackson/AppData/Local/UnrealEngine/4.8/DerivedDataCache/Boot.ddc.
[2015.08.10-10.16.19:549][  0]LogDerivedDataCache:Display: Loaded Boot cache: C:/Users/Jackson/AppData/Local/UnrealEngine/4.8/DerivedDataCache/Boot.ddc
[2015.08.10-10.16.19:549][  0]LogDerivedDataCache: FDerivedDataBackendGraph:  Pak pak cache file ../../../../../../SourceTree/Spook/Spook_Prototype/DerivedDataCache/DDC.ddp not found, will not use a pak cache.
[2015.08.10-10.16.19:549][  0]LogDerivedDataCache: Unable to find inner node Pak for hierarchical cache Hierarchy.
[2015.08.10-10.16.19:549][  0]LogDerivedDataCache: FDerivedDataBackendGraph:  CompressedPak pak cache file ../../../../../../SourceTree/Spook/Spook_Prototype/DerivedDataCache/Compressed.ddp not found, will not use a pak cache.
[2015.08.10-10.16.19:549][  0]LogDerivedDataCache: Unable to find inner node CompressedPak for hierarchical cache Hierarchy.
[2015.08.10-10.16.19:936][  0]LogDerivedDataCache:Display: Pak cache opened for reading ../../../Engine/DerivedDataCache/Compressed.ddp.
[2015.08.10-10.16.20:004][  0]LogDerivedDataCache: Using Local data cache path C:/Users/Jackson/AppData/Local/UnrealEngine/Common/DerivedDataCache: Writable
[2015.08.10-10.16.39:819][  0]LogInit: Selected Device Profile: [Windows]
[2015.08.10-10.16.43:244][  0]ImportText (ComponentSweepMultiTests): Missing closing parenthesis: (RootShapeAsset="/Engine/BasicShapes/Cube.Cube",ShapeType="TriggerCapsule",HitResult=(Time=0.50,Location=(X=-100.000015,Y=0.0,Z=100.000015),ImpactPoint=(X=-50.0,Y=0.0,Z=50.0),Normal=(X=-1.0,Y=-0.0,Z=0.0),ImpactNormal=(X=0.0,Y=0.0,Z=1.0),TraceStart=(X=-200.0,Y=0.0,Z=200.0),TraceEnd=(X=0.0,Y=0.0,Z=0.0))
[2015.08.10-10.16.43:244][  0]ImportText (LineTraceSingleByChannelTests): Missing closing parenthesis: (RootShapeAsset="/Engine/BasicShapes/Cube.Cube",HitResult=(Time=0.50,Location=(X=-100.000015,Y=0.0,Z=100.000015),ImpactPoint=(X=-50.0,Y=0.0,Z=50.0),Normal=(X=-1.0,Y=-0.0,Z=0.0),ImpactNormal=(X=0.0,Y=0.0,Z=1.0),TraceStart=(X=-200.0,Y=0.0,Z=200.0),TraceEnd=(X=0.0,Y=0.0,Z=0.0))
[2015.08.10-10.16.43:719][  0]LogMeshUtilities: No automatic mesh reduction module available
[2015.08.10-10.16.43:719][  0]LogMeshUtilities: No automatic mesh merging module available
[2015.08.10-10.16.52:818][  0]LogInit: WinSock: version 1.1 (2.2), MaxSocks=32767, MaxUdp=65467
[2015.08.10-10.17.26:733][  0]LogAssetRegistry: FAssetRegistry took 0.0138 seconds to start up
[2015.08.10-10.17.26:903][  0]LogDirectoryWatcher:Warning: Failed to begin reading directory changes for ../../../Engine/Plugins/Experimental/CharacterAI/Content/. Error: 0
[2015.08.10-10.17.27:136][  0]UdpMessaging: Initializing bridge on interface 0.0.0.0:0 to multicast group 230.0.0.1:6666.
[2015.08.10-10.17.43:052][  0]SourceControl: Info Source control is disabled
[2015.08.10-10.17.43:078][  0]SourceControl: Info Source control is disabled
[2015.08.10-10.17.43:241][  0]SourceControl: Info Source control is disabled
[2015.08.10-10.17.43:509][  0]SourceControl: Info Source control is disabled
[2015.08.10-10.17.48:923][  0]LogObj: 26440 objects as part of root set at end of initial load.
[2015.08.10-10.17.48:923][  0]LogUObjectAllocator: 5438856 out of 0 bytes used by permanent object pool.
[2015.08.10-10.17.53:262][  0]LogAutomationTest:Warning: Smoke tests took > 1s to run: 2.05s
[2015.08.10-10.17.53:459][  0]LogEngine: Initializing Engine...
[2015.08.10-10.17.53:568][  0]LogHMD: Can't find Oculus library dev build: is proper Runtime installed? Version: 0.6.0.0
[2015.08.10-10.17.55:357][  0]LogHMD:Warning: SteamVR failed to initialize.  Error: 108
[2015.08.10-10.17.58:992][  0]LogAIModule: Creating AISystem for world NewWorld
[2015.08.10-10.17.59:795][  0]LogInit: XAudio2 using 'Speakers (Realtek High Definition Audio)' : 2 channels at 48 kHz using 32 bits per sample (channel mask 0x3)
[2015.08.10-10.17.59:905][  0]LogInit: FAudioDevice initialized.
[2015.08.10-10.18.00:646][  0]LogDerivedDataCache: Saved boot cache 0.74s 53MB C:/Users/Jackson/AppData/Local/UnrealEngine/4.8/DerivedDataCache/Boot.ddc.
[2015.08.10-10.18.00:748][  0]LogInit: Texture streaming: Disabled
[2015.08.10-10.18.00:875][  0]LogAnalytics: Creating configured Analytics provider AnalyticsET
[2015.08.10-10.18.00:875][  0]LogAnalytics: [UEEditor.Rocket.Release] APIServer = http://et2.epicgames.com/ET2/. AppVersion = 4.8.3-2634408+++depot+UE4-Releases+4.8
[2015.08.10-10.18.00:876][  0]LogAnalytics: [UEEditor.Rocket.Release] SetUserId dafaf2674f7bc700140b2c82b2d27409|7cf267475aab4bafb7b336aedadbdf03|2c5d0b7f-8e58-403b-912b-3ca6d6480060
[2015.08.10-10.18.00:876][  0]LogAnalytics: [UEEditor.Rocket.Release] AnalyticsET::StartSession
[2015.08.10-10.18.05:387][  0]LogInit: Transaction tracking system initialized
[2015.08.10-10.18.08:924][  0]BlueprintLog: New page: Editor Load
[2015.08.10-10.18.25:118][  0]LogLinker:Warning: Can't find file '/Engine/Transient'
[2015.08.10-10.18.25:118][  0]LogLinker:Warning: Can't find file '/Engine/Transient'
[2015.08.10-10.18.25:118][  0]LogLinker:Warning: Can't find file '/Engine/Transient'
[2015.08.10-10.18.25:118][  0]LogUObjectGlobals:Warning: Failed to find object 'Class /Engine/Transient.REINST_ThirdPersonOverview_C_113'
[2015.08.10-10.18.28:191][  0]LogConfig:Warning: Failed to saved backup for config[TemplateDefs]
[2015.08.10-10.18.30:337][  0]LogConsoleManager:Warning: Console variable 'r.VSync' wasn't set ('GameSetting' has a lower priority than 'SystemSettingsIni')
[2015.08.10-10.18.30:338][  0]LogConsoleResponse:Display: 
[2015.08.10-10.18.36:967][  0]LogCook:Display: Done creating registry. It took  0.00s.
[2015.08.10-10.18.42:827][  0]SourceControl: Info Source control is disabled
[2015.08.10-10.18.42:959][  0]Cmd: MAP LOAD FILE="../../../../../../SourceTree/Spook/Spook_Prototype/Content/ThirdPersonBP/Maps/ThirdPersonExampleMap.umap" TEMPLATE=0 SHOWPROGRESS=1 FEATURELEVEL=3
[2015.08.10-10.18.42:959][  0]LogEditorServer:Warning: Can't find file '../../../../../../SourceTree/Spook/Spook_Prototype/Content/ThirdPersonBP/Maps/ThirdPersonExampleMap.umap'
[2015.08.10-10.18.42:959][  0]Cmd: MAP CHECKDEP NOCLEARLOG
[2015.08.10-10.18.43:153][  0]MapCheck: Info Map check complete: 0 Error(s), 0 Warning(s), took 193.871ms to complete.
[2015.08.10-10.18.43:153][  0]LogFileHelpers: Loading map 'ThirdPersonExampleMap' took 0.213
[2015.08.10-10.18.49:762][  0]LogCollectionManager: Loaded 0 collections in 0.005472 seconds
[2015.08.10-10.18.49:912][  0]LogContentBrowser: Native class hierarchy populated in 0.1241 seconds. Added 1807 classes and 307 folders.
[2015.08.10-10.18.51:759][  0]LogContentBrowser: Native class hierarchy updated for 'WidgetCarousel' in 0.0015 seconds. Added 0 classes and 0 folders.
[2015.08.10-10.18.53:438][  0]LogContentBrowser: Native class hierarchy updated for 'AddContentDialog' in 0.0007 seconds. Added 0 classes and 0 folders.
[2015.08.10-10.18.53:825][  0]LogContentBrowser: Native class hierarchy updated for 'SceneOutliner' in 0.0010 seconds. Added 1 classes and 2 folders.
[2015.08.10-10.19.01:070][  0]LogCrashTracker: Crashtracker disabled due to settings.
[2015.08.10-10.19.01:730][  0]LogD3D11RHI: InitD3DDevice
[2015.08.10-10.19.02:149][  0]LogUObjectGlobals:Warning: Failed to find object 'Class None.'
[2015.08.10-10.19.02:331][  0]LogLoad: Full Startup: 180.88 seconds (BP compile: 2.37 seconds)
[2015.08.10-10.19.05:109][  0]LogContentStreaming: Texture pool size is 0.000000MB
[2015.08.10-10.19.05:446][  0]LogContentStreaming: Texture pool size now 1000 MB
[2015.08.10-10.19.06:533][  0]LogRenderer: Reallocating scene render targets to support 864x392 (Frame:2).
[2015.08.10-10.19.14:737][  2]LogD3D11RHI: InitD3DDevice
[2015.08.10-10.19.17:158][  9]LogAssetRegistry: Asset discovery search completed in 110.4366 seconds
[2015.08.10-10.19.26:865][ 39]LogD3D11RHI: InitD3DDevice
[2015.08.10-10.19.29:365][ 68]LogWindowsTextInputMethodSystem:Display: IME system now deactivated.
[2015.08.10-10.19.32:317][ 69]Cmd: QUIT_EDITOR
[2015.08.10-10.19.34:284][ 69]LogExit: Preparing to exit.
[2015.08.10-10.19.37:655][ 69]LogExit: Editor shut down
[2015.08.10-10.19.38:105][ 69]LogParticles: Destroying 0 GPU particle simulations for FXSystem 0x00000010BC59F9C0
[2015.08.10-10.19.38:105][ 69]LogExit: Transaction tracking system shut down
[2015.08.10-10.19.42:684][ 69]LogParticles: Destroying 0 GPU particle simulations for FXSystem 0x00000010AD427BA0
[2015.08.10-10.19.42:684][ 69]LogParticles: Destroying 0 GPU particle simulations for FXSystem 0x00000010ADAAC5E0
[2015.08.10-10.19.42:684][ 69]LogExit: Object subsystem successfully closed.
[2015.08.10-10.19.49:079][ 69]LogD3D11RHI: Shutdown
[2015.08.10-10.19.49:079][ 69]LogD3D11RHI: CleanupD3DDevice
[2015.08.10-10.19.49:190][ 69]LogD3D11RHI: ~FD3D11DynamicRHI
[2015.08.10-10.19.49:580][ 69]LogModuleManager: Shutting down and abandoning module CrashTracker (189)
[2015.08.10-10.19.49:580][ 69]LogModuleManager: Shutting down and abandoning module SceneOutliner (188)
[2015.08.10-10.19.49:580][ 69]LogModuleManager: Shutting down and abandoning module SuperSearch (187)
[2015.08.10-10.19.49:580][ 69]LogModuleManager: Shutting down and abandoning module WidgetCarousel (186)
[2015.08.10-10.19.49:580][ 69]LogModuleManager: Shutting down and abandoning module AddContentDialog (185)
[2015.08.10-10.19.49:690][ 69]LogModuleManager: Shutting down and abandoning module EditorWidgets (184)
[2015.08.10-10.19.49:690][ 69]LogModuleManager: Shutting down and abandoning module CollectionManager (183)
[2015.08.10-10.19.49:690][ 69]LogModuleManager: Shutting down and abandoning module FoliageEdit (182)
[2015.08.10-10.19.49:690][ 69]LogModuleManager: Shutting down and abandoning module LandscapeEditor (181)
[2015.08.10-10.19.49:835][ 69]LogModuleManager: Shutting down and abandoning module ActorPickerMode (180)
[2015.08.10-10.19.49:835][ 69]LogModuleManager: Shutting down and abandoning module GeometryMode (179)
[2015.08.10-10.19.49:835][ 69]LogModuleManager: Shutting down and abandoning module TextureAlignMode (178)
[2015.08.10-10.19.49:835][ 69]LogModuleManager: Shutting down and abandoning module BspMode (177)
[2015.08.10-10.19.49:835][ 69]LogModuleManager: Shutting down and abandoning module PlacementMode (176)
[2015.08.10-10.19.49:835][ 69]LogModuleManager: Shutting down and abandoning module AutomationWorker (175)
[2015.08.10-10.19.49:835][ 69]LogModuleManager: Shutting down and abandoning module CharacterAI (174)
[2015.08.10-10.19.49:835][ 69]LogModuleManager: Shutting down and abandoning module SmartSnapping (173)
[2015.08.10-10.19.49:835][ 69]LogModuleManager: Shutting down and abandoning module ViewportSnapping (172)
[2015.08.10-10.19.49:835][ 69]LogModuleManager: Shutting down and abandoning module LogVisualizer (171)
[2015.08.10-10.19.49:835][ 69]LogModuleManager: Shutting down and abandoning module GameProjectGeneration (170)
[2015.08.10-10.19.49:996][ 69]LogModuleManager: Shutting down and abandoning module IntroTutorials (169)
[2015.08.10-10.19.49:996][ 69]LogModuleManager: Shutting down and abandoning module EditorLiveStreaming (168)
[2015.08.10-10.19.49:996][ 69]LogModuleManager: Shutting down and abandoning module IOSPlatformEditor (167)
[2015.08.10-10.19.49:996][ 69]LogModuleManager: Shutting down and abandoning module HTML5PlatformEditor (166)
[2015.08.10-10.19.49:996][ 69]LogModuleManager: Shutting down and abandoning module AndroidDeviceDetection (165)
[2015.08.10-10.19.50:427][ 69]LogModuleManager: Shutting down and abandoning module AndroidPlatformEditor (164)
[2015.08.10-10.19.50:427][ 69]LogModuleManager: Shutting down and abandoning module IOSRuntimeSettings (163)
[2015.08.10-10.19.50:427][ 69]LogModuleManager: Shutting down and abandoning module AndroidRuntimeSettings (162)
[2015.08.10-10.19.50:427][ 69]LogModuleManager: Shutting down and abandoning module MergeActors (161)
[2015.08.10-10.19.50:466][ 69]LogModuleManager: Shutting down and abandoning module SizeMap (160)
[2015.08.10-10.19.50:466][ 69]LogModuleManager: Shutting down and abandoning module TreeMap (159)
[2015.08.10-10.19.50:571][ 69]LogModuleManager: Shutting down and abandoning module ReferenceViewer (158)
[2015.08.10-10.19.50:571][ 69]LogModuleManager: Shutting down and abandoning module LocalizationDashboard (157)
[2015.08.10-10.19.50:636][ 69]LogModuleManager: Shutting down and abandoning module HardwareTargeting (156)
[2015.08.10-10.19.50:636][ 69]LogModuleManager: Shutting down and abandoning module DeviceProfileEditor (155)
[2015.08.10-10.19.50:636][ 69]LogModuleManager: Shutting down and abandoning module UndoHistory (154)
[2015.08.10-10.19.50:636][ 69]LogModuleManager: Shutting down and abandoning module GameplayTagsEditor (153)
[2015.08.10-10.19.50:637][ 69]LogModuleManager: Shutting down and abandoning module UserFeedback (152)
[2015.08.10-10.19.50:637][ 69]LogModuleManager: Shutting down and abandoning module XmlParser (151)
[2015.08.10-10.19.50:637][ 69]LogModuleManager: Shutting down and abandoning module Blutility (150)
[2015.08.10-10.19.50:637][ 69]LogModuleManager: Shutting down and abandoning module ProjectTargetPlatformEditor (149)
[2015.08.10-10.19.50:637][ 69]LogModuleManager: Shutting down and abandoning module ProjectSettingsViewer (148)
[2015.08.10-10.19.50:637][ 69]LogModuleManager: Shutting down and abandoning module InputBindingEditor (147)
[2015.08.10-10.19.50:637][ 69]LogModuleManager: Shutting down and abandoning module EditorSettingsViewer (146)
[2015.08.10-10.19.50:637][ 69]LogModuleManager: Shutting down and abandoning module SettingsEditor (145)
[2015.08.10-10.19.50:637][ 69]LogModuleManager: Shutting down and abandoning module ProjectLauncher (144)
[2015.08.10-10.19.50:637][ 69]LogModuleManager: Shutting down and abandoning module SessionFrontend (143)
[2015.08.10-10.19.50:637][ 69]LogModuleManager: Shutting down and abandoning module ProfilerClient (142)
[2015.08.10-10.19.50:699][ 69]LogModuleManager: Shutting down and abandoning module TargetDeviceServices (141)
[2015.08.10-10.19.50:699][ 69]LogModuleManager: Shutting down and abandoning module DeviceManager (140)
[2015.08.10-10.19.50:699][ 69]LogModuleManager: Shutting down and abandoning module AutomationController (139)
[2015.08.10-10.19.50:699][ 69]LogModuleManager: Shutting down and abandoning module AutomationWindow (138)
[2015.08.10-10.19.50:745][ 69]LogModuleManager: Shutting down and abandoning module Layers (137)
[2015.08.10-10.19.51:064][ 69]LogModuleManager: Shutting down and abandoning module ComponentVisualizers (136)
[2015.08.10-10.19.51:064][ 69]LogModuleManager: Shutting down and abandoning module DetailCustomizations (135)
[2015.08.10-10.19.51:065][ 69]LogModuleManager: Shutting down and abandoning module PackagesDialog (134)
[2015.08.10-10.19.51:107][ 69]LogModuleManager: Shutting down and abandoning module Persona (133)
[2015.08.10-10.19.51:234][ 69]LogModuleManager: Shutting down and abandoning module Kismet (132)
[2015.08.10-10.19.51:419][ 69]LogModuleManager: Shutting down and abandoning module GraphEditor (131)
[2015.08.10-10.19.51:937][ 69]LogModuleManager: Shutting down and abandoning module ClassViewer (130)
[2015.08.10-10.19.51:937][ 69]LogModuleManager: Shutting down and abandoning module Toolbox (129)
[2015.08.10-10.19.51:937][ 69]LogModuleManager: Shutting down and abandoning module ModuleUI (128)
[2015.08.10-10.19.51:999][ 69]LogModuleManager: Shutting down and abandoning module MovieSceneTools (127)
[2015.08.10-10.19.52:112][ 69]LogModuleManager: Shutting down and abandoning module OutputLog (126)
[2015.08.10-10.19.52:112][ 69]LogModuleManager: Shutting down and abandoning module GammaUI (125)
[2015.08.10-10.19.52:283][ 69]LogModuleManager: Shutting down and abandoning module Documentation (124)
[2015.08.10-10.19.52:283][ 69]LogModuleManager: Shutting down and abandoning module GameLiveStreaming (123)
[2015.08.10-10.19.52:284][ 69]LogModuleManager: Shutting down and abandoning module StreamingPauseRendering (122)
[2015.08.10-10.19.52:284][ 69]LogModuleManager: Shutting down and abandoning module AnalyticsET (121)
[2015.08.10-10.19.52:284][ 69]LogModuleManager: Shutting down and abandoning module Analytics (120)
[2015.08.10-10.19.52:284][ 69]LogModuleManager: Shutting down and abandoning module AITestSuite (119)
[2015.08.10-10.19.52:284][ 69]LogModuleManager: Shutting down and abandoning module GameplayDebugger (118)
[2015.08.10-10.19.52:284][ 69]LogModuleManager: Shutting down and abandoning module AIModule (117)
[2015.08.10-10.19.52:284][ 69]LogModuleManager: Shutting down and abandoning module ProfilerService (116)
[2015.08.10-10.19.52:336][ 69]LogModuleManager: Shutting down and abandoning module TaskGraph (115)
[2015.08.10-10.19.52:511][ 69]LogModuleManager: Shutting down and abandoning module SubstanceEditor (114)
[2015.08.10-10.19.52:644][ 69]LogModuleManager: Shutting down and abandoning module SlateRemote (113)
[2015.08.10-10.19.52:644][ 69]LogModuleManager: Shutting down and abandoning module SteamVRController (112)
[2015.08.10-10.19.52:645][ 69]LogModuleManager: Shutting down and abandoning module SteamVR (111)
[2015.08.10-10.19.52:645][ 69]LogModuleManager: Shutting down and abandoning module ProceduralMeshComponent (110)
[2015.08.10-10.19.52:645][ 69]LogModuleManager: Shutting down and abandoning module OculusRift (109)
[2015.08.10-10.19.52:645][ 69]LogModuleManager: Shutting down and abandoning module LeapMotionController (108)
[2015.08.10-10.19.52:656][ 69]LogModuleManager: Shutting down and abandoning module CustomMeshComponent (107)
[2015.08.10-10.19.52:656][ 69]LogModuleManager: Shutting down and abandoning module CableComponent (106)
[2015.08.10-10.19.52:656][ 69]LogModuleManager: Shutting down and abandoning module MessagingDebugger (105)
[2015.08.10-10.19.52:973][ 69]LogModuleManager: Shutting down and abandoning module MediaPlayerEditor (104)
[2015.08.10-10.19.53:095][ 69]LogModuleManager: Shutting down and abandoning module SpeedTreeImporter (103)
[2015.08.10-10.19.53:095][ 69]LogModuleManager: Shutting down and abandoning module PluginBrowser (102)
[2015.08.10-10.19.53:095][ 69]LogModuleManager: Shutting down and abandoning module EpicSurvey (101)
[2015.08.10-10.19.53:095][ 69]LogModuleManager: Shutting down and abandoning module DesktopPlatform (100)
[2015.08.10-10.19.53:167][ 69]LogModuleManager: Shutting down and abandoning module VisualStudioSourceCodeAccess (99)
[2015.08.10-10.19.53:168][ 69]LogModuleManager: Shutting down and abandoning module UObjectPlugin (98)
[2015.08.10-10.19.53:168][ 69]LogModuleManager: Shutting down and abandoning module SubversionSourceControl (97)
[2015.08.10-10.19.53:168][ 69]LogModuleManager: Shutting down and abandoning module PerforceSourceControl (96)
[2015.08.10-10.19.53:256][ 69]LogModuleManager: Shutting down and abandoning module SourceControl (95)
[2015.08.10-10.19.53:483][ 69]LogModuleManager: Shutting down and abandoning module GitSourceControl (94)
[2015.08.10-10.19.53:483][ 69]LogModuleManager: Shutting down and abandoning module BlankPlugin (93)
[2015.08.10-10.19.53:483][ 69]LogModuleManager: Shutting down and abandoning module PaperTiledImporter (92)
[2015.08.10-10.19.53:483][ 69]LogModuleManager: Shutting down and abandoning module PaperSpriteSheetImporter (91)
[2015.08.10-10.19.53:483][ 69]LogModuleManager: Shutting down and abandoning module MeshPaint (90)
[2015.08.10-10.19.53:483][ 69]LogModuleManager: Shutting down and abandoning module SlateReflector (89)
[2015.08.10-10.19.53:502][ 69]LogModuleManager: Shutting down and abandoning module HotReload (88)
[2015.08.10-10.19.53:503][ 69]LogModuleManager: Shutting down and abandoning module MainFrame (87)
[2015.08.10-10.19.53:503][ 69]LogModuleManager: Shutting down and abandoning module LevelEditor (86)
[2015.08.10-10.19.53:542][ 69]LogModuleManager: Shutting down and abandoning module ContentBrowser (85)
[2015.08.10-10.19.53:544][ 69]LogModuleManager: Shutting down and abandoning module Paper2DEditor (84)
[2015.08.10-10.19.53:702][ 69]LogModuleManager: Shutting down and abandoning module UdpMessaging (83)
[2015.08.10-10.19.53:803][ 69]LogModuleManager: Shutting down and abandoning module DirectoryWatcher (82)
[2015.08.10-10.19.53:803][ 69]LogModuleManager: Shutting down and abandoning module AssetRegistry (81)
[2015.08.10-10.19.53:934][ 69]LogModuleManager: Shutting down and abandoning module SubstanceCore (80)
[2015.08.10-10.19.53:934][ 69]LogModuleManager: Shutting down and abandoning module Paper2D (79)
[2015.08.10-10.19.53:934][ 69]LogModuleManager: Shutting down and abandoning module WindowsMoviePlayer (78)
[2015.08.10-10.19.54:076][ 69]LogModuleManager: Shutting down and abandoning module Media (77)
[2015.08.10-10.19.54:076][ 69]LogModuleManager: Shutting down and abandoning module WmfMedia (76)
[2015.08.10-10.19.54:076][ 69]LogModuleManager: Shutting down and abandoning module OnlineBlueprintSupport (75)
[2015.08.10-10.19.54:076][ 69]LogModuleManager: Shutting down and abandoning module PropertyEditor (74)
[2015.08.10-10.19.54:076][ 69]LogModuleManager: Shutting down and abandoning module BehaviorTreeEditor (73)
[2015.08.10-10.19.54:511][ 69]LogModuleManager: Shutting down and abandoning module FunctionalTesting (72)
[2015.08.10-10.19.54:511][ 69]LogModuleManager: Shutting down and abandoning module CollisionAnalyzer (71)
[2015.08.10-10.19.54:746][ 69]LogModuleManager: Shutting down and abandoning module WorkspaceMenuStructure (70)
[2015.08.10-10.19.54:746][ 69]LogModuleManager: Shutting down and abandoning module MessageLog (69)
[2015.08.10-10.19.54:746][ 69]LogModuleManager: Shutting down and abandoning module Sequencer (68)
[2015.08.10-10.19.55:600][ 69]LogModuleManager: Shutting down and abandoning module AssetTools (67)
[2015.08.10-10.19.56:284][ 69]LogModuleManager: Shutting down and abandoning module UMGEditor (66)
[2015.08.10-10.19.56:433][ 69]LogModuleManager: Shutting down and abandoning module UMG (65)
[2015.08.10-10.19.56:636][ 69]LogModuleManager: Shutting down and abandoning module Slate (64)
[2015.08.10-10.19.56:636][ 69]LogModuleManager: Shutting down and abandoning module EditorStyle (63)
[2015.08.10-10.19.56:644][ 69]LogModuleManager: Shutting down and abandoning module SessionServices (62)
[2015.08.10-10.19.56:644][ 69]LogModuleManager: Shutting down and abandoning module SourceCodeAccess (61)
[2015.08.10-10.19.56:644][ 69]LogModuleManager: Shutting down and abandoning module HeadMountedDisplay (60)
[2015.08.10-10.19.56:644][ 69]LogModuleManager: Shutting down and abandoning module XAudio2 (59)
[2015.08.10-10.19.56:644][ 69]LogModuleManager: Shutting down and abandoning module Networking (57)
[2015.08.10-10.19.56:644][ 69]LogModuleManager: Shutting down and abandoning module Core (56)
[2015.08.10-10.19.56:644][ 69]LogModuleManager: Shutting down and abandoning module KismetCompiler (55)
[2015.08.10-10.19.56:644][ 69]LogModuleManager: Shutting down and abandoning module PhysXFormats (54)
[2015.08.10-10.19.56:644][ 69]LogModuleManager: Shutting down and abandoning module MeshUtilities (53)
[2015.08.10-10.19.56:675][ 69]LogModuleManager: Shutting down and abandoning module DerivedDataCache (52)
[2015.08.10-10.19.56:719][ 69]LogDerivedDataCache: Shutdown
[2015.08.10-10.19.56:719][ 69]LogModuleManager: Shutting down and abandoning module ShaderFormatOpenGL (51)
[2015.08.10-10.19.56:887][ 69]LogModuleManager: Shutting down and abandoning module ShaderFormatD3D (50)
[2015.08.10-10.19.56:887][ 69]LogModuleManager: Shutting down and abandoning module MetalShaderFormat (49)
[2015.08.10-10.19.57:056][ 69]LogModuleManager: Shutting down and abandoning module TextureFormatUncompressed (48)
[2015.08.10-10.19.57:056][ 69]LogModuleManager: Shutting down and abandoning module TextureFormatPVR (47)
[2015.08.10-10.19.57:056][ 69]LogModuleManager: Shutting down and abandoning module TextureFormatIntelISPCTexComp (46)
[2015.08.10-10.19.57:056][ 69]LogModuleManager: Shutting down and abandoning module TextureFormatDXT (45)
[2015.08.10-10.19.57:056][ 69]LogModuleManager: Shutting down and abandoning module ImageWrapper (44)
[2015.08.10-10.19.57:056][ 69]LogModuleManager: Shutting down and abandoning module TextureFormatASTC (43)
[2015.08.10-10.19.57:056][ 69]LogModuleManager: Shutting down and abandoning module TextureFormatAndroid (42)
[2015.08.10-10.19.57:056][ 69]LogModuleManager: Shutting down and abandoning module AudioFormatOpus (41)
[2015.08.10-10.19.57:056][ 69]LogModuleManager: Shutting down and abandoning module AudioFormatOgg (40)
[2015.08.10-10.19.57:056][ 69]LogModuleManager: Shutting down and abandoning module AudioFormatADPCM (39)
[2015.08.10-10.19.57:056][ 69]LogModuleManager: Shutting down and abandoning module LinuxTargetPlatform (38)
[2015.08.10-10.19.57:056][ 69]LogModuleManager: Shutting down and abandoning module LinuxServerTargetPlatform (37)
[2015.08.10-10.19.57:057][ 69]LogModuleManager: Shutting down and abandoning module LinuxNoEditorTargetPlatform (36)
[2015.08.10-10.19.57:058][ 69]LogModuleManager: Shutting down and abandoning module Messaging (35)
[2015.08.10-10.19.57:058][ 69]LogModuleManager: Shutting down and abandoning module IOSTargetPlatform (34)
[2015.08.10-10.19.57:058][ 69]LogModuleManager: Shutting down and abandoning module HTML5TargetPlatform (33)
[2015.08.10-10.19.57:058][ 69]LogModuleManager: Shutting down and abandoning module Android_PVRTCTargetPlatform (32)
[2015.08.10-10.19.57:058][ 69]LogModuleManager: Shutting down and abandoning module Android_ETC2TargetPlatform (31)
[2015.08.10-10.19.57:058][ 69]LogModuleManager: Shutting down and abandoning module Android_ETC1TargetPlatform (30)
[2015.08.10-10.19.57:058][ 69]LogModuleManager: Shutting down and abandoning module Android_DXTTargetPlatform (29)
[2015.08.10-10.19.57:058][ 69]LogModuleManager: Shutting down and abandoning module Android_ATCTargetPlatform (28)
[2015.08.10-10.19.57:058][ 69]LogModuleManager: Shutting down and abandoning module Android_ASTCTargetPlatform (27)
[2015.08.10-10.19.57:058][ 69]LogModuleManager: Shutting down and abandoning module AndroidTargetPlatform (26)
[2015.08.10-10.19.57:058][ 69]LogModuleManager: Shutting down and abandoning module WindowsTargetPlatform (25)
[2015.08.10-10.19.57:058][ 69]LogModuleManager: Shutting down and abandoning module WindowsServerTargetPlatform (24)
[2015.08.10-10.19.57:058][ 69]LogModuleManager: Shutting down and abandoning module WindowsNoEditorTargetPlatform (23)
[2015.08.10-10.19.57:058][ 69]LogModuleManager: Shutting down and abandoning module WindowsClientTargetPlatform (22)
[2015.08.10-10.19.57:058][ 69]LogModuleManager: Shutting down and abandoning module DesktopTargetPlatform (21)
[2015.08.10-10.19.57:058][ 69]LogModuleManager: Shutting down and abandoning module TargetPlatform (20)
[2015.08.10-10.19.57:059][ 69]LogModuleManager: Shutting down and abandoning module InputCore (19)
[2015.08.10-10.19.57:059][ 69]LogModuleManager: Shutting down and abandoning module Settings (18)
[2015.08.10-10.19.57:059][ 69]LogModuleManager: Shutting down and abandoning module OnlineSubsystem (16)
[2015.08.10-10.19.57:059][ 69]LogModuleManager: Shutting down and abandoning module HTTP (15)
[2015.08.10-10.19.57:060][ 69]LogModuleManager: Shutting down and abandoning module ExampleDeviceProfileSelector (14)
[2015.08.10-10.19.57:060][ 69]LogModuleManager: Shutting down and abandoning module TextureCompressor (13)
[2015.08.10-10.19.57:060][ 69]LogModuleManager: Shutting down and abandoning module ShaderCore (12)
[2015.08.10-10.19.57:060][ 69]LogModuleManager: Shutting down and abandoning module Landscape (11)
[2015.08.10-10.19.57:060][ 69]LogModuleManager: Shutting down and abandoning module SlateRHIRenderer (10)
[2015.08.10-10.19.57:063][ 69]LogModuleManager: Shutting down and abandoning module OpenGLDrv (9)
[2015.08.10-10.19.57:078][ 69]LogModuleManager: Shutting down and abandoning module D3D11RHI (8)
[2015.08.10-10.19.57:078][ 69]LogModuleManager: Shutting down and abandoning module Renderer (7)
[2015.08.10-10.19.57:078][ 69]LogModuleManager: Shutting down and abandoning module Engine (6)
[2015.08.10-10.19.57:078][ 69]LogModuleManager: Shutting down and abandoning module CoreUObject (5)
[2015.08.10-10.19.57:078][ 69]LogModuleManager: Shutting down and abandoning module NetworkFile (4)
[2015.08.10-10.19.57:142][ 69]LogModuleManager: Shutting down and abandoning module StreamingFile (3)
[2015.08.10-10.19.57:143][ 69]LogModuleManager: Shutting down and abandoning module SandboxFile (2)
[2015.08.10-10.19.57:248][ 69]LogModuleManager: Shutting down and abandoning module PakFile (1)
[2015.08.10-10.19.57:485][ 69]LogExit: Exiting.
[2015.08.10-10.19.57:487][ 69]Log file closed, 08/10/15 20:19:57
