[2015.08.16-02.38.54:178][  0]Log file open, 08/16/15 12:38:54
[2015.08.16-02.38.54:178][  0]LogInit:Display: Running engine for game: Spook_Prototype
[2015.08.16-02.38.54:178][  0]LogInit:Display: RandInit(1409017562) SRandInit(1409017562).
[2015.08.16-02.38.54:178][  0]LogTaskGraph: Started task graph with 4 named threads and 7 total threads.
[2015.08.16-02.38.54:178][  0]LogStats: Stats thread started
[2015.08.16-02.38.54:178][  0]LogExit: Preparing to exit.
[2015.08.16-02.38.54:178][  0]LogModuleManager: Shutting down and abandoning module TextureCompressor (13)
[2015.08.16-02.38.54:178][  0]LogModuleManager: Shutting down and abandoning module ShaderCore (12)
[2015.08.16-02.38.54:178][  0]LogModuleManager: Shutting down and abandoning module Landscape (11)
[2015.08.16-02.38.54:178][  0]LogModuleManager: Shutting down and abandoning module SlateRHIRenderer (10)
[2015.08.16-02.38.54:178][  0]LogModuleManager: Shutting down and abandoning module OpenGLDrv (9)
[2015.08.16-02.38.54:178][  0]LogModuleManager: Shutting down and abandoning module D3D11RHI (8)
[2015.08.16-02.38.54:178][  0]LogModuleManager: Shutting down and abandoning module Renderer (7)
[2015.08.16-02.38.54:178][  0]LogModuleManager: Shutting down and abandoning module Engine (6)
[2015.08.16-02.38.54:178][  0]LogModuleManager: Shutting down and abandoning module CoreUObject (5)
[2015.08.16-02.38.54:178][  0]LogModuleManager: Shutting down and abandoning module NetworkFile (4)
[2015.08.16-02.38.54:178][  0]LogModuleManager: Shutting down and abandoning module StreamingFile (3)
[2015.08.16-02.38.54:178][  0]LogModuleManager: Shutting down and abandoning module SandboxFile (2)
[2015.08.16-02.38.54:178][  0]LogModuleManager: Shutting down and abandoning module PakFile (1)
[2015.08.16-02.38.54:179][  0]LogExit: Exiting.
[2015.08.16-02.38.54:180][  0]Log file closed, 08/16/15 12:38:54
