[2015.08.13-03.50.39:019][  0]Log file open, 08/13/15 13:50:39
[2015.08.13-03.50.39:019][  0]LogInit:Display: Running engine for game: Spook_Prototype
[2015.08.13-03.50.39:019][  0]LogInit:Display: RandInit(-2133500532) SRandInit(-2133500531).
[2015.08.13-03.50.39:019][  0]LogTaskGraph: Started task graph with 4 named threads and 7 total threads.
[2015.08.13-03.50.39:019][  0]LogStats: Stats thread started
[2015.08.13-03.50.39:019][  0]LogInit: Version: 4.8.3-2634408+++depot+UE4-Releases+4.8
[2015.08.13-03.50.39:019][  0]LogInit: API Version: 2579680
[2015.08.13-03.50.39:019][  0]LogInit: Compiled (64-bit): Jul 27 2015 16:24:33
[2015.08.13-03.50.39:019][  0]LogInit: Compiled with Visual C++: 18.00.21005.01
[2015.08.13-03.50.39:019][  0]LogInit: Build Configuration: Development
[2015.08.13-03.50.39:019][  0]LogInit: Branch Name: ++depot+UE4-Releases+4.8
[2015.08.13-03.50.39:019][  0]LogInit: Command line:  
[2015.08.13-03.50.39:020][  0]LogInit: Base directory: C:/Program Files/Epic Games/4.8/Engine/Binaries/Win64/
[2015.08.13-03.50.39:020][  0]LogInit: Rocket: 1
[2015.08.13-03.50.39:031][  0]LogInit: Using libcurl 7.41.0
[2015.08.13-03.50.39:031][  0]LogInit:  - built for x86_64-pc-win32
[2015.08.13-03.50.39:031][  0]LogInit:  - supports SSL with WinSSL
[2015.08.13-03.50.39:031][  0]LogInit:  - other features:
[2015.08.13-03.50.39:031][  0]LogInit:      CURL_VERSION_SSL
[2015.08.13-03.50.39:031][  0]LogInit:      CURL_VERSION_IPV6
[2015.08.13-03.50.39:031][  0]LogInit:      CURL_VERSION_ASYNCHDNS
[2015.08.13-03.50.39:031][  0]LogInit:      CURL_VERSION_LARGEFILE
[2015.08.13-03.50.39:031][  0]LogInit:      CURL_VERSION_IDN
[2015.08.13-03.50.39:031][  0]LogInit:  CurlRequestOptions (configurable via config and command line):
[2015.08.13-03.50.39:031][  0]LogInit:  - bVerifyPeer = true  - Libcurl will verify peer certificate
[2015.08.13-03.50.39:031][  0]LogInit:  - bUseHttpProxy = false  - Libcurl will NOT use HTTP proxy
[2015.08.13-03.50.39:031][  0]LogInit:  - bDontReuseConnections = false  - Libcurl will reuse connections
[2015.08.13-03.50.39:031][  0]LogInit:  - CertBundlePath = nullptr  - Libcurl will use whatever was configured at build time.
[2015.08.13-03.50.39:041][  0]LogOnline:Warning: No default platform service specified for OnlineSubsystem
[2015.08.13-03.50.39:052][  0]LogInit: Presizing for 0 objects not considered by GC, pre-allocating 0 bytes.
[2015.08.13-03.50.39:059][  0]LogInit: Object subsystem initialized
[2015.08.13-03.50.39:060][  0]LogConsoleResponse:Warning: Skipping Unknown console variable: 'TranslucentSortAxis = (X=0.000000,Y=-1.000000,Z=0.000000)'
[2015.08.13-03.50.39:060][  0]LogConsoleResponse:Warning:   Found in ini file 'C:/Users/jackson.luff/Desktop/Spook_Prototype/Spook_Prototype/Saved/Config/Windows/Engine.ini', in section '[/Script/Engine.RendererSettings]'
[2015.08.13-03.50.39:060][  0]LogConsoleResponse:Warning: Skipping Unknown console variable: 'UIScaleRule = ShortestSide'
[2015.08.13-03.50.39:060][  0]LogConsoleResponse:Warning:   Found in ini file 'C:/Users/jackson.luff/Desktop/Spook_Prototype/Spook_Prototype/Saved/Config/Windows/Engine.ini', in section '[/Script/Engine.RendererSettings]'
[2015.08.13-03.50.39:060][  0]LogConsoleResponse:Warning: Skipping Unknown console variable: 'UIScaleCurve = (EditorCurveData=(Keys=),ExternalCurve=None)'
[2015.08.13-03.50.39:060][  0]LogConsoleResponse:Warning:   Found in ini file 'C:/Users/jackson.luff/Desktop/Spook_Prototype/Spook_Prototype/Saved/Config/Windows/Engine.ini', in section '[/Script/Engine.RendererSettings]'
[2015.08.13-03.50.39:061][  0]LogInit: Selected Device Profile: [Windows]
[2015.08.13-03.50.39:061][  0]LogInit: Applying CVar settings loaded from the selected device profile: [Windows]
[2015.08.13-03.50.39:068][  0]LogInit: Computer: 902B34D117A1
[2015.08.13-03.50.39:068][  0]LogInit: User: jacksonluff
[2015.08.13-03.50.39:068][  0]LogInit: CPU Page size=4096, Cores=4
[2015.08.13-03.50.39:068][  0]LogInit: High frequency timer resolution =3.323642 MHz
[2015.08.13-03.50.39:068][  0]LogMemory: Memory total: Physical=16.0GB (16GB approx)
[2015.08.13-03.50.39:068][  0]LogMemory: Platform Memory Stats for Windows
[2015.08.13-03.50.39:068][  0]LogMemory: Process Physical Memory: 51.77 MB used, 51.77 MB peak
[2015.08.13-03.50.39:068][  0]LogMemory: Process Virtual Memory: 24.30 MB used, 27.21 MB peak
[2015.08.13-03.50.39:068][  0]LogMemory: Physical Memory: 3834.59 MB used, 16343.68 MB total
[2015.08.13-03.50.39:068][  0]LogMemory: Virtual Memory: 282.57 MB used, 8388608.00 MB total
[2015.08.13-03.50.39:103][  0]LogTextLocalizationManager: The requested culture ('en_AU') has no localization data; parent culture's ('en') localization data will be used.
[2015.08.13-03.50.39:291][  0]LogTextLocalizationManager:Warning: Loaded localization resources contain conflicting entries for (Namespace:ContentBrowser, Key:ImportAssetToolTip):
Localization Resource: (C:/Program Files/Epic Games/4.8/Engine/Content/Localization/Editor/en/Editor.locres) Source String Hash: (-630476809) Localized String: (Import to {0}...)
Localization Resource: (C:/Program Files/Epic Games/4.8/Engine/Content/Localization/Editor/en/Editor.locres) Source String Hash: (1271782899) Localized String: (Imports an asset from file to this folder.)
[2015.08.13-03.50.39:713][  0]LogD3D11RHI: Found D3D11 adapter 0: NVIDIA GeForce GTX 660 Ti (Feature Level 11_0)
[2015.08.13-03.50.39:713][  0]LogD3D11RHI: Adapter has 1990MB of dedicated video memory, 0MB of dedicated system memory, and 2048MB of shared system memory, 2 output[s]
[2015.08.13-03.50.39:713][  0]LogD3D11RHI: Chosen D3D11 Adapter Id = 0
[2015.08.13-03.50.39:718][  0]LogD3D11RHI: InitD3DDevice
[2015.08.13-03.50.39:718][  0]LogD3D11RHI: !Direct3DDevice
[2015.08.13-03.50.39:718][  0]LogRHI: Texture pool is 1361 MB (70% of 1945 MB)
[2015.08.13-03.50.39:725][  0]LogD3D11RHI: Async texture creation enabled
[2015.08.13-03.50.39:738][  0]LogShaderCompilers:Display: Using Local Shader Compiler.
[2015.08.13-03.50.40:466][  0]LogTemp:Display: Loaded TP DesktopTargetPlatform
[2015.08.13-03.50.40:479][  0]LogTemp:Display: Loaded TP WindowsClientTargetPlatform
[2015.08.13-03.50.40:491][  0]LogTemp:Display: Loaded TP WindowsNoEditorTargetPlatform
[2015.08.13-03.50.40:503][  0]LogTemp:Display: Loaded TP WindowsServerTargetPlatform
[2015.08.13-03.50.40:517][  0]LogTemp:Display: Loaded TP WindowsTargetPlatform
[2015.08.13-03.50.40:527][  0]LogTemp:Display: Loaded TP AndroidTargetPlatform
[2015.08.13-03.50.40:537][  0]LogTemp:Display: Loaded TP Android_ASTCTargetPlatform
[2015.08.13-03.50.40:547][  0]LogTemp:Display: Loaded TP Android_ATCTargetPlatform
[2015.08.13-03.50.40:558][  0]LogTemp:Display: Loaded TP Android_DXTTargetPlatform
[2015.08.13-03.50.40:569][  0]LogTemp:Display: Loaded TP Android_ETC1TargetPlatform
[2015.08.13-03.50.40:579][  0]LogTemp:Display: Loaded TP Android_ETC2TargetPlatform
[2015.08.13-03.50.40:590][  0]LogTemp:Display: Loaded TP Android_PVRTCTargetPlatform
[2015.08.13-03.50.40:631][  0]LogTemp:Display: Loaded TP IOSTargetPlatform
[2015.08.13-03.50.40:641][  0]LogTemp:Display: Loaded TP LinuxNoEditorTargetPlatform
[2015.08.13-03.50.40:652][  0]LogTemp:Display: Loaded TP LinuxServerTargetPlatform
[2015.08.13-03.50.40:665][  0]LogTemp:Display: Loaded TP LinuxTargetPlatform
[2015.08.13-03.50.40:665][  0]LogTargetPlatformManager:Display: Building Assets For Windows
[2015.08.13-03.50.40:837][  0]LogDerivedDataCache:Display: Max Cache Size: 512 MB
[2015.08.13-03.50.40:880][  0]LogDerivedDataCache: Loaded boot cache 0.04s 53MB C:/Users/jackson.luff/AppData/Local/UnrealEngine/4.8/DerivedDataCache/Boot.ddc.
[2015.08.13-03.50.40:880][  0]LogDerivedDataCache:Display: Loaded Boot cache: C:/Users/jackson.luff/AppData/Local/UnrealEngine/4.8/DerivedDataCache/Boot.ddc
[2015.08.13-03.50.40:880][  0]LogDerivedDataCache: FDerivedDataBackendGraph:  Pak pak cache file ../../../../../../Users/jackson.luff/Desktop/Spook_Prototype/Spook_Prototype/DerivedDataCache/DDC.ddp not found, will not use a pak cache.
[2015.08.13-03.50.40:880][  0]LogDerivedDataCache: Unable to find inner node Pak for hierarchical cache Hierarchy.
[2015.08.13-03.50.40:880][  0]LogDerivedDataCache: FDerivedDataBackendGraph:  CompressedPak pak cache file ../../../../../../Users/jackson.luff/Desktop/Spook_Prototype/Spook_Prototype/DerivedDataCache/Compressed.ddp not found, will not use a pak cache.
[2015.08.13-03.50.40:880][  0]LogDerivedDataCache: Unable to find inner node CompressedPak for hierarchical cache Hierarchy.
[2015.08.13-03.50.41:030][  0]LogDerivedDataCache:Display: Pak cache opened for reading ../../../Engine/DerivedDataCache/Compressed.ddp.
[2015.08.13-03.50.41:041][  0]LogDerivedDataCache: Using Local data cache path C:/Users/jackson.luff/AppData/Local/UnrealEngine/Common/DerivedDataCache: Writable
[2015.08.13-03.50.41:249][  0]LogInit: Selected Device Profile: [Windows]
[2015.08.13-03.50.41:257][  0]ImportText (ComponentSweepMultiTests): Missing closing parenthesis: (RootShapeAsset="/Engine/BasicShapes/Cube.Cube",ShapeType="TriggerCapsule",HitResult=(Time=0.50,Location=(X=-100.000015,Y=0.0,Z=100.000015),ImpactPoint=(X=-50.0,Y=0.0,Z=50.0),Normal=(X=-1.0,Y=-0.0,Z=0.0),ImpactNormal=(X=0.0,Y=0.0,Z=1.0),TraceStart=(X=-200.0,Y=0.0,Z=200.0),TraceEnd=(X=0.0,Y=0.0,Z=0.0))
[2015.08.13-03.50.41:258][  0]ImportText (LineTraceSingleByChannelTests): Missing closing parenthesis: (RootShapeAsset="/Engine/BasicShapes/Cube.Cube",HitResult=(Time=0.50,Location=(X=-100.000015,Y=0.0,Z=100.000015),ImpactPoint=(X=-50.0,Y=0.0,Z=50.0),Normal=(X=-1.0,Y=-0.0,Z=0.0),ImpactNormal=(X=0.0,Y=0.0,Z=1.0),TraceStart=(X=-200.0,Y=0.0,Z=200.0),TraceEnd=(X=0.0,Y=0.0,Z=0.0))
[2015.08.13-03.50.41:281][  0]LogMeshUtilities: No automatic mesh reduction module available
[2015.08.13-03.50.41:281][  0]LogMeshUtilities: No automatic mesh merging module available
[2015.08.13-03.50.41:651][  0]LogInit: WinSock: version 1.1 (2.2), MaxSocks=32767, MaxUdp=65467
[2015.08.13-03.50.42:511][  0]LogAssetRegistry: FAssetRegistry took 0.0100 seconds to start up
[2015.08.13-03.50.42:522][  0]LogDirectoryWatcher:Warning: Failed to begin reading directory changes for ../../../Engine/Plugins/Experimental/CharacterAI/Content/. Error: 0
[2015.08.13-03.50.42:533][  0]UdpMessaging: Initializing bridge on interface 0.0.0.0:0 to multicast group 230.0.0.1:6666.
[2015.08.13-03.50.42:830][  0]SourceControl: Info Source control is disabled
[2015.08.13-03.50.42:835][  0]SourceControl: Info Source control is disabled
[2015.08.13-03.50.42:844][  0]SourceControl: Info Source control is disabled
[2015.08.13-03.50.42:852][  0]SourceControl: Info Source control is disabled
[2015.08.13-03.50.43:082][  0]LogObj: 26440 objects as part of root set at end of initial load.
[2015.08.13-03.50.43:082][  0]LogUObjectAllocator: 5438864 out of 0 bytes used by permanent object pool.
[2015.08.13-03.50.43:143][  0]LogEngine: Initializing Engine...
[2015.08.13-03.50.43:145][  0]LogHMD: Can't find Oculus library dev build: is proper Runtime installed? Version: 0.6.0.0
[2015.08.13-03.50.43:146][  0]LogHMD:Warning: SteamVR failed to initialize.  Error: 110
[2015.08.13-03.50.43:282][  0]LogAIModule: Creating AISystem for world NewWorld
[2015.08.13-03.50.43:286][  0]LogInit: XAudio2 using 'Speakers (VIA High Definition Audio)' : 2 channels at 48 kHz using 32 bits per sample (channel mask 0x3)
[2015.08.13-03.50.43:297][  0]LogInit: FAudioDevice initialized.
[2015.08.13-03.50.43:323][  0]LogDerivedDataCache: Saved boot cache 0.03s 53MB C:/Users/jackson.luff/AppData/Local/UnrealEngine/4.8/DerivedDataCache/Boot.ddc.
[2015.08.13-03.50.43:328][  0]LogInit: Texture streaming: Disabled
[2015.08.13-03.50.43:347][  0]LogAnalytics: Creating configured Analytics provider AnalyticsET
[2015.08.13-03.50.43:347][  0]LogAnalytics: [UEEditor.Rocket.Release] APIServer = http://et2.epicgames.com/ET2/. AppVersion = 4.8.3-2634408+++depot+UE4-Releases+4.8
[2015.08.13-03.50.43:347][  0]LogAnalytics: [UEEditor.Rocket.Release] SetUserId 84f5543c4eae4eeb85427c8f31b15fed|7cf267475aab4bafb7b336aedadbdf03|766909cc-7ea2-4327-9533-350144afa63e
[2015.08.13-03.50.43:347][  0]LogAnalytics: [UEEditor.Rocket.Release] AnalyticsET::StartSession
[2015.08.13-03.50.43:367][  0]LogInit: Transaction tracking system initialized
[2015.08.13-03.50.43:472][  0]BlueprintLog: New page: Editor Load
[2015.08.13-03.50.43:996][  0]LogConsoleManager:Warning: Console variable 'r.VSync' wasn't set ('GameSetting' has a lower priority than 'SystemSettingsIni')
[2015.08.13-03.50.43:996][  0]LogConsoleResponse:Display: 
[2015.08.13-03.50.44:083][  0]LogCook:Display: Done creating registry. It took  0.00s.
[2015.08.13-03.50.44:254][  0]SourceControl: Info Source control is disabled
[2015.08.13-03.50.44:254][  0]Cmd: MAP LOAD FILE="../../../../../../Users/jackson.luff/Desktop/Spook_Prototype/Spook_Prototype/Content/ThirdPersonBP/Maps/ThirdPersonExampleMap.umap" TEMPLATE=0 SHOWPROGRESS=1 FEATURELEVEL=3
[2015.08.13-03.50.44:254][  0]LogEditorServer:Warning: Can't find file '../../../../../../Users/jackson.luff/Desktop/Spook_Prototype/Spook_Prototype/Content/ThirdPersonBP/Maps/ThirdPersonExampleMap.umap'
[2015.08.13-03.50.44:254][  0]Cmd: MAP CHECKDEP NOCLEARLOG
[2015.08.13-03.50.44:284][  0]MapCheck: Info Map check complete: 0 Error(s), 0 Warning(s), took 29.608ms to complete.
[2015.08.13-03.50.44:284][  0]LogFileHelpers: Loading map 'ThirdPersonExampleMap' took 0.030
[2015.08.13-03.50.44:391][  0]LogCollectionManager: Loaded 0 collections in 0.001606 seconds
[2015.08.13-03.50.44:397][  0]LogContentBrowser: Native class hierarchy populated in 0.0061 seconds. Added 1807 classes and 307 folders.
[2015.08.13-03.50.44:434][  0]LogContentBrowser: Native class hierarchy updated for 'WidgetCarousel' in 0.0003 seconds. Added 0 classes and 0 folders.
[2015.08.13-03.50.44:455][  0]LogContentBrowser: Native class hierarchy updated for 'AddContentDialog' in 0.0003 seconds. Added 0 classes and 0 folders.
[2015.08.13-03.50.44:469][  0]LogContentBrowser: Native class hierarchy updated for 'SceneOutliner' in 0.0003 seconds. Added 1 classes and 2 folders.
[2015.08.13-03.50.44:514][  0]LogCrashTracker: Crashtracker disabled due to settings.
[2015.08.13-03.50.44:515][  0]LogD3D11RHI: InitD3DDevice
[2015.08.13-03.50.44:518][  0]LogUObjectGlobals:Warning: Failed to find object 'Class None.'
[2015.08.13-03.50.44:538][  0]LogLoad: Full Startup: 7.05 seconds (BP compile: 0.01 seconds)
[2015.08.13-03.50.44:915][  0]LogContentStreaming: Texture pool size is 0.000000MB
[2015.08.13-03.50.44:933][  0]LogContentStreaming: Texture pool size now 1000 MB
[2015.08.13-03.50.45:126][  0]LogRenderer: Reallocating scene render targets to support 1056x560 (Frame:2).
[2015.08.13-03.50.45:598][  3]LogD3D11RHI: InitD3DDevice
[2015.08.13-03.50.46:236][  4]LogAssetRegistry: Asset discovery search completed in 3.7360 seconds
[2015.08.13-03.50.52:556][ 23]LogD3D11RHI: InitD3DDevice
[2015.08.13-03.51.02:703][984]LogD3D11RHI: InitD3DDevice
[2015.08.13-03.51.04:074][984]LogAIModule: Creating AISystem for world Spook_World
[2015.08.13-03.51.04:192][984]Cmd: MAP LOAD FILE="../../../../../../Users/jackson.luff/Desktop/Spook_Prototype/Spook_Prototype/Content/Spook/MapAndGameMode/Spook_World.umap" TEMPLATE=0 SHOWPROGRESS=1 FEATURELEVEL=3
[2015.08.13-03.51.04:192][984]LightingResults: New page: Lighting Build
[2015.08.13-03.51.04:203][984]LogContentBrowser: Native class hierarchy updated for 'StatsViewer' in 0.0003 seconds. Added 5 classes and 0 folders.
[2015.08.13-03.51.04:220][984]LoadErrors: New page: Loading map: Spook_World.umap
[2015.08.13-03.51.04:220][984]MapCheck: New page: Map Check
[2015.08.13-03.51.04:220][984]LightingResults: New page: Lighting Build
[2015.08.13-03.51.04:228][984]LogParticles: Destroying 0 GPU particle simulations for FXSystem 0x000000001D372F20
[2015.08.13-03.51.05:068][984]LogAIModule: Creating AISystem for world Spook_World
[2015.08.13-03.51.05:106][984]LogPhysics:Warning: FConstraintInstance::GetRefFrame : Contained scale.
[2015.08.13-03.51.05:108][984]LogEditorServer: Finished looking for orphan Actors (0.000 secs)
[2015.08.13-03.51.05:789][984]Cmd: MAP CHECKDEP NOCLEARLOG
[2015.08.13-03.51.05:827][984]MapCheck: Info Map check complete: 0 Error(s), 0 Warning(s), took 38.17ms to complete.
[2015.08.13-03.51.05:827][984]LogFileHelpers: Loading map 'Spook_World' took 1.636
[2015.08.13-03.51.07:224][111]BlueprintLog: New page: Pre-PIE auto-recompile
[2015.08.13-03.51.07:224][111]LogPlayLevel: [PIE] Compiling Spook_World before PIE...
[2015.08.13-03.51.07:277][111]LogActorComponent: UnregisterComponent: (/Engine/Transient.CharMoveComp) Not registered. Aborting.
[2015.08.13-03.51.07:305][111]LogPlayLevel: PIE:  Blueprint regeneration took 80 ms (1 blueprints)
[2015.08.13-03.51.07:306][111]PIE: New page: PIE session: Spook_World (13 Aug 2015 11:51:07 pm)
[2015.08.13-03.51.07:306][111]LogPlayLevel: Creating play world package: /Game/Spook/MapAndGameMode/UEDPIE_0_Spook_World
[2015.08.13-03.51.07:344][111]LogPlayLevel: PIE: StaticDuplicateObject took: (0.037900s)
[2015.08.13-03.51.07:345][111]LogAIModule: Creating AISystem for world Spook_World
[2015.08.13-03.51.07:346][111]LogPlayLevel: PIE: World Init took: (0.001297s)
[2015.08.13-03.51.07:346][111]LogPlayLevel: PIE: Created PIE world by copying editor world from /Game/Spook/MapAndGameMode/Spook_World.Spook_World to /Game/Spook/MapAndGameMode/UEDPIE_0_Spook_World.Spook_World (0.039448s)
[2015.08.13-03.51.07:363][111]LogInit: XAudio2 using 'Speakers (VIA High Definition Audio)' : 2 channels at 48 kHz using 32 bits per sample (channel mask 0x3)
[2015.08.13-03.51.07:373][111]LogInit: FAudioDevice initialized.
[2015.08.13-03.51.07:418][111]LogWorld: Game class is 'SpookGameMode_C'
[2015.08.13-03.51.07:427][111]LogPhysics:Warning: FConstraintInstance::GetRefFrame : Contained scale.
[2015.08.13-03.51.07:427][111]LogWorld: Bringing World /Game/Spook/MapAndGameMode/UEDPIE_0_Spook_World.Spook_World up for play (max tick rate 0) at 2015.08.13-13.51.07
[2015.08.13-03.51.07:427][111]LogActor:Warning: GameSession /Game/Spook/MapAndGameMode/UEDPIE_0_Spook_World.Spook_World:PersistentLevel.GameSession_0 has natively added scene component(s), but none of them were set as the actor's RootComponent - picking one arbitrarily
[2015.08.13-03.51.07:428][111]LogActor:Warning: GameNetworkManager /Game/Spook/MapAndGameMode/UEDPIE_0_Spook_World.Spook_World:PersistentLevel.GameNetworkManager_0 has natively added scene component(s), but none of them were set as the actor's RootComponent - picking one arbitrarily
[2015.08.13-03.51.07:429][111]LogWorld: Bringing up level for play took: 0.009251
[2015.08.13-03.51.07:431][111]LogPhysics:Warning: PHYSX: ..\..\PhysX\src\NpMaterial.cpp (124) 4 : NpMaterial::setRestitution: Invalid value 14785.600586 was clamped to [0,1]!
[2015.08.13-03.51.07:432][111]PIE: Info Play in editor start time for /Game/Spook/MapAndGameMode/UEDPIE_0_Spook_World -0.298
[2015.08.13-03.51.07:694][134]LogD3D11RHI:Warning: Temp texture streaming buffer not large enough, needed 8388608 bytes
[2015.08.13-03.51.14:255][914]LogParticles: Destroying 0 GPU particle simulations for FXSystem 0x000000000D28ADE0
[2015.08.13-03.52.32:104][379]LogD3D11RHI: InitD3DDevice
[2015.08.13-03.52.32:146][379]LogLinker:Warning: Asset '../../../Engine/Content/ArtTools/RenderToTexture/Macros/RenderToTextureMacros.uasset' has been saved with empty engine version. The asset will be loaded but may be incompatible.
[2015.08.13-03.52.32:231][379]LogLinker:Warning: Asset '../../../Engine/Content/ArtTools/RenderToTexture/Enums/RenderToTexture_Enum.uasset' has been saved with empty engine version. The asset will be loaded but may be incompatible.
[2015.08.13-03.52.56:858][752]LogActorComponent: UnregisterComponent: (/Engine/Transient.CharMoveComp) Not registered. Aborting.
[2015.08.13-03.52.58:385][906]BlueprintLog: New page: Pre-PIE auto-recompile
[2015.08.13-03.52.58:395][906]LogActorComponent: UnregisterComponent: (/Engine/Transient.CharacterMovementComponent_0) Not registered. Aborting.
[2015.08.13-03.52.58:400][906]LogPlayLevel: [PIE] Compiling FrankController before PIE...
[2015.08.13-03.52.58:513][906]LogPlayLevel: [PIE] Compiling Spook_World before PIE...
[2015.08.13-03.52.58:621][906]LogPlayLevel: PIE:  Blueprint regeneration took 236 ms (2 blueprints)
[2015.08.13-03.52.58:622][906]PIE: New page: PIE session: Spook_World (13 Aug 2015 11:52:58 pm)
[2015.08.13-03.52.58:622][906]LogPlayLevel: Creating play world package: /Game/Spook/MapAndGameMode/UEDPIE_0_Spook_World
[2015.08.13-03.52.58:660][906]LogPlayLevel: PIE: StaticDuplicateObject took: (0.038174s)
[2015.08.13-03.52.58:661][906]LogAIModule: Creating AISystem for world Spook_World
[2015.08.13-03.52.58:662][906]LogPlayLevel: PIE: World Init took: (0.001156s)
[2015.08.13-03.52.58:662][906]LogPlayLevel: PIE: Created PIE world by copying editor world from /Game/Spook/MapAndGameMode/Spook_World.Spook_World to /Game/Spook/MapAndGameMode/UEDPIE_0_Spook_World.Spook_World (0.039538s)
[2015.08.13-03.52.58:690][906]LogInit: XAudio2 using 'Speakers (VIA High Definition Audio)' : 2 channels at 48 kHz using 32 bits per sample (channel mask 0x3)
[2015.08.13-03.52.58:699][906]LogInit: FAudioDevice initialized.
[2015.08.13-03.52.58:707][906]LogD3D11RHI: InitD3DDevice
[2015.08.13-03.52.58:742][906]LogWorld: Game class is 'SpookGameMode_C'
[2015.08.13-03.52.58:751][906]LogPhysics:Warning: FConstraintInstance::GetRefFrame : Contained scale.
[2015.08.13-03.52.58:751][906]LogWorld: Bringing World /Game/Spook/MapAndGameMode/UEDPIE_0_Spook_World.Spook_World up for play (max tick rate 0) at 2015.08.13-13.52.58
[2015.08.13-03.52.58:752][906]LogActor:Warning: GameSession /Game/Spook/MapAndGameMode/UEDPIE_0_Spook_World.Spook_World:PersistentLevel.GameSession_1 has natively added scene component(s), but none of them were set as the actor's RootComponent - picking one arbitrarily
[2015.08.13-03.52.58:752][906]LogActor:Warning: GameNetworkManager /Game/Spook/MapAndGameMode/UEDPIE_0_Spook_World.Spook_World:PersistentLevel.GameNetworkManager_1 has natively added scene component(s), but none of them were set as the actor's RootComponent - picking one arbitrarily
[2015.08.13-03.52.58:753][906]LogWorld: Bringing up level for play took: 0.008979
[2015.08.13-03.52.58:766][906]PIE: Info Play in editor start time for /Game/Spook/MapAndGameMode/UEDPIE_0_Spook_World 1.034
[2015.08.13-03.52.58:830][906]LogRenderer: Reallocating scene render targets to support 1296x760 (Frame:12521).
[2015.08.13-03.53.03:913][473]LogActorComponent: UnregisterComponent: (/Engine/Transient.CharMoveComp) Not registered. Aborting.
[2015.08.13-03.53.03:949][474]LogParticles: Destroying 0 GPU particle simulations for FXSystem 0x000000003F59EF20
[2015.08.13-03.53.09:067][ 31]LogUnrealMath: Expression Error : Unrecognized Operator
[2015.08.13-03.53.16:737][893]BlueprintLog: New page: Pre-PIE auto-recompile
[2015.08.13-03.53.16:747][893]LogActorComponent: UnregisterComponent: (/Engine/Transient.CharMoveComp) Not registered. Aborting.
[2015.08.13-03.53.16:752][893]LogPlayLevel: [PIE] Compiling FrankController before PIE...
[2015.08.13-03.53.16:862][893]LogPlayLevel: [PIE] Compiling Spook_World before PIE...
[2015.08.13-03.53.16:959][893]LogPlayLevel: PIE:  Blueprint regeneration took 222 ms (2 blueprints)
[2015.08.13-03.53.16:959][893]PIE: New page: PIE session: Spook_World (13 Aug 2015 11:53:16 pm)
[2015.08.13-03.53.16:960][893]LogPlayLevel: Creating play world package: /Game/Spook/MapAndGameMode/UEDPIE_0_Spook_World
[2015.08.13-03.53.16:997][893]LogPlayLevel: PIE: StaticDuplicateObject took: (0.037198s)
[2015.08.13-03.53.16:998][893]LogAIModule: Creating AISystem for world Spook_World
[2015.08.13-03.53.16:999][893]LogPlayLevel: PIE: World Init took: (0.001397s)
[2015.08.13-03.53.16:999][893]LogPlayLevel: PIE: Created PIE world by copying editor world from /Game/Spook/MapAndGameMode/Spook_World.Spook_World to /Game/Spook/MapAndGameMode/UEDPIE_0_Spook_World.Spook_World (0.038813s)
[2015.08.13-03.53.17:026][893]LogInit: XAudio2 using 'Speakers (VIA High Definition Audio)' : 2 channels at 48 kHz using 32 bits per sample (channel mask 0x3)
[2015.08.13-03.53.17:035][893]LogInit: FAudioDevice initialized.
[2015.08.13-03.53.17:043][893]LogD3D11RHI: InitD3DDevice
[2015.08.13-03.53.17:076][893]LogWorld: Game class is 'SpookGameMode_C'
[2015.08.13-03.53.17:085][893]LogPhysics:Warning: FConstraintInstance::GetRefFrame : Contained scale.
[2015.08.13-03.53.17:085][893]LogWorld: Bringing World /Game/Spook/MapAndGameMode/UEDPIE_0_Spook_World.Spook_World up for play (max tick rate 0) at 2015.08.13-13.53.17
[2015.08.13-03.53.17:085][893]LogActor:Warning: GameSession /Game/Spook/MapAndGameMode/UEDPIE_0_Spook_World.Spook_World:PersistentLevel.GameSession_2 has natively added scene component(s), but none of them were set as the actor's RootComponent - picking one arbitrarily
[2015.08.13-03.53.17:085][893]LogActor:Warning: GameNetworkManager /Game/Spook/MapAndGameMode/UEDPIE_0_Spook_World.Spook_World:PersistentLevel.GameNetworkManager_2 has natively added scene component(s), but none of them were set as the actor's RootComponent - picking one arbitrarily
[2015.08.13-03.53.17:086][893]LogWorld: Bringing up level for play took: 0.008946
[2015.08.13-03.53.17:099][893]PIE: Info Play in editor start time for /Game/Spook/MapAndGameMode/UEDPIE_0_Spook_World -0.632
[2015.08.13-03.53.24:107][698]LogActorComponent: UnregisterComponent: (/Engine/Transient.CharMoveComp) Not registered. Aborting.
[2015.08.13-03.53.24:142][699]LogParticles: Destroying 0 GPU particle simulations for FXSystem 0x000000003F619760
[2015.08.13-03.53.25:351][833]LogRenderer: Reallocating scene render targets to support 1296x872 (Frame:13901).
[2015.08.13-03.53.30:489][416]BlueprintLog: New page: Pre-PIE auto-recompile
[2015.08.13-03.53.30:496][416]LogPlayLevel: [PIE] Compiling Spook_World before PIE...
[2015.08.13-03.53.30:590][416]LogPlayLevel: PIE:  Blueprint regeneration took 101 ms (1 blueprints)
[2015.08.13-03.53.30:590][416]PIE: New page: PIE session: Spook_World (13 Aug 2015 11:53:30 pm)
[2015.08.13-03.53.30:590][416]LogPlayLevel: Creating play world package: /Game/Spook/MapAndGameMode/UEDPIE_0_Spook_World
[2015.08.13-03.53.30:625][416]LogPlayLevel: PIE: StaticDuplicateObject took: (0.034342s)
[2015.08.13-03.53.30:625][416]LogAIModule: Creating AISystem for world Spook_World
[2015.08.13-03.53.30:626][416]LogPlayLevel: PIE: World Init took: (0.001158s)
[2015.08.13-03.53.30:626][416]LogPlayLevel: PIE: Created PIE world by copying editor world from /Game/Spook/MapAndGameMode/Spook_World.Spook_World to /Game/Spook/MapAndGameMode/UEDPIE_0_Spook_World.Spook_World (0.035721s)
[2015.08.13-03.53.30:654][416]LogInit: XAudio2 using 'Speakers (VIA High Definition Audio)' : 2 channels at 48 kHz using 32 bits per sample (channel mask 0x3)
[2015.08.13-03.53.30:663][416]LogInit: FAudioDevice initialized.
[2015.08.13-03.53.30:670][416]LogD3D11RHI: InitD3DDevice
[2015.08.13-03.53.30:704][416]LogWorld: Game class is 'SpookGameMode_C'
[2015.08.13-03.53.30:713][416]LogPhysics:Warning: FConstraintInstance::GetRefFrame : Contained scale.
[2015.08.13-03.53.30:713][416]LogWorld: Bringing World /Game/Spook/MapAndGameMode/UEDPIE_0_Spook_World.Spook_World up for play (max tick rate 0) at 2015.08.13-13.53.30
[2015.08.13-03.53.30:713][416]LogActor:Warning: GameSession /Game/Spook/MapAndGameMode/UEDPIE_0_Spook_World.Spook_World:PersistentLevel.GameSession_3 has natively added scene component(s), but none of them were set as the actor's RootComponent - picking one arbitrarily
[2015.08.13-03.53.30:714][416]LogActor:Warning: GameNetworkManager /Game/Spook/MapAndGameMode/UEDPIE_0_Spook_World.Spook_World:PersistentLevel.GameNetworkManager_3 has natively added scene component(s), but none of them were set as the actor's RootComponent - picking one arbitrarily
[2015.08.13-03.53.30:715][416]LogWorld: Bringing up level for play took: 0.009151
[2015.08.13-03.53.30:723][416]PIE: Info Play in editor start time for /Game/Spook/MapAndGameMode/UEDPIE_0_Spook_World 0.991
[2015.08.13-03.53.34:297][828]Cmd: LevelEditor.ToggleImmersive
[2015.08.13-03.54.01:998][830]LogParticles: Destroying 0 GPU particle simulations for FXSystem 0x000000003F619580
[2015.08.13-03.54.21:902][933]LogActorComponent: UnregisterComponent: (/Engine/Transient.CharMoveComp) Not registered. Aborting.
[2015.08.13-03.54.26:003][372]LogActorComponent: UnregisterComponent: (/Engine/Transient.CharacterMovementComponent_1) Not registered. Aborting.
[2015.08.13-03.54.28:051][589]BlueprintLog: New page: Pre-PIE auto-recompile
[2015.08.13-03.54.28:061][589]LogActorComponent: UnregisterComponent: (/Engine/Transient.CharacterMovementComponent_2) Not registered. Aborting.
[2015.08.13-03.54.28:067][589]LogPlayLevel: [PIE] Compiling FrankController before PIE...
[2015.08.13-03.54.28:177][589]LogPlayLevel: [PIE] Compiling Spook_World before PIE...
[2015.08.13-03.54.28:276][589]LogPlayLevel: PIE:  Blueprint regeneration took 225 ms (2 blueprints)
[2015.08.13-03.54.28:276][589]PIE: New page: PIE session: Spook_World (13 Aug 2015 11:54:28 pm)
[2015.08.13-03.54.28:277][589]LogPlayLevel: Creating play world package: /Game/Spook/MapAndGameMode/UEDPIE_0_Spook_World
[2015.08.13-03.54.28:313][589]LogPlayLevel: PIE: StaticDuplicateObject took: (0.036654s)
[2015.08.13-03.54.28:314][589]LogAIModule: Creating AISystem for world Spook_World
[2015.08.13-03.54.28:315][589]LogPlayLevel: PIE: World Init took: (0.001248s)
[2015.08.13-03.54.28:315][589]LogPlayLevel: PIE: Created PIE world by copying editor world from /Game/Spook/MapAndGameMode/Spook_World.Spook_World to /Game/Spook/MapAndGameMode/UEDPIE_0_Spook_World.Spook_World (0.038101s)
[2015.08.13-03.54.28:343][589]LogInit: XAudio2 using 'Speakers (VIA High Definition Audio)' : 2 channels at 48 kHz using 32 bits per sample (channel mask 0x3)
[2015.08.13-03.54.28:353][589]LogInit: FAudioDevice initialized.
[2015.08.13-03.54.28:361][589]LogD3D11RHI: InitD3DDevice
[2015.08.13-03.54.28:393][589]LogWorld: Game class is 'SpookGameMode_C'
[2015.08.13-03.54.28:403][589]LogPhysics:Warning: FConstraintInstance::GetRefFrame : Contained scale.
[2015.08.13-03.54.28:403][589]LogWorld: Bringing World /Game/Spook/MapAndGameMode/UEDPIE_0_Spook_World.Spook_World up for play (max tick rate 0) at 2015.08.13-13.54.28
[2015.08.13-03.54.28:403][589]LogActor:Warning: GameSession /Game/Spook/MapAndGameMode/UEDPIE_0_Spook_World.Spook_World:PersistentLevel.GameSession_4 has natively added scene component(s), but none of them were set as the actor's RootComponent - picking one arbitrarily
[2015.08.13-03.54.28:404][589]LogActor:Warning: GameNetworkManager /Game/Spook/MapAndGameMode/UEDPIE_0_Spook_World.Spook_World:PersistentLevel.GameNetworkManager_4 has natively added scene component(s), but none of them were set as the actor's RootComponent - picking one arbitrarily
[2015.08.13-03.54.28:404][589]LogWorld: Bringing up level for play took: 0.009200
[2015.08.13-03.54.28:417][589]PIE: Info Play in editor start time for /Game/Spook/MapAndGameMode/UEDPIE_0_Spook_World 0.684
[2015.08.13-03.54.37:004][603]LogActorComponent: UnregisterComponent: (/Engine/Transient.CharMoveComp) Not registered. Aborting.
[2015.08.13-03.54.37:040][604]LogParticles: Destroying 0 GPU particle simulations for FXSystem 0x000000003CE1B560
[2015.08.13-03.54.41:386][ 49]LogActorComponent: UnregisterComponent: (/Engine/Transient.CharMoveComp) Not registered. Aborting.
[2015.08.13-03.54.41:417][ 49]LogD3D11RHI: InitD3DDevice
[2015.08.13-03.54.41:518][ 49]LogSavePackage: Save=65.357819ms
[2015.08.13-03.54.41:518][ 49]LogSavePackage: Moving '../../../../../../Users/jackson.luff/Desktop/Spook_Prototype/Spook_Prototype/Saved/FrankControllerA04FB8674BFE9A8BF9713C9C460061F1.tmp' to '../../../../../../Users/jackson.luff/Desktop/Spook_Prototype/Spook_Prototype/Content/Spook/Characters/Frank/FrankController.uasset'
[2015.08.13-03.54.43:492][229]BlueprintLog: New page: Compile FrankController
[2015.08.13-03.54.43:587][229]LogActorComponent: UnregisterComponent: (/Engine/Transient.CharMoveComp) Not registered. Aborting.
[2015.08.13-03.54.43:626][229]BlueprintEditorCompileResults: Info [0246.14] Compile of FrankController successful! [in 133 ms]
[2015.08.13-03.54.45:127][388]LogD3D11RHI: InitD3DDevice
[2015.08.13-03.54.45:215][388]LogSavePackage: Save=63.454185ms
[2015.08.13-03.54.45:215][388]LogSavePackage: Moving '../../../../../../Users/jackson.luff/Desktop/Spook_Prototype/Spook_Prototype/Saved/FrankControllerD9AFDAC84466CEF483441CB0D90DAF6A.tmp' to '../../../../../../Users/jackson.luff/Desktop/Spook_Prototype/Spook_Prototype/Content/Spook/Characters/Frank/FrankController.uasset'
[2015.08.13-03.55.18:618][298]BlueprintLog: New page: Pre-PIE auto-recompile
[2015.08.13-03.55.18:625][298]LogPlayLevel: [PIE] Compiling Spook_World before PIE...
[2015.08.13-03.55.18:692][298]LogActorComponent: UnregisterComponent: (/Engine/Transient.CharMoveComp) Not registered. Aborting.
[2015.08.13-03.55.18:720][298]LogPlayLevel: PIE:  Blueprint regeneration took 102 ms (1 blueprints)
[2015.08.13-03.55.18:720][298]PIE: New page: PIE session: Spook_World (13 Aug 2015 11:55:18 pm)
[2015.08.13-03.55.18:720][298]LogPlayLevel: Creating play world package: /Game/Spook/MapAndGameMode/UEDPIE_0_Spook_World
[2015.08.13-03.55.18:758][298]LogPlayLevel: PIE: StaticDuplicateObject took: (0.037261s)
[2015.08.13-03.55.18:758][298]LogAIModule: Creating AISystem for world Spook_World
[2015.08.13-03.55.18:759][298]LogPlayLevel: PIE: World Init took: (0.001209s)
[2015.08.13-03.55.18:759][298]LogPlayLevel: PIE: Created PIE world by copying editor world from /Game/Spook/MapAndGameMode/Spook_World.Spook_World to /Game/Spook/MapAndGameMode/UEDPIE_0_Spook_World.Spook_World (0.038679s)
[2015.08.13-03.55.18:786][298]LogInit: XAudio2 using 'Speakers (VIA High Definition Audio)' : 2 channels at 48 kHz using 32 bits per sample (channel mask 0x3)
[2015.08.13-03.55.18:795][298]LogInit: FAudioDevice initialized.
[2015.08.13-03.55.18:802][298]LogD3D11RHI: InitD3DDevice
[2015.08.13-03.55.18:836][298]LogWorld: Game class is 'SpookGameMode_C'
[2015.08.13-03.55.18:845][298]LogPhysics:Warning: FConstraintInstance::GetRefFrame : Contained scale.
[2015.08.13-03.55.18:846][298]LogWorld: Bringing World /Game/Spook/MapAndGameMode/UEDPIE_0_Spook_World.Spook_World up for play (max tick rate 0) at 2015.08.13-13.55.18
[2015.08.13-03.55.18:846][298]LogActor:Warning: GameSession /Game/Spook/MapAndGameMode/UEDPIE_0_Spook_World.Spook_World:PersistentLevel.GameSession_5 has natively added scene component(s), but none of them were set as the actor's RootComponent - picking one arbitrarily
[2015.08.13-03.55.18:846][298]LogActor:Warning: GameNetworkManager /Game/Spook/MapAndGameMode/UEDPIE_0_Spook_World.Spook_World:PersistentLevel.GameNetworkManager_5 has natively added scene component(s), but none of them were set as the actor's RootComponent - picking one arbitrarily
[2015.08.13-03.55.18:847][298]LogWorld: Bringing up level for play took: 0.009077
[2015.08.13-03.55.18:855][298]PIE: Info Play in editor start time for /Game/Spook/MapAndGameMode/UEDPIE_0_Spook_World 1.121
[2015.08.13-03.55.48:250][712]Cmd: LevelEditor.ToggleImmersive
[2015.08.13-03.55.48:452][735]Cmd: LevelEditor.ToggleImmersive
[2015.08.13-03.55.48:620][754]Cmd: LevelEditor.ToggleImmersive
[2015.08.13-03.55.48:769][771]Cmd: LevelEditor.ToggleImmersive
[2015.08.13-03.55.48:919][788]Cmd: LevelEditor.ToggleImmersive
[2015.08.13-03.55.49:068][805]Cmd: LevelEditor.ToggleImmersive
[2015.08.13-03.55.49:217][822]Cmd: LevelEditor.ToggleImmersive
[2015.08.13-03.55.49:367][839]Cmd: LevelEditor.ToggleImmersive
[2015.08.13-03.55.49:577][863]Cmd: LevelEditor.ToggleImmersive
[2015.08.13-03.55.49:843][893]Cmd: LevelEditor.ToggleImmersive
[2015.08.13-03.55.50:026][914]Cmd: LevelEditor.ToggleImmersive
[2015.08.13-03.55.50:208][935]Cmd: LevelEditor.ToggleImmersive
[2015.08.13-03.55.51:649][ 98]Cmd: LevelEditor.ToggleImmersive
[2015.08.13-03.55.51:897][126]Cmd: LevelEditor.ToggleImmersive
[2015.08.13-03.55.52:155][155]Cmd: LevelEditor.ToggleImmersive
[2015.08.13-03.55.52:367][179]Cmd: LevelEditor.ToggleImmersive
[2015.08.13-03.55.52:572][202]Cmd: LevelEditor.ToggleImmersive
[2015.08.13-03.55.52:784][226]Cmd: LevelEditor.ToggleImmersive
[2015.08.13-03.55.53:009][252]Cmd: LevelEditor.ToggleImmersive
[2015.08.13-03.55.53:223][277]Cmd: LevelEditor.ToggleImmersive
[2015.08.13-03.55.53:431][301]Cmd: LevelEditor.ToggleImmersive
[2015.08.13-03.55.53:632][324]Cmd: LevelEditor.ToggleImmersive
[2015.08.13-03.55.53:848][349]Cmd: LevelEditor.ToggleImmersive
[2015.08.13-03.55.54:029][370]Cmd: LevelEditor.ToggleImmersive
[2015.08.13-03.55.54:228][393]Cmd: LevelEditor.ToggleImmersive
[2015.08.13-03.55.54:428][416]Cmd: LevelEditor.ToggleImmersive
[2015.08.13-03.55.54:628][439]Cmd: LevelEditor.ToggleImmersive
[2015.08.13-03.55.54:819][461]Cmd: LevelEditor.ToggleImmersive
[2015.08.13-03.55.55:017][484]Cmd: LevelEditor.ToggleImmersive
[2015.08.13-03.55.55:190][504]Cmd: LevelEditor.ToggleImmersive
[2015.08.13-03.55.55:413][530]Cmd: LevelEditor.ToggleImmersive
[2015.08.13-03.55.55:611][553]Cmd: LevelEditor.ToggleImmersive
[2015.08.13-03.56.11:602][439]LogParticles: Destroying 0 GPU particle simulations for FXSystem 0x000000003E4AB560
[2015.08.13-03.56.33:593][870]LogD3D11RHI: InitD3DDevice
[2015.08.13-03.56.40:363][463]LogActorComponent: UnregisterComponent: (/Engine/Transient.CharMoveComp) Not registered. Aborting.
[2015.08.13-03.56.42:018][607]BlueprintLog: New page: Pre-PIE auto-recompile
[2015.08.13-03.56.42:028][607]LogActorComponent: UnregisterComponent: (/Engine/Transient.CharacterMovementComponent_3) Not registered. Aborting.
[2015.08.13-03.56.42:030][607]LogPlayLevel: [PIE] Compiling FrankController before PIE...
[2015.08.13-03.56.42:142][607]LogPlayLevel: [PIE] Compiling Spook_World before PIE...
[2015.08.13-03.56.42:241][607]LogPlayLevel: PIE:  Blueprint regeneration took 222 ms (2 blueprints)
[2015.08.13-03.56.42:241][607]PIE: New page: PIE session: Spook_World (13 Aug 2015 11:56:42 pm)
[2015.08.13-03.56.42:241][607]LogPlayLevel: Creating play world package: /Game/Spook/MapAndGameMode/UEDPIE_0_Spook_World
[2015.08.13-03.56.42:275][607]LogPlayLevel: PIE: StaticDuplicateObject took: (0.034047s)
[2015.08.13-03.56.42:276][607]LogAIModule: Creating AISystem for world Spook_World
[2015.08.13-03.56.42:277][607]LogPlayLevel: PIE: World Init took: (0.001273s)
[2015.08.13-03.56.42:277][607]LogPlayLevel: PIE: Created PIE world by copying editor world from /Game/Spook/MapAndGameMode/Spook_World.Spook_World to /Game/Spook/MapAndGameMode/UEDPIE_0_Spook_World.Spook_World (0.035526s)
[2015.08.13-03.56.42:303][607]LogInit: XAudio2 using 'Speakers (VIA High Definition Audio)' : 2 channels at 48 kHz using 32 bits per sample (channel mask 0x3)
[2015.08.13-03.56.42:313][607]LogInit: FAudioDevice initialized.
[2015.08.13-03.56.42:321][607]LogD3D11RHI: InitD3DDevice
[2015.08.13-03.56.42:355][607]LogWorld: Game class is 'SpookGameMode_C'
[2015.08.13-03.56.42:363][607]LogPhysics:Warning: FConstraintInstance::GetRefFrame : Contained scale.
[2015.08.13-03.56.42:364][607]LogWorld: Bringing World /Game/Spook/MapAndGameMode/UEDPIE_0_Spook_World.Spook_World up for play (max tick rate 0) at 2015.08.13-13.56.42
[2015.08.13-03.56.42:364][607]LogActor:Warning: GameSession /Game/Spook/MapAndGameMode/UEDPIE_0_Spook_World.Spook_World:PersistentLevel.GameSession_6 has natively added scene component(s), but none of them were set as the actor's RootComponent - picking one arbitrarily
[2015.08.13-03.56.42:364][607]LogActor:Warning: GameNetworkManager /Game/Spook/MapAndGameMode/UEDPIE_0_Spook_World.Spook_World:PersistentLevel.GameNetworkManager_6 has natively added scene component(s), but none of them were set as the actor's RootComponent - picking one arbitrarily
[2015.08.13-03.56.42:365][607]LogWorld: Bringing up level for play took: 0.009020
[2015.08.13-03.56.42:378][607]PIE: Info Play in editor start time for /Game/Spook/MapAndGameMode/UEDPIE_0_Spook_World 0.642
[2015.08.13-03.57.42:029][668]LogActorComponent: UnregisterComponent: (/Engine/Transient.CharMoveComp) Not registered. Aborting.
[2015.08.13-04.00.26:825][370]LogParticles: Destroying 0 GPU particle simulations for FXSystem 0x000000003E4A8B80
[2015.08.13-04.00.32:552][764]LogD3D11RHI: InitD3DDevice
[2015.08.13-04.00.32:691][764]LogD3D11RHI: InitD3DDevice
[2015.08.13-04.00.32:779][764]LogSkeletalMesh: InitArticulated: Bodies already created (/Engine/Transient.DebugSkelMeshComponent_0) - call TermArticulated first.
[2015.08.13-04.00.32:838][764]LogLinker:Warning: Asset '../../../Engine/Content/Tutorial/SubEditors/PersonaAnimEditorTutorial.uasset' has been saved with empty engine version. The asset will be loaded but may be incompatible.
[2015.08.13-04.00.32:934][764]LogContentBrowser:Verbose: The majority of assets in the view are of type: AnimSequence
[2015.08.13-04.00.42:002][472]BlueprintLog: New page: Pre-PIE auto-recompile
[2015.08.13-04.00.42:009][472]LogPlayLevel: [PIE] Compiling Spook_World before PIE...
[2015.08.13-04.00.42:078][472]LogActorComponent: UnregisterComponent: (/Engine/Transient.CharMoveComp) Not registered. Aborting.
[2015.08.13-04.00.42:109][472]LogPlayLevel: PIE:  Blueprint regeneration took 107 ms (1 blueprints)
[2015.08.13-04.00.42:109][472]PIE: New page: PIE session: Spook_World (14 Aug 2015 12:00:42 am)
[2015.08.13-04.00.42:109][472]LogPlayLevel: Creating play world package: /Game/Spook/MapAndGameMode/UEDPIE_0_Spook_World
[2015.08.13-04.00.42:148][472]LogPlayLevel: PIE: StaticDuplicateObject took: (0.038322s)
[2015.08.13-04.00.42:148][472]LogAIModule: Creating AISystem for world Spook_World
[2015.08.13-04.00.42:149][472]LogPlayLevel: PIE: World Init took: (0.001173s)
[2015.08.13-04.00.42:149][472]LogPlayLevel: PIE: Created PIE world by copying editor world from /Game/Spook/MapAndGameMode/Spook_World.Spook_World to /Game/Spook/MapAndGameMode/UEDPIE_0_Spook_World.Spook_World (0.039706s)
[2015.08.13-04.00.42:177][472]LogInit: XAudio2 using 'Speakers (VIA High Definition Audio)' : 2 channels at 48 kHz using 32 bits per sample (channel mask 0x3)
[2015.08.13-04.00.42:187][472]LogInit: FAudioDevice initialized.
[2015.08.13-04.00.42:215][472]LogWorld: Game class is 'SpookGameMode_C'
[2015.08.13-04.00.42:224][472]LogPhysics:Warning: FConstraintInstance::GetRefFrame : Contained scale.
[2015.08.13-04.00.42:225][472]LogWorld: Bringing World /Game/Spook/MapAndGameMode/UEDPIE_0_Spook_World.Spook_World up for play (max tick rate 0) at 2015.08.13-14.00.42
[2015.08.13-04.00.42:225][472]LogActor:Warning: GameSession /Game/Spook/MapAndGameMode/UEDPIE_0_Spook_World.Spook_World:PersistentLevel.GameSession_7 has natively added scene component(s), but none of them were set as the actor's RootComponent - picking one arbitrarily
[2015.08.13-04.00.42:225][472]LogActor:Warning: GameNetworkManager /Game/Spook/MapAndGameMode/UEDPIE_0_Spook_World.Spook_World:PersistentLevel.GameNetworkManager_7 has natively added scene component(s), but none of them were set as the actor's RootComponent - picking one arbitrarily
[2015.08.13-04.00.42:226][472]LogWorld: Bringing up level for play took: 0.008848
[2015.08.13-04.00.42:229][472]PIE: Info Play in editor start time for /Game/Spook/MapAndGameMode/UEDPIE_0_Spook_World 0.489
[2015.08.13-04.00.47:903][895]LogParticles: Destroying 0 GPU particle simulations for FXSystem 0x000000003F447C40
[2015.08.13-04.00.49:692][ 19]Cmd: TRANSACTION UNDO
[2015.08.13-04.00.49:692][ 19]LogEditorTransaction: Undo Rotate Bone
[2015.08.13-04.00.49:699][ 19]LogD3D11RHI: InitD3DDevice
[2015.08.13-04.00.51:245][ 88]BlueprintLog: New page: Pre-PIE auto-recompile
[2015.08.13-04.00.51:252][ 88]LogPlayLevel: [PIE] Compiling Spook_World before PIE...
[2015.08.13-04.00.51:347][ 88]LogPlayLevel: PIE:  Blueprint regeneration took 101 ms (1 blueprints)
[2015.08.13-04.00.51:347][ 88]PIE: New page: PIE session: Spook_World (14 Aug 2015 12:00:51 am)
[2015.08.13-04.00.51:347][ 88]LogPlayLevel: Creating play world package: /Game/Spook/MapAndGameMode/UEDPIE_0_Spook_World
[2015.08.13-04.00.51:384][ 88]LogPlayLevel: PIE: StaticDuplicateObject took: (0.036356s)
[2015.08.13-04.00.51:384][ 88]LogAIModule: Creating AISystem for world Spook_World
[2015.08.13-04.00.51:385][ 88]LogPlayLevel: PIE: World Init took: (0.001351s)
[2015.08.13-04.00.51:385][ 88]LogPlayLevel: PIE: Created PIE world by copying editor world from /Game/Spook/MapAndGameMode/Spook_World.Spook_World to /Game/Spook/MapAndGameMode/UEDPIE_0_Spook_World.Spook_World (0.037922s)
[2015.08.13-04.00.51:411][ 88]LogInit: XAudio2 using 'Speakers (VIA High Definition Audio)' : 2 channels at 48 kHz using 32 bits per sample (channel mask 0x3)
[2015.08.13-04.00.51:421][ 88]LogInit: FAudioDevice initialized.
[2015.08.13-04.00.51:453][ 88]LogWorld: Game class is 'SpookGameMode_C'
[2015.08.13-04.00.51:463][ 88]LogPhysics:Warning: FConstraintInstance::GetRefFrame : Contained scale.
[2015.08.13-04.00.51:463][ 88]LogWorld: Bringing World /Game/Spook/MapAndGameMode/UEDPIE_0_Spook_World.Spook_World up for play (max tick rate 0) at 2015.08.13-14.00.51
[2015.08.13-04.00.51:463][ 88]LogActor:Warning: GameSession /Game/Spook/MapAndGameMode/UEDPIE_0_Spook_World.Spook_World:PersistentLevel.GameSession_8 has natively added scene component(s), but none of them were set as the actor's RootComponent - picking one arbitrarily
[2015.08.13-04.00.51:463][ 88]LogActor:Warning: GameNetworkManager /Game/Spook/MapAndGameMode/UEDPIE_0_Spook_World.Spook_World:PersistentLevel.GameNetworkManager_8 has natively added scene component(s), but none of them were set as the actor's RootComponent - picking one arbitrarily
[2015.08.13-04.00.51:464][ 88]LogWorld: Bringing up level for play took: 0.008943
[2015.08.13-04.00.51:467][ 88]PIE: Info Play in editor start time for /Game/Spook/MapAndGameMode/UEDPIE_0_Spook_World -0.273
[2015.08.13-04.02.05:682][997]LogParticles: Destroying 0 GPU particle simulations for FXSystem 0x0000000044287B00
[2015.08.13-04.02.06:694][ 64]LogD3D11RHI: InitD3DDevice
[2015.08.13-04.02.06:787][ 64]LogSavePackage: Save=64.701012ms
[2015.08.13-04.02.06:787][ 64]LogSavePackage: Moving '../../../../../../Users/jackson.luff/Desktop/Spook_Prototype/Spook_Prototype/Saved/FrankController4BA343E6441BA0706D10F79F1E11B711.tmp' to '../../../../../../Users/jackson.luff/Desktop/Spook_Prototype/Spook_Prototype/Content/Spook/Characters/Frank/FrankController.uasset'
[2015.08.13-04.02.08:095][174]LogActorComponent: UnregisterComponent: (/Engine/Transient.CharMoveComp) Not registered. Aborting.
[2015.08.13-04.02.08:613][175]Cmd: QUIT_EDITOR
[2015.08.13-04.02.08:841][175]LogExit: Preparing to exit.
[2015.08.13-04.02.09:660][175]LogExit: Editor shut down
[2015.08.13-04.02.09:661][175]LogExit: Transaction tracking system shut down
[2015.08.13-04.02.09:661][175]LogParticles: Destroying 0 GPU particle simulations for FXSystem 0x000000000E9F62A0
[2015.08.13-04.02.09:661][175]LogParticles: Destroying 0 GPU particle simulations for FXSystem 0x000000000FA67420
[2015.08.13-04.02.09:665][175]LogParticles: Destroying 0 GPU particle simulations for FXSystem 0x000000000E2F3380
[2015.08.13-04.02.09:666][175]LogParticles: Destroying 0 GPU particle simulations for FXSystem 0x000000000F77D120
[2015.08.13-04.02.09:666][175]LogParticles: Destroying 0 GPU particle simulations for FXSystem 0x0000000027007240
[2015.08.13-04.02.09:667][175]LogParticles: Destroying 0 GPU particle simulations for FXSystem 0x0000000014BBE480
[2015.08.13-04.02.09:667][175]LogParticles: Destroying 0 GPU particle simulations for FXSystem 0x000000003CE19580
[2015.08.13-04.02.09:667][175]LogParticles: Destroying 0 GPU particle simulations for FXSystem 0x0000000043736F20
[2015.08.13-04.02.09:667][175]LogParticles: Destroying 0 GPU particle simulations for FXSystem 0x00000000435C67A0
[2015.08.13-04.02.09:667][175]LogParticles: Destroying 0 GPU particle simulations for FXSystem 0x00000000198E2520
[2015.08.13-04.02.09:667][175]LogParticles: Destroying 0 GPU particle simulations for FXSystem 0x00000000198E2DE0
[2015.08.13-04.02.09:667][175]LogParticles: Destroying 0 GPU particle simulations for FXSystem 0x00000000430BF6A0
[2015.08.13-04.02.09:667][175]LogParticles: Destroying 0 GPU particle simulations for FXSystem 0x00000000430BF9C0
[2015.08.13-04.02.09:668][175]LogParticles: Destroying 0 GPU particle simulations for FXSystem 0x00000000430BF2E0
[2015.08.13-04.02.09:823][175]LogExit: Object subsystem successfully closed.
[2015.08.13-04.02.09:835][175]LogD3D11RHI: Shutdown
[2015.08.13-04.02.09:835][175]LogD3D11RHI: CleanupD3DDevice
[2015.08.13-04.02.09:878][175]LogD3D11RHI: ~FD3D11DynamicRHI
[2015.08.13-04.02.09:892][175]LogModuleManager: Shutting down and abandoning module StatsViewer (190)
[2015.08.13-04.02.09:892][175]LogModuleManager: Shutting down and abandoning module CrashTracker (189)
[2015.08.13-04.02.09:892][175]LogModuleManager: Shutting down and abandoning module SceneOutliner (188)
[2015.08.13-04.02.09:892][175]LogModuleManager: Shutting down and abandoning module SuperSearch (187)
[2015.08.13-04.02.09:892][175]LogModuleManager: Shutting down and abandoning module WidgetCarousel (186)
[2015.08.13-04.02.09:892][175]LogModuleManager: Shutting down and abandoning module AddContentDialog (185)
[2015.08.13-04.02.09:892][175]LogModuleManager: Shutting down and abandoning module EditorWidgets (184)
[2015.08.13-04.02.09:892][175]LogModuleManager: Shutting down and abandoning module CollectionManager (183)
[2015.08.13-04.02.09:892][175]LogModuleManager: Shutting down and abandoning module FoliageEdit (182)
[2015.08.13-04.02.09:892][175]LogModuleManager: Shutting down and abandoning module LandscapeEditor (181)
[2015.08.13-04.02.09:893][175]LogModuleManager: Shutting down and abandoning module ActorPickerMode (180)
[2015.08.13-04.02.09:893][175]LogModuleManager: Shutting down and abandoning module GeometryMode (179)
[2015.08.13-04.02.09:893][175]LogModuleManager: Shutting down and abandoning module TextureAlignMode (178)
[2015.08.13-04.02.09:893][175]LogModuleManager: Shutting down and abandoning module BspMode (177)
[2015.08.13-04.02.09:893][175]LogModuleManager: Shutting down and abandoning module PlacementMode (176)
[2015.08.13-04.02.09:893][175]LogModuleManager: Shutting down and abandoning module AutomationWorker (175)
[2015.08.13-04.02.09:893][175]LogModuleManager: Shutting down and abandoning module CharacterAI (174)
[2015.08.13-04.02.09:893][175]LogModuleManager: Shutting down and abandoning module SmartSnapping (173)
[2015.08.13-04.02.09:893][175]LogModuleManager: Shutting down and abandoning module ViewportSnapping (172)
[2015.08.13-04.02.09:893][175]LogModuleManager: Shutting down and abandoning module LogVisualizer (171)
[2015.08.13-04.02.09:893][175]LogModuleManager: Shutting down and abandoning module GameProjectGeneration (170)
[2015.08.13-04.02.09:893][175]LogModuleManager: Shutting down and abandoning module IntroTutorials (169)
[2015.08.13-04.02.09:893][175]LogModuleManager: Shutting down and abandoning module EditorLiveStreaming (168)
[2015.08.13-04.02.09:893][175]LogModuleManager: Shutting down and abandoning module IOSPlatformEditor (167)
[2015.08.13-04.02.09:893][175]LogModuleManager: Shutting down and abandoning module HTML5PlatformEditor (166)
[2015.08.13-04.02.09:893][175]LogModuleManager: Shutting down and abandoning module AndroidDeviceDetection (165)
[2015.08.13-04.02.09:903][175]LogModuleManager: Shutting down and abandoning module AndroidPlatformEditor (164)
[2015.08.13-04.02.09:903][175]LogModuleManager: Shutting down and abandoning module IOSRuntimeSettings (163)
[2015.08.13-04.02.09:903][175]LogModuleManager: Shutting down and abandoning module AndroidRuntimeSettings (162)
[2015.08.13-04.02.09:903][175]LogModuleManager: Shutting down and abandoning module MergeActors (161)
[2015.08.13-04.02.09:903][175]LogModuleManager: Shutting down and abandoning module SizeMap (160)
[2015.08.13-04.02.09:903][175]LogModuleManager: Shutting down and abandoning module TreeMap (159)
[2015.08.13-04.02.09:903][175]LogModuleManager: Shutting down and abandoning module ReferenceViewer (158)
[2015.08.13-04.02.09:903][175]LogModuleManager: Shutting down and abandoning module LocalizationDashboard (157)
[2015.08.13-04.02.09:903][175]LogModuleManager: Shutting down and abandoning module HardwareTargeting (156)
[2015.08.13-04.02.09:903][175]LogModuleManager: Shutting down and abandoning module DeviceProfileEditor (155)
[2015.08.13-04.02.09:903][175]LogModuleManager: Shutting down and abandoning module UndoHistory (154)
[2015.08.13-04.02.09:903][175]LogModuleManager: Shutting down and abandoning module GameplayTagsEditor (153)
[2015.08.13-04.02.09:903][175]LogModuleManager: Shutting down and abandoning module UserFeedback (152)
[2015.08.13-04.02.09:903][175]LogModuleManager: Shutting down and abandoning module XmlParser (151)
[2015.08.13-04.02.09:903][175]LogModuleManager: Shutting down and abandoning module Blutility (150)
[2015.08.13-04.02.09:903][175]LogModuleManager: Shutting down and abandoning module ProjectTargetPlatformEditor (149)
[2015.08.13-04.02.09:903][175]LogModuleManager: Shutting down and abandoning module ProjectSettingsViewer (148)
[2015.08.13-04.02.09:903][175]LogModuleManager: Shutting down and abandoning module InputBindingEditor (147)
[2015.08.13-04.02.09:903][175]LogModuleManager: Shutting down and abandoning module EditorSettingsViewer (146)
[2015.08.13-04.02.09:903][175]LogModuleManager: Shutting down and abandoning module SettingsEditor (145)
[2015.08.13-04.02.09:903][175]LogModuleManager: Shutting down and abandoning module ProjectLauncher (144)
[2015.08.13-04.02.09:903][175]LogModuleManager: Shutting down and abandoning module SessionFrontend (143)
[2015.08.13-04.02.09:903][175]LogModuleManager: Shutting down and abandoning module ProfilerClient (142)
[2015.08.13-04.02.09:903][175]LogModuleManager: Shutting down and abandoning module TargetDeviceServices (141)
[2015.08.13-04.02.09:903][175]LogModuleManager: Shutting down and abandoning module DeviceManager (140)
[2015.08.13-04.02.09:903][175]LogModuleManager: Shutting down and abandoning module AutomationController (139)
[2015.08.13-04.02.09:903][175]LogModuleManager: Shutting down and abandoning module AutomationWindow (138)
[2015.08.13-04.02.09:903][175]LogModuleManager: Shutting down and abandoning module Layers (137)
[2015.08.13-04.02.09:903][175]LogModuleManager: Shutting down and abandoning module ComponentVisualizers (136)
[2015.08.13-04.02.09:903][175]LogModuleManager: Shutting down and abandoning module DetailCustomizations (135)
[2015.08.13-04.02.09:903][175]LogModuleManager: Shutting down and abandoning module PackagesDialog (134)
[2015.08.13-04.02.09:903][175]LogModuleManager: Shutting down and abandoning module Persona (133)
[2015.08.13-04.02.09:903][175]LogModuleManager: Shutting down and abandoning module Kismet (132)
[2015.08.13-04.02.09:904][175]LogModuleManager: Shutting down and abandoning module GraphEditor (131)
[2015.08.13-04.02.09:904][175]LogModuleManager: Shutting down and abandoning module ClassViewer (130)
[2015.08.13-04.02.09:904][175]LogModuleManager: Shutting down and abandoning module Toolbox (129)
[2015.08.13-04.02.09:904][175]LogModuleManager: Shutting down and abandoning module ModuleUI (128)
[2015.08.13-04.02.09:904][175]LogModuleManager: Shutting down and abandoning module MovieSceneTools (127)
[2015.08.13-04.02.09:904][175]LogModuleManager: Shutting down and abandoning module OutputLog (126)
[2015.08.13-04.02.09:904][175]LogModuleManager: Shutting down and abandoning module GammaUI (125)
[2015.08.13-04.02.09:904][175]LogModuleManager: Shutting down and abandoning module Documentation (124)
[2015.08.13-04.02.09:904][175]LogModuleManager: Shutting down and abandoning module GameLiveStreaming (123)
[2015.08.13-04.02.09:904][175]LogModuleManager: Shutting down and abandoning module StreamingPauseRendering (122)
[2015.08.13-04.02.09:904][175]LogModuleManager: Shutting down and abandoning module AnalyticsET (121)
[2015.08.13-04.02.09:904][175]LogModuleManager: Shutting down and abandoning module Analytics (120)
[2015.08.13-04.02.09:904][175]LogModuleManager: Shutting down and abandoning module AITestSuite (119)
[2015.08.13-04.02.09:904][175]LogModuleManager: Shutting down and abandoning module GameplayDebugger (118)
[2015.08.13-04.02.09:904][175]LogModuleManager: Shutting down and abandoning module AIModule (117)
[2015.08.13-04.02.09:904][175]LogModuleManager: Shutting down and abandoning module ProfilerService (116)
[2015.08.13-04.02.10:142][175]LogModuleManager: Shutting down and abandoning module TaskGraph (115)
[2015.08.13-04.02.10:142][175]LogModuleManager: Shutting down and abandoning module SubstanceEditor (114)
[2015.08.13-04.02.10:142][175]LogModuleManager: Shutting down and abandoning module SlateRemote (113)
[2015.08.13-04.02.10:142][175]LogModuleManager: Shutting down and abandoning module SteamVRController (112)
[2015.08.13-04.02.10:142][175]LogModuleManager: Shutting down and abandoning module SteamVR (111)
[2015.08.13-04.02.10:142][175]LogModuleManager: Shutting down and abandoning module ProceduralMeshComponent (110)
[2015.08.13-04.02.10:142][175]LogModuleManager: Shutting down and abandoning module OculusRift (109)
[2015.08.13-04.02.10:142][175]LogModuleManager: Shutting down and abandoning module LeapMotionController (108)
[2015.08.13-04.02.10:153][175]LogModuleManager: Shutting down and abandoning module CustomMeshComponent (107)
[2015.08.13-04.02.10:153][175]LogModuleManager: Shutting down and abandoning module CableComponent (106)
[2015.08.13-04.02.10:153][175]LogModuleManager: Shutting down and abandoning module MessagingDebugger (105)
[2015.08.13-04.02.10:153][175]LogModuleManager: Shutting down and abandoning module MediaPlayerEditor (104)
[2015.08.13-04.02.10:153][175]LogModuleManager: Shutting down and abandoning module SpeedTreeImporter (103)
[2015.08.13-04.02.10:153][175]LogModuleManager: Shutting down and abandoning module PluginBrowser (102)
[2015.08.13-04.02.10:154][175]LogModuleManager: Shutting down and abandoning module EpicSurvey (101)
[2015.08.13-04.02.10:154][175]LogModuleManager: Shutting down and abandoning module DesktopPlatform (100)
[2015.08.13-04.02.10:154][175]LogModuleManager: Shutting down and abandoning module VisualStudioSourceCodeAccess (99)
[2015.08.13-04.02.10:154][175]LogModuleManager: Shutting down and abandoning module UObjectPlugin (98)
[2015.08.13-04.02.10:154][175]LogModuleManager: Shutting down and abandoning module SubversionSourceControl (97)
[2015.08.13-04.02.10:154][175]LogModuleManager: Shutting down and abandoning module PerforceSourceControl (96)
[2015.08.13-04.02.10:154][175]LogModuleManager: Shutting down and abandoning module SourceControl (95)
[2015.08.13-04.02.10:154][175]LogModuleManager: Shutting down and abandoning module GitSourceControl (94)
[2015.08.13-04.02.10:154][175]LogModuleManager: Shutting down and abandoning module BlankPlugin (93)
[2015.08.13-04.02.10:154][175]LogModuleManager: Shutting down and abandoning module PaperTiledImporter (92)
[2015.08.13-04.02.10:154][175]LogModuleManager: Shutting down and abandoning module PaperSpriteSheetImporter (91)
[2015.08.13-04.02.10:154][175]LogModuleManager: Shutting down and abandoning module MeshPaint (90)
[2015.08.13-04.02.10:154][175]LogModuleManager: Shutting down and abandoning module SlateReflector (89)
[2015.08.13-04.02.10:154][175]LogModuleManager: Shutting down and abandoning module HotReload (88)
[2015.08.13-04.02.10:154][175]LogModuleManager: Shutting down and abandoning module MainFrame (87)
[2015.08.13-04.02.10:154][175]LogModuleManager: Shutting down and abandoning module LevelEditor (86)
[2015.08.13-04.02.10:156][175]LogModuleManager: Shutting down and abandoning module ContentBrowser (85)
[2015.08.13-04.02.10:157][175]LogModuleManager: Shutting down and abandoning module Paper2DEditor (84)
[2015.08.13-04.02.10:157][175]LogModuleManager: Shutting down and abandoning module UdpMessaging (83)
[2015.08.13-04.02.10:257][175]LogModuleManager: Shutting down and abandoning module DirectoryWatcher (82)
[2015.08.13-04.02.10:257][175]LogModuleManager: Shutting down and abandoning module AssetRegistry (81)
[2015.08.13-04.02.10:343][175]LogModuleManager: Shutting down and abandoning module SubstanceCore (80)
[2015.08.13-04.02.10:343][175]LogModuleManager: Shutting down and abandoning module Paper2D (79)
[2015.08.13-04.02.10:343][175]LogModuleManager: Shutting down and abandoning module WindowsMoviePlayer (78)
[2015.08.13-04.02.10:348][175]LogModuleManager: Shutting down and abandoning module Media (77)
[2015.08.13-04.02.10:348][175]LogModuleManager: Shutting down and abandoning module WmfMedia (76)
[2015.08.13-04.02.10:348][175]LogModuleManager: Shutting down and abandoning module OnlineBlueprintSupport (75)
[2015.08.13-04.02.10:348][175]LogModuleManager: Shutting down and abandoning module PropertyEditor (74)
[2015.08.13-04.02.10:348][175]LogModuleManager: Shutting down and abandoning module BehaviorTreeEditor (73)
[2015.08.13-04.02.10:348][175]LogModuleManager: Shutting down and abandoning module FunctionalTesting (72)
[2015.08.13-04.02.10:348][175]LogModuleManager: Shutting down and abandoning module CollisionAnalyzer (71)
[2015.08.13-04.02.10:348][175]LogModuleManager: Shutting down and abandoning module WorkspaceMenuStructure (70)
[2015.08.13-04.02.10:348][175]LogModuleManager: Shutting down and abandoning module MessageLog (69)
[2015.08.13-04.02.10:348][175]LogModuleManager: Shutting down and abandoning module Sequencer (68)
[2015.08.13-04.02.10:348][175]LogModuleManager: Shutting down and abandoning module AssetTools (67)
[2015.08.13-04.02.10:348][175]LogModuleManager: Shutting down and abandoning module UMGEditor (66)
[2015.08.13-04.02.10:348][175]LogModuleManager: Shutting down and abandoning module UMG (65)
[2015.08.13-04.02.10:349][175]LogModuleManager: Shutting down and abandoning module Slate (64)
[2015.08.13-04.02.10:349][175]LogModuleManager: Shutting down and abandoning module EditorStyle (63)
[2015.08.13-04.02.10:352][175]LogModuleManager: Shutting down and abandoning module SessionServices (62)
[2015.08.13-04.02.10:352][175]LogModuleManager: Shutting down and abandoning module SourceCodeAccess (61)
[2015.08.13-04.02.10:352][175]LogModuleManager: Shutting down and abandoning module HeadMountedDisplay (60)
[2015.08.13-04.02.10:352][175]LogModuleManager: Shutting down and abandoning module XAudio2 (59)
[2015.08.13-04.02.10:352][175]LogModuleManager: Shutting down and abandoning module Networking (57)
[2015.08.13-04.02.10:352][175]LogModuleManager: Shutting down and abandoning module Core (56)
[2015.08.13-04.02.10:352][175]LogModuleManager: Shutting down and abandoning module KismetCompiler (55)
[2015.08.13-04.02.10:352][175]LogModuleManager: Shutting down and abandoning module PhysXFormats (54)
[2015.08.13-04.02.10:352][175]LogModuleManager: Shutting down and abandoning module MeshUtilities (53)
[2015.08.13-04.02.10:352][175]LogModuleManager: Shutting down and abandoning module DerivedDataCache (52)
[2015.08.13-04.02.10:423][175]LogDerivedDataCache: Shutdown
[2015.08.13-04.02.10:423][175]LogModuleManager: Shutting down and abandoning module ShaderFormatOpenGL (51)
[2015.08.13-04.02.10:423][175]LogModuleManager: Shutting down and abandoning module ShaderFormatD3D (50)
[2015.08.13-04.02.10:423][175]LogModuleManager: Shutting down and abandoning module MetalShaderFormat (49)
[2015.08.13-04.02.10:423][175]LogModuleManager: Shutting down and abandoning module TextureFormatUncompressed (48)
[2015.08.13-04.02.10:423][175]LogModuleManager: Shutting down and abandoning module TextureFormatPVR (47)
[2015.08.13-04.02.10:423][175]LogModuleManager: Shutting down and abandoning module TextureFormatIntelISPCTexComp (46)
[2015.08.13-04.02.10:423][175]LogModuleManager: Shutting down and abandoning module TextureFormatDXT (45)
[2015.08.13-04.02.10:423][175]LogModuleManager: Shutting down and abandoning module ImageWrapper (44)
[2015.08.13-04.02.10:423][175]LogModuleManager: Shutting down and abandoning module TextureFormatASTC (43)
[2015.08.13-04.02.10:423][175]LogModuleManager: Shutting down and abandoning module TextureFormatAndroid (42)
[2015.08.13-04.02.10:423][175]LogModuleManager: Shutting down and abandoning module AudioFormatOpus (41)
[2015.08.13-04.02.10:423][175]LogModuleManager: Shutting down and abandoning module AudioFormatOgg (40)
[2015.08.13-04.02.10:423][175]LogModuleManager: Shutting down and abandoning module AudioFormatADPCM (39)
[2015.08.13-04.02.10:423][175]LogModuleManager: Shutting down and abandoning module LinuxTargetPlatform (38)
[2015.08.13-04.02.10:423][175]LogModuleManager: Shutting down and abandoning module LinuxServerTargetPlatform (37)
[2015.08.13-04.02.10:423][175]LogModuleManager: Shutting down and abandoning module LinuxNoEditorTargetPlatform (36)
[2015.08.13-04.02.10:423][175]LogModuleManager: Shutting down and abandoning module Messaging (35)
[2015.08.13-04.02.10:423][175]LogModuleManager: Shutting down and abandoning module IOSTargetPlatform (34)
[2015.08.13-04.02.10:423][175]LogModuleManager: Shutting down and abandoning module HTML5TargetPlatform (33)
[2015.08.13-04.02.10:423][175]LogModuleManager: Shutting down and abandoning module Android_PVRTCTargetPlatform (32)
[2015.08.13-04.02.10:423][175]LogModuleManager: Shutting down and abandoning module Android_ETC2TargetPlatform (31)
[2015.08.13-04.02.10:423][175]LogModuleManager: Shutting down and abandoning module Android_ETC1TargetPlatform (30)
[2015.08.13-04.02.10:424][175]LogModuleManager: Shutting down and abandoning module Android_DXTTargetPlatform (29)
[2015.08.13-04.02.10:424][175]LogModuleManager: Shutting down and abandoning module Android_ATCTargetPlatform (28)
[2015.08.13-04.02.10:424][175]LogModuleManager: Shutting down and abandoning module Android_ASTCTargetPlatform (27)
[2015.08.13-04.02.10:424][175]LogModuleManager: Shutting down and abandoning module AndroidTargetPlatform (26)
[2015.08.13-04.02.10:424][175]LogModuleManager: Shutting down and abandoning module WindowsTargetPlatform (25)
[2015.08.13-04.02.10:424][175]LogModuleManager: Shutting down and abandoning module WindowsServerTargetPlatform (24)
[2015.08.13-04.02.10:424][175]LogModuleManager: Shutting down and abandoning module WindowsNoEditorTargetPlatform (23)
[2015.08.13-04.02.10:424][175]LogModuleManager: Shutting down and abandoning module WindowsClientTargetPlatform (22)
[2015.08.13-04.02.10:424][175]LogModuleManager: Shutting down and abandoning module DesktopTargetPlatform (21)
[2015.08.13-04.02.10:424][175]LogModuleManager: Shutting down and abandoning module TargetPlatform (20)
[2015.08.13-04.02.10:424][175]LogModuleManager: Shutting down and abandoning module InputCore (19)
[2015.08.13-04.02.10:424][175]LogModuleManager: Shutting down and abandoning module Settings (18)
[2015.08.13-04.02.10:424][175]LogModuleManager: Shutting down and abandoning module OnlineSubsystem (16)
[2015.08.13-04.02.10:424][175]LogModuleManager: Shutting down and abandoning module HTTP (15)
[2015.08.13-04.02.10:424][175]LogModuleManager: Shutting down and abandoning module ExampleDeviceProfileSelector (14)
[2015.08.13-04.02.10:424][175]LogModuleManager: Shutting down and abandoning module TextureCompressor (13)
[2015.08.13-04.02.10:424][175]LogModuleManager: Shutting down and abandoning module ShaderCore (12)
[2015.08.13-04.02.10:424][175]LogModuleManager: Shutting down and abandoning module Landscape (11)
[2015.08.13-04.02.10:424][175]LogModuleManager: Shutting down and abandoning module SlateRHIRenderer (10)
[2015.08.13-04.02.10:426][175]LogModuleManager: Shutting down and abandoning module OpenGLDrv (9)
[2015.08.13-04.02.10:426][175]LogModuleManager: Shutting down and abandoning module D3D11RHI (8)
[2015.08.13-04.02.10:426][175]LogModuleManager: Shutting down and abandoning module Renderer (7)
[2015.08.13-04.02.10:426][175]LogModuleManager: Shutting down and abandoning module Engine (6)
[2015.08.13-04.02.10:426][175]LogModuleManager: Shutting down and abandoning module CoreUObject (5)
[2015.08.13-04.02.10:426][175]LogModuleManager: Shutting down and abandoning module NetworkFile (4)
[2015.08.13-04.02.10:426][175]LogModuleManager: Shutting down and abandoning module StreamingFile (3)
[2015.08.13-04.02.10:426][175]LogModuleManager: Shutting down and abandoning module SandboxFile (2)
[2015.08.13-04.02.10:426][175]LogModuleManager: Shutting down and abandoning module PakFile (1)
[2015.08.13-04.02.10:427][175]LogExit: Exiting.
[2015.08.13-04.02.10:429][175]Log file closed, 08/13/15 14:02:10
