[2015.08.07-04.06.01:596][  0]Log file open, 08/07/15 14:06:01
[2015.08.07-04.06.01:596][  0]LogInit:Display: Running engine for game: Spook_Prototype
[2015.08.07-04.06.01:596][  0]LogInit:Display: RandInit(24680854) SRandInit(24680854).
[2015.08.07-04.06.01:596][  0]LogTaskGraph: Started task graph with 4 named threads and 7 total threads.
[2015.08.07-04.06.01:596][  0]LogStats: Stats thread started
[2015.08.07-04.06.01:596][  0]LogInit: Version: 4.8.3-2634408+++depot+UE4-Releases+4.8
[2015.08.07-04.06.01:596][  0]LogInit: API Version: 2579680
[2015.08.07-04.06.01:596][  0]LogInit: Compiled (64-bit): Jul 27 2015 16:24:33
[2015.08.07-04.06.01:596][  0]LogInit: Compiled with Visual C++: 18.00.21005.01
[2015.08.07-04.06.01:596][  0]LogInit: Build Configuration: Development
[2015.08.07-04.06.01:596][  0]LogInit: Branch Name: ++depot+UE4-Releases+4.8
[2015.08.07-04.06.01:596][  0]LogInit: Command line: 
[2015.08.07-04.06.01:596][  0]LogInit: Base directory: C:/Program Files/Epic Games/4.8/Engine/Binaries/Win64/
[2015.08.07-04.06.01:596][  0]LogInit: Rocket: 1
[2015.08.07-04.06.01:609][  0]LogInit: Using libcurl 7.41.0
[2015.08.07-04.06.01:609][  0]LogInit:  - built for x86_64-pc-win32
[2015.08.07-04.06.01:609][  0]LogInit:  - supports SSL with WinSSL
[2015.08.07-04.06.01:609][  0]LogInit:  - other features:
[2015.08.07-04.06.01:609][  0]LogInit:      CURL_VERSION_SSL
[2015.08.07-04.06.01:609][  0]LogInit:      CURL_VERSION_IPV6
[2015.08.07-04.06.01:609][  0]LogInit:      CURL_VERSION_ASYNCHDNS
[2015.08.07-04.06.01:609][  0]LogInit:      CURL_VERSION_LARGEFILE
[2015.08.07-04.06.01:609][  0]LogInit:      CURL_VERSION_IDN
[2015.08.07-04.06.01:610][  0]LogInit:  CurlRequestOptions (configurable via config and command line):
[2015.08.07-04.06.01:610][  0]LogInit:  - bVerifyPeer = true  - Libcurl will verify peer certificate
[2015.08.07-04.06.01:610][  0]LogInit:  - bUseHttpProxy = false  - Libcurl will NOT use HTTP proxy
[2015.08.07-04.06.01:610][  0]LogInit:  - bDontReuseConnections = false  - Libcurl will reuse connections
[2015.08.07-04.06.01:610][  0]LogInit:  - CertBundlePath = nullptr  - Libcurl will use whatever was configured at build time.
[2015.08.07-04.06.01:620][  0]LogOnline:Warning: No default platform service specified for OnlineSubsystem
[2015.08.07-04.06.01:632][  0]LogInit: Presizing for 0 objects not considered by GC, pre-allocating 0 bytes.
[2015.08.07-04.06.01:638][  0]LogInit: Object subsystem initialized
[2015.08.07-04.06.01:639][  0]LogConsoleResponse:Warning: Skipping Unknown console variable: 'TranslucentSortAxis = (X=0.000000,Y=-1.000000,Z=0.000000)'
[2015.08.07-04.06.01:639][  0]LogConsoleResponse:Warning:   Found in ini file 'C:/Source Tree/Spook/Spook_Prototype/Saved/Config/Windows/Engine.ini', in section '[/Script/Engine.RendererSettings]'
[2015.08.07-04.06.01:639][  0]LogConsoleResponse:Warning: Skipping Unknown console variable: 'UIScaleRule = ShortestSide'
[2015.08.07-04.06.01:639][  0]LogConsoleResponse:Warning:   Found in ini file 'C:/Source Tree/Spook/Spook_Prototype/Saved/Config/Windows/Engine.ini', in section '[/Script/Engine.RendererSettings]'
[2015.08.07-04.06.01:639][  0]LogConsoleResponse:Warning: Skipping Unknown console variable: 'UIScaleCurve = (EditorCurveData=(Keys=),ExternalCurve=None)'
[2015.08.07-04.06.01:639][  0]LogConsoleResponse:Warning:   Found in ini file 'C:/Source Tree/Spook/Spook_Prototype/Saved/Config/Windows/Engine.ini', in section '[/Script/Engine.RendererSettings]'
[2015.08.07-04.06.01:640][  0]LogInit: Selected Device Profile: [Windows]
[2015.08.07-04.06.01:640][  0]LogInit: Applying CVar settings loaded from the selected device profile: [Windows]
[2015.08.07-04.06.01:647][  0]LogInit: Computer: 902B34D117A1
[2015.08.07-04.06.01:647][  0]LogInit: User: jacksonluff
[2015.08.07-04.06.01:647][  0]LogInit: CPU Page size=4096, Cores=4
[2015.08.07-04.06.01:647][  0]LogInit: High frequency timer resolution =3.323632 MHz
[2015.08.07-04.06.01:647][  0]LogMemory: Memory total: Physical=16.0GB (16GB approx)
[2015.08.07-04.06.01:647][  0]LogMemory: Platform Memory Stats for Windows
[2015.08.07-04.06.01:647][  0]LogMemory: Process Physical Memory: 50.43 MB used, 50.43 MB peak
[2015.08.07-04.06.01:647][  0]LogMemory: Process Virtual Memory: 25.44 MB used, 25.44 MB peak
[2015.08.07-04.06.01:647][  0]LogMemory: Physical Memory: 4589.54 MB used, 16343.68 MB total
[2015.08.07-04.06.01:647][  0]LogMemory: Virtual Memory: 283.70 MB used, 8388608.00 MB total
[2015.08.07-04.06.01:679][  0]LogTextLocalizationManager: The requested culture ('en_AU') has no localization data; parent culture's ('en') localization data will be used.
[2015.08.07-04.06.01:872][  0]LogTextLocalizationManager:Warning: Loaded localization resources contain conflicting entries for (Namespace:ContentBrowser, Key:ImportAssetToolTip):
Localization Resource: (C:/Program Files/Epic Games/4.8/Engine/Content/Localization/Editor/en/Editor.locres) Source String Hash: (-630476809) Localized String: (Import to {0}...)
Localization Resource: (C:/Program Files/Epic Games/4.8/Engine/Content/Localization/Editor/en/Editor.locres) Source String Hash: (1271782899) Localized String: (Imports an asset from file to this folder.)
[2015.08.07-04.06.02:515][  0]LogD3D11RHI: Found D3D11 adapter 0: NVIDIA GeForce GTX 660 Ti (Feature Level 11_0)
[2015.08.07-04.06.02:515][  0]LogD3D11RHI: Adapter has 1990MB of dedicated video memory, 0MB of dedicated system memory, and 2048MB of shared system memory, 2 output[s]
[2015.08.07-04.06.02:515][  0]LogD3D11RHI: Chosen D3D11 Adapter Id = 0
[2015.08.07-04.06.02:518][  0]LogD3D11RHI: InitD3DDevice
[2015.08.07-04.06.02:518][  0]LogD3D11RHI: !Direct3DDevice
[2015.08.07-04.06.02:518][  0]LogRHI: Texture pool is 1361 MB (70% of 1945 MB)
[2015.08.07-04.06.02:524][  0]LogD3D11RHI: Async texture creation enabled
[2015.08.07-04.06.02:538][  0]LogShaderCompilers:Display: Using Local Shader Compiler.
[2015.08.07-04.06.03:267][  0]LogTemp:Display: Loaded TP DesktopTargetPlatform
[2015.08.07-04.06.03:279][  0]LogTemp:Display: Loaded TP WindowsClientTargetPlatform
[2015.08.07-04.06.03:292][  0]LogTemp:Display: Loaded TP WindowsNoEditorTargetPlatform
[2015.08.07-04.06.03:304][  0]LogTemp:Display: Loaded TP WindowsServerTargetPlatform
[2015.08.07-04.06.03:319][  0]LogTemp:Display: Loaded TP WindowsTargetPlatform
[2015.08.07-04.06.03:330][  0]LogTemp:Display: Loaded TP AndroidTargetPlatform
[2015.08.07-04.06.03:341][  0]LogTemp:Display: Loaded TP Android_ASTCTargetPlatform
[2015.08.07-04.06.03:352][  0]LogTemp:Display: Loaded TP Android_ATCTargetPlatform
[2015.08.07-04.06.03:363][  0]LogTemp:Display: Loaded TP Android_DXTTargetPlatform
[2015.08.07-04.06.03:375][  0]LogTemp:Display: Loaded TP Android_ETC1TargetPlatform
[2015.08.07-04.06.03:386][  0]LogTemp:Display: Loaded TP Android_ETC2TargetPlatform
[2015.08.07-04.06.03:397][  0]LogTemp:Display: Loaded TP Android_PVRTCTargetPlatform
[2015.08.07-04.06.03:438][  0]LogTemp:Display: Loaded TP IOSTargetPlatform
[2015.08.07-04.06.03:448][  0]LogTemp:Display: Loaded TP LinuxNoEditorTargetPlatform
[2015.08.07-04.06.03:459][  0]LogTemp:Display: Loaded TP LinuxServerTargetPlatform
[2015.08.07-04.06.03:472][  0]LogTemp:Display: Loaded TP LinuxTargetPlatform
[2015.08.07-04.06.03:472][  0]LogTargetPlatformManager:Display: Building Assets For Windows
[2015.08.07-04.06.03:649][  0]LogDerivedDataCache:Display: Max Cache Size: 512 MB
[2015.08.07-04.06.03:693][  0]LogDerivedDataCache: Loaded boot cache 0.04s 53MB C:/Users/jackson.luff/AppData/Local/UnrealEngine/4.8/DerivedDataCache/Boot.ddc.
[2015.08.07-04.06.03:693][  0]LogDerivedDataCache:Display: Loaded Boot cache: C:/Users/jackson.luff/AppData/Local/UnrealEngine/4.8/DerivedDataCache/Boot.ddc
[2015.08.07-04.06.03:693][  0]LogDerivedDataCache: FDerivedDataBackendGraph:  Pak pak cache file ../../../../../../Source Tree/Spook/Spook_Prototype/DerivedDataCache/DDC.ddp not found, will not use a pak cache.
[2015.08.07-04.06.03:693][  0]LogDerivedDataCache: Unable to find inner node Pak for hierarchical cache Hierarchy.
[2015.08.07-04.06.03:693][  0]LogDerivedDataCache: FDerivedDataBackendGraph:  CompressedPak pak cache file ../../../../../../Source Tree/Spook/Spook_Prototype/DerivedDataCache/Compressed.ddp not found, will not use a pak cache.
[2015.08.07-04.06.03:693][  0]LogDerivedDataCache: Unable to find inner node CompressedPak for hierarchical cache Hierarchy.
[2015.08.07-04.06.03:847][  0]LogDerivedDataCache:Display: Pak cache opened for reading ../../../Engine/DerivedDataCache/Compressed.ddp.
[2015.08.07-04.06.03:858][  0]LogDerivedDataCache: Using Local data cache path C:/Users/jackson.luff/AppData/Local/UnrealEngine/Common/DerivedDataCache: Writable
[2015.08.07-04.06.04:060][  0]LogInit: Selected Device Profile: [Windows]
[2015.08.07-04.06.04:068][  0]ImportText (ComponentSweepMultiTests): Missing closing parenthesis: (RootShapeAsset="/Engine/BasicShapes/Cube.Cube",ShapeType="TriggerCapsule",HitResult=(Time=0.50,Location=(X=-100.000015,Y=0.0,Z=100.000015),ImpactPoint=(X=-50.0,Y=0.0,Z=50.0),Normal=(X=-1.0,Y=-0.0,Z=0.0),ImpactNormal=(X=0.0,Y=0.0,Z=1.0),TraceStart=(X=-200.0,Y=0.0,Z=200.0),TraceEnd=(X=0.0,Y=0.0,Z=0.0))
[2015.08.07-04.06.04:068][  0]ImportText (LineTraceSingleByChannelTests): Missing closing parenthesis: (RootShapeAsset="/Engine/BasicShapes/Cube.Cube",HitResult=(Time=0.50,Location=(X=-100.000015,Y=0.0,Z=100.000015),ImpactPoint=(X=-50.0,Y=0.0,Z=50.0),Normal=(X=-1.0,Y=-0.0,Z=0.0),ImpactNormal=(X=0.0,Y=0.0,Z=1.0),TraceStart=(X=-200.0,Y=0.0,Z=200.0),TraceEnd=(X=0.0,Y=0.0,Z=0.0))
[2015.08.07-04.06.04:092][  0]LogMeshUtilities: No automatic mesh reduction module available
[2015.08.07-04.06.04:092][  0]LogMeshUtilities: No automatic mesh merging module available
[2015.08.07-04.06.04:464][  0]LogInit: WinSock: version 1.1 (2.2), MaxSocks=32767, MaxUdp=65467
[2015.08.07-04.06.05:324][  0]LogAssetRegistry: FAssetRegistry took 0.0101 seconds to start up
[2015.08.07-04.06.05:336][  0]LogDirectoryWatcher:Warning: Failed to begin reading directory changes for ../../../Engine/Plugins/Experimental/CharacterAI/Content/. Error: 0
[2015.08.07-04.06.05:347][  0]UdpMessaging: Initializing bridge on interface 0.0.0.0:0 to multicast group 230.0.0.1:6666.
[2015.08.07-04.06.05:644][  0]SourceControl: Info Source control is disabled
[2015.08.07-04.06.05:649][  0]SourceControl: Info Source control is disabled
[2015.08.07-04.06.05:658][  0]SourceControl: Info Source control is disabled
[2015.08.07-04.06.05:666][  0]SourceControl: Info Source control is disabled
[2015.08.07-04.06.05:892][  0]LogObj: 26440 objects as part of root set at end of initial load.
[2015.08.07-04.06.05:892][  0]LogUObjectAllocator: 5438856 out of 0 bytes used by permanent object pool.
[2015.08.07-04.06.05:955][  0]LogEngine: Initializing Engine...
[2015.08.07-04.06.05:957][  0]LogHMD: Can't find Oculus library dev build: is proper Runtime installed? Version: 0.6.0.0
[2015.08.07-04.06.05:958][  0]LogHMD:Warning: SteamVR failed to initialize.  Error: 110
[2015.08.07-04.06.06:097][  0]LogAIModule: Creating AISystem for world NewWorld
[2015.08.07-04.06.06:103][  0]LogInit: XAudio2 using 'Speakers (VIA High Definition Audio)' : 2 channels at 48 kHz using 32 bits per sample (channel mask 0x3)
[2015.08.07-04.06.06:113][  0]LogInit: FAudioDevice initialized.
[2015.08.07-04.06.06:138][  0]LogDerivedDataCache: Saved boot cache 0.03s 53MB C:/Users/jackson.luff/AppData/Local/UnrealEngine/4.8/DerivedDataCache/Boot.ddc.
[2015.08.07-04.06.06:143][  0]LogInit: Texture streaming: Disabled
[2015.08.07-04.06.06:164][  0]LogAnalytics: Creating configured Analytics provider AnalyticsET
[2015.08.07-04.06.06:164][  0]LogAnalytics: [UEEditor.Rocket.Release] APIServer = http://et2.epicgames.com/ET2/. AppVersion = 4.8.3-2634408+++depot+UE4-Releases+4.8
[2015.08.07-04.06.06:164][  0]LogAnalytics: [UEEditor.Rocket.Release] SetUserId 84f5543c4eae4eeb85427c8f31b15fed|7cf267475aab4bafb7b336aedadbdf03|766909cc-7ea2-4327-9533-350144afa63e
[2015.08.07-04.06.06:164][  0]LogAnalytics: [UEEditor.Rocket.Release] AnalyticsET::StartSession
[2015.08.07-04.06.06:184][  0]LogInit: Transaction tracking system initialized
[2015.08.07-04.06.06:293][  0]BlueprintLog: New page: Editor Load
[2015.08.07-04.06.06:815][  0]LogConsoleManager:Warning: Console variable 'r.VSync' wasn't set ('GameSetting' has a lower priority than 'SystemSettingsIni')
[2015.08.07-04.06.06:815][  0]LogConsoleResponse:Display: 
[2015.08.07-04.06.06:899][  0]LogCook:Display: Done creating registry. It took  0.00s.
[2015.08.07-04.06.07:064][  0]SourceControl: Info Source control is disabled
[2015.08.07-04.06.07:064][  0]Cmd: MAP LOAD FILE="../../../../../../Source Tree/Spook/Spook_Prototype/Content/ThirdPersonBP/Maps/ThirdPersonExampleMap.umap" TEMPLATE=0 SHOWPROGRESS=1 FEATURELEVEL=3
[2015.08.07-04.06.07:064][  0]LogEditorServer:Warning: Can't find file '../../../../../../Source Tree/Spook/Spook_Prototype/Content/ThirdPersonBP/Maps/ThirdPersonExampleMap.umap'
[2015.08.07-04.06.07:064][  0]Cmd: MAP CHECKDEP NOCLEARLOG
[2015.08.07-04.06.07:095][  0]MapCheck: Info Map check complete: 0 Error(s), 0 Warning(s), took 30.216ms to complete.
[2015.08.07-04.06.07:095][  0]LogFileHelpers: Loading map 'ThirdPersonExampleMap' took 0.031
[2015.08.07-04.06.07:202][  0]LogCollectionManager: Loaded 0 collections in 0.001590 seconds
[2015.08.07-04.06.07:208][  0]LogContentBrowser: Native class hierarchy populated in 0.0060 seconds. Added 1807 classes and 307 folders.
[2015.08.07-04.06.07:246][  0]LogContentBrowser: Native class hierarchy updated for 'WidgetCarousel' in 0.0003 seconds. Added 0 classes and 0 folders.
[2015.08.07-04.06.07:267][  0]LogContentBrowser: Native class hierarchy updated for 'AddContentDialog' in 0.0003 seconds. Added 0 classes and 0 folders.
[2015.08.07-04.06.07:281][  0]LogContentBrowser: Native class hierarchy updated for 'SceneOutliner' in 0.0003 seconds. Added 1 classes and 2 folders.
[2015.08.07-04.06.07:323][  0]LogCrashTracker: Crashtracker disabled due to settings.
[2015.08.07-04.06.07:324][  0]LogD3D11RHI: InitD3DDevice
[2015.08.07-04.06.07:328][  0]LogUObjectGlobals:Warning: Failed to find object 'Class None.'
[2015.08.07-04.06.07:348][  0]LogLoad: Full Startup: 7.28 seconds (BP compile: 0.01 seconds)
[2015.08.07-04.06.07:722][  0]LogContentStreaming: Texture pool size is 0.000000MB
[2015.08.07-04.06.07:738][  0]LogContentStreaming: Texture pool size now 1000 MB
[2015.08.07-04.06.07:906][  0]LogRenderer: Reallocating scene render targets to support 1056x560 (Frame:2).
[2015.08.07-04.06.08:398][  3]LogD3D11RHI: InitD3DDevice
[2015.08.07-04.06.09:366][  5]LogAssetRegistry: Asset discovery search completed in 4.0522 seconds
[2015.08.07-04.07.36:602][332]LogD3D11RHI: InitD3DDevice
[2015.08.07-04.07.37:442][356]LogRenderer: Reallocating scene render targets to support 1056x584 (Frame:5).
[2015.08.07-04.07.43:104][961]LogD3D11RHI: InitD3DDevice
[2015.08.07-04.07.44:027][961]LogAIModule: Creating AISystem for world Spook_World
[2015.08.07-04.07.44:131][961]Cmd: MAP LOAD FILE="../../../../../../Source Tree/Spook/Spook_Prototype/Content/Spook/MapAndGameMode/Spook_World.umap" TEMPLATE=0 SHOWPROGRESS=1 FEATURELEVEL=3
[2015.08.07-04.07.44:131][961]LightingResults: New page: Lighting Build
[2015.08.07-04.07.44:141][961]LogContentBrowser: Native class hierarchy updated for 'StatsViewer' in 0.0003 seconds. Added 5 classes and 0 folders.
[2015.08.07-04.07.44:159][961]LoadErrors: New page: Loading map: Spook_World.umap
[2015.08.07-04.07.44:159][961]MapCheck: New page: Map Check
[2015.08.07-04.07.44:159][961]LightingResults: New page: Lighting Build
[2015.08.07-04.07.44:167][961]LogParticles: Destroying 0 GPU particle simulations for FXSystem 0x000000001C79A200
[2015.08.07-04.07.44:294][961]LogAIModule: Creating AISystem for world Spook_World
[2015.08.07-04.07.44:331][961]LogEditorServer: Finished looking for orphan Actors (0.000 secs)
[2015.08.07-04.07.44:368][961]Cmd: MAP CHECKDEP NOCLEARLOG
[2015.08.07-04.07.44:402][961]MapCheck: Info Map check complete: 0 Error(s), 0 Warning(s), took 34.538ms to complete.
[2015.08.07-04.07.44:402][961]LogFileHelpers: Loading map 'Spook_World' took 0.273
[2015.08.07-04.07.54:847][132]LogCrashTracker: 

