[2015.08.12-07.53.49:960][  0]Log file open, 08/12/15 17:53:49
[2015.08.12-07.53.49:960][  0]LogInit:Display: Running engine for game: Spook_Prototype
[2015.08.12-07.53.49:960][  0]LogInit:Display: RandInit(1900576493) SRandInit(1900576493).
[2015.08.12-07.53.49:960][  0]LogTaskGraph: Started task graph with 4 named threads and 7 total threads.
[2015.08.12-07.53.49:960][  0]LogStats: Stats thread started
[2015.08.12-07.53.49:960][  0]LogInit: Version: 4.8.3-2634408+++depot+UE4-Releases+4.8
[2015.08.12-07.53.49:960][  0]LogInit: API Version: 2579680
[2015.08.12-07.53.49:960][  0]LogInit: Compiled (64-bit): Jul 27 2015 16:24:33
[2015.08.12-07.53.49:960][  0]LogInit: Compiled with Visual C++: 18.00.21005.01
[2015.08.12-07.53.49:960][  0]LogInit: Build Configuration: Development
[2015.08.12-07.53.49:960][  0]LogInit: Branch Name: ++depot+UE4-Releases+4.8
[2015.08.12-07.53.49:960][  0]LogInit: Command line:  
[2015.08.12-07.53.49:960][  0]LogInit: Base directory: C:/Program Files/Unreal Engine/Unreal Engine/4.8/Engine/Binaries/Win64/
[2015.08.12-07.53.49:960][  0]LogInit: Rocket: 1
[2015.08.12-07.53.49:960][  0]LogInit: Using libcurl 7.41.0
[2015.08.12-07.53.49:960][  0]LogInit:  - built for x86_64-pc-win32
[2015.08.12-07.53.49:960][  0]LogInit:  - supports SSL with WinSSL
[2015.08.12-07.53.49:960][  0]LogInit:  - other features:
[2015.08.12-07.53.49:960][  0]LogInit:      CURL_VERSION_SSL
[2015.08.12-07.53.49:960][  0]LogInit:      CURL_VERSION_IPV6
[2015.08.12-07.53.49:960][  0]LogInit:      CURL_VERSION_ASYNCHDNS
[2015.08.12-07.53.49:960][  0]LogInit:      CURL_VERSION_LARGEFILE
[2015.08.12-07.53.49:960][  0]LogInit:      CURL_VERSION_IDN
[2015.08.12-07.53.49:960][  0]LogInit:  CurlRequestOptions (configurable via config and command line):
[2015.08.12-07.53.49:960][  0]LogInit:  - bVerifyPeer = true  - Libcurl will verify peer certificate
[2015.08.12-07.53.49:960][  0]LogInit:  - bUseHttpProxy = false  - Libcurl will NOT use HTTP proxy
[2015.08.12-07.53.49:960][  0]LogInit:  - bDontReuseConnections = false  - Libcurl will reuse connections
[2015.08.12-07.53.49:960][  0]LogInit:  - CertBundlePath = nullptr  - Libcurl will use whatever was configured at build time.
[2015.08.12-07.53.49:976][  0]LogOnline:Warning: No default platform service specified for OnlineSubsystem
[2015.08.12-07.53.50:007][  0]LogInit: Presizing for 0 objects not considered by GC, pre-allocating 0 bytes.
[2015.08.12-07.53.50:007][  0]LogInit: Object subsystem initialized
[2015.08.12-07.53.50:007][  0]LogConsoleResponse:Warning: Skipping Unknown console variable: 'TranslucentSortAxis = (X=0.000000,Y=-1.000000,Z=0.000000)'
[2015.08.12-07.53.50:007][  0]LogConsoleResponse:Warning:   Found in ini file 'C:/Users/jackson.luff/SourceTree/Spook/Spook_Prototype/Saved/Config/Windows/Engine.ini', in section '[/Script/Engine.RendererSettings]'
[2015.08.12-07.53.50:007][  0]LogConsoleResponse:Warning: Skipping Unknown console variable: 'UIScaleRule = ShortestSide'
[2015.08.12-07.53.50:007][  0]LogConsoleResponse:Warning:   Found in ini file 'C:/Users/jackson.luff/SourceTree/Spook/Spook_Prototype/Saved/Config/Windows/Engine.ini', in section '[/Script/Engine.RendererSettings]'
[2015.08.12-07.53.50:007][  0]LogConsoleResponse:Warning: Skipping Unknown console variable: 'UIScaleCurve = (EditorCurveData=(Keys=),ExternalCurve=None)'
[2015.08.12-07.53.50:007][  0]LogConsoleResponse:Warning:   Found in ini file 'C:/Users/jackson.luff/SourceTree/Spook/Spook_Prototype/Saved/Config/Windows/Engine.ini', in section '[/Script/Engine.RendererSettings]'
[2015.08.12-07.53.50:007][  0]LogInit: Selected Device Profile: [Windows]
[2015.08.12-07.53.50:007][  0]LogInit: Applying CVar settings loaded from the selected device profile: [Windows]
[2015.08.12-07.53.50:038][  0]LogInit: Computer: FCAA148BAB6F
[2015.08.12-07.53.50:038][  0]LogInit: User: jacksonluff
[2015.08.12-07.53.50:038][  0]LogInit: CPU Page size=4096, Cores=4
[2015.08.12-07.53.50:038][  0]LogInit: High frequency timer resolution =3.417978 MHz
[2015.08.12-07.53.50:038][  0]LogMemory: Memory total: Physical=31.9GB (32GB approx)
[2015.08.12-07.53.50:038][  0]LogMemory: Platform Memory Stats for Windows
[2015.08.12-07.53.50:038][  0]LogMemory: Process Physical Memory: 49.23 MB used, 49.23 MB peak
[2015.08.12-07.53.50:038][  0]LogMemory: Process Virtual Memory: 24.43 MB used, 24.43 MB peak
[2015.08.12-07.53.50:038][  0]LogMemory: Physical Memory: 3327.11 MB used, 32631.49 MB total
[2015.08.12-07.53.50:038][  0]LogMemory: Virtual Memory: 283.67 MB used, 8388608.00 MB total
[2015.08.12-07.53.50:170][  0]LogTextLocalizationManager: The requested culture ('en_AU') has no localization data; parent culture's ('en') localization data will be used.
[2015.08.12-07.53.50:352][  0]LogTextLocalizationManager:Warning: Loaded localization resources contain conflicting entries for (Namespace:ContentBrowser, Key:ImportAssetToolTip):
Localization Resource: (C:/Program Files/Unreal Engine/Unreal Engine/4.8/Engine/Content/Localization/Editor/en/Editor.locres) Source String Hash: (-630476809) Localized String: (Import to {0}...)
Localization Resource: (C:/Program Files/Unreal Engine/Unreal Engine/4.8/Engine/Content/Localization/Editor/en/Editor.locres) Source String Hash: (1271782899) Localized String: (Imports an asset from file to this folder.)
[2015.08.12-07.53.50:667][  0]LogD3D11RHI: Found D3D11 adapter 0: NVIDIA GeForce GTX 960 (Feature Level 11_0)
[2015.08.12-07.53.50:667][  0]LogD3D11RHI: Adapter has 1930MB of dedicated video memory, 0MB of dedicated system memory, and 2048MB of shared system memory, 2 output[s]
[2015.08.12-07.53.50:667][  0]LogD3D11RHI: Chosen D3D11 Adapter Id = 0
[2015.08.12-07.53.50:671][  0]LogD3D11RHI: InitD3DDevice
[2015.08.12-07.53.50:671][  0]LogD3D11RHI: !Direct3DDevice
[2015.08.12-07.53.50:671][  0]LogRHI: Texture pool is 1351 MB (70% of 1930 MB)
[2015.08.12-07.53.50:677][  0]LogD3D11RHI: Async texture creation enabled
[2015.08.12-07.53.50:691][  0]LogShaderCompilers:Display: Using Local Shader Compiler.
[2015.08.12-07.53.51:762][  0]LogTemp:Display: Loaded TP DesktopTargetPlatform
[2015.08.12-07.53.51:772][  0]LogTemp:Display: Loaded TP WindowsClientTargetPlatform
[2015.08.12-07.53.51:783][  0]LogTemp:Display: Loaded TP WindowsNoEditorTargetPlatform
[2015.08.12-07.53.51:793][  0]LogTemp:Display: Loaded TP WindowsServerTargetPlatform
[2015.08.12-07.53.51:804][  0]LogTemp:Display: Loaded TP WindowsTargetPlatform
[2015.08.12-07.53.51:816][  0]LogTemp:Display: Loaded TP AndroidTargetPlatform
[2015.08.12-07.53.51:825][  0]LogTemp:Display: Loaded TP Android_ASTCTargetPlatform
[2015.08.12-07.53.51:833][  0]LogTemp:Display: Loaded TP Android_ATCTargetPlatform
[2015.08.12-07.53.51:843][  0]LogTemp:Display: Loaded TP Android_DXTTargetPlatform
[2015.08.12-07.53.51:854][  0]LogTemp:Display: Loaded TP Android_ETC1TargetPlatform
[2015.08.12-07.53.51:863][  0]LogTemp:Display: Loaded TP Android_ETC2TargetPlatform
[2015.08.12-07.53.51:872][  0]LogTemp:Display: Loaded TP Android_PVRTCTargetPlatform
[2015.08.12-07.53.51:938][  0]LogTemp:Display: Loaded TP IOSTargetPlatform
[2015.08.12-07.53.51:946][  0]LogTemp:Display: Loaded TP LinuxNoEditorTargetPlatform
[2015.08.12-07.53.51:956][  0]LogTemp:Display: Loaded TP LinuxServerTargetPlatform
[2015.08.12-07.53.51:967][  0]LogTemp:Display: Loaded TP LinuxTargetPlatform
[2015.08.12-07.53.51:967][  0]LogTargetPlatformManager:Display: Building Assets For Windows
[2015.08.12-07.53.52:320][  0]LogDerivedDataCache:Display: Max Cache Size: 512 MB
[2015.08.12-07.53.52:364][  0]LogDerivedDataCache: Loaded boot cache 0.04s 53MB C:/Users/jackson.luff/AppData/Local/UnrealEngine/4.8/DerivedDataCache/Boot.ddc.
[2015.08.12-07.53.52:364][  0]LogDerivedDataCache:Display: Loaded Boot cache: C:/Users/jackson.luff/AppData/Local/UnrealEngine/4.8/DerivedDataCache/Boot.ddc
[2015.08.12-07.53.52:364][  0]LogDerivedDataCache: FDerivedDataBackendGraph:  Pak pak cache file ../../../../../../../Users/jackson.luff/SourceTree/Spook/Spook_Prototype/DerivedDataCache/DDC.ddp not found, will not use a pak cache.
[2015.08.12-07.53.52:364][  0]LogDerivedDataCache: Unable to find inner node Pak for hierarchical cache Hierarchy.
[2015.08.12-07.53.52:364][  0]LogDerivedDataCache: FDerivedDataBackendGraph:  CompressedPak pak cache file ../../../../../../../Users/jackson.luff/SourceTree/Spook/Spook_Prototype/DerivedDataCache/Compressed.ddp not found, will not use a pak cache.
[2015.08.12-07.53.52:364][  0]LogDerivedDataCache: Unable to find inner node CompressedPak for hierarchical cache Hierarchy.
[2015.08.12-07.53.52:504][  0]LogDerivedDataCache:Display: Pak cache opened for reading ../../../Engine/DerivedDataCache/Compressed.ddp.
[2015.08.12-07.53.52:515][  0]LogDerivedDataCache: Using Local data cache path C:/Users/jackson.luff/AppData/Local/UnrealEngine/Common/DerivedDataCache: Writable
[2015.08.12-07.53.54:399][  0]LogInit: Selected Device Profile: [Windows]
[2015.08.12-07.53.54:407][  0]ImportText (ComponentSweepMultiTests): Missing closing parenthesis: (RootShapeAsset="/Engine/BasicShapes/Cube.Cube",ShapeType="TriggerCapsule",HitResult=(Time=0.50,Location=(X=-100.000015,Y=0.0,Z=100.000015),ImpactPoint=(X=-50.0,Y=0.0,Z=50.0),Normal=(X=-1.0,Y=-0.0,Z=0.0),ImpactNormal=(X=0.0,Y=0.0,Z=1.0),TraceStart=(X=-200.0,Y=0.0,Z=200.0),TraceEnd=(X=0.0,Y=0.0,Z=0.0))
[2015.08.12-07.53.54:407][  0]ImportText (LineTraceSingleByChannelTests): Missing closing parenthesis: (RootShapeAsset="/Engine/BasicShapes/Cube.Cube",HitResult=(Time=0.50,Location=(X=-100.000015,Y=0.0,Z=100.000015),ImpactPoint=(X=-50.0,Y=0.0,Z=50.0),Normal=(X=-1.0,Y=-0.0,Z=0.0),ImpactNormal=(X=0.0,Y=0.0,Z=1.0),TraceStart=(X=-200.0,Y=0.0,Z=200.0),TraceEnd=(X=0.0,Y=0.0,Z=0.0))
[2015.08.12-07.53.54:427][  0]LogMeshUtilities: No automatic mesh reduction module available
[2015.08.12-07.53.54:427][  0]LogMeshUtilities: No automatic mesh merging module available
[2015.08.12-07.53.54:773][  0]LogInit: WinSock: version 1.1 (2.2), MaxSocks=32767, MaxUdp=65467
[2015.08.12-07.53.55:787][  0]LogAssetRegistry: FAssetRegistry took 0.0098 seconds to start up
[2015.08.12-07.53.55:796][  0]LogDirectoryWatcher:Warning: Failed to begin reading directory changes for ../../../Engine/Plugins/Experimental/CharacterAI/Content/. Error: 0
[2015.08.12-07.53.55:805][  0]UdpMessaging: Initializing bridge on interface 0.0.0.0:0 to multicast group 230.0.0.1:6666.
[2015.08.12-07.53.56:066][  0]SourceControl: Info Source control is disabled
[2015.08.12-07.53.56:070][  0]SourceControl: Info Source control is disabled
[2015.08.12-07.53.56:078][  0]SourceControl: Info Source control is disabled
[2015.08.12-07.53.56:085][  0]SourceControl: Info Source control is disabled
[2015.08.12-07.53.56:282][  0]LogObj: 26440 objects as part of root set at end of initial load.
[2015.08.12-07.53.56:282][  0]LogUObjectAllocator: 5438864 out of 0 bytes used by permanent object pool.
[2015.08.12-07.53.56:338][  0]LogEngine: Initializing Engine...
[2015.08.12-07.53.56:340][  0]LogHMD: Can't find Oculus library dev build: is proper Runtime installed? Version: 0.6.0.0
[2015.08.12-07.53.56:347][  0]LogHMD:Warning: SteamVR failed to initialize.  Error: 110
[2015.08.12-07.53.56:461][  0]LogAIModule: Creating AISystem for world NewWorld
[2015.08.12-07.53.56:465][  0]LogInit: XAudio2 using 'Speakers (Realtek High Definition Audio)' : 4 channels at 48 kHz using 32 bits per sample (channel mask 0x33)
[2015.08.12-07.53.56:480][  0]LogInit: FAudioDevice initialized.
[2015.08.12-07.53.56:503][  0]LogDerivedDataCache: Saved boot cache 0.02s 53MB C:/Users/jackson.luff/AppData/Local/UnrealEngine/4.8/DerivedDataCache/Boot.ddc.
[2015.08.12-07.53.56:507][  0]LogInit: Texture streaming: Disabled
[2015.08.12-07.53.56:524][  0]LogAnalytics: Creating configured Analytics provider AnalyticsET
[2015.08.12-07.53.56:524][  0]LogAnalytics: [UEEditor.Rocket.Release] APIServer = http://et2.epicgames.com/ET2/. AppVersion = 4.8.3-2634408+++depot+UE4-Releases+4.8
[2015.08.12-07.53.56:524][  0]LogAnalytics: [UEEditor.Rocket.Release] SetUserId fba57b964110f3261c634faadd895e7a|7cf267475aab4bafb7b336aedadbdf03|f87008b7-aa00-46f1-9890-a0dcf6a2792f
[2015.08.12-07.53.56:524][  0]LogAnalytics: [UEEditor.Rocket.Release] AnalyticsET::StartSession
[2015.08.12-07.53.56:550][  0]LogInit: Transaction tracking system initialized
[2015.08.12-07.53.56:642][  0]BlueprintLog: New page: Editor Load
[2015.08.12-07.53.57:079][  0]LogConsoleManager:Warning: Console variable 'r.VSync' wasn't set ('GameSetting' has a lower priority than 'SystemSettingsIni')
[2015.08.12-07.53.57:080][  0]LogConsoleResponse:Display: 
[2015.08.12-07.53.57:157][  0]LogCook:Display: Done creating registry. It took  0.00s.
[2015.08.12-07.53.57:293][  0]SourceControl: Info Source control is disabled
[2015.08.12-07.53.57:293][  0]Cmd: MAP LOAD FILE="../../../../../../../Users/jackson.luff/SourceTree/Spook/Spook_Prototype/Content/ThirdPersonBP/Maps/ThirdPersonExampleMap.umap" TEMPLATE=0 SHOWPROGRESS=1 FEATURELEVEL=3
[2015.08.12-07.53.57:293][  0]LogEditorServer:Warning: Can't find file '../../../../../../../Users/jackson.luff/SourceTree/Spook/Spook_Prototype/Content/ThirdPersonBP/Maps/ThirdPersonExampleMap.umap'
[2015.08.12-07.53.57:293][  0]Cmd: MAP CHECKDEP NOCLEARLOG
[2015.08.12-07.53.57:316][  0]MapCheck: Info Map check complete: 0 Error(s), 0 Warning(s), took 22.668ms to complete.
[2015.08.12-07.53.57:316][  0]LogFileHelpers: Loading map 'ThirdPersonExampleMap' took 0.023
[2015.08.12-07.53.57:429][  0]LogCollectionManager: Loaded 0 collections in 0.001599 seconds
[2015.08.12-07.53.57:434][  0]LogContentBrowser: Native class hierarchy populated in 0.0054 seconds. Added 1807 classes and 307 folders.
[2015.08.12-07.53.57:470][  0]LogContentBrowser: Native class hierarchy updated for 'WidgetCarousel' in 0.0003 seconds. Added 0 classes and 0 folders.
[2015.08.12-07.53.57:534][  0]LogContentBrowser: Native class hierarchy updated for 'AddContentDialog' in 0.0003 seconds. Added 0 classes and 0 folders.
[2015.08.12-07.53.57:546][  0]LogContentBrowser: Native class hierarchy updated for 'SceneOutliner' in 0.0003 seconds. Added 1 classes and 2 folders.
[2015.08.12-07.53.57:568][  0]LogCrashTracker: Crashtracker disabled due to settings.
[2015.08.12-07.53.57:569][  0]LogD3D11RHI: InitD3DDevice
[2015.08.12-07.53.57:574][  0]LogUObjectGlobals:Warning: Failed to find object 'Class None.'
[2015.08.12-07.53.57:595][  0]LogLoad: Full Startup: 8.92 seconds (BP compile: 0.02 seconds)
[2015.08.12-07.53.57:988][  0]LogContentStreaming: Texture pool size is 0.000000MB
[2015.08.12-07.53.58:003][  0]LogContentStreaming: Texture pool size now 1000 MB
[2015.08.12-07.53.58:143][  0]LogRenderer: Reallocating scene render targets to support 1208x600 (Frame:2).
[2015.08.12-07.53.58:642][  3]LogD3D11RHI: InitD3DDevice
[2015.08.12-07.53.59:270][  4]LogAssetRegistry: Asset discovery search completed in 3.4933 seconds
[2015.08.12-07.54.02:330][217]LogD3D11RHI: InitD3DDevice
[2015.08.12-07.54.05:815][582]LogD3D11RHI: InitD3DDevice
[2015.08.12-07.54.06:909][582]LogAIModule: Creating AISystem for world Spook_World
[2015.08.12-07.54.07:001][582]Cmd: MAP LOAD FILE="../../../../../../../Users/jackson.luff/SourceTree/Spook/Spook_Prototype/Content/Spook/MapAndGameMode/Spook_World.umap" TEMPLATE=0 SHOWPROGRESS=1 FEATURELEVEL=3
[2015.08.12-07.54.07:001][582]LightingResults: New page: Lighting Build
[2015.08.12-07.54.07:010][582]LogContentBrowser: Native class hierarchy updated for 'StatsViewer' in 0.0003 seconds. Added 5 classes and 0 folders.
[2015.08.12-07.54.07:025][582]LoadErrors: New page: Loading map: Spook_World.umap
[2015.08.12-07.54.07:026][582]MapCheck: New page: Map Check
[2015.08.12-07.54.07:026][582]LightingResults: New page: Lighting Build
[2015.08.12-07.54.07:033][582]LogParticles: Destroying 0 GPU particle simulations for FXSystem 0x000000001CA46200
[2015.08.12-07.54.07:828][582]LogAIModule: Creating AISystem for world Spook_World
[2015.08.12-07.54.07:832][582]LogPhysics:Warning: FConstraintInstance::GetRefFrame : Contained scale.
[2015.08.12-07.54.07:834][582]LogEditorServer: Finished looking for orphan Actors (0.000 secs)
[2015.08.12-07.54.08:496][582]Cmd: MAP CHECKDEP NOCLEARLOG
[2015.08.12-07.54.08:642][582]MapCheck:Warning: Warning SheepController_C_1 MaterialBillboardComponent /Game/Spook/MapAndGameMode/Spook_World.Spook_World:PersistentLevel.SheepController_C_1.Possession Indicator : Externally referenced 
[2015.08.12-07.54.08:642][582]MapCheck:Warning: Warning SheepController_C_1 SkeletalMeshComponent /Game/Spook/MapAndGameMode/Spook_World.Spook_World:PersistentLevel.SheepController_C_1.CharacterMesh0 : Externally referenced 
[2015.08.12-07.54.08:642][582]MapCheck:Warning: Warning BP_BoarAnim_C_1 BP_BoarAnim_C /Game/Spook/MapAndGameMode/Spook_World.Spook_World:PersistentLevel.TEST_BoarController_C_2.CharacterMesh0.BP_BoarAnim_C_1 : Externally referenced 
[2015.08.12-07.54.08:642][582]MapCheck:Warning: Warning BP_BoarAnim_C_1 BP_BoarAnim_C /Game/Spook/MapAndGameMode/Spook_World.Spook_World:PersistentLevel.TEST_BoarController_C_2.CharacterMesh0.BP_BoarAnim_C_1 : Externally referenced 
[2015.08.12-07.54.08:642][582]MapCheck:Warning: Warning TEST_BoarController_C_2 SkeletalMeshComponent /Game/Spook/MapAndGameMode/Spook_World.Spook_World:PersistentLevel.TEST_BoarController_C_2.CharacterMesh0 : Externally referenced 
[2015.08.12-07.54.08:642][582]MapCheck:Warning: Warning InstancedFoliageActor_0 HierarchicalInstancedStaticMeshComponent /Game/Spook/MapAndGameMode/Spook_World.Spook_World:PersistentLevel.InstancedFoliageActor_0.HierarchicalInstancedStaticMeshComponent_0 : Externally referenced 
[2015.08.12-07.54.08:642][582]MapCheck:Warning: Warning InstancedFoliageActor_0 InstancedFoliageActor /Game/Spook/MapAndGameMode/Spook_World.Spook_World:PersistentLevel.InstancedFoliageActor_0 : Externally referenced 
[2015.08.12-07.54.08:642][582]MapCheck:Warning: Warning Graveyard_Blockout_7 StaticMeshComponent /Game/Spook/MapAndGameMode/Spook_World.Spook_World:PersistentLevel.Graveyard_Blockout_7.StaticMeshComponent0 : Externally referenced 
[2015.08.12-07.54.08:642][582]MapCheck:Warning: Warning Open_blockout_4 StaticMeshComponent /Game/Spook/MapAndGameMode/Spook_World.Spook_World:PersistentLevel.Open_blockout_4.StaticMeshComponent0 : Externally referenced 
[2015.08.12-07.54.08:642][582]MapCheck:Warning: Warning floor_10x10_76 StaticMeshComponent /Game/Spook/MapAndGameMode/Spook_World.Spook_World:PersistentLevel.floor_10x10_76.StaticMeshComponent0 : Externally referenced 
[2015.08.12-07.54.08:643][582]MapCheck:Warning: Warning Cube6 StaticMeshComponent /Game/Spook/MapAndGameMode/Spook_World.Spook_World:PersistentLevel.Cube6.StaticMeshComponent0 : Externally referenced 
[2015.08.12-07.54.08:643][582]MapCheck:Warning: Warning Cube5 StaticMeshComponent /Game/Spook/MapAndGameMode/Spook_World.Spook_World:PersistentLevel.Cube5.StaticMeshComponent0 : Externally referenced 
[2015.08.12-07.54.08:643][582]MapCheck:Warning: Warning Cube4 StaticMeshComponent /Game/Spook/MapAndGameMode/Spook_World.Spook_World:PersistentLevel.Cube4.StaticMeshComponent0 : Externally referenced 
[2015.08.12-07.54.08:643][582]MapCheck:Warning: Warning Cube2 StaticMeshComponent /Game/Spook/MapAndGameMode/Spook_World.Spook_World:PersistentLevel.Cube2.StaticMeshComponent0 : Externally referenced 
[2015.08.12-07.54.08:643][582]MapCheck:Warning: Warning floor_10x10_76 StaticMeshComponent /Game/Spook/MapAndGameMode/Spook_World.Spook_World:PersistentLevel.floor_10x10_76.StaticMeshComponent0 : Externally referenced 
[2015.08.12-07.54.08:643][582]MapCheck:Warning: Warning BreakableFence9 StaticMeshComponent /Game/Spook/MapAndGameMode/Spook_World.Spook_World:PersistentLevel.BreakableFence9.StaticMeshComponent0 : Externally referenced 
[2015.08.12-07.54.08:643][582]MapCheck:Warning: Warning BreakableFence25 StaticMeshComponent /Game/Spook/MapAndGameMode/Spook_World.Spook_World:PersistentLevel.BreakableFence25.StaticMeshComponent0 : Externally referenced 
[2015.08.12-07.54.08:643][582]MapCheck:Warning: Warning BreakableFence24 StaticMeshComponent /Game/Spook/MapAndGameMode/Spook_World.Spook_World:PersistentLevel.BreakableFence24.StaticMeshComponent0 : Externally referenced 
[2015.08.12-07.54.08:643][582]MapCheck:Warning: Warning BreakableFence23 StaticMeshComponent /Game/Spook/MapAndGameMode/Spook_World.Spook_World:PersistentLevel.BreakableFence23.StaticMeshComponent0 : Externally referenced 
[2015.08.12-07.54.08:643][582]MapCheck:Warning: Warning BreakableFence22 StaticMeshComponent /Game/Spook/MapAndGameMode/Spook_World.Spook_World:PersistentLevel.BreakableFence22.StaticMeshComponent0 : Externally referenced 
[2015.08.12-07.54.08:643][582]MapCheck:Warning: Warning BreakableFence21 StaticMeshComponent /Game/Spook/MapAndGameMode/Spook_World.Spook_World:PersistentLevel.BreakableFence21.StaticMeshComponent0 : Externally referenced 
[2015.08.12-07.54.08:643][582]MapCheck:Warning: Warning BreakableFence20 StaticMeshComponent /Game/Spook/MapAndGameMode/Spook_World.Spook_World:PersistentLevel.BreakableFence20.StaticMeshComponent0 : Externally referenced 
[2015.08.12-07.54.08:643][582]MapCheck:Warning: Warning BreakableFence1_33 StaticMeshComponent /Game/Spook/MapAndGameMode/Spook_World.Spook_World:PersistentLevel.BreakableFence1_33.StaticMeshComponent0 : Externally referenced 
[2015.08.12-07.54.08:643][582]MapCheck:Warning: Warning BreakableFence19 StaticMeshComponent /Game/Spook/MapAndGameMode/Spook_World.Spook_World:PersistentLevel.BreakableFence19.StaticMeshComponent0 : Externally referenced 
[2015.08.12-07.54.08:643][582]MapCheck:Warning: Warning BreakableFence18 StaticMeshComponent /Game/Spook/MapAndGameMode/Spook_World.Spook_World:PersistentLevel.BreakableFence18.StaticMeshComponent0 : Externally referenced 
[2015.08.12-07.54.08:643][582]MapCheck:Warning: Warning BreakableFence17 StaticMeshComponent /Game/Spook/MapAndGameMode/Spook_World.Spook_World:PersistentLevel.BreakableFence17.StaticMeshComponent0 : Externally referenced 
[2015.08.12-07.54.08:643][582]MapCheck:Warning: Warning BreakableFence16 StaticMeshComponent /Game/Spook/MapAndGameMode/Spook_World.Spook_World:PersistentLevel.BreakableFence16.StaticMeshComponent0 : Externally referenced 
[2015.08.12-07.54.08:643][582]MapCheck:Warning: Warning BreakableFence15 StaticMeshComponent /Game/Spook/MapAndGameMode/Spook_World.Spook_World:PersistentLevel.BreakableFence15.StaticMeshComponent0 : Externally referenced 
[2015.08.12-07.54.08:643][582]MapCheck:Warning: Warning BreakableFence14 StaticMeshComponent /Game/Spook/MapAndGameMode/Spook_World.Spook_World:PersistentLevel.BreakableFence14.StaticMeshComponent0 : Externally referenced 
[2015.08.12-07.54.08:643][582]MapCheck:Warning: Warning BreakableFence13 StaticMeshComponent /Game/Spook/MapAndGameMode/Spook_World.Spook_World:PersistentLevel.BreakableFence13.StaticMeshComponent0 : Externally referenced 
[2015.08.12-07.54.08:643][582]MapCheck:Warning: Warning BreakableFence12 StaticMeshComponent /Game/Spook/MapAndGameMode/Spook_World.Spook_World:PersistentLevel.BreakableFence12.StaticMeshComponent0 : Externally referenced 
[2015.08.12-07.54.08:643][582]MapCheck:Warning: Warning BreakableFence11 StaticMeshComponent /Game/Spook/MapAndGameMode/Spook_World.Spook_World:PersistentLevel.BreakableFence11.StaticMeshComponent0 : Externally referenced 
[2015.08.12-07.54.08:643][582]MapCheck:Warning: Warning BreakableFence10 StaticMeshComponent /Game/Spook/MapAndGameMode/Spook_World.Spook_World:PersistentLevel.BreakableFence10.StaticMeshComponent0 : Externally referenced 
[2015.08.12-07.54.08:643][582]MapCheck:Warning: Warning BreakableFence8 StaticMeshComponent /Game/Spook/MapAndGameMode/Spook_World.Spook_World:PersistentLevel.BreakableFence8.StaticMeshComponent0 : Externally referenced 
[2015.08.12-07.54.08:644][582]MapCheck:Warning: Warning BreakableFence7 StaticMeshComponent /Game/Spook/MapAndGameMode/Spook_World.Spook_World:PersistentLevel.BreakableFence7.StaticMeshComponent0 : Externally referenced 
[2015.08.12-07.54.08:644][582]MapCheck:Warning: Warning BreakableFence6 StaticMeshComponent /Game/Spook/MapAndGameMode/Spook_World.Spook_World:PersistentLevel.BreakableFence6.StaticMeshComponent0 : Externally referenced 
[2015.08.12-07.54.08:644][582]MapCheck:Warning: Warning BreakableFence5 StaticMeshComponent /Game/Spook/MapAndGameMode/Spook_World.Spook_World:PersistentLevel.BreakableFence5.StaticMeshComponent0 : Externally referenced 
[2015.08.12-07.54.08:644][582]MapCheck:Warning: Warning BreakableFence4 StaticMeshComponent /Game/Spook/MapAndGameMode/Spook_World.Spook_World:PersistentLevel.BreakableFence4.StaticMeshComponent0 : Externally referenced 
[2015.08.12-07.54.08:644][582]MapCheck:Warning: Warning BreakableFence3 StaticMeshComponent /Game/Spook/MapAndGameMode/Spook_World.Spook_World:PersistentLevel.BreakableFence3.StaticMeshComponent0 : Externally referenced 
[2015.08.12-07.54.08:644][582]MapCheck:Warning: Warning BreakableFence2_11 StaticMeshComponent /Game/Spook/MapAndGameMode/Spook_World.Spook_World:PersistentLevel.BreakableFence2_11.StaticMeshComponent0 : Externally referenced 
[2015.08.12-07.54.08:644][582]MapCheck:Warning: Warning Graveyard_Blockout_7 StaticMeshComponent /Game/Spook/MapAndGameMode/Spook_World.Spook_World:PersistentLevel.Graveyard_Blockout_7.StaticMeshComponent0 : Externally referenced 
[2015.08.12-07.54.08:644][582]MapCheck:Warning: Warning Open_blockout_4 StaticMeshComponent /Game/Spook/MapAndGameMode/Spook_World.Spook_World:PersistentLevel.Open_blockout_4.StaticMeshComponent0 : Externally referenced 
[2015.08.12-07.54.08:644][582]MapCheck:Warning: Warning LargePlatform_66 StaticMeshComponent /Game/Spook/MapAndGameMode/Spook_World.Spook_World:PersistentLevel.LargePlatform_66.StaticMeshComponent0 : Externally referenced 
[2015.08.12-07.54.08:644][582]MapCheck:Warning: Warning SmallPlatform_63 StaticMeshComponent /Game/Spook/MapAndGameMode/Spook_World.Spook_World:PersistentLevel.SmallPlatform_63.StaticMeshComponent0 : Externally referenced 
[2015.08.12-07.54.08:644][582]MapCheck:Warning: Warning WallPlatform_60 StaticMeshComponent /Game/Spook/MapAndGameMode/Spook_World.Spook_World:PersistentLevel.WallPlatform_60.StaticMeshComponent0 : Externally referenced 
[2015.08.12-07.54.08:644][582]MapCheck:Warning: Warning WallPlatform2_70 StaticMeshComponent /Game/Spook/MapAndGameMode/Spook_World.Spook_World:PersistentLevel.WallPlatform2_70.StaticMeshComponent0 : Externally referenced 
[2015.08.12-07.54.08:644][582]MapCheck:Warning: Warning LowPolyRock5_55 StaticMeshComponent /Game/Spook/MapAndGameMode/Spook_World.Spook_World:PersistentLevel.LowPolyRock5_55.StaticMeshComponent0 : Externally referenced 
[2015.08.12-07.54.08:644][582]MapCheck:Warning: Warning LowPolyRock3 StaticMeshComponent /Game/Spook/MapAndGameMode/Spook_World.Spook_World:PersistentLevel.LowPolyRock3.StaticMeshComponent0 : Externally referenced 
[2015.08.12-07.54.08:644][582]MapCheck:Warning: Warning LowPolyRock1_13 StaticMeshComponent /Game/Spook/MapAndGameMode/Spook_World.Spook_World:PersistentLevel.LowPolyRock1_13.StaticMeshComponent0 : Externally referenced 
[2015.08.12-07.54.08:644][582]MapCheck:Warning: Warning LowPolyRock4_48 StaticMeshComponent /Game/Spook/MapAndGameMode/Spook_World.Spook_World:PersistentLevel.LowPolyRock4_48.StaticMeshComponent0 : Externally referenced 
[2015.08.12-07.54.08:644][582]MapCheck:Warning: Warning LowPolyRock2_10 StaticMeshComponent /Game/Spook/MapAndGameMode/Spook_World.Spook_World:PersistentLevel.LowPolyRock2_10.StaticMeshComponent0 : Externally referenced 
[2015.08.12-07.54.08:644][582]MapCheck:Warning: Warning LowPolyDeadTree_4 StaticMeshComponent /Game/Spook/MapAndGameMode/Spook_World.Spook_World:PersistentLevel.LowPolyDeadTree_4.StaticMeshComponent0 : Externally referenced 
[2015.08.12-07.54.08:644][582]MapCheck:Warning: Warning LowPolyDeadTree5_79 StaticMeshComponent /Game/Spook/MapAndGameMode/Spook_World.Spook_World:PersistentLevel.LowPolyDeadTree5_79.StaticMeshComponent0 : Externally referenced 
[2015.08.12-07.54.08:644][582]MapCheck:Warning: Warning LowPolyDeadTree3 StaticMeshComponent /Game/Spook/MapAndGameMode/Spook_World.Spook_World:PersistentLevel.LowPolyDeadTree3.StaticMeshComponent0 : Externally referenced 
[2015.08.12-07.54.08:644][582]MapCheck:Warning: Warning LowPolyDeadTree2_7 StaticMeshComponent /Game/Spook/MapAndGameMode/Spook_World.Spook_World:PersistentLevel.LowPolyDeadTree2_7.StaticMeshComponent0 : Externally referenced 
[2015.08.12-07.54.08:644][582]MapCheck:Warning: Warning LowPolyLiveTree_24 StaticMeshComponent /Game/Spook/MapAndGameMode/Spook_World.Spook_World:PersistentLevel.LowPolyLiveTree_24.StaticMeshComponent0 : Externally referenced 
[2015.08.12-07.54.08:644][582]MapCheck: Info Map check complete: 0 Error(s), 56 Warning(s), took 148.457ms to complete.
[2015.08.12-07.54.08:650][582]LogD3D11RHI: InitD3DDevice
[2015.08.12-07.54.08:657][582]LogD3D11RHI: InitD3DDevice
[2015.08.12-07.54.08:658][582]LogFileHelpers: Loading map 'Spook_World' took 1.658
[2015.08.12-07.54.20:845][879]LogActorComponent: UnregisterComponent: (/Engine/Transient.CharMoveComp) Not registered. Aborting.
[2015.08.12-07.54.21:189][880]Cmd: QUIT_EDITOR
[2015.08.12-07.54.21:395][880]LogExit: Preparing to exit.
[2015.08.12-07.54.21:904][880]LogExit: Editor shut down
[2015.08.12-07.54.21:904][880]LogExit: Transaction tracking system shut down
[2015.08.12-07.54.21:904][880]LogParticles: Destroying 0 GPU particle simulations for FXSystem 0x000000000EA8CFE0
[2015.08.12-07.54.21:905][880]LogParticles: Destroying 0 GPU particle simulations for FXSystem 0x0000000011071C60
[2015.08.12-07.54.21:905][880]LogParticles: Destroying 0 GPU particle simulations for FXSystem 0x000000001878A7A0
[2015.08.12-07.54.22:022][880]LogParticles: Destroying 0 GPU particle simulations for FXSystem 0x0000000018748FE0
[2015.08.12-07.54.22:022][880]LogParticles: Destroying 0 GPU particle simulations for FXSystem 0x000000001A4A14E0
[2015.08.12-07.54.22:022][880]LogExit: Object subsystem successfully closed.
[2015.08.12-07.54.22:039][880]LogD3D11RHI: Shutdown
[2015.08.12-07.54.22:039][880]LogD3D11RHI: CleanupD3DDevice
[2015.08.12-07.54.22:068][880]LogD3D11RHI: ~FD3D11DynamicRHI
[2015.08.12-07.54.22:078][880]LogModuleManager: Shutting down and abandoning module StatsViewer (190)
[2015.08.12-07.54.22:078][880]LogModuleManager: Shutting down and abandoning module CrashTracker (189)
[2015.08.12-07.54.22:078][880]LogModuleManager: Shutting down and abandoning module SceneOutliner (188)
[2015.08.12-07.54.22:078][880]LogModuleManager: Shutting down and abandoning module SuperSearch (187)
[2015.08.12-07.54.22:078][880]LogModuleManager: Shutting down and abandoning module WidgetCarousel (186)
[2015.08.12-07.54.22:078][880]LogModuleManager: Shutting down and abandoning module AddContentDialog (185)
[2015.08.12-07.54.22:079][880]LogModuleManager: Shutting down and abandoning module EditorWidgets (184)
[2015.08.12-07.54.22:079][880]LogModuleManager: Shutting down and abandoning module CollectionManager (183)
[2015.08.12-07.54.22:079][880]LogModuleManager: Shutting down and abandoning module FoliageEdit (182)
[2015.08.12-07.54.22:079][880]LogModuleManager: Shutting down and abandoning module LandscapeEditor (181)
[2015.08.12-07.54.22:079][880]LogModuleManager: Shutting down and abandoning module ActorPickerMode (180)
[2015.08.12-07.54.22:079][880]LogModuleManager: Shutting down and abandoning module GeometryMode (179)
[2015.08.12-07.54.22:079][880]LogModuleManager: Shutting down and abandoning module TextureAlignMode (178)
[2015.08.12-07.54.22:079][880]LogModuleManager: Shutting down and abandoning module BspMode (177)
[2015.08.12-07.54.22:079][880]LogModuleManager: Shutting down and abandoning module PlacementMode (176)
[2015.08.12-07.54.22:079][880]LogModuleManager: Shutting down and abandoning module AutomationWorker (175)
[2015.08.12-07.54.22:079][880]LogModuleManager: Shutting down and abandoning module CharacterAI (174)
[2015.08.12-07.54.22:079][880]LogModuleManager: Shutting down and abandoning module SmartSnapping (173)
[2015.08.12-07.54.22:079][880]LogModuleManager: Shutting down and abandoning module ViewportSnapping (172)
[2015.08.12-07.54.22:079][880]LogModuleManager: Shutting down and abandoning module LogVisualizer (171)
[2015.08.12-07.54.22:079][880]LogModuleManager: Shutting down and abandoning module GameProjectGeneration (170)
[2015.08.12-07.54.22:079][880]LogModuleManager: Shutting down and abandoning module IntroTutorials (169)
[2015.08.12-07.54.22:079][880]LogModuleManager: Shutting down and abandoning module EditorLiveStreaming (168)
[2015.08.12-07.54.22:079][880]LogModuleManager: Shutting down and abandoning module IOSPlatformEditor (167)
[2015.08.12-07.54.22:079][880]LogModuleManager: Shutting down and abandoning module HTML5PlatformEditor (166)
[2015.08.12-07.54.22:079][880]LogModuleManager: Shutting down and abandoning module AndroidDeviceDetection (165)
[2015.08.12-07.54.22:988][880]LogModuleManager: Shutting down and abandoning module AndroidPlatformEditor (164)
[2015.08.12-07.54.22:988][880]LogModuleManager: Shutting down and abandoning module IOSRuntimeSettings (163)
[2015.08.12-07.54.22:988][880]LogModuleManager: Shutting down and abandoning module AndroidRuntimeSettings (162)
[2015.08.12-07.54.22:988][880]LogModuleManager: Shutting down and abandoning module MergeActors (161)
[2015.08.12-07.54.22:988][880]LogModuleManager: Shutting down and abandoning module SizeMap (160)
[2015.08.12-07.54.22:988][880]LogModuleManager: Shutting down and abandoning module TreeMap (159)
[2015.08.12-07.54.22:988][880]LogModuleManager: Shutting down and abandoning module ReferenceViewer (158)
[2015.08.12-07.54.22:988][880]LogModuleManager: Shutting down and abandoning module LocalizationDashboard (157)
[2015.08.12-07.54.22:988][880]LogModuleManager: Shutting down and abandoning module HardwareTargeting (156)
[2015.08.12-07.54.22:988][880]LogModuleManager: Shutting down and abandoning module DeviceProfileEditor (155)
[2015.08.12-07.54.22:988][880]LogModuleManager: Shutting down and abandoning module UndoHistory (154)
[2015.08.12-07.54.22:988][880]LogModuleManager: Shutting down and abandoning module GameplayTagsEditor (153)
[2015.08.12-07.54.22:988][880]LogModuleManager: Shutting down and abandoning module UserFeedback (152)
[2015.08.12-07.54.22:988][880]LogModuleManager: Shutting down and abandoning module XmlParser (151)
[2015.08.12-07.54.22:988][880]LogModuleManager: Shutting down and abandoning module Blutility (150)
[2015.08.12-07.54.22:988][880]LogModuleManager: Shutting down and abandoning module ProjectTargetPlatformEditor (149)
[2015.08.12-07.54.22:988][880]LogModuleManager: Shutting down and abandoning module ProjectSettingsViewer (148)
[2015.08.12-07.54.22:988][880]LogModuleManager: Shutting down and abandoning module InputBindingEditor (147)
[2015.08.12-07.54.22:988][880]LogModuleManager: Shutting down and abandoning module EditorSettingsViewer (146)
[2015.08.12-07.54.22:988][880]LogModuleManager: Shutting down and abandoning module SettingsEditor (145)
[2015.08.12-07.54.22:988][880]LogModuleManager: Shutting down and abandoning module ProjectLauncher (144)
[2015.08.12-07.54.22:988][880]LogModuleManager: Shutting down and abandoning module SessionFrontend (143)
[2015.08.12-07.54.22:988][880]LogModuleManager: Shutting down and abandoning module ProfilerClient (142)
[2015.08.12-07.54.22:988][880]LogModuleManager: Shutting down and abandoning module TargetDeviceServices (141)
[2015.08.12-07.54.22:988][880]LogModuleManager: Shutting down and abandoning module DeviceManager (140)
[2015.08.12-07.54.22:988][880]LogModuleManager: Shutting down and abandoning module AutomationController (139)
[2015.08.12-07.54.22:989][880]LogModuleManager: Shutting down and abandoning module AutomationWindow (138)
[2015.08.12-07.54.22:989][880]LogModuleManager: Shutting down and abandoning module Layers (137)
[2015.08.12-07.54.22:989][880]LogModuleManager: Shutting down and abandoning module ComponentVisualizers (136)
[2015.08.12-07.54.22:989][880]LogModuleManager: Shutting down and abandoning module DetailCustomizations (135)
[2015.08.12-07.54.22:989][880]LogModuleManager: Shutting down and abandoning module PackagesDialog (134)
[2015.08.12-07.54.22:989][880]LogModuleManager: Shutting down and abandoning module Persona (133)
[2015.08.12-07.54.22:989][880]LogModuleManager: Shutting down and abandoning module Kismet (132)
[2015.08.12-07.54.22:989][880]LogModuleManager: Shutting down and abandoning module GraphEditor (131)
[2015.08.12-07.54.22:989][880]LogModuleManager: Shutting down and abandoning module ClassViewer (130)
[2015.08.12-07.54.22:989][880]LogModuleManager: Shutting down and abandoning module Toolbox (129)
[2015.08.12-07.54.22:989][880]LogModuleManager: Shutting down and abandoning module ModuleUI (128)
[2015.08.12-07.54.22:989][880]LogModuleManager: Shutting down and abandoning module MovieSceneTools (127)
[2015.08.12-07.54.22:989][880]LogModuleManager: Shutting down and abandoning module OutputLog (126)
[2015.08.12-07.54.22:989][880]LogModuleManager: Shutting down and abandoning module GammaUI (125)
[2015.08.12-07.54.22:989][880]LogModuleManager: Shutting down and abandoning module Documentation (124)
[2015.08.12-07.54.22:989][880]LogModuleManager: Shutting down and abandoning module GameLiveStreaming (123)
[2015.08.12-07.54.22:989][880]LogModuleManager: Shutting down and abandoning module StreamingPauseRendering (122)
[2015.08.12-07.54.22:989][880]LogModuleManager: Shutting down and abandoning module AnalyticsET (121)
[2015.08.12-07.54.22:989][880]LogModuleManager: Shutting down and abandoning module Analytics (120)
[2015.08.12-07.54.22:989][880]LogModuleManager: Shutting down and abandoning module AITestSuite (119)
[2015.08.12-07.54.22:989][880]LogModuleManager: Shutting down and abandoning module GameplayDebugger (118)
[2015.08.12-07.54.22:989][880]LogModuleManager: Shutting down and abandoning module AIModule (117)
[2015.08.12-07.54.22:989][880]LogModuleManager: Shutting down and abandoning module ProfilerService (116)
[2015.08.12-07.54.23:054][880]LogModuleManager: Shutting down and abandoning module TaskGraph (115)
[2015.08.12-07.54.23:054][880]LogModuleManager: Shutting down and abandoning module SubstanceEditor (114)
[2015.08.12-07.54.23:054][880]LogModuleManager: Shutting down and abandoning module SlateRemote (113)
[2015.08.12-07.54.23:054][880]LogModuleManager: Shutting down and abandoning module SteamVRController (112)
[2015.08.12-07.54.23:054][880]LogModuleManager: Shutting down and abandoning module SteamVR (111)
[2015.08.12-07.54.23:054][880]LogModuleManager: Shutting down and abandoning module ProceduralMeshComponent (110)
[2015.08.12-07.54.23:054][880]LogModuleManager: Shutting down and abandoning module OculusRift (109)
[2015.08.12-07.54.23:054][880]LogModuleManager: Shutting down and abandoning module LeapMotionController (108)
[2015.08.12-07.54.23:058][880]LogModuleManager: Shutting down and abandoning module CustomMeshComponent (107)
[2015.08.12-07.54.23:058][880]LogModuleManager: Shutting down and abandoning module CableComponent (106)
[2015.08.12-07.54.23:058][880]LogModuleManager: Shutting down and abandoning module MessagingDebugger (105)
[2015.08.12-07.54.23:059][880]LogModuleManager: Shutting down and abandoning module MediaPlayerEditor (104)
[2015.08.12-07.54.23:059][880]LogModuleManager: Shutting down and abandoning module SpeedTreeImporter (103)
[2015.08.12-07.54.23:059][880]LogModuleManager: Shutting down and abandoning module PluginBrowser (102)
[2015.08.12-07.54.23:059][880]LogModuleManager: Shutting down and abandoning module EpicSurvey (101)
[2015.08.12-07.54.23:059][880]LogModuleManager: Shutting down and abandoning module DesktopPlatform (100)
[2015.08.12-07.54.23:059][880]LogModuleManager: Shutting down and abandoning module VisualStudioSourceCodeAccess (99)
[2015.08.12-07.54.23:059][880]LogModuleManager: Shutting down and abandoning module UObjectPlugin (98)
[2015.08.12-07.54.23:059][880]LogModuleManager: Shutting down and abandoning module SubversionSourceControl (97)
[2015.08.12-07.54.23:059][880]LogModuleManager: Shutting down and abandoning module PerforceSourceControl (96)
[2015.08.12-07.54.23:059][880]LogModuleManager: Shutting down and abandoning module SourceControl (95)
[2015.08.12-07.54.23:059][880]LogModuleManager: Shutting down and abandoning module GitSourceControl (94)
[2015.08.12-07.54.23:059][880]LogModuleManager: Shutting down and abandoning module BlankPlugin (93)
[2015.08.12-07.54.23:059][880]LogModuleManager: Shutting down and abandoning module PaperTiledImporter (92)
[2015.08.12-07.54.23:059][880]LogModuleManager: Shutting down and abandoning module PaperSpriteSheetImporter (91)
[2015.08.12-07.54.23:059][880]LogModuleManager: Shutting down and abandoning module MeshPaint (90)
[2015.08.12-07.54.23:059][880]LogModuleManager: Shutting down and abandoning module SlateReflector (89)
[2015.08.12-07.54.23:059][880]LogModuleManager: Shutting down and abandoning module HotReload (88)
[2015.08.12-07.54.23:059][880]LogModuleManager: Shutting down and abandoning module MainFrame (87)
[2015.08.12-07.54.23:059][880]LogModuleManager: Shutting down and abandoning module LevelEditor (86)
[2015.08.12-07.54.23:060][880]LogModuleManager: Shutting down and abandoning module ContentBrowser (85)
[2015.08.12-07.54.23:060][880]LogModuleManager: Shutting down and abandoning module Paper2DEditor (84)
[2015.08.12-07.54.23:061][880]LogModuleManager: Shutting down and abandoning module UdpMessaging (83)
[2015.08.12-07.54.23:161][880]LogModuleManager: Shutting down and abandoning module DirectoryWatcher (82)
[2015.08.12-07.54.23:161][880]LogModuleManager: Shutting down and abandoning module AssetRegistry (81)
[2015.08.12-07.54.23:213][880]LogModuleManager: Shutting down and abandoning module SubstanceCore (80)
[2015.08.12-07.54.23:213][880]LogModuleManager: Shutting down and abandoning module Paper2D (79)
[2015.08.12-07.54.23:213][880]LogModuleManager: Shutting down and abandoning module WindowsMoviePlayer (78)
[2015.08.12-07.54.23:215][880]LogModuleManager: Shutting down and abandoning module Media (77)
[2015.08.12-07.54.23:215][880]LogModuleManager: Shutting down and abandoning module WmfMedia (76)
[2015.08.12-07.54.23:216][880]LogModuleManager: Shutting down and abandoning module OnlineBlueprintSupport (75)
[2015.08.12-07.54.23:216][880]LogModuleManager: Shutting down and abandoning module PropertyEditor (74)
[2015.08.12-07.54.23:216][880]LogModuleManager: Shutting down and abandoning module BehaviorTreeEditor (73)
[2015.08.12-07.54.23:216][880]LogModuleManager: Shutting down and abandoning module FunctionalTesting (72)
[2015.08.12-07.54.23:216][880]LogModuleManager: Shutting down and abandoning module CollisionAnalyzer (71)
[2015.08.12-07.54.23:216][880]LogModuleManager: Shutting down and abandoning module WorkspaceMenuStructure (70)
[2015.08.12-07.54.23:216][880]LogModuleManager: Shutting down and abandoning module MessageLog (69)
[2015.08.12-07.54.23:216][880]LogModuleManager: Shutting down and abandoning module Sequencer (68)
[2015.08.12-07.54.23:216][880]LogModuleManager: Shutting down and abandoning module AssetTools (67)
[2015.08.12-07.54.23:216][880]LogModuleManager: Shutting down and abandoning module UMGEditor (66)
[2015.08.12-07.54.23:216][880]LogModuleManager: Shutting down and abandoning module UMG (65)
[2015.08.12-07.54.23:216][880]LogModuleManager: Shutting down and abandoning module Slate (64)
[2015.08.12-07.54.23:216][880]LogModuleManager: Shutting down and abandoning module EditorStyle (63)
[2015.08.12-07.54.23:218][880]LogModuleManager: Shutting down and abandoning module SessionServices (62)
[2015.08.12-07.54.23:218][880]LogModuleManager: Shutting down and abandoning module SourceCodeAccess (61)
[2015.08.12-07.54.23:218][880]LogModuleManager: Shutting down and abandoning module HeadMountedDisplay (60)
[2015.08.12-07.54.23:218][880]LogModuleManager: Shutting down and abandoning module XAudio2 (59)
[2015.08.12-07.54.23:218][880]LogModuleManager: Shutting down and abandoning module Networking (57)
[2015.08.12-07.54.23:218][880]LogModuleManager: Shutting down and abandoning module Core (56)
[2015.08.12-07.54.23:218][880]LogModuleManager: Shutting down and abandoning module KismetCompiler (55)
[2015.08.12-07.54.23:218][880]LogModuleManager: Shutting down and abandoning module PhysXFormats (54)
[2015.08.12-07.54.23:218][880]LogModuleManager: Shutting down and abandoning module MeshUtilities (53)
[2015.08.12-07.54.23:218][880]LogModuleManager: Shutting down and abandoning module DerivedDataCache (52)
[2015.08.12-07.54.23:511][880]LogDerivedDataCache: Shutdown
[2015.08.12-07.54.23:511][880]LogModuleManager: Shutting down and abandoning module ShaderFormatOpenGL (51)
[2015.08.12-07.54.23:511][880]LogModuleManager: Shutting down and abandoning module ShaderFormatD3D (50)
[2015.08.12-07.54.23:511][880]LogModuleManager: Shutting down and abandoning module MetalShaderFormat (49)
[2015.08.12-07.54.23:511][880]LogModuleManager: Shutting down and abandoning module TextureFormatUncompressed (48)
[2015.08.12-07.54.23:511][880]LogModuleManager: Shutting down and abandoning module TextureFormatPVR (47)
[2015.08.12-07.54.23:511][880]LogModuleManager: Shutting down and abandoning module TextureFormatIntelISPCTexComp (46)
[2015.08.12-07.54.23:511][880]LogModuleManager: Shutting down and abandoning module TextureFormatDXT (45)
[2015.08.12-07.54.23:511][880]LogModuleManager: Shutting down and abandoning module ImageWrapper (44)
[2015.08.12-07.54.23:511][880]LogModuleManager: Shutting down and abandoning module TextureFormatASTC (43)
[2015.08.12-07.54.23:511][880]LogModuleManager: Shutting down and abandoning module TextureFormatAndroid (42)
[2015.08.12-07.54.23:511][880]LogModuleManager: Shutting down and abandoning module AudioFormatOpus (41)
[2015.08.12-07.54.23:511][880]LogModuleManager: Shutting down and abandoning module AudioFormatOgg (40)
[2015.08.12-07.54.23:511][880]LogModuleManager: Shutting down and abandoning module AudioFormatADPCM (39)
[2015.08.12-07.54.23:511][880]LogModuleManager: Shutting down and abandoning module LinuxTargetPlatform (38)
[2015.08.12-07.54.23:511][880]LogModuleManager: Shutting down and abandoning module LinuxServerTargetPlatform (37)
[2015.08.12-07.54.23:511][880]LogModuleManager: Shutting down and abandoning module LinuxNoEditorTargetPlatform (36)
[2015.08.12-07.54.23:511][880]LogModuleManager: Shutting down and abandoning module Messaging (35)
[2015.08.12-07.54.23:511][880]LogModuleManager: Shutting down and abandoning module IOSTargetPlatform (34)
[2015.08.12-07.54.23:511][880]LogModuleManager: Shutting down and abandoning module HTML5TargetPlatform (33)
[2015.08.12-07.54.23:511][880]LogModuleManager: Shutting down and abandoning module Android_PVRTCTargetPlatform (32)
[2015.08.12-07.54.23:511][880]LogModuleManager: Shutting down and abandoning module Android_ETC2TargetPlatform (31)
[2015.08.12-07.54.23:511][880]LogModuleManager: Shutting down and abandoning module Android_ETC1TargetPlatform (30)
[2015.08.12-07.54.23:511][880]LogModuleManager: Shutting down and abandoning module Android_DXTTargetPlatform (29)
[2015.08.12-07.54.23:511][880]LogModuleManager: Shutting down and abandoning module Android_ATCTargetPlatform (28)
[2015.08.12-07.54.23:511][880]LogModuleManager: Shutting down and abandoning module Android_ASTCTargetPlatform (27)
[2015.08.12-07.54.23:511][880]LogModuleManager: Shutting down and abandoning module AndroidTargetPlatform (26)
[2015.08.12-07.54.23:511][880]LogModuleManager: Shutting down and abandoning module WindowsTargetPlatform (25)
[2015.08.12-07.54.23:511][880]LogModuleManager: Shutting down and abandoning module WindowsServerTargetPlatform (24)
[2015.08.12-07.54.23:511][880]LogModuleManager: Shutting down and abandoning module WindowsNoEditorTargetPlatform (23)
[2015.08.12-07.54.23:511][880]LogModuleManager: Shutting down and abandoning module WindowsClientTargetPlatform (22)
[2015.08.12-07.54.23:511][880]LogModuleManager: Shutting down and abandoning module DesktopTargetPlatform (21)
[2015.08.12-07.54.23:511][880]LogModuleManager: Shutting down and abandoning module TargetPlatform (20)
[2015.08.12-07.54.23:511][880]LogModuleManager: Shutting down and abandoning module InputCore (19)
[2015.08.12-07.54.23:511][880]LogModuleManager: Shutting down and abandoning module Settings (18)
[2015.08.12-07.54.23:511][880]LogModuleManager: Shutting down and abandoning module OnlineSubsystem (16)
[2015.08.12-07.54.23:511][880]LogModuleManager: Shutting down and abandoning module HTTP (15)
[2015.08.12-07.54.23:511][880]LogModuleManager: Shutting down and abandoning module ExampleDeviceProfileSelector (14)
[2015.08.12-07.54.23:511][880]LogModuleManager: Shutting down and abandoning module TextureCompressor (13)
[2015.08.12-07.54.23:512][880]LogModuleManager: Shutting down and abandoning module ShaderCore (12)
[2015.08.12-07.54.23:512][880]LogModuleManager: Shutting down and abandoning module Landscape (11)
[2015.08.12-07.54.23:512][880]LogModuleManager: Shutting down and abandoning module SlateRHIRenderer (10)
[2015.08.12-07.54.23:513][880]LogModuleManager: Shutting down and abandoning module OpenGLDrv (9)
[2015.08.12-07.54.23:513][880]LogModuleManager: Shutting down and abandoning module D3D11RHI (8)
[2015.08.12-07.54.23:513][880]LogModuleManager: Shutting down and abandoning module Renderer (7)
[2015.08.12-07.54.23:513][880]LogModuleManager: Shutting down and abandoning module Engine (6)
[2015.08.12-07.54.23:513][880]LogModuleManager: Shutting down and abandoning module CoreUObject (5)
[2015.08.12-07.54.23:513][880]LogModuleManager: Shutting down and abandoning module NetworkFile (4)
[2015.08.12-07.54.23:513][880]LogModuleManager: Shutting down and abandoning module StreamingFile (3)
[2015.08.12-07.54.23:513][880]LogModuleManager: Shutting down and abandoning module SandboxFile (2)
[2015.08.12-07.54.23:513][880]LogModuleManager: Shutting down and abandoning module PakFile (1)
[2015.08.12-07.54.23:513][880]LogExit: Exiting.
[2015.08.12-07.54.23:532][880]Log file closed, 08/12/15 17:54:23
