[2015.08.16-07.51.08:674][  0]Log file open, 08/16/15 17:51:08
[2015.08.16-07.51.08:674][  0]LogInit:Display: Running engine for game: Spook_Prototype
[2015.08.16-07.51.08:674][  0]LogInit:Display: RandInit(743000428) SRandInit(743000428).
[2015.08.16-07.51.08:674][  0]LogTaskGraph: Started task graph with 4 named threads and 7 total threads.
[2015.08.16-07.51.08:674][  0]LogStats: Stats thread started
[2015.08.16-07.51.08:674][  0]LogInit: Version: 4.8.3-2634408+++depot+UE4-Releases+4.8
[2015.08.16-07.51.08:674][  0]LogInit: API Version: 2579680
[2015.08.16-07.51.08:674][  0]LogInit: Compiled (64-bit): Jul 27 2015 16:24:33
[2015.08.16-07.51.08:674][  0]LogInit: Compiled with Visual C++: 18.00.21005.01
[2015.08.16-07.51.08:674][  0]LogInit: Build Configuration: Development
[2015.08.16-07.51.08:674][  0]LogInit: Branch Name: ++depot+UE4-Releases+4.8
[2015.08.16-07.51.08:674][  0]LogInit: Command line:  
[2015.08.16-07.51.08:674][  0]LogInit: Base directory: C:/Program Files/Epic Games/4.8/Engine/Binaries/Win64/
[2015.08.16-07.51.08:674][  0]LogInit: Rocket: 1
[2015.08.16-07.51.08:685][  0]LogInit: Using libcurl 7.41.0
[2015.08.16-07.51.08:685][  0]LogInit:  - built for x86_64-pc-win32
[2015.08.16-07.51.08:685][  0]LogInit:  - supports SSL with WinSSL
[2015.08.16-07.51.08:685][  0]LogInit:  - other features:
[2015.08.16-07.51.08:685][  0]LogInit:      CURL_VERSION_SSL
[2015.08.16-07.51.08:685][  0]LogInit:      CURL_VERSION_IPV6
[2015.08.16-07.51.08:685][  0]LogInit:      CURL_VERSION_ASYNCHDNS
[2015.08.16-07.51.08:685][  0]LogInit:      CURL_VERSION_LARGEFILE
[2015.08.16-07.51.08:685][  0]LogInit:      CURL_VERSION_IDN
[2015.08.16-07.51.08:685][  0]LogInit:  CurlRequestOptions (configurable via config and command line):
[2015.08.16-07.51.08:685][  0]LogInit:  - bVerifyPeer = true  - Libcurl will verify peer certificate
[2015.08.16-07.51.08:685][  0]LogInit:  - bUseHttpProxy = false  - Libcurl will NOT use HTTP proxy
[2015.08.16-07.51.08:685][  0]LogInit:  - bDontReuseConnections = false  - Libcurl will reuse connections
[2015.08.16-07.51.08:685][  0]LogInit:  - CertBundlePath = nullptr  - Libcurl will use whatever was configured at build time.
[2015.08.16-07.51.08:696][  0]LogOnline:Warning: No default platform service specified for OnlineSubsystem
[2015.08.16-07.51.08:708][  0]LogInit: Presizing for 0 objects not considered by GC, pre-allocating 0 bytes.
[2015.08.16-07.51.08:716][  0]LogInit: Object subsystem initialized
[2015.08.16-07.51.08:717][  0]LogConsoleResponse:Warning: Skipping Unknown console variable: 'TranslucentSortAxis = (X=0.000000,Y=-1.000000,Z=0.000000)'
[2015.08.16-07.51.08:717][  0]LogConsoleResponse:Warning:   Found in ini file 'C:/Users/jackson.luff/Desktop/Spook_Prototype/Saved/Config/Windows/Engine.ini', in section '[/Script/Engine.RendererSettings]'
[2015.08.16-07.51.08:717][  0]LogConsoleResponse:Warning: Skipping Unknown console variable: 'UIScaleRule = ShortestSide'
[2015.08.16-07.51.08:717][  0]LogConsoleResponse:Warning:   Found in ini file 'C:/Users/jackson.luff/Desktop/Spook_Prototype/Saved/Config/Windows/Engine.ini', in section '[/Script/Engine.RendererSettings]'
[2015.08.16-07.51.08:717][  0]LogConsoleResponse:Warning: Skipping Unknown console variable: 'UIScaleCurve = (EditorCurveData=(Keys=),ExternalCurve=None)'
[2015.08.16-07.51.08:717][  0]LogConsoleResponse:Warning:   Found in ini file 'C:/Users/jackson.luff/Desktop/Spook_Prototype/Saved/Config/Windows/Engine.ini', in section '[/Script/Engine.RendererSettings]'
[2015.08.16-07.51.08:717][  0]LogInit: Selected Device Profile: [Windows]
[2015.08.16-07.51.08:717][  0]LogInit: Applying CVar settings loaded from the selected device profile: [Windows]
[2015.08.16-07.51.08:724][  0]LogInit: Computer: AIE-PURPLE-03
[2015.08.16-07.51.08:724][  0]LogInit: User: jacksonluff
[2015.08.16-07.51.08:724][  0]LogInit: CPU Page size=4096, Cores=4
[2015.08.16-07.51.08:724][  0]LogInit: High frequency timer resolution =3.323623 MHz
[2015.08.16-07.51.08:724][  0]LogMemory: Memory total: Physical=16.0GB (16GB approx)
[2015.08.16-07.51.08:724][  0]LogMemory: Platform Memory Stats for Windows
[2015.08.16-07.51.08:724][  0]LogMemory: Process Physical Memory: 52.11 MB used, 52.11 MB peak
[2015.08.16-07.51.08:724][  0]LogMemory: Process Virtual Memory: 24.45 MB used, 24.45 MB peak
[2015.08.16-07.51.08:724][  0]LogMemory: Physical Memory: 6313.76 MB used, 16343.68 MB total
[2015.08.16-07.51.08:724][  0]LogMemory: Virtual Memory: 284.64 MB used, 8388608.00 MB total
[2015.08.16-07.51.08:754][  0]LogTextLocalizationManager: The requested culture ('en_AU') has no localization data; parent culture's ('en') localization data will be used.
[2015.08.16-07.51.08:938][  0]LogTextLocalizationManager:Warning: Loaded localization resources contain conflicting entries for (Namespace:ContentBrowser, Key:ImportAssetToolTip):
Localization Resource: (C:/Program Files/Epic Games/4.8/Engine/Content/Localization/Editor/en/Editor.locres) Source String Hash: (-630476809) Localized String: (Import to {0}...)
Localization Resource: (C:/Program Files/Epic Games/4.8/Engine/Content/Localization/Editor/en/Editor.locres) Source String Hash: (1271782899) Localized String: (Imports an asset from file to this folder.)
[2015.08.16-07.51.09:322][  0]LogD3D11RHI: Found D3D11 adapter 0: NVIDIA GeForce GTX 660 Ti (Feature Level 11_0)
[2015.08.16-07.51.09:322][  0]LogD3D11RHI: Adapter has 1989MB of dedicated video memory, 0MB of dedicated system memory, and 2048MB of shared system memory, 2 output[s]
[2015.08.16-07.51.09:322][  0]LogD3D11RHI: Chosen D3D11 Adapter Id = 0
[2015.08.16-07.51.09:325][  0]LogD3D11RHI: InitD3DDevice
[2015.08.16-07.51.09:325][  0]LogD3D11RHI: !Direct3DDevice
[2015.08.16-07.51.09:325][  0]LogRHI: Texture pool is 1361 MB (70% of 1945 MB)
[2015.08.16-07.51.09:331][  0]LogD3D11RHI: Async texture creation enabled
[2015.08.16-07.51.09:345][  0]LogShaderCompilers:Display: Using Local Shader Compiler.
[2015.08.16-07.51.10:026][  0]LogTemp:Display: Loaded TP DesktopTargetPlatform
[2015.08.16-07.51.10:038][  0]LogTemp:Display: Loaded TP WindowsClientTargetPlatform
[2015.08.16-07.51.10:049][  0]LogTemp:Display: Loaded TP WindowsNoEditorTargetPlatform
[2015.08.16-07.51.10:061][  0]LogTemp:Display: Loaded TP WindowsServerTargetPlatform
[2015.08.16-07.51.10:074][  0]LogTemp:Display: Loaded TP WindowsTargetPlatform
[2015.08.16-07.51.10:084][  0]LogTemp:Display: Loaded TP AndroidTargetPlatform
[2015.08.16-07.51.10:094][  0]LogTemp:Display: Loaded TP Android_ASTCTargetPlatform
[2015.08.16-07.51.10:104][  0]LogTemp:Display: Loaded TP Android_ATCTargetPlatform
[2015.08.16-07.51.10:115][  0]LogTemp:Display: Loaded TP Android_DXTTargetPlatform
[2015.08.16-07.51.10:125][  0]LogTemp:Display: Loaded TP Android_ETC1TargetPlatform
[2015.08.16-07.51.10:135][  0]LogTemp:Display: Loaded TP Android_ETC2TargetPlatform
[2015.08.16-07.51.10:145][  0]LogTemp:Display: Loaded TP Android_PVRTCTargetPlatform
[2015.08.16-07.51.10:185][  0]LogTemp:Display: Loaded TP IOSTargetPlatform
[2015.08.16-07.51.10:195][  0]LogTemp:Display: Loaded TP LinuxNoEditorTargetPlatform
[2015.08.16-07.51.10:205][  0]LogTemp:Display: Loaded TP LinuxServerTargetPlatform
[2015.08.16-07.51.10:216][  0]LogTemp:Display: Loaded TP LinuxTargetPlatform
[2015.08.16-07.51.10:217][  0]LogTargetPlatformManager:Display: Building Assets For Windows
[2015.08.16-07.51.10:385][  0]LogDerivedDataCache:Display: Max Cache Size: 512 MB
[2015.08.16-07.51.10:422][  0]LogDerivedDataCache: Loaded boot cache 0.04s 53MB C:/Users/jackson.luff/AppData/Local/UnrealEngine/4.8/DerivedDataCache/Boot.ddc.
[2015.08.16-07.51.10:422][  0]LogDerivedDataCache:Display: Loaded Boot cache: C:/Users/jackson.luff/AppData/Local/UnrealEngine/4.8/DerivedDataCache/Boot.ddc
[2015.08.16-07.51.10:422][  0]LogDerivedDataCache: FDerivedDataBackendGraph:  Pak pak cache file ../../../../../../Users/jackson.luff/Desktop/Spook_Prototype/DerivedDataCache/DDC.ddp not found, will not use a pak cache.
[2015.08.16-07.51.10:422][  0]LogDerivedDataCache: Unable to find inner node Pak for hierarchical cache Hierarchy.
[2015.08.16-07.51.10:422][  0]LogDerivedDataCache: FDerivedDataBackendGraph:  CompressedPak pak cache file ../../../../../../Users/jackson.luff/Desktop/Spook_Prototype/DerivedDataCache/Compressed.ddp not found, will not use a pak cache.
[2015.08.16-07.51.10:422][  0]LogDerivedDataCache: Unable to find inner node CompressedPak for hierarchical cache Hierarchy.
[2015.08.16-07.51.10:565][  0]LogDerivedDataCache:Display: Pak cache opened for reading ../../../Engine/DerivedDataCache/Compressed.ddp.
[2015.08.16-07.51.10:576][  0]LogDerivedDataCache: Using Local data cache path C:/Users/jackson.luff/AppData/Local/UnrealEngine/Common/DerivedDataCache: Writable
[2015.08.16-07.51.10:770][  0]LogInit: Selected Device Profile: [Windows]
[2015.08.16-07.51.10:777][  0]ImportText (ComponentSweepMultiTests): Missing closing parenthesis: (RootShapeAsset="/Engine/BasicShapes/Cube.Cube",ShapeType="TriggerCapsule",HitResult=(Time=0.50,Location=(X=-100.000015,Y=0.0,Z=100.000015),ImpactPoint=(X=-50.0,Y=0.0,Z=50.0),Normal=(X=-1.0,Y=-0.0,Z=0.0),ImpactNormal=(X=0.0,Y=0.0,Z=1.0),TraceStart=(X=-200.0,Y=0.0,Z=200.0),TraceEnd=(X=0.0,Y=0.0,Z=0.0))
[2015.08.16-07.51.10:777][  0]ImportText (LineTraceSingleByChannelTests): Missing closing parenthesis: (RootShapeAsset="/Engine/BasicShapes/Cube.Cube",HitResult=(Time=0.50,Location=(X=-100.000015,Y=0.0,Z=100.000015),ImpactPoint=(X=-50.0,Y=0.0,Z=50.0),Normal=(X=-1.0,Y=-0.0,Z=0.0),ImpactNormal=(X=0.0,Y=0.0,Z=1.0),TraceStart=(X=-200.0,Y=0.0,Z=200.0),TraceEnd=(X=0.0,Y=0.0,Z=0.0))
[2015.08.16-07.51.10:800][  0]LogMeshUtilities: No automatic mesh reduction module available
[2015.08.16-07.51.10:800][  0]LogMeshUtilities: No automatic mesh merging module available
[2015.08.16-07.51.11:143][  0]LogInit: WinSock: version 1.1 (2.2), MaxSocks=32767, MaxUdp=65467
[2015.08.16-07.51.11:945][  0]UdpMessaging: Initializing bridge on interface 0.0.0.0:0 to multicast group 230.0.0.1:6666.
[2015.08.16-07.51.12:257][  0]SourceControl: Info Source control is disabled
[2015.08.16-07.51.12:263][  0]SourceControl: Info Source control is disabled
[2015.08.16-07.51.12:271][  0]SourceControl: Info Source control is disabled
[2015.08.16-07.51.12:279][  0]SourceControl: Info Source control is disabled
[2015.08.16-07.51.12:468][  0]LogObj: 26273 objects as part of root set at end of initial load.
[2015.08.16-07.51.12:468][  0]LogUObjectAllocator: 5409248 out of 0 bytes used by permanent object pool.
[2015.08.16-07.51.12:527][  0]LogEngine: Initializing Engine...
[2015.08.16-07.51.12:529][  0]LogHMD: Can't find Oculus library dev build: is proper Runtime installed? Version: 0.6.0.0
[2015.08.16-07.51.12:530][  0]LogHMD:Warning: SteamVR failed to initialize.  Error: 110
[2015.08.16-07.51.12:657][  0]LogAIModule: Creating AISystem for world NewWorld
[2015.08.16-07.51.12:662][  0]LogInit: XAudio2 using 'Speakers (VIA High Definition Audio)' : 2 channels at 48 kHz using 32 bits per sample (channel mask 0x3)
[2015.08.16-07.51.12:682][  0]LogInit: FAudioDevice initialized.
[2015.08.16-07.51.12:706][  0]LogDerivedDataCache: Saved boot cache 0.02s 53MB C:/Users/jackson.luff/AppData/Local/UnrealEngine/4.8/DerivedDataCache/Boot.ddc.
[2015.08.16-07.51.12:710][  0]LogInit: Texture streaming: Disabled
[2015.08.16-07.51.12:729][  0]LogAnalytics: Creating configured Analytics provider AnalyticsET
[2015.08.16-07.51.12:729][  0]LogAnalytics: [UEEditor.Rocket.Release] APIServer = http://et2.epicgames.com/ET2/. AppVersion = 4.8.3-2634408+++depot+UE4-Releases+4.8
[2015.08.16-07.51.12:729][  0]LogAnalytics: [UEEditor.Rocket.Release] SetUserId 5935bf314cc2f96a3a6b41b54da9b35b|7cf267475aab4bafb7b336aedadbdf03|3742992d-4606-4afe-af30-26853548c9ac
[2015.08.16-07.51.12:729][  0]LogAnalytics: [UEEditor.Rocket.Release] AnalyticsET::StartSession
[2015.08.16-07.51.12:748][  0]LogInit: Transaction tracking system initialized
[2015.08.16-07.51.12:849][  0]BlueprintLog: New page: Editor Load
[2015.08.16-07.51.12:879][  0]LogAssetRegistry: FAssetRegistry took 0.0104 seconds to start up
[2015.08.16-07.51.12:879][  0]LogDirectoryWatcher:Warning: Failed to begin reading directory changes for ../../../Engine/Plugins/Experimental/CharacterAI/Content/. Error: 0
[2015.08.16-07.51.13:398][  0]LogConsoleManager:Warning: Console variable 'r.VSync' wasn't set ('GameSetting' has a lower priority than 'SystemSettingsIni')
[2015.08.16-07.51.13:398][  0]LogConsoleResponse:Display: 
[2015.08.16-07.51.13:480][  0]LogCook:Display: Done creating registry. It took  0.00s.
[2015.08.16-07.51.13:628][  0]SourceControl: Info Source control is disabled
[2015.08.16-07.51.13:628][  0]Cmd: MAP LOAD FILE="../../../../../../Users/jackson.luff/Desktop/Spook_Prototype/Content/ThirdPersonBP/Maps/ThirdPersonExampleMap.umap" TEMPLATE=0 SHOWPROGRESS=1 FEATURELEVEL=3
[2015.08.16-07.51.13:628][  0]LogEditorServer:Warning: Can't find file '../../../../../../Users/jackson.luff/Desktop/Spook_Prototype/Content/ThirdPersonBP/Maps/ThirdPersonExampleMap.umap'
[2015.08.16-07.51.13:628][  0]Cmd: MAP CHECKDEP NOCLEARLOG
[2015.08.16-07.51.13:654][  0]MapCheck: Info Map check complete: 0 Error(s), 0 Warning(s), took 25.575ms to complete.
[2015.08.16-07.51.13:654][  0]LogFileHelpers: Loading map 'ThirdPersonExampleMap' took 0.026
[2015.08.16-07.51.13:752][  0]LogCollectionManager: Loaded 0 collections in 0.001556 seconds
[2015.08.16-07.51.13:758][  0]LogContentBrowser: Native class hierarchy populated in 0.0057 seconds. Added 1792 classes and 301 folders.
[2015.08.16-07.51.13:794][  0]LogContentBrowser: Native class hierarchy updated for 'WidgetCarousel' in 0.0002 seconds. Added 0 classes and 0 folders.
[2015.08.16-07.51.13:814][  0]LogContentBrowser: Native class hierarchy updated for 'AddContentDialog' in 0.0003 seconds. Added 0 classes and 0 folders.
[2015.08.16-07.51.13:827][  0]LogContentBrowser: Native class hierarchy updated for 'SceneOutliner' in 0.0002 seconds. Added 1 classes and 2 folders.
[2015.08.16-07.51.13:852][  0]LogCrashTracker: Crashtracker disabled due to settings.
[2015.08.16-07.51.13:853][  0]LogD3D11RHI: InitD3DDevice
[2015.08.16-07.51.13:855][  0]LogUObjectGlobals:Warning: Failed to find object 'Class None.'
[2015.08.16-07.51.13:876][  0]LogLoad: Full Startup: 6.69 seconds (BP compile: 0.01 seconds)
[2015.08.16-07.51.14:247][  0]LogContentStreaming: Texture pool size is 0.000000MB
[2015.08.16-07.51.14:264][  0]LogContentStreaming: Texture pool size now 1000 MB
[2015.08.16-07.51.14:463][  0]LogRenderer: Reallocating scene render targets to support 1056x560 (Frame:2).
[2015.08.16-07.51.15:564][  4]LogAssetRegistry: Asset discovery search completed in 2.6963 seconds
[2015.08.16-07.51.18:452][116]LogD3D11RHI: InitD3DDevice
[2015.08.16-07.51.28:966][370]LogD3D11RHI: InitD3DDevice
[2015.08.16-07.51.31:105][370]LogD3D11RHI: InitD3DDevice
[2015.08.16-07.51.31:337][370]LogD3D11RHI: InitD3DDevice
[2015.08.16-07.51.32:775][538]LogD3D11RHI: InitD3DDevice
[2015.08.16-07.51.33:816][538]LogD3D11RHI: InitD3DDevice
[2015.08.16-07.51.33:857][538]LogD3D11RHI: InitD3DDevice
[2015.08.16-07.51.33:876][538]LogD3D11RHI: InitD3DDevice
[2015.08.16-07.51.35:604][717]LogD3D11RHI: InitD3DDevice
[2015.08.16-07.51.36:176][717]LogD3D11RHI: InitD3DDevice
[2015.08.16-07.51.36:203][717]LogD3D11RHI: InitD3DDevice
[2015.08.16-07.51.36:215][717]LogD3D11RHI: InitD3DDevice
[2015.08.16-07.51.37:204][830]LogD3D11RHI: InitD3DDevice
[2015.08.16-07.51.38:221][949]LogD3D11RHI: InitD3DDevice
[2015.08.16-07.51.39:296][949]LogD3D11RHI: InitD3DDevice
[2015.08.16-07.51.41:219][167]LogD3D11RHI: InitD3DDevice
[2015.08.16-07.51.46:338][774]LogD3D11RHI: InitD3DDevice
[2015.08.16-07.51.47:313][774]LogD3D11RHI: InitD3DDevice
[2015.08.16-07.51.48:377][866]LogD3D11RHI: InitD3DDevice
[2015.08.16-07.51.49:494][965]LogD3D11RHI: InitD3DDevice
[2015.08.16-07.51.50:433][965]LogD3D11RHI: InitD3DDevice
[2015.08.16-07.51.50:494][965]LogObjectTools:Warning: ForceReplaceReferences replaced references for a transient object 'DEADCLASS_Anim_King_Model_C_1' or package '/Engine/Transient'.
[2015.08.16-07.51.50:494][965]LogObjectTools:Warning: ForceReplaceReferences replaced references for a transient object 'DEADCLASS_Anim_King_Model_C_0' or package '/Engine/Transient'.
[2015.08.16-07.51.50:495][965]LogObjectTools:Warning: ForceReplaceReferences replaced references for a transient object 'Default__DEADCLASS_Anim_King_Model_C_1' or package '/Engine/Transient'.
[2015.08.16-07.51.50:495][965]LogObjectTools:Warning: ForceReplaceReferences replaced references for a transient object 'Default__REINST_SKEL_Anim_King_Model_C_6' or package '/Engine/Transient'.
[2015.08.16-07.51.50:495][965]LogObjectTools:Warning: ForceReplaceReferences replaced references for a transient object 'REINST_SKEL_Anim_King_Model_C_6' or package '/Engine/Transient'.
[2015.08.16-07.51.50:496][965]LogObjectTools:Warning: ForceReplaceReferences replaced references for a transient object 'Default__REINST_Anim_King_Model_C_5' or package '/Engine/Transient'.
[2015.08.16-07.51.50:496][965]LogObjectTools:Warning: ForceReplaceReferences replaced references for a transient object 'REINST_Anim_King_Model_C_5' or package '/Engine/Transient'.
[2015.08.16-07.51.50:496][965]LogObjectTools:Warning: ForceReplaceReferences replaced references for a transient object 'ExecuteUbergraph_Anim_King_Model' or package '/Engine/Transient'.
[2015.08.16-07.51.50:496][965]LogObjectTools:Warning: ForceReplaceReferences replaced references for a transient object 'Default__DEADCLASS_Anim_King_Model_C_0' or package '/Engine/Transient'.
[2015.08.16-07.51.52:733][198]LogLinker:Warning: Can't find file '/Game/Spook/Characters/Frank/Resources/Animations/Anim_King_Model'
[2015.08.16-07.51.52:733][198]LogLinker:Warning: Can't find file for asset '/Game/Spook/Characters/Frank/Resources/Animations/Anim_King_Model' while loading ../../../../../../Users/jackson.luff/Desktop/Spook_Prototype/Content/Spook/Characters/Frank/FrankController.uasset.
[2015.08.16-07.51.52:733][198]LoadErrors:Error: Error /Game/Spook/Characters/Frank/FrankController : Can't find file for asset. /Game/Spook/Characters/Frank/Resources/Animations/Anim_King_Model
[2015.08.16-07.51.52:735][198]LogLinker:Warning: Can't find file '/Game/Spook/Characters/Frank/Resources/PhysBP_King_Model'
[2015.08.16-07.51.52:735][198]LogLinker:Warning: Can't find file for asset '/Game/Spook/Characters/Frank/Resources/PhysBP_King_Model' while loading ../../../../../../Users/jackson.luff/Desktop/Spook_Prototype/Content/Spook/Characters/Frank/Resources/Mat_KingTest.uasset.
[2015.08.16-07.51.52:735][198]LoadErrors:Error: Error /Game/Spook/Characters/Frank/Resources/Mat_KingTest : Can't find file for asset. /Game/Spook/Characters/Frank/Resources/PhysBP_King_Model
[2015.08.16-07.51.52:736][198]LogLinker:Warning: Can't find file '/Game/Spook/Characters/Frank/Resources/PhysBP_King_Model'
[2015.08.16-07.51.52:736][198]LogLinker:Warning: Can't find file for asset '/Game/Spook/Characters/Frank/Resources/PhysBP_King_Model' while loading ../../../../../../Users/jackson.luff/Desktop/Spook_Prototype/Content/Spook/Characters/Frank/Resources/Mat_KingTest.uasset.
[2015.08.16-07.51.52:736][198]LogLinker:Warning: Can't find file '/Game/Spook/Characters/Frank/Resources/Animations/Anim_King_Model'
[2015.08.16-07.51.52:736][198]LogLinker:Warning: Can't find file for asset '/Game/Spook/Characters/Frank/Resources/Animations/Anim_King_Model' while loading ../../../../../../Users/jackson.luff/Desktop/Spook_Prototype/Content/Spook/Characters/Frank/FrankController.uasset.
[2015.08.16-07.51.52:736][198]LogLinker:Warning: Can't find file '/Game/Spook/Characters/Frank/Resources/King_Model'
[2015.08.16-07.51.52:736][198]LogLinker:Warning: Can't find file for asset '/Game/Spook/Characters/Frank/Resources/King_Model' while loading ../../../../../../Users/jackson.luff/Desktop/Spook_Prototype/Content/Spook/Characters/Frank/FrankController.uasset.
[2015.08.16-07.51.52:736][198]LoadErrors:Error: Error /Game/Spook/Characters/Frank/FrankController : Can't find file for asset. /Game/Spook/Characters/Frank/Resources/King_Model
[2015.08.16-07.51.52:737][198]LogLinker:Warning: Can't find file '/Game/Spook/Characters/Frank/Resources/King_Model'
[2015.08.16-07.51.52:737][198]LogLinker:Warning: Can't find file for asset '/Game/Spook/Characters/Frank/Resources/King_Model' while loading ../../../../../../Users/jackson.luff/Desktop/Spook_Prototype/Content/Spook/Characters/Frank/FrankController.uasset.
[2015.08.16-07.51.52:742][198]LogLinker:Warning: Can't find file '/Game/Spook/Characters/Frank/Resources/Animations/Anim_King_Model'
[2015.08.16-07.51.52:742][198]LogLinker:Warning: Can't find file for asset '/Game/Spook/Characters/Frank/Resources/Animations/Anim_King_Model' while loading NULL.
[2015.08.16-07.51.52:742][198]LogLinker:Warning: Can't find file '/Game/Spook/Characters/Frank/Resources/Animations/Anim_King_Model'
[2015.08.16-07.51.52:742][198]LogLinker:Warning: Can't find file for asset '/Game/Spook/Characters/Frank/Resources/Animations/Anim_King_Model' while loading NULL.
[2015.08.16-07.51.52:742][198]LogLinker:Warning: Can't find file '/Game/Spook/Characters/Frank/Resources/King_Model'
[2015.08.16-07.51.52:742][198]LogLinker:Warning: Can't find file for asset '/Game/Spook/Characters/Frank/Resources/King_Model' while loading NULL.
[2015.08.16-07.51.52:742][198]LogLinker:Warning: Can't find file '/Game/Spook/Characters/Frank/Resources/King_Model'
[2015.08.16-07.51.52:742][198]LogLinker:Warning: Can't find file for asset '/Game/Spook/Characters/Frank/Resources/King_Model' while loading NULL.
[2015.08.16-07.51.52:743][198]LogLinker:Warning: Can't find file '/Game/Spook/Characters/Frank/Resources/Animations/Anim_King_Model'
[2015.08.16-07.51.52:743][198]LoadErrors: Info Failed to load /Game/Spook/Characters/Frank/Resources/Animations/Anim_King_Model.Anim_King_Model_C Referenced by Default__FrankController_C
[2015.08.16-07.51.52:743][198]LogLinker:Warning: Can't find file for asset '/Game/Spook/Characters/Frank/Resources/Animations/Anim_King_Model' while loading NULL.
[2015.08.16-07.51.52:743][198]LogLinker:Warning: Can't find file '/Game/Spook/Characters/Frank/Resources/King_Model'
[2015.08.16-07.51.52:743][198]LoadErrors: Info Failed to load /Game/Spook/Characters/Frank/Resources/King_Model.King_Model Referenced by Default__FrankController_C
[2015.08.16-07.51.52:744][198]LogLinker:Warning: Can't find file for asset '/Game/Spook/Characters/Frank/Resources/King_Model' while loading NULL.
[2015.08.16-07.51.52:845][198]LogLinker:Warning: Can't find file '/Game/Spook/Characters/Frank/Resources/PhysBP_King_Model'
[2015.08.16-07.51.52:845][198]LoadErrors: Info Failed to load /Game/Spook/Characters/Frank/Resources/PhysBP_King_Model.PhysBP_King_Model Referenced by Mat_KingTest
[2015.08.16-07.51.52:845][198]LogLinker:Warning: Can't find file for asset '/Game/Spook/Characters/Frank/Resources/PhysBP_King_Model' while loading NULL.
[2015.08.16-07.51.52:885][198]LogD3D11RHI: InitD3DDevice
[2015.08.16-07.51.53:769][198]LogD3D11RHI: InitD3DDevice
[2015.08.16-07.51.53:805][198]LogObjectTools:Warning: ForceReplaceReferences replaced references for a transient object 'DEADCLASS_FrankController_C_3' or package '/Engine/Transient'.
[2015.08.16-07.51.53:805][198]LogObjectTools:Warning: ForceReplaceReferences replaced references for a transient object 'REINST_SKEL_FrankController_C_45' or package '/Engine/Transient'.
[2015.08.16-07.51.53:805][198]LogObjectTools:Warning: ForceReplaceReferences replaced references for a transient object 'DEADCLASS_FrankController_C_2' or package '/Engine/Transient'.
[2015.08.16-07.51.53:806][198]LogObjectTools:Warning: ForceReplaceReferences replaced references for a transient object 'REINST_FrankController_C_44' or package '/Engine/Transient'.
[2015.08.16-07.51.55:047][335]LogD3D11RHI: InitD3DDevice
[2015.08.16-07.51.56:093][458]LogD3D11RHI: InitD3DDevice
[2015.08.16-07.51.56:873][458]LogD3D11RHI: InitD3DDevice
[2015.08.16-07.51.58:548][641]LogD3D11RHI: InitD3DDevice
[2015.08.16-07.52.01:472][990]LogD3D11RHI: InitD3DDevice
[2015.08.16-07.52.53:282][276]LogD3D11RHI: InitD3DDevice
[2015.08.16-07.52.53:519][276]LogLinker:Warning: Can't find file '/Game/Spook/MiscObjects/Mat_TriggerVisual'
[2015.08.16-07.52.53:519][276]LoadErrors: Info Failed to load /Game/Spook/Characters/Sheep/Resource/Animations/AnimBP_Sheep.AnimBP_Sheep_C Referenced by MaterialBillboardD06D73F04DB997E1EA2A02A011F63610
[2015.08.16-07.52.53:519][276]LogLinker:Warning: Can't find file for asset '/Game/Spook/MiscObjects/Mat_TriggerVisual' while loading ../../../../../../Users/jackson.luff/Desktop/Spook_Prototype/Content/Spook/Characters/Sheep/Resource/Animations/AnimBP_Sheep.uasset.
[2015.08.16-07.52.53:519][276]LoadErrors:Error: Error /Game/Spook/Characters/Sheep/Resource/Animations/AnimBP_Sheep : Can't find file for asset. /Game/Spook/MiscObjects/Mat_TriggerVisual
[2015.08.16-07.52.53:624][276]LogLinker:Warning: Can't find file '/Game/Spook/MiscObjects/Mat_TriggerVisual'
[2015.08.16-07.52.53:624][276]LogLinker:Warning: Can't find file for asset '/Game/Spook/MiscObjects/Mat_TriggerVisual' while loading ../../../../../../Users/jackson.luff/Desktop/Spook_Prototype/Content/Spook/Characters/Sheep/Resource/Animations/AnimBP_Sheep.uasset.
[2015.08.16-07.52.53:624][276]LogLinker:Warning: Can't find file '/Game/Spook/MiscObjects/Mat_TriggerVisual'
[2015.08.16-07.52.53:624][276]LogLinker:Warning: Can't find file for asset '/Game/Spook/MiscObjects/Mat_TriggerVisual' while loading ../../../../../../Users/jackson.luff/Desktop/Spook_Prototype/Content/Spook/Characters/Sheep/Resource/Animations/AnimBP_Sheep.uasset.
[2015.08.16-07.52.53:927][276]LogLinker:Warning: Can't find file '/Game/Spook/MiscObjects/Mat_TriggerVisual'
[2015.08.16-07.52.53:927][276]LogLinker:Warning: Can't find file for asset '/Game/Spook/MiscObjects/Mat_TriggerVisual' while loading ../../../../../../Users/jackson.luff/Desktop/Spook_Prototype/Content/Spook/Characters/Sheep/SheepController.uasset.
[2015.08.16-07.52.53:927][276]LoadErrors:Error: Error /Game/Spook/Characters/Sheep/SheepController : Can't find file for asset. /Game/Spook/MiscObjects/Mat_TriggerVisual
[2015.08.16-07.52.53:928][276]LogLinker:Warning: Can't find file '/Game/Spook/MiscObjects/Mat_TriggerVisual'
[2015.08.16-07.52.53:928][276]LogLinker:Warning: Can't find file for asset '/Game/Spook/MiscObjects/Mat_TriggerVisual' while loading ../../../../../../Users/jackson.luff/Desktop/Spook_Prototype/Content/Spook/Characters/Sheep/SheepController.uasset.
[2015.08.16-07.52.54:326][276]LogLinker:Warning: Can't find file '/Game/Spook/Characters/Frank/FrankController'
[2015.08.16-07.52.54:326][276]LogLinker:Warning: Can't find file for asset '/Game/Spook/Characters/Frank/FrankController' while loading ../../../../../../Users/jackson.luff/Desktop/Spook_Prototype/Content/Spook/MapAndGameMode/SpookGameMode.uasset.
[2015.08.16-07.52.54:326][276]LoadErrors:Error: Error /Game/Spook/MapAndGameMode/SpookGameMode : Can't find file for asset. /Game/Spook/Characters/Frank/FrankController
[2015.08.16-07.52.54:327][276]LogLinker:Warning: Can't find file '/Game/Spook/Characters/Frank/FrankController'
[2015.08.16-07.52.54:327][276]LogLinker:Warning: Can't find file for asset '/Game/Spook/Characters/Frank/FrankController' while loading ../../../../../../Users/jackson.luff/Desktop/Spook_Prototype/Content/Spook/MapAndGameMode/SpookGameMode.uasset.
[2015.08.16-07.52.54:331][276]LogLinker:Warning: Can't find file '/Game/Spook/Characters/Frank/FrankController'
[2015.08.16-07.52.54:331][276]LogLinker:Warning: Can't find file for asset '/Game/Spook/Characters/Frank/FrankController' while loading ../../../../../../Users/jackson.luff/Desktop/Spook_Prototype/Content/Spook/MapAndGameMode/Spook_World.umap.
[2015.08.16-07.52.54:331][276]LoadErrors:Error: Error /Game/Spook/MapAndGameMode/Spook_World : Can't find file for asset. /Game/Spook/Characters/Frank/FrankController
[2015.08.16-07.52.54:331][276]LogLinker:Warning: Can't find file '/Game/Spook/Characters/Frank/FrankController'
[2015.08.16-07.52.54:331][276]LogLinker:Warning: Can't find file for asset '/Game/Spook/Characters/Frank/FrankController' while loading ../../../../../../Users/jackson.luff/Desktop/Spook_Prototype/Content/Spook/MapAndGameMode/Spook_World.umap.
[2015.08.16-07.52.54:331][276]LogLinker:Warning: Can't find file '/Game/Spook/Characters/Frank/FrankController'
[2015.08.16-07.52.54:332][276]LogLinker:Warning: Can't find file for asset '/Game/Spook/Characters/Frank/FrankController' while loading ../../../../../../Users/jackson.luff/Desktop/Spook_Prototype/Content/Spook/MapAndGameMode/Spook_World.umap.
[2015.08.16-07.52.54:440][276]LogBlueprint:Warning: [Spook_World] CreatePinForVariable: 'isPossessed' variable not found. Base class was probably changed.
[2015.08.16-07.52.54:461][276]LogBlueprint:Warning: [compiler Spook_World] Warning Could not find a variable named "isPossessed" in 'SheepController_C'.
Make sure 'SheepController_C' has been compiled for  Get isPossessed 
[2015.08.16-07.52.54:463][276]LogBlueprint:Error: [compiler Spook_World] Error The property associated with  Is Possessed  could not be found
[2015.08.16-07.52.54:473][276]LogBlueprint:Warning: [compiler Spook_World] Warning [0107.28] Compile of Spook_World failed. 1 Fatal Issue(s) 1 Warning(s) [in 30 ms]
[2015.08.16-07.52.54:474][276]LogBlueprint:Warning: [compiler Spook_World] Warning [0107.28] Compile of Spook_World failed. 1 Fatal Issue(s) 2 Warning(s) [in 0 ms]
[2015.08.16-07.52.54:474][276]LogBlueprint:Warning: [compiler Spook_World] Warning [0107.28] Compile of Spook_World failed. 1 Fatal Issue(s) 3 Warning(s) [in 0 ms]
[2015.08.16-07.52.54:477][276]LogBlueprint:Warning: [Spook_World] CreatePinForVariable: 'isPossessed' variable not found. Base class was probably changed.
[2015.08.16-07.52.54:770][276]LogAIModule: Creating AISystem for world Spook_World
[2015.08.16-07.52.54:916][276]LogD3D11RHI: InitD3DDevice
[2015.08.16-07.52.58:481][276]LogSavePackage: Save=2.113657ms
[2015.08.16-07.52.58:481][276]LogSavePackage: Moving '../../../../../../Users/jackson.luff/Desktop/Spook_Prototype/Saved/Boar_Model5CADFC344A4AEBE21879EFB53704EFC1.tmp' to '../../../../../../Users/jackson.luff/Desktop/Spook_Prototype/Content/Spook/Characters/Boar/Resources/Boar_Model.uasset'
[2015.08.16-07.52.58:491][276]LogSavePackage: Save=3.898156ms
[2015.08.16-07.52.58:491][276]LogSavePackage: Moving '../../../../../../Users/jackson.luff/Desktop/Spook_Prototype/Saved/Boar_Model_PhysicsAsset3D8D513B42935360AF4548A5BB66223F.tmp' to '../../../../../../Users/jackson.luff/Desktop/Spook_Prototype/Content/Spook/Characters/Boar/Resources/Boar_Model_PhysicsAsset.uasset'
[2015.08.16-07.52.58:500][276]LogSavePackage: Save=2.098614ms
[2015.08.16-07.52.58:500][276]LogSavePackage: Moving '../../../../../../Users/jackson.luff/Desktop/Spook_Prototype/Saved/Boar_Model_Skeleton39BC84234994A3979BB0FBA0FC15758D.tmp' to '../../../../../../Users/jackson.luff/Desktop/Spook_Prototype/Content/Spook/Characters/Boar/Resources/Boar_Model_Skeleton.uasset'
[2015.08.16-07.52.58:507][276]LogSavePackage: Save=2.228291ms
[2015.08.16-07.52.58:507][276]LogSavePackage: Moving '../../../../../../Users/jackson.luff/Desktop/Spook_Prototype/Saved/Blend_King_ModelCBB0CA2E40C945F47615039F26D5F880.tmp' to '../../../../../../Users/jackson.luff/Desktop/Spook_Prototype/Content/Spook/Characters/Frank/Resources/Animations/Blend_King_Model.uasset'
[2015.08.16-07.52.58:514][276]LogSavePackage: Save=2.323970ms
[2015.08.16-07.52.58:514][276]LogSavePackage: Moving '../../../../../../Users/jackson.luff/Desktop/Spook_Prototype/Saved/King_Model_Jump_Fall6FC3E27842D13B3A6F4A3A9CE1B4B8CC.tmp' to '../../../../../../Users/jackson.luff/Desktop/Spook_Prototype/Content/Spook/Characters/Frank/Resources/Animations/King_Model_Jump_Fall.uasset'
[2015.08.16-07.52.58:520][276]LogSavePackage: Save=2.255671ms
[2015.08.16-07.52.58:520][276]LogSavePackage: Moving '../../../../../../Users/jackson.luff/Desktop/Spook_Prototype/Saved/King_Model_RunF6E606EF44DF3018C30D01909C8D3E3A.tmp' to '../../../../../../Users/jackson.luff/Desktop/Spook_Prototype/Content/Spook/Characters/Frank/Resources/Animations/King_Model_Run.uasset'
[2015.08.16-07.52.58:527][276]LogSavePackage: Save=2.322165ms
[2015.08.16-07.52.58:527][276]LogSavePackage: Moving '../../../../../../Users/jackson.luff/Desktop/Spook_Prototype/Saved/King_Model_WalkE4D31126429CF404AF0E18B7A1CF614E.tmp' to '../../../../../../Users/jackson.luff/Desktop/Spook_Prototype/Content/Spook/Characters/Frank/Resources/Animations/King_Model_Walk.uasset'
[2015.08.16-07.52.58:533][276]LogSavePackage: Save=2.206327ms
[2015.08.16-07.52.58:533][276]LogSavePackage: Moving '../../../../../../Users/jackson.luff/Desktop/Spook_Prototype/Saved/King_Model_PhysicsAsset65B0870349CC3F57143920900C91BFDB.tmp' to '../../../../../../Users/jackson.luff/Desktop/Spook_Prototype/Content/Spook/Characters/Frank/Resources/King_Model_PhysicsAsset.uasset'
[2015.08.16-07.52.58:540][276]LogSavePackage: Save=2.190682ms
[2015.08.16-07.52.58:540][276]LogSavePackage: Moving '../../../../../../Users/jackson.luff/Desktop/Spook_Prototype/Saved/King_Model_SkeletonD791BF9F45B5D65FA64C1583F3690272.tmp' to '../../../../../../Users/jackson.luff/Desktop/Spook_Prototype/Content/Spook/Characters/Frank/Resources/King_Model_Skeleton.uasset'
[2015.08.16-07.52.58:546][276]LogSavePackage: Save=2.131710ms
[2015.08.16-07.52.58:546][276]LogSavePackage: Moving '../../../../../../Users/jackson.luff/Desktop/Spook_Prototype/Saved/Mat_KingTest31656FC9430860480AD89CAF11375C54.tmp' to '../../../../../../Users/jackson.luff/Desktop/Spook_Prototype/Content/Spook/Characters/Frank/Resources/Mat_KingTest.uasset'
[2015.08.16-07.52.58:548][276]Cmd: MAP LOAD FILE="../../../../../../Users/jackson.luff/Desktop/Spook_Prototype/Content/Spook/MapAndGameMode/Spook_World.umap" TEMPLATE=0 SHOWPROGRESS=1 FEATURELEVEL=3
[2015.08.16-07.52.58:548][276]LightingResults: New page: Lighting Build
[2015.08.16-07.52.58:559][276]LogContentBrowser: Native class hierarchy updated for 'StatsViewer' in 0.0003 seconds. Added 5 classes and 0 folders.
[2015.08.16-07.52.58:579][276]LoadErrors: New page: Loading map: Spook_World.umap
[2015.08.16-07.52.58:579][276]MapCheck: New page: Map Check
[2015.08.16-07.52.58:579][276]LightingResults: New page: Lighting Build
[2015.08.16-07.52.58:586][276]LogParticles: Destroying 0 GPU particle simulations for FXSystem 0x0000000016049300
[2015.08.16-07.52.58:816][276]LogBlueprint:Warning: [Spook_World] CreatePinForVariable: 'isPossessed' variable not found. Base class was probably changed.
[2015.08.16-07.52.58:835][276]LogBlueprint:Warning: [compiler Spook_World] Warning Could not find a variable named "isPossessed" in 'SheepController_C'.
Make sure 'SheepController_C' has been compiled for  Get isPossessed 
[2015.08.16-07.52.58:836][276]LogBlueprint:Error: [compiler Spook_World] Error The property associated with  Is Possessed  could not be found
[2015.08.16-07.52.58:846][276]LogBlueprint:Warning: [compiler Spook_World] Warning [0111.65] Compile of Spook_World failed. 1 Fatal Issue(s) 1 Warning(s) [in 26 ms]
[2015.08.16-07.52.58:846][276]LogBlueprint:Warning: [compiler Spook_World] Warning [0111.65] Compile of Spook_World failed. 1 Fatal Issue(s) 2 Warning(s) [in 0 ms]
[2015.08.16-07.52.58:846][276]LogBlueprint:Warning: [compiler Spook_World] Warning [0111.65] Compile of Spook_World failed. 1 Fatal Issue(s) 3 Warning(s) [in 0 ms]
[2015.08.16-07.52.58:849][276]LogBlueprint:Warning: [Spook_World] CreatePinForVariable: 'isPossessed' variable not found. Base class was probably changed.
[2015.08.16-07.52.58:994][276]LogAIModule: Creating AISystem for world Spook_World
[2015.08.16-07.52.59:017][276]LogPhysics:Warning: PHYSX: ..\..\PhysX\src\NpMaterial.cpp (124) 4 : NpMaterial::setRestitution: Invalid value 14785.600586 was clamped to [0,1]!
[2015.08.16-07.52.59:021][276]LogEditorServer: Finished looking for orphan Actors (0.000 secs)
[2015.08.16-07.52.59:192][276]Cmd: MAP CHECKDEP NOCLEARLOG
[2015.08.16-07.52.59:231][276]MapCheck: Info Map check complete: 0 Error(s), 0 Warning(s), took 39.269ms to complete.
[2015.08.16-07.52.59:231][276]LogFileHelpers: Loading map 'Spook_World' took 0.684
[2015.08.16-07.52.59:235][276]LoadErrors:Error: Error Failed import for BoolProperty /Game/Spook/Characters/Sheep/SheepController.SheepController_C:isPossessed
[2015.08.16-07.52.59:455][277]Cmd: UpdateLandscapeEditorData -warnings
[2015.08.16-07.52.59:456][277]Cmd: UpdateLandscapeEditorData
[2015.08.16-07.53.12:005][753]LogD3D11RHI: InitD3DDevice
[2015.08.16-07.53.14:387][753]LogD3D11RHI: InitD3DDevice
[2015.08.16-07.53.14:457][753]LogD3D11RHI: InitD3DDevice
[2015.08.16-07.53.14:480][753]LogD3D11RHI: InitD3DDevice
[2015.08.16-07.53.16:725][992]LogD3D11RHI: InitD3DDevice
[2015.08.16-07.53.18:344][185]LogD3D11RHI: InitD3DDevice
[2015.08.16-07.53.19:236][265]LogLinker:Warning: Can't find file '/Game/Spook/Environment/Platforms/lambert1'
[2015.08.16-07.53.19:237][265]LogLinker:Warning: Can't find file for asset '/Game/Spook/Environment/Platforms/lambert1' while loading ../../../../../../Users/jackson.luff/Desktop/Spook_Prototype/Content/Test/Particles/BP_SoulPickUp.uasset.
[2015.08.16-07.53.19:237][265]LoadErrors:Error: Error /Game/Test/Particles/BP_SoulPickUp : Can't find file for asset. /Game/Spook/Environment/Platforms/lambert1
[2015.08.16-07.53.19:237][265]LogLinker:Warning: Can't find file '/Game/Spook/Environment/Platforms/lambert1'
[2015.08.16-07.53.19:237][265]LogLinker:Warning: Can't find file for asset '/Game/Spook/Environment/Platforms/lambert1' while loading ../../../../../../Users/jackson.luff/Desktop/Spook_Prototype/Content/Test/Particles/BP_SoulPickUp.uasset.
[2015.08.16-07.53.19:241][265]LogLinker:Warning: Can't find file '/Game/Spook/Environment/Platforms/lambert1'
[2015.08.16-07.53.19:241][265]LogLinker:Warning: Can't find file for asset '/Game/Spook/Environment/Platforms/lambert1' while loading NULL.
[2015.08.16-07.53.19:241][265]LogLinker:Warning: Can't find file '/Game/Spook/Environment/Platforms/lambert1'
[2015.08.16-07.53.19:241][265]LogLinker:Warning: Can't find file for asset '/Game/Spook/Environment/Platforms/lambert1' while loading NULL.
[2015.08.16-07.53.19:243][265]LogLinker:Warning: Can't find file '/Game/Spook/Environment/Platforms/lambert1'
[2015.08.16-07.53.19:243][265]LoadErrors: Info Failed to load /Game/Spook/Environment/Platforms/lambert1.lambert1 Referenced by SphereC26531FF40384D4B717D7788E722A0AC
[2015.08.16-07.53.19:243][265]LogLinker:Warning: Can't find file for asset '/Game/Spook/Environment/Platforms/lambert1' while loading NULL.
[2015.08.16-07.53.19:288][265]LogMaterial: Missing cached shader map for material Mat_PS_Pickup, compiling. 
[2015.08.16-07.53.19:409][265]LogD3D11RHI: InitD3DDevice
[2015.08.16-07.53.21:196][265]LogD3D11RHI: InitD3DDevice
[2015.08.16-07.53.21:371][265]LogObjectTools:Warning: ForceReplaceReferences replaced references for a transient object 'DEADCLASS_BP_BoarAnim_C_4' or package '/Engine/Transient'.
[2015.08.16-07.53.21:372][265]LogObjectTools:Warning: ForceReplaceReferences replaced references for a transient object 'DEADCLASS_BP_BoarAnim_C_5' or package '/Engine/Transient'.
[2015.08.16-07.53.21:372][265]LogObjectTools:Warning: ForceReplaceReferences replaced references for a transient object 'Default__DEADCLASS_BP_BoarAnim_C_5' or package '/Engine/Transient'.
[2015.08.16-07.53.21:372][265]LogObjectTools:Warning: ForceReplaceReferences replaced references for a transient object 'Default__DEADCLASS_BP_BoarAnim_C_4' or package '/Engine/Transient'.
[2015.08.16-07.53.21:372][265]LogObjectTools:Warning: ForceReplaceReferences replaced references for a transient object 'DEADCLASS_TEST_BoarController_C_6' or package '/Engine/Transient'.
[2015.08.16-07.53.21:372][265]LogObjectTools:Warning: ForceReplaceReferences replaced references for a transient object 'DEADCLASS_TEST_BoarController_C_7' or package '/Engine/Transient'.
[2015.08.16-07.53.21:373][265]LogObjectTools:Warning: ForceReplaceReferences replaced references for a transient object 'CharacterMesh0' or package '/Engine/Transient'.
[2015.08.16-07.53.21:373][265]LogObjectTools:Warning: ForceReplaceReferences replaced references for a transient object 'DEADCLASS_BP_SoulPickUp_C_13' or package '/Engine/Transient'.
[2015.08.16-07.53.21:373][265]LogObjectTools:Warning: ForceReplaceReferences replaced references for a transient object 'DEADCLASS_BP_SoulPickUp_C_12' or package '/Engine/Transient'.
[2015.08.16-07.53.21:373][265]LogObjectTools:Warning: ForceReplaceReferences replaced references for a transient object 'CharacterMesh0' or package '/Engine/Transient'.
[2015.08.16-07.53.21:373][265]LogObjectTools:Warning: ForceReplaceReferences replaced references for a transient object 'DEADCLASS_TEST_FrankController_C_9' or package '/Engine/Transient'.
[2015.08.16-07.53.21:373][265]LogObjectTools:Warning: ForceReplaceReferences replaced references for a transient object 'DEADCLASS_TEST_FrankController_C_8' or package '/Engine/Transient'.
[2015.08.16-07.53.21:374][265]LogObjectTools:Warning: ForceReplaceReferences replaced references for a transient object 'Default__DEADCLASS_KingAnimationBlueprint_C_10' or package '/Engine/Transient'.
[2015.08.16-07.53.21:374][265]LogObjectTools:Warning: ForceReplaceReferences replaced references for a transient object 'Default__DEADCLASS_KingAnimationBlueprint_C_11' or package '/Engine/Transient'.
[2015.08.16-07.53.21:374][265]LogObjectTools:Warning: ForceReplaceReferences replaced references for a transient object 'DEADCLASS_KingAnimationBlueprint_C_10' or package '/Engine/Transient'.
[2015.08.16-07.53.21:377][265]LogObjectTools:Warning: ForceReplaceReferences replaced references for a transient object 'BP_BoarAnim_C_1' or package '/Game/Spook/MapAndGameMode/Spook_World'.
[2015.08.16-07.53.21:377][265]LogObjectTools:Warning: ForceReplaceReferences replaced references for a transient object 'REINST_SKEL_BP_SoulPickUp_C_166' or package '/Engine/Transient'.
[2015.08.16-07.53.21:378][265]LogObjectTools:Warning: ForceReplaceReferences replaced references for a transient object 'REINST_BP_SoulPickUp_C_165' or package '/Engine/Transient'.
[2015.08.16-07.53.21:378][265]LogObjectTools:Warning: ForceReplaceReferences replaced references for a transient object 'Default__REINST_SKEL_KingAnimationBlueprint_C_30' or package '/Engine/Transient'.
[2015.08.16-07.53.21:378][265]LogObjectTools:Warning: ForceReplaceReferences replaced references for a transient object 'REINST_SKEL_KingAnimationBlueprint_C_30' or package '/Engine/Transient'.
[2015.08.16-07.53.21:378][265]LogObjectTools:Warning: ForceReplaceReferences replaced references for a transient object 'Default__REINST_KingAnimationBlueprint_C_29' or package '/Engine/Transient'.
[2015.08.16-07.53.21:378][265]LogObjectTools:Warning: ForceReplaceReferences replaced references for a transient object 'REINST_KingAnimationBlueprint_C_29' or package '/Engine/Transient'.
[2015.08.16-07.53.21:378][265]LogObjectTools:Warning: ForceReplaceReferences replaced references for a transient object 'REINST_SKEL_TEST_FrankController_C_164' or package '/Engine/Transient'.
[2015.08.16-07.53.21:378][265]LogObjectTools:Warning: ForceReplaceReferences replaced references for a transient object 'CharacterMesh0' or package '/Engine/Transient'.
[2015.08.16-07.53.21:378][265]LogObjectTools:Warning: ForceReplaceReferences replaced references for a transient object 'REINST_TEST_FrankController_C_163' or package '/Engine/Transient'.
[2015.08.16-07.53.21:378][265]LogObjectTools:Warning: ForceReplaceReferences replaced references for a transient object 'REINST_SKEL_TEST_BoarController_C_162' or package '/Engine/Transient'.
[2015.08.16-07.53.21:379][265]LogObjectTools:Warning: ForceReplaceReferences replaced references for a transient object 'CharacterMesh0' or package '/Engine/Transient'.
[2015.08.16-07.53.21:379][265]LogObjectTools:Warning: ForceReplaceReferences replaced references for a transient object 'DEADCLASS_KingAnimationBlueprint_C_11' or package '/Engine/Transient'.
[2015.08.16-07.53.21:379][265]LogObjectTools:Warning: ForceReplaceReferences replaced references for a transient object 'REINST_TEST_BoarController_C_161' or package '/Engine/Transient'.
[2015.08.16-07.53.21:379][265]LogObjectTools:Warning: ForceReplaceReferences replaced references for a transient object 'Default__REINST_SKEL_BP_BoarAnim_C_28' or package '/Engine/Transient'.
[2015.08.16-07.53.21:379][265]LogObjectTools:Warning: ForceReplaceReferences replaced references for a transient object 'REINST_SKEL_BP_BoarAnim_C_28' or package '/Engine/Transient'.
[2015.08.16-07.53.21:379][265]LogObjectTools:Warning: ForceReplaceReferences replaced references for a transient object 'Default__REINST_BP_BoarAnim_C_27' or package '/Engine/Transient'.
[2015.08.16-07.53.21:379][265]LogObjectTools:Warning: ForceReplaceReferences replaced references for a transient object 'REINST_BP_BoarAnim_C_27' or package '/Engine/Transient'.
[2015.08.16-07.53.21:547][265]LogCrashTracker: 


[2015.08.16-07.53.25:513][265]LogCrashTracker: 


[2015.08.16-07.53.25:513][265]LogWindows: === Critical error: ===
Fatal error!

Unhandled Exception: EXCEPTION_ACCESS_VIOLATION reading address 0xffffffff

UE4Editor-CoreUObject.dll!FSerialNumberManager::GetAndAllocateSerialNumber() {0x000007fee7f79348} + 0 bytes [d:\buildfarm\buildmachine_++depot+ue4-releases+4.8\engine\sou
UE4Editor-CoreUObject.dll!FWeakObjectPtr::operator=() {0x000007fee7f65aac} + 12 bytes [d:\buildfarm\buildmachine_++depot+ue4-releases+4.8\engine\sou
UE4Editor-Engine.dll!USelection::Deselect() {0x000007fee56d4b60} + 14 bytes [d:\buildfarm\buildmachine_++depot+ue4-releases+4.8\engine\sou
UE4Editor-UnrealEd.dll!ObjectTools::DeleteSingleObject() {0x000007fed62e3c30} + 0 bytes [d:\buildfarm\buildmachine_++depot+ue4-releases+4.8\engine\sou
UE4Editor-UnrealEd.dll!ObjectTools::ForceDeleteObjects() {0x000007fed62f0998} + 10 bytes [d:\buildfarm\buildmachine_++depot+ue4-releases+4.8\engine\sou
UE4Editor-UnrealEd.dll!FAssetDeleteModel::DoForceDelete() {0x000007fed5fd6d39} + 12 bytes [d:\buildfarm\buildmachine_++depot+ue4-releases+4.8\engine\sou
UE4Editor-UnrealEd.dll!SDeleteAssetsDialog::ForceDelete() {0x000007fed6830c22} + 0 bytes [d:\buildfarm\buildmachine_++depot+ue4-releases+4.8\engine\sou
UE4Editor-UnrealEd.dll!TMemberFunctionCaller<SDeleteAssetsDialog,FReply (__cdecl SDeleteAssetsDialog::*)(void) __ptr64>::operator()<>() {0x000007fed679abd7} + 16 bytes [d:\buildfarm\buildmachine_++depot+ue4-releases+4.8\engine\sou
UE4Editor-UnrealEd.dll!TTupleImpl<TIntegerSequence<> >::ApplyAfter_ExplicitReturnType<FReply,TMemberFunctionCaller<SDeleteAssetsDialog,FReply (__cdecl SDeleteAssetsDialog::*)(void) __ptr64> >() {0x000007fed679bc79} + 19 bytes [d:\buildfarm\buildmachine_++depot+ue4-releases+4.8\engine\sou
UE4Editor-UnrealEd.dll!TBaseSPMethodDelegateInstance<0,SDeleteAssetsDialog,0,FReply __cdecl(void)>::Execute() {0x000007fed681c8a9} + 36 bytes [d:\buildfarm\buildmachine_++depot+ue4-releases+4.8\engine\sou
UE4Editor-Slate.dll!TBaseDelegate<FReply>::Execute() {0x000007fed8fc0c7a} + 6 bytes [d:\buildfarm\buildmachine_++depot+ue4-releases+4.8\engine\sou
UE4Editor-Slate.dll!SButton::OnMouseButtonUp() {0x000007fed8fef88f} + 17 bytes [d:\buildfarm\buildmachine_++depot+ue4-releases+4.8\engine\sou
UE4Editor-Slate.dll!<lambda_de96dc3471181973108233c6db1f9843>::operator()() {0x000007fed8df4ccc} + 24 bytes [d:\buildfarm\buildmachine_++depot+ue4-releases+4.8\engine\sou
UE4Editor-Slate.dll!FEventRouter::Route<FReply,FEventRouter::FToLeafmostPolicy,FPointerEvent,<lambda_de96dc3471181973108233c6db1f9843> >() {0x000007fed8dad167} + 21 bytes [d:\buildfarm\buildmachine_++depot+ue4-releases+4.8\engine\sou
UE4Editor-Slate.dll!FSlateApplication::ProcessMouseButtonUpEvent() {0x000007fed8e68617} + 78 bytes [d:\buildfarm\buildmachine_++depot+ue4-releases+4.8\engine\sou
UE4Editor-Slate.dll!FSlateApplication::OnMouseUp() {0x000007fed8e55d84} + 16 bytes [d:\buildfarm\buildmachine_++depot+ue4-releases+4.8\engine\sou
UE4Editor-Core.dll!FWindowsApplication::ProcessDeferredMessage() {0x000007fee850d7ad} + 12 bytes [d:\buildfarm\buildmachine_++depot+ue4-releases+4.8\engine\sou
UE4Editor-Core.dll!FWindowsApplication::DeferMessage() {0x000007fee84f49d1} + 74 bytes [d:\buildfarm\buildmachine_++depot+ue4-releases+4.8\engine\sou
UE4Editor-Core.dll!FWindowsApplication::ProcessMessage() {0x000007fee850edc3} + 44 bytes [d:\buildfarm\buildmachine_++depot+ue4-releases+4.8\engine\sou
UE4Editor-Core.dll!FWindowsApplication::AppWndProc() {0x000007fee84ee5ba} + 0 bytes [d:\buildfarm\buildmachine_++depot+ue4-releases+4.8\engine\sou
USER32.dll {0x0000000077a69bd1} + 0 bytes
USER32.dll {0x0000000077a698da} + 0 bytes
UE4Editor-Core.dll!FWindowsApplication::PumpMessages() {0x000007fee85100e9} + 11 bytes [d:\buildfarm\buildmachine_++depot+ue4-releases+4.8\engine\sou
UE4Editor-Slate.dll!FSlateApplication::Tick() {0x000007fed8e8687c} + 0 bytes [d:\buildfarm\buildmachine_++depot+ue4-releases+4.8\engine\sou
UE4Editor-Slate.dll!FSlateApplication::AddModalWindow() {0x000007fed8e01ba7} + 0 bytes [d:\buildfarm\buildmachine_++depot+ue4-releases+4.8\engine\sou
UE4Editor-UnrealEd.dll!UEditorEngine::EditorAddModalWindow() {0x000007fed61651ce} + 87 bytes [d:\buildfarm\buildmachine_++depot+ue4-releases+4.8\engine\sou
UE4Editor-UnrealEd.dll!ObjectTools::DeleteObjects() {0x000007fed62e2f6c} + 0 bytes [d:\buildfarm\buildmachine_++depot+ue4-releases+4.8\engine\sou
UE4Editor-ContentBrowser.dll!ContentBrowserUtils::DeleteFolders() {0x000007fecd3f3007} + 0 bytes [d:\buildfarm\buildmachine_++depot+ue4-releases+4.8\engine\sou
UE4Editor-ContentBrowser.dll!FAssetContextMenu::ExecuteDeleteFolderConfirmed() {0x000007fecd405520} + 0 bytes [d:\buildfarm\buildmachine_++depot+ue4-releases+4.8\engine\sou
UE4Editor-ContentBrowser.dll!TMemberFunctionCaller<FAssetContextMenu,FReply (__cdecl FAssetContextMenu::*)(void) __ptr64>::operator()<>() {0x000007fecd29a833} + 12 bytes [d:\buildfarm\buildmachine_++depot+ue4-releases+4.8\engine\sou
UE4Editor-ContentBrowser.dll!TTupleImpl<TIntegerSequence<> >::ApplyAfter_ExplicitReturnType<FReply,TMemberFunctionCaller<FAssetContextMenu,FReply (__cdecl FAssetContextMenu::*)(void) __ptr64> >() {0x000007fecd2a26b9} + 19 bytes [d:\buildfarm\buildmachine_++depot+ue4-releases+4.8\engine\sou
UE4Editor-ContentBrowser.dll!TBaseSPMethodDelegateInstance<0,FAssetContextMenu,0,FReply __cdecl(void)>::Execute() {0x000007fecd3fdd19} + 36 bytes [d:\buildfarm\buildmachine_++depot+ue4-releases+4.8\engine\sou
UE4Editor-ContentBrowser.dll!TBaseDelegate<FReply>::Execute() {0x000007fecd3f914a} + 6 bytes [d:\buildfarm\buildmachine_++depot+ue4-releases+4.8\engine\sou
UE4Editor-ContentBrowser.dll!SContentBrowserConfirmPopup::YesClicked() {0x000007fecd4ef1c3} + 17 bytes [d:\buildfarm\buildmachine_++depot+ue4-releases+4.8\engine\sou
UE4Editor-ContentBrowser.dll!TMemberFunctionCaller<SContentBrowserConfirmPopup,FReply (__cdecl SContentBrowserConfirmPopup::*)(void) __ptr64>::operator()<>() {0x000007fecd29bd97} + 16 bytes [d:\buildfarm\buildmachine_++depot+ue4-releases+4.8\engine\sou
UE4Editor-ContentBrowser.dll!TTupleImpl<TIntegerSequence<> >::ApplyAfter_ExplicitReturnType<FReply,TMemberFunctionCaller<SContentBrowserConfirmPopup,FReply (__cdecl SContentBrowserConfirmPopup::*)(void) __ptr64> >() {0x000007fecd2a28c9} + 19 bytes [d:\buildfarm\buildmachine_++depot+ue4-releases+4.8\engine\sou
UE4Editor-ContentBrowser.dll!TBaseSPMethodDelegateInstance<0,SContentBrowserConfirmPopup,0,FReply __cdecl(void)>::Execute() {0x000007fecd401c89} + 36 bytes [d:\buildfarm\buildmachine_++depot+ue4-releases+4.8\engine\sou
UE4Editor-Slate.dll!TBaseDelegate<FReply>::Execute() {0x000007fed8fc0c7a} + 6 bytes [d:\buildfarm\buildmachine_++depot+ue4-releases+4.8\engine\sou
UE4Editor-Slate.dll!SButton::OnMouseButtonUp() {0x000007fed8fef88f} + 17 bytes [d:\buildfarm\buildmachine_++depot+ue4-releases+4.8\engine\sou
UE4Editor-Slate.dll!<lambda_de96dc3471181973108233c6db1f9843>::operator()() {0x000007fed8df4ccc} + 24 bytes [d:\buildfarm\buildmachine_++depot+ue4-releases+4.8\engine\sou
UE4Editor-Slate.dll!FEventRouter::Route<FReply,FEventRouter::FToLeafmostPolicy,FPointerEvent,<lambda_de96dc3471181973108233c6db1f9843> >() {0x000007fed8dad167} + 21 bytes [d:\buildfarm\buildmachine_++depot+ue4-releases+4.8\engine\sou
UE4Editor-Slate.dll!FSlateApplication::ProcessMouseButtonUpEvent() {0x000007fed8e68617} + 78 bytes [d:\buildfarm\buildmachine_++depot+ue4-releases+4.8\engine\sou
UE4Editor-Slate.dll!FSlateApplication::OnMouseUp() {0x000007fed8e55d84} + 16 bytes [d:\buildfarm\buildmachine_++depot+ue4-releases+4.8\engine\sou
UE4Editor-Core.dll!FWindowsApplication::ProcessDeferredMessage() {0x000007fee850d7ad} + 12 bytes [d:\buildfarm\buildmachine_++depot+ue4-releases+4.8\engine\sou
UE4Editor-Core.dll!FWindowsApplication::DeferMessage() {0x000007fee84f49d1} + 74 bytes [d:\buildfarm\buildmachine_++depot+ue4-releases+4.8\engine\sou
UE4Editor-Core.dll!FWindowsApplication::ProcessMessage() {0x000007fee850edc3} + 44 bytes [d:\buildfarm\buildmachine_++depot+ue4-releases+4.8\engine\sou
UE4Editor-Core.dll!FWindowsApplication::AppWndProc() {0x000007fee84ee5ba} + 0 bytes [d:\buildfarm\buildmachine_++depot+ue4-releases+4.8\engine\sou
USER32.dll {0x0000000077a69bd1} + 0 bytes
USER32.dll {0x0000000077a698da} + 0 bytes
UE4Editor-Core.dll!FWindowsPlatformMisc::PumpMessages() {0x000007fee8510186} + 48 bytes [d:\buildfarm\buildmachine_++depot+ue4-releases+4.8\engine\sou
UE4Editor.exe!FEngineLoop::Tick() {0x000000013fac3c7a} + 8 bytes [d:\buildfarm\buildmachine_++depot+ue4-releases+4.8\engine\sou
UE4Editor.exe!GuardedMain() {0x000000013fab49cc} + 0 bytes [d:\buildfarm\buildmachine_++depot+ue4-releases+4.8\engine\sou
UE4Editor.exe!GuardedMainWrapper() {0x000000013fab4a4a} + 5 bytes [d:\buildfarm\buildmachine_++depot+ue4-releases+4.8\engine\sou
UE4Editor.exe!WinMain() {0x000000013fac65c9} + 17 bytes [d:\buildfarm\buildmachine_++depot+ue4-releases+4.8\engine\sou
UE4Editor.exe!__tmainCRTStartup() {0x000000013fac75d9} + 21 bytes [f:\dd\vctools\crt\crtw32\dllstuff\crtexe.c:618]
kernel32.dll {0x00000000779459ed} + 0 bytes
ntdll.dll {0x0000000077b7c541} + 0 bytes
ntdll.dll {0x0000000077b7c541} + 0 bytes

