[2015.08.17-04.36.27:819][  0]Log file open, 08/17/15 14:36:27
[2015.08.17-04.36.27:819][  0]LogInit:Display: Running engine for game: Spook_Prototype
[2015.08.17-04.36.27:819][  0]LogInit:Display: RandInit(2055985456) SRandInit(2055985456).
[2015.08.17-04.36.27:819][  0]LogTaskGraph: Started task graph with 4 named threads and 7 total threads.
[2015.08.17-04.36.27:819][  0]LogStats: Stats thread started
[2015.08.17-04.36.27:819][  0]LogInit: Version: 4.8.3-2634408+++depot+UE4-Releases+4.8
[2015.08.17-04.36.27:819][  0]LogInit: API Version: 2579680
[2015.08.17-04.36.27:819][  0]LogInit: Compiled (64-bit): Jul 27 2015 16:24:33
[2015.08.17-04.36.27:819][  0]LogInit: Compiled with Visual C++: 18.00.21005.01
[2015.08.17-04.36.27:819][  0]LogInit: Build Configuration: Development
[2015.08.17-04.36.27:819][  0]LogInit: Branch Name: ++depot+UE4-Releases+4.8
[2015.08.17-04.36.27:819][  0]LogInit: Command line:  
[2015.08.17-04.36.27:819][  0]LogInit: Base directory: C:/Program Files/Epic Games/4.8/Engine/Binaries/Win64/
[2015.08.17-04.36.27:819][  0]LogInit: Rocket: 1
[2015.08.17-04.36.27:834][  0]LogInit: Using libcurl 7.41.0
[2015.08.17-04.36.27:834][  0]LogInit:  - built for x86_64-pc-win32
[2015.08.17-04.36.27:834][  0]LogInit:  - supports SSL with WinSSL
[2015.08.17-04.36.27:834][  0]LogInit:  - other features:
[2015.08.17-04.36.27:834][  0]LogInit:      CURL_VERSION_SSL
[2015.08.17-04.36.27:834][  0]LogInit:      CURL_VERSION_IPV6
[2015.08.17-04.36.27:834][  0]LogInit:      CURL_VERSION_ASYNCHDNS
[2015.08.17-04.36.27:834][  0]LogInit:      CURL_VERSION_LARGEFILE
[2015.08.17-04.36.27:834][  0]LogInit:      CURL_VERSION_IDN
[2015.08.17-04.36.27:834][  0]LogInit:  CurlRequestOptions (configurable via config and command line):
[2015.08.17-04.36.27:834][  0]LogInit:  - bVerifyPeer = true  - Libcurl will verify peer certificate
[2015.08.17-04.36.27:834][  0]LogInit:  - bUseHttpProxy = false  - Libcurl will NOT use HTTP proxy
[2015.08.17-04.36.27:834][  0]LogInit:  - bDontReuseConnections = false  - Libcurl will reuse connections
[2015.08.17-04.36.27:834][  0]LogInit:  - CertBundlePath = nullptr  - Libcurl will use whatever was configured at build time.
[2015.08.17-04.36.27:850][  0]LogOnline:Warning: No default platform service specified for OnlineSubsystem
[2015.08.17-04.36.27:850][  0]LogInit: Presizing for 0 objects not considered by GC, pre-allocating 0 bytes.
[2015.08.17-04.36.27:850][  0]LogInit: Object subsystem initialized
[2015.08.17-04.36.27:866][  0]LogConsoleResponse:Warning: Skipping Unknown console variable: 'TranslucentSortAxis = (X=0.000000,Y=-1.000000,Z=0.000000)'
[2015.08.17-04.36.27:866][  0]LogConsoleResponse:Warning:   Found in ini file 'C:/Users/jackson.luff/Desktop/Spook_Prototype_PAT/Saved/Config/Windows/Engine.ini', in section '[/Script/Engine.RendererSettings]'
[2015.08.17-04.36.27:866][  0]LogConsoleResponse:Warning: Skipping Unknown console variable: 'UIScaleRule = ShortestSide'
[2015.08.17-04.36.27:866][  0]LogConsoleResponse:Warning:   Found in ini file 'C:/Users/jackson.luff/Desktop/Spook_Prototype_PAT/Saved/Config/Windows/Engine.ini', in section '[/Script/Engine.RendererSettings]'
[2015.08.17-04.36.27:866][  0]LogConsoleResponse:Warning: Skipping Unknown console variable: 'UIScaleCurve = (EditorCurveData=(Keys=),ExternalCurve=None)'
[2015.08.17-04.36.27:866][  0]LogConsoleResponse:Warning:   Found in ini file 'C:/Users/jackson.luff/Desktop/Spook_Prototype_PAT/Saved/Config/Windows/Engine.ini', in section '[/Script/Engine.RendererSettings]'
[2015.08.17-04.36.27:866][  0]LogInit: Selected Device Profile: [Windows]
[2015.08.17-04.36.27:866][  0]LogInit: Applying CVar settings loaded from the selected device profile: [Windows]
[2015.08.17-04.36.27:866][  0]LogInit: Computer: FCAA148BAB7C
[2015.08.17-04.36.27:866][  0]LogInit: User: jacksonluff
[2015.08.17-04.36.27:866][  0]LogInit: CPU Page size=4096, Cores=4
[2015.08.17-04.36.27:866][  0]LogInit: High frequency timer resolution =3.515664 MHz
[2015.08.17-04.36.27:866][  0]LogMemory: Memory total: Physical=31.9GB (32GB approx)
[2015.08.17-04.36.27:866][  0]LogMemory: Platform Memory Stats for Windows
[2015.08.17-04.36.27:866][  0]LogMemory: Process Physical Memory: 50.82 MB used, 50.82 MB peak
[2015.08.17-04.36.27:866][  0]LogMemory: Process Virtual Memory: 24.29 MB used, 24.29 MB peak
[2015.08.17-04.36.27:866][  0]LogMemory: Physical Memory: 3098.88 MB used, 32631.33 MB total
[2015.08.17-04.36.27:866][  0]LogMemory: Virtual Memory: 283.72 MB used, 8388608.00 MB total
[2015.08.17-04.36.27:881][  0]LogTextLocalizationManager: The requested culture ('en_AU') has no localization data; parent culture's ('en') localization data will be used.
[2015.08.17-04.36.28:059][  0]LogTextLocalizationManager:Warning: Loaded localization resources contain conflicting entries for (Namespace:ContentBrowser, Key:ImportAssetToolTip):
Localization Resource: (C:/Program Files/Epic Games/4.8/Engine/Content/Localization/Editor/en/Editor.locres) Source String Hash: (-630476809) Localized String: (Import to {0}...)
Localization Resource: (C:/Program Files/Epic Games/4.8/Engine/Content/Localization/Editor/en/Editor.locres) Source String Hash: (1271782899) Localized String: (Imports an asset from file to this folder.)
[2015.08.17-04.36.28:418][  0]LogD3D11RHI: Found D3D11 adapter 0: NVIDIA GeForce GTX 970 (Feature Level 11_0)
[2015.08.17-04.36.28:418][  0]LogD3D11RHI: Adapter has 4009MB of dedicated video memory, 0MB of dedicated system memory, and 16059MB of shared system memory, 2 output[s]
[2015.08.17-04.36.28:418][  0]LogD3D11RHI: Chosen D3D11 Adapter Id = 0
[2015.08.17-04.36.28:421][  0]LogD3D11RHI: InitD3DDevice
[2015.08.17-04.36.28:421][  0]LogD3D11RHI: !Direct3DDevice
[2015.08.17-04.36.28:421][  0]LogRHI: Texture pool is 1361 MB (70% of 1945 MB)
[2015.08.17-04.36.28:427][  0]LogD3D11RHI: Async texture creation enabled
[2015.08.17-04.36.28:440][  0]LogShaderCompilers:Display: Using Local Shader Compiler.
[2015.08.17-04.36.29:056][  0]LogTemp:Display: Loaded TP DesktopTargetPlatform
[2015.08.17-04.36.29:066][  0]LogTemp:Display: Loaded TP WindowsClientTargetPlatform
[2015.08.17-04.36.29:076][  0]LogTemp:Display: Loaded TP WindowsNoEditorTargetPlatform
[2015.08.17-04.36.29:086][  0]LogTemp:Display: Loaded TP WindowsServerTargetPlatform
[2015.08.17-04.36.29:096][  0]LogTemp:Display: Loaded TP WindowsTargetPlatform
[2015.08.17-04.36.29:105][  0]LogTemp:Display: Loaded TP AndroidTargetPlatform
[2015.08.17-04.36.29:113][  0]LogTemp:Display: Loaded TP Android_ASTCTargetPlatform
[2015.08.17-04.36.29:121][  0]LogTemp:Display: Loaded TP Android_ATCTargetPlatform
[2015.08.17-04.36.29:130][  0]LogTemp:Display: Loaded TP Android_DXTTargetPlatform
[2015.08.17-04.36.29:139][  0]LogTemp:Display: Loaded TP Android_ETC1TargetPlatform
[2015.08.17-04.36.29:147][  0]LogTemp:Display: Loaded TP Android_ETC2TargetPlatform
[2015.08.17-04.36.29:156][  0]LogTemp:Display: Loaded TP Android_PVRTCTargetPlatform
[2015.08.17-04.36.29:191][  0]LogTemp:Display: Loaded TP IOSTargetPlatform
[2015.08.17-04.36.29:199][  0]LogTemp:Display: Loaded TP LinuxNoEditorTargetPlatform
[2015.08.17-04.36.29:207][  0]LogTemp:Display: Loaded TP LinuxServerTargetPlatform
[2015.08.17-04.36.29:217][  0]LogTemp:Display: Loaded TP LinuxTargetPlatform
[2015.08.17-04.36.29:217][  0]LogTargetPlatformManager:Display: Building Assets For Windows
[2015.08.17-04.36.29:360][  0]LogDerivedDataCache:Display: Max Cache Size: 512 MB
[2015.08.17-04.36.29:360][  0]LogDerivedDataCache:Display: Starting with empty Boot cache
[2015.08.17-04.36.29:360][  0]LogDerivedDataCache: FDerivedDataBackendGraph:  Pak pak cache file ../../../../../../Users/jackson.luff/Desktop/Spook_Prototype_PAT/DerivedDataCache/DDC.ddp not found, will not use a pak cache.
[2015.08.17-04.36.29:360][  0]LogDerivedDataCache: Unable to find inner node Pak for hierarchical cache Hierarchy.
[2015.08.17-04.36.29:360][  0]LogDerivedDataCache: FDerivedDataBackendGraph:  CompressedPak pak cache file ../../../../../../Users/jackson.luff/Desktop/Spook_Prototype_PAT/DerivedDataCache/Compressed.ddp not found, will not use a pak cache.
[2015.08.17-04.36.29:360][  0]LogDerivedDataCache: Unable to find inner node CompressedPak for hierarchical cache Hierarchy.
[2015.08.17-04.36.29:485][  0]LogDerivedDataCache:Display: Pak cache opened for reading ../../../Engine/DerivedDataCache/Compressed.ddp.
[2015.08.17-04.36.29:558][  0]LogDerivedDataCache: Using Local data cache path C:/Users/jackson.luff/AppData/Local/UnrealEngine/Common/DerivedDataCache: Writable
[2015.08.17-04.36.29:752][  0]LogInit: Selected Device Profile: [Windows]
[2015.08.17-04.36.29:760][  0]ImportText (ComponentSweepMultiTests): Missing closing parenthesis: (RootShapeAsset="/Engine/BasicShapes/Cube.Cube",ShapeType="TriggerCapsule",HitResult=(Time=0.50,Location=(X=-100.000015,Y=0.0,Z=100.000015),ImpactPoint=(X=-50.0,Y=0.0,Z=50.0),Normal=(X=-1.0,Y=-0.0,Z=0.0),ImpactNormal=(X=0.0,Y=0.0,Z=1.0),TraceStart=(X=-200.0,Y=0.0,Z=200.0),TraceEnd=(X=0.0,Y=0.0,Z=0.0))
[2015.08.17-04.36.29:761][  0]ImportText (LineTraceSingleByChannelTests): Missing closing parenthesis: (RootShapeAsset="/Engine/BasicShapes/Cube.Cube",HitResult=(Time=0.50,Location=(X=-100.000015,Y=0.0,Z=100.000015),ImpactPoint=(X=-50.0,Y=0.0,Z=50.0),Normal=(X=-1.0,Y=-0.0,Z=0.0),ImpactNormal=(X=0.0,Y=0.0,Z=1.0),TraceStart=(X=-200.0,Y=0.0,Z=200.0),TraceEnd=(X=0.0,Y=0.0,Z=0.0))
[2015.08.17-04.36.29:780][  0]LogMeshUtilities: No automatic mesh reduction module available
[2015.08.17-04.36.29:780][  0]LogMeshUtilities: No automatic mesh merging module available
[2015.08.17-04.36.30:219][  0]LogInit: WinSock: version 1.1 (2.2), MaxSocks=32767, MaxUdp=65467
[2015.08.17-04.36.30:893][  0]UdpMessaging: Initializing bridge on interface 0.0.0.0:0 to multicast group 230.0.0.1:6666.
[2015.08.17-04.36.31:174][  0]SourceControl: Info Source control is disabled
[2015.08.17-04.36.31:175][  0]SourceControl: Info Source control is disabled
[2015.08.17-04.36.31:182][  0]SourceControl: Info Source control is disabled
[2015.08.17-04.36.31:188][  0]SourceControl: Info Source control is disabled
[2015.08.17-04.36.31:342][  0]LogObj: 26273 objects as part of root set at end of initial load.
[2015.08.17-04.36.31:342][  0]LogUObjectAllocator: 5409256 out of 0 bytes used by permanent object pool.
[2015.08.17-04.36.31:395][  0]LogEngine: Initializing Engine...
[2015.08.17-04.36.31:396][  0]LogHMD: Can't find Oculus library dev build: is proper Runtime installed? Version: 0.6.0.0
[2015.08.17-04.36.31:397][  0]LogHMD:Warning: SteamVR failed to initialize.  Error: 110
[2015.08.17-04.36.31:528][  0]LogAIModule: Creating AISystem for world NewWorld
[2015.08.17-04.36.31:532][  0]LogInit: XAudio2 using 'Speakers (Realtek High Definition Audio)' : 4 channels at 48 kHz using 32 bits per sample (channel mask 0x33)
[2015.08.17-04.36.31:553][  0]LogInit: FAudioDevice initialized.
[2015.08.17-04.36.31:570][  0]LogDerivedDataCache: Saved boot cache 0.02s 53MB C:/Users/jackson.luff/AppData/Local/UnrealEngine/4.8/DerivedDataCache/Boot.ddc.
[2015.08.17-04.36.31:575][  0]LogInit: Texture streaming: Disabled
[2015.08.17-04.36.31:591][  0]LogAnalytics: Creating configured Analytics provider AnalyticsET
[2015.08.17-04.36.31:591][  0]LogAnalytics: [UEEditor.Rocket.Release] APIServer = http://et2.epicgames.com/ET2/. AppVersion = 4.8.3-2634408+++depot+UE4-Releases+4.8
[2015.08.17-04.36.31:591][  0]LogAnalytics: [UEEditor.Rocket.Release] SetUserId 1048279d4b8c56ae617f1e86260abbe7||db701714-62e2-4b5b-8d82-53200fddd665
[2015.08.17-04.36.31:591][  0]LogAnalytics: [UEEditor.Rocket.Release] AnalyticsET::StartSession
[2015.08.17-04.36.31:607][  0]LogInit: Transaction tracking system initialized
[2015.08.17-04.36.31:694][  0]BlueprintLog: New page: Editor Load
[2015.08.17-04.36.31:721][  0]LogAssetRegistry: FAssetRegistry took 0.0102 seconds to start up
[2015.08.17-04.36.31:721][  0]LogDirectoryWatcher:Warning: Failed to begin reading directory changes for ../../../Engine/Plugins/Experimental/CharacterAI/Content/. Error: 0
[2015.08.17-04.36.32:136][  0]LogConsoleManager:Warning: Console variable 'r.VSync' wasn't set ('GameSetting' has a lower priority than 'SystemSettingsIni')
[2015.08.17-04.36.32:136][  0]LogConsoleResponse:Display: 
[2015.08.17-04.36.32:205][  0]LogCook:Display: Done creating registry. It took  0.00s.
[2015.08.17-04.36.32:323][  0]SourceControl: Info Source control is disabled
[2015.08.17-04.36.32:323][  0]Cmd: MAP LOAD FILE="../../../../../../Users/jackson.luff/Desktop/Spook_Prototype_PAT/Content/ThirdPersonBP/Maps/ThirdPersonExampleMap.umap" TEMPLATE=0 SHOWPROGRESS=1 FEATURELEVEL=3
[2015.08.17-04.36.32:323][  0]LogEditorServer:Warning: Can't find file '../../../../../../Users/jackson.luff/Desktop/Spook_Prototype_PAT/Content/ThirdPersonBP/Maps/ThirdPersonExampleMap.umap'
[2015.08.17-04.36.32:323][  0]Cmd: MAP CHECKDEP NOCLEARLOG
[2015.08.17-04.36.32:345][  0]MapCheck: Info Map check complete: 0 Error(s), 0 Warning(s), took 21.973ms to complete.
[2015.08.17-04.36.32:345][  0]LogFileHelpers: Loading map 'ThirdPersonExampleMap' took 0.022
[2015.08.17-04.36.32:447][  0]LogCollectionManager: Loaded 0 collections in 0.001505 seconds
[2015.08.17-04.36.32:452][  0]LogContentBrowser: Native class hierarchy populated in 0.0051 seconds. Added 1792 classes and 301 folders.
[2015.08.17-04.36.32:485][  0]LogContentBrowser: Native class hierarchy updated for 'WidgetCarousel' in 0.0002 seconds. Added 0 classes and 0 folders.
[2015.08.17-04.36.32:503][  0]LogContentBrowser: Native class hierarchy updated for 'AddContentDialog' in 0.0002 seconds. Added 0 classes and 0 folders.
[2015.08.17-04.36.32:513][  0]LogContentBrowser: Native class hierarchy updated for 'SceneOutliner' in 0.0002 seconds. Added 1 classes and 2 folders.
[2015.08.17-04.36.32:535][  0]LogCrashTracker: Crashtracker disabled due to settings.
[2015.08.17-04.36.32:535][  0]LogD3D11RHI: InitD3DDevice
[2015.08.17-04.36.32:550][  0]LogD3D11RHI: InitD3DDevice
[2015.08.17-04.36.32:577][  0]LogLoad: Full Startup: 5.80 seconds (BP compile: 0.01 seconds)
[2015.08.17-04.36.32:946][  0]LogContentStreaming: Texture pool size is 0.000000MB
[2015.08.17-04.36.32:962][  0]LogContentStreaming: Texture pool size now 1000 MB
[2015.08.17-04.36.33:100][  0]LogRenderer: Reallocating scene render targets to support 1208x576 (Frame:2).
[2015.08.17-04.36.33:645][  3]LogD3D11RHI: InitD3DDevice
[2015.08.17-04.36.34:945][  6]LogAssetRegistry: Asset discovery search completed in 3.2347 seconds
[2015.08.17-04.36.40:629][177]LogD3D11RHI: InitD3DDevice
[2015.08.17-04.36.45:571][768]LogD3D11RHI: InitD3DDevice
[2015.08.17-04.36.46:418][768]LogStaticMesh: Building static mesh tree_alive...
[2015.08.17-04.36.46:532][768]LogStaticMesh: Built static mesh [0.113882.2s] /Game/Spook/Environment/Trees/tree_alive.tree_alive
[2015.08.17-04.36.46:564][768]LogStaticMesh: Building static mesh DeadTreeUV_d...
[2015.08.17-04.36.46:630][768]LogStaticMesh: Built static mesh [0.065985.2s] /Game/Spook/Environment/Trees/DeadTreeUV_d.DeadTreeUV_d
[2015.08.17-04.36.46:641][768]LogStaticMesh: Building static mesh rock_4...
[2015.08.17-04.36.46:647][768]LogStaticMesh: Built static mesh [0.005198.2s] /Game/Spook/Environment/Rocks/rock_4.rock_4
[2015.08.17-04.36.46:647][768]LogStaticMesh: Building static mesh rock_3...
[2015.08.17-04.36.46:654][768]LogStaticMesh: Built static mesh [0.006581.2s] /Game/Spook/Environment/Rocks/rock_3.rock_3
[2015.08.17-04.36.46:655][768]LogStaticMesh: Building static mesh rock_2...
[2015.08.17-04.36.46:686][768]LogStaticMesh: Built static mesh [0.031163.2s] /Game/Spook/Environment/Rocks/rock_2.rock_2
[2015.08.17-04.36.46:691][768]LogStaticMesh: Building static mesh Rock1...
[2015.08.17-04.36.46:705][768]LogStaticMesh: Built static mesh [0.014083.2s] /Game/Spook/Environment/Rocks/Rock1.Rock1
[2015.08.17-04.36.46:707][768]LogStaticMesh: Building static mesh WallPlatform...
[2015.08.17-04.36.46:727][768]LogStaticMesh: Built static mesh [0.019942.2s] /Game/Spook/Environment/Platforms/WallPlatform.WallPlatform
[2015.08.17-04.36.46:730][768]LogStaticMesh: Building static mesh TallWidePlatformUV_d...
[2015.08.17-04.36.46:743][768]LogStaticMesh: Built static mesh [0.012405.2s] /Game/Spook/Environment/Platforms/TallWidePlatformUV_d.TallWidePlatformUV_d
[2015.08.17-04.36.46:746][768]LogStaticMesh: Building static mesh TallPlatformUV_d...
[2015.08.17-04.36.46:756][768]LogStaticMesh: Built static mesh [0.010678.2s] /Game/Spook/Environment/Platforms/TallPlatformUV_d.TallPlatformUV_d
[2015.08.17-04.36.46:758][768]LogStaticMesh: Building static mesh SmallPlatform...
[2015.08.17-04.36.46:786][768]LogStaticMesh: Built static mesh [0.028120.2s] /Game/Spook/Environment/Platforms/SmallPlatform.SmallPlatform
[2015.08.17-04.36.46:792][768]LogStaticMesh: Building static mesh RampPlatform...
[2015.08.17-04.36.46:825][768]LogStaticMesh: Built static mesh [0.033586.2s] /Game/Spook/Environment/Platforms/RampPlatform.RampPlatform
[2015.08.17-04.36.46:831][768]LogStaticMesh: Building static mesh largePlatform...
[2015.08.17-04.36.46:863][768]LogStaticMesh: Built static mesh [0.031548.2s] /Game/Spook/Environment/Platforms/largePlatform.largePlatform
[2015.08.17-04.36.46:869][768]LogStaticMesh: Building static mesh FloatingPlatform2UV_d...
[2015.08.17-04.36.46:879][768]LogStaticMesh: Built static mesh [0.010014.2s] /Game/Spook/Environment/Platforms/FloatingPlatform2UV_d.FloatingPlatform2UV_d
[2015.08.17-04.36.46:880][768]LogStaticMesh: Building static mesh FloatingPlatform1UV_d...
[2015.08.17-04.36.46:893][768]LogStaticMesh: Built static mesh [0.012371.2s] /Game/Spook/Environment/Platforms/FloatingPlatform1UV_d.FloatingPlatform1UV_d
[2015.08.17-04.36.46:895][768]LogStaticMesh: Building static mesh tube...
[2015.08.17-04.36.46:900][768]LogStaticMesh: Built static mesh [0.005153.2s] /Game/Spook/Environment/Level/tube.tube
[2015.08.17-04.36.46:901][768]LogStaticMesh: Building static mesh Level_Frame_02__1_...
[2015.08.17-04.36.47:018][768]LogStaticMesh: Built static mesh [0.117509.2s] /Game/Spook/Environment/Level/Level_Frame_02__1_.Level_Frame_02__1_
[2015.08.17-04.36.47:043][768]LogStaticMesh: Building static mesh graveWall...
[2015.08.17-04.36.47:097][768]LogStaticMesh: Built static mesh [0.054370.2s] /Game/Spook/Environment/Level/graveWall.graveWall
[2015.08.17-04.36.47:106][768]LogStaticMesh: Building static mesh gaveStone_stone...
[2015.08.17-04.36.47:110][768]LogStaticMesh: Built static mesh [0.003905.2s] /Game/Spook/Environment/Graves/gaveStone_stone.gaveStone_stone
[2015.08.17-04.36.47:111][768]LogStaticMesh: Building static mesh gaveStone_cross...
[2015.08.17-04.36.47:125][768]LogStaticMesh: Built static mesh [0.013803.2s] /Game/Spook/Environment/Graves/gaveStone_cross.gaveStone_cross
[2015.08.17-04.36.47:126][768]LogStaticMesh: Building static mesh fence_right...
[2015.08.17-04.36.47:132][768]LogStaticMesh: Built static mesh [0.006351.2s] /Game/Spook/Environment/Fences/fence_right.fence_right
[2015.08.17-04.36.47:134][768]LogStaticMesh: Building static mesh fence_left...
[2015.08.17-04.36.47:140][768]LogStaticMesh: Built static mesh [0.006203.2s] /Game/Spook/Environment/Fences/fence_left.fence_left
[2015.08.17-04.36.47:140][768]LogStaticMesh: Building static mesh fence_gate...
[2015.08.17-04.36.47:159][768]LogStaticMesh: Built static mesh [0.018499.2s] /Game/Spook/Environment/Fences/fence_gate.fence_gate
[2015.08.17-04.36.47:160][768]LogStaticMesh: Building static mesh fence_both...
[2015.08.17-04.36.47:170][768]LogStaticMesh: Built static mesh [0.010249.2s] /Game/Spook/Environment/Fences/fence_both.fence_both
[2015.08.17-04.36.47:172][768]LogStaticMesh: Building static mesh floor_10x10...
[2015.08.17-04.36.47:181][768]LogStaticMesh: Built static mesh [0.009007.2s] /Game/FoliageTest/floor_10x10.floor_10x10
[2015.08.17-04.36.47:215][768]LogTexture:Display: Building textures: woodgrain-normal (BC5)
[2015.08.17-04.36.47:336][768]LogTexture:Display: Building textures: woodgrain-albedo (AutoDXT)
[2015.08.17-04.36.47:748][768]LogMaterial: Missing cached shader map for material wood, compiling. 
[2015.08.17-04.36.47:835][768]LogTexture:Display: Building textures: stone_normal (BC5)
[2015.08.17-04.36.47:994][768]LogTexture:Display: Building textures: stone_albedo (AutoDXT)
[2015.08.17-04.36.48:250][768]LogMaterial: Missing cached shader map for material stone, compiling. 
[2015.08.17-04.36.48:337][768]LogTexture:Display: Building textures: wall-normal (BC5)
[2015.08.17-04.36.48:498][768]LogTexture:Display: Building textures: wall-albedo (AutoDXT)
[2015.08.17-04.36.49:109][768]LogMaterial: Missing cached shader map for material Mat_Walls, compiling. 
[2015.08.17-04.36.49:165][768]LogTexture:Display: Building textures: path-albedo (AutoDXT)
[2015.08.17-04.36.49:739][768]LogTexture:Display: Building textures: grass-albedo (AutoDXT)
[2015.08.17-04.36.50:501][768]LogTexture:Display: Building textures: path-normal (BC5)
[2015.08.17-04.36.50:676][768]LogTexture:Display: Building textures: grass-normal (BC5)
[2015.08.17-04.36.50:817][768]LogMaterial: Missing cached shader map for material Mat_OpenEnviro, compiling. 
[2015.08.17-04.36.50:921][768]LogTexture:Display: Building textures: cliffside-normal (BC5)
[2015.08.17-04.36.51:080][768]LogTexture:Display: Building textures: cliffside-albedo (AutoDXT)
[2015.08.17-04.36.51:533][768]LogMaterial: Missing cached shader map for material ground, compiling. 
[2015.08.17-04.36.51:580][768]LogMaterial: Missing cached shader map for material Mat_CliffFace, compiling. 
[2015.08.17-04.36.51:637][768]LogTexture:Display: Building textures: Texture2D_4 (BGRA8)
[2015.08.17-04.36.51:650][768]LogTexture:Display: Building textures: HQ_Lightmap0_10 (AutoDXT)
[2015.08.17-04.36.51:680][768]LogTexture:Display: Building textures: HQ_Lightmap0_14 (AutoDXT)
[2015.08.17-04.36.51:700][768]LogTexture:Display: Building textures: HQ_Lightmap0_15 (AutoDXT)
[2015.08.17-04.36.51:719][768]LogTexture:Display: Building textures: HQ_Lightmap0_16 (AutoDXT)
[2015.08.17-04.36.51:746][768]LogTexture:Display: Building textures: HQ_Lightmap0_17 (AutoDXT)
[2015.08.17-04.36.51:765][768]LogTexture:Display: Building textures: HQ_Lightmap0_2 (AutoDXT)
[2015.08.17-04.36.51:796][768]LogTexture:Display: Building textures: HQ_Lightmap0_20 (AutoDXT)
[2015.08.17-04.36.51:810][768]LogTexture:Display: Building textures: HQ_Lightmap0_21 (AutoDXT)
[2015.08.17-04.36.51:825][768]LogTexture:Display: Building textures: HQ_Lightmap0_22 (AutoDXT)
[2015.08.17-04.36.51:841][768]LogTexture:Display: Building textures: HQ_Lightmap0_25 (AutoDXT)
[2015.08.17-04.36.51:856][768]LogTexture:Display: Building textures: HQ_Lightmap0_28 (AutoDXT)
[2015.08.17-04.36.51:869][768]LogTexture:Display: Building textures: HQ_Lightmap0_29 (AutoDXT)
[2015.08.17-04.36.51:889][768]LogTexture:Display: Building textures: HQ_Lightmap0_3 (AutoDXT)
[2015.08.17-04.36.52:055][768]LogTexture:Display: Building textures: HQ_Lightmap0_30 (AutoDXT)
[2015.08.17-04.36.52:072][768]LogTexture:Display: Building textures: HQ_Lightmap0_33 (AutoDXT)
[2015.08.17-04.36.52:087][768]LogTexture:Display: Building textures: HQ_Lightmap0_37 (AutoDXT)
[2015.08.17-04.36.52:101][768]LogTexture:Display: Building textures: HQ_Lightmap0_38 (AutoDXT)
[2015.08.17-04.36.52:116][768]LogTexture:Display: Building textures: HQ_Lightmap0_41 (AutoDXT)
[2015.08.17-04.36.52:130][768]LogTexture:Display: Building textures: HQ_Lightmap0_45 (AutoDXT)
[2015.08.17-04.36.52:143][768]LogTexture:Display: Building textures: HQ_Lightmap0_46 (AutoDXT)
[2015.08.17-04.36.52:156][768]LogTexture:Display: Building textures: HQ_Lightmap0_49 (AutoDXT)
[2015.08.17-04.36.52:169][768]LogTexture:Display: Building textures: HQ_Lightmap0_50 (AutoDXT)
[2015.08.17-04.36.52:184][768]LogTexture:Display: Building textures: HQ_Lightmap0_51 (AutoDXT)
[2015.08.17-04.36.52:199][768]LogTexture:Display: Building textures: HQ_Lightmap0_52 (AutoDXT)
[2015.08.17-04.36.52:214][768]LogTexture:Display: Building textures: HQ_Lightmap0_53 (AutoDXT)
[2015.08.17-04.36.52:229][768]LogTexture:Display: Building textures: HQ_Lightmap0_54 (AutoDXT)
[2015.08.17-04.36.52:243][768]LogTexture:Display: Building textures: HQ_Lightmap0_55 (AutoDXT)
[2015.08.17-04.36.52:260][768]LogTexture:Display: Building textures: HQ_Lightmap0_56 (AutoDXT)
[2015.08.17-04.36.52:275][768]LogTexture:Display: Building textures: HQ_Lightmap0_57 (AutoDXT)
[2015.08.17-04.36.52:293][768]LogTexture:Display: Building textures: HQ_Lightmap0_58 (AutoDXT)
[2015.08.17-04.36.52:308][768]LogTexture:Display: Building textures: HQ_Lightmap0_59 (AutoDXT)
[2015.08.17-04.36.52:323][768]LogTexture:Display: Building textures: HQ_Lightmap0_60 (AutoDXT)
[2015.08.17-04.36.52:337][768]LogTexture:Display: Building textures: HQ_Lightmap0_61 (AutoDXT)
[2015.08.17-04.36.52:346][768]LogTexture:Display: Building textures: HQ_Lightmap0_62 (AutoDXT)
[2015.08.17-04.36.52:363][768]LogTexture:Display: Building textures: HQ_Lightmap0_63 (AutoDXT)
[2015.08.17-04.36.52:378][768]LogTexture:Display: Building textures: HQ_Lightmap0_64 (AutoDXT)
[2015.08.17-04.36.52:392][768]LogTexture:Display: Building textures: HQ_Lightmap0_65 (AutoDXT)
[2015.08.17-04.36.52:406][768]LogTexture:Display: Building textures: HQ_Lightmap0_66 (AutoDXT)
[2015.08.17-04.36.52:421][768]LogTexture:Display: Building textures: HQ_Lightmap0_69 (AutoDXT)
[2015.08.17-04.36.52:440][768]LogTexture:Display: Building textures: HQ_Lightmap0_7 (AutoDXT)
[2015.08.17-04.36.52:531][768]LogTexture:Display: Building textures: HQ_Lightmap0_70 (AutoDXT)
[2015.08.17-04.36.52:547][768]LogTexture:Display: Building textures: HQ_Lightmap0_71 (AutoDXT)
[2015.08.17-04.36.52:559][768]LogTexture:Display: Building textures: HQ_Lightmap0_72 (AutoDXT)
[2015.08.17-04.36.52:571][768]LogTexture:Display: Building textures: HQ_Lightmap0_78 (AutoDXT)
[2015.08.17-04.36.52:586][768]LogTexture:Display: Building textures: HQ_Lightmap0_79 (AutoDXT)
[2015.08.17-04.36.52:599][768]LogTexture:Display: Building textures: HQ_Lightmap0_8 (AutoDXT)
[2015.08.17-04.36.52:620][768]LogTexture:Display: Building textures: HQ_Lightmap0_80 (AutoDXT)
[2015.08.17-04.36.52:635][768]LogTexture:Display: Building textures: HQ_Lightmap0_82 (AutoDXT)
[2015.08.17-04.36.52:637][768]LogTexture:Display: Building textures: HQ_Lightmap1_11 (AutoDXT)
[2015.08.17-04.36.52:693][768]LogTexture:Display: Building textures: HQ_Lightmap1_12 (AutoDXT)
[2015.08.17-04.36.52:772][768]LogTexture:Display: Building textures: HQ_Lightmap1_13 (AutoDXT)
[2015.08.17-04.36.52:785][768]LogTexture:Display: Building textures: HQ_Lightmap1_18 (AutoDXT)
[2015.08.17-04.36.52:835][768]LogTexture:Display: Building textures: HQ_Lightmap1_19 (AutoDXT)
[2015.08.17-04.36.52:853][768]LogTexture:Display: Building textures: HQ_Lightmap1_26 (AutoDXT)
[2015.08.17-04.36.52:867][768]LogTexture:Display: Building textures: HQ_Lightmap1_27 (AutoDXT)
[2015.08.17-04.36.52:884][768]LogTexture:Display: Building textures: HQ_Lightmap1_4 (AutoDXT)
[2015.08.17-04.36.52:929][768]LogTexture:Display: Building textures: HQ_Lightmap1_5 (AutoDXT)
[2015.08.17-04.36.53:062][768]LogTexture:Display: Building textures: HQ_Lightmap1_6 (AutoDXT)
[2015.08.17-04.36.53:098][768]LogTexture:Display: Building textures: HQ_Lightmap1_67 (AutoDXT)
[2015.08.17-04.36.53:115][768]LogTexture:Display: Building textures: HQ_Lightmap1_68 (AutoDXT)
[2015.08.17-04.36.53:130][768]LogTexture:Display: Building textures: HQ_Lightmap1_73 (AutoDXT)
[2015.08.17-04.36.53:143][768]LogTexture:Display: Building textures: HQ_Lightmap1_74 (AutoDXT)
[2015.08.17-04.36.53:159][768]LogTexture:Display: Building textures: HQ_Lightmap1_75 (AutoDXT)
[2015.08.17-04.36.53:173][768]LogTexture:Display: Building textures: HQ_Lightmap1_76 (AutoDXT)
[2015.08.17-04.36.53:187][768]LogTexture:Display: Building textures: HQ_Lightmap1_77 (AutoDXT)
[2015.08.17-04.36.53:201][768]LogTexture:Display: Building textures: HQ_Lightmap1_9 (AutoDXT)
[2015.08.17-04.36.53:219][768]LogTexture:Display: Building textures: LQ_Lightmap_0_10 (DXT1)
[2015.08.17-04.36.53:235][768]LogTexture:Display: Building textures: LQ_Lightmap_0_14 (DXT1)
[2015.08.17-04.36.53:249][768]LogTexture:Display: Building textures: LQ_Lightmap_0_15 (DXT1)
[2015.08.17-04.36.53:269][768]LogTexture:Display: Building textures: LQ_Lightmap_0_16 (DXT1)
[2015.08.17-04.36.53:289][768]LogTexture:Display: Building textures: LQ_Lightmap_0_17 (DXT1)
[2015.08.17-04.36.53:299][768]LogTexture:Display: Building textures: LQ_Lightmap_0_2 (DXT1)
[2015.08.17-04.36.53:313][768]LogTexture:Display: Building textures: LQ_Lightmap_0_20 (DXT1)
[2015.08.17-04.36.53:329][768]LogTexture:Display: Building textures: LQ_Lightmap_0_21 (DXT1)
[2015.08.17-04.36.53:341][768]LogTexture:Display: Building textures: LQ_Lightmap_0_22 (DXT1)
[2015.08.17-04.36.53:355][768]LogTexture:Display: Building textures: LQ_Lightmap_0_25 (DXT1)
[2015.08.17-04.36.53:362][768]LogTexture:Display: Building textures: LQ_Lightmap_0_28 (DXT1)
[2015.08.17-04.36.53:377][768]LogTexture:Display: Building textures: LQ_Lightmap_0_29 (DXT1)
[2015.08.17-04.36.53:397][768]LogTexture:Display: Building textures: LQ_Lightmap_0_3 (DXT1)
[2015.08.17-04.36.53:522][768]LogTexture:Display: Building textures: LQ_Lightmap_0_30 (DXT1)
[2015.08.17-04.36.53:540][768]LogTexture:Display: Building textures: LQ_Lightmap_0_33 (DXT1)
[2015.08.17-04.36.53:548][768]LogTexture:Display: Building textures: LQ_Lightmap_0_37 (DXT1)
[2015.08.17-04.36.53:562][768]LogTexture:Display: Building textures: LQ_Lightmap_0_38 (DXT1)
[2015.08.17-04.36.53:575][768]LogTexture:Display: Building textures: LQ_Lightmap_0_41 (DXT1)
[2015.08.17-04.36.53:590][768]LogTexture:Display: Building textures: LQ_Lightmap_0_45 (DXT1)
[2015.08.17-04.36.53:601][768]LogTexture:Display: Building textures: LQ_Lightmap_0_46 (DXT1)
[2015.08.17-04.36.53:611][768]LogTexture:Display: Building textures: LQ_Lightmap_0_49 (DXT1)
[2015.08.17-04.36.53:624][768]LogTexture:Display: Building textures: LQ_Lightmap_0_50 (DXT1)
[2015.08.17-04.36.53:637][768]LogTexture:Display: Building textures: LQ_Lightmap_0_51 (DXT1)
[2015.08.17-04.36.53:653][768]LogTexture:Display: Building textures: LQ_Lightmap_0_52 (DXT1)
[2015.08.17-04.36.53:663][768]LogTexture:Display: Building textures: LQ_Lightmap_0_53 (DXT1)
[2015.08.17-04.36.53:676][768]LogTexture:Display: Building textures: LQ_Lightmap_0_54 (DXT1)
[2015.08.17-04.36.53:690][768]LogTexture:Display: Building textures: LQ_Lightmap_0_55 (DXT1)
[2015.08.17-04.36.53:702][768]LogTexture:Display: Building textures: LQ_Lightmap_0_56 (DXT1)
[2015.08.17-04.36.53:713][768]LogTexture:Display: Building textures: LQ_Lightmap_0_57 (DXT1)
[2015.08.17-04.36.53:726][768]LogTexture:Display: Building textures: LQ_Lightmap_0_58 (DXT1)
[2015.08.17-04.36.53:741][768]LogTexture:Display: Building textures: LQ_Lightmap_0_59 (DXT1)
[2015.08.17-04.36.53:754][768]LogTexture:Display: Building textures: LQ_Lightmap_0_60 (DXT1)
[2015.08.17-04.36.53:769][768]LogTexture:Display: Building textures: LQ_Lightmap_0_61 (DXT1)
[2015.08.17-04.36.53:781][768]LogTexture:Display: Building textures: LQ_Lightmap_0_62 (DXT1)
[2015.08.17-04.36.53:794][768]LogTexture:Display: Building textures: LQ_Lightmap_0_63 (DXT1)
[2015.08.17-04.36.53:806][768]LogTexture:Display: Building textures: LQ_Lightmap_0_64 (DXT1)
[2015.08.17-04.36.53:820][768]LogTexture:Display: Building textures: LQ_Lightmap_0_65 (DXT1)
[2015.08.17-04.36.53:835][768]LogTexture:Display: Building textures: LQ_Lightmap_0_66 (DXT1)
[2015.08.17-04.36.53:850][768]LogTexture:Display: Building textures: LQ_Lightmap_0_69 (DXT1)
[2015.08.17-04.36.53:863][768]LogTexture:Display: Building textures: LQ_Lightmap_0_7 (DXT1)
[2015.08.17-04.36.53:933][768]LogTexture:Display: Building textures: LQ_Lightmap_0_70 (DXT1)
[2015.08.17-04.36.53:944][768]LogTexture:Display: Building textures: LQ_Lightmap_0_71 (DXT1)
[2015.08.17-04.36.53:953][768]LogTexture:Display: Building textures: LQ_Lightmap_0_72 (DXT1)
[2015.08.17-04.36.53:962][768]LogTexture:Display: Building textures: LQ_Lightmap_0_78 (DXT1)
[2015.08.17-04.36.53:971][768]LogTexture:Display: Building textures: LQ_Lightmap_0_79 (DXT1)
[2015.08.17-04.36.53:982][768]LogTexture:Display: Building textures: LQ_Lightmap_0_8 (DXT1)
[2015.08.17-04.36.53:998][768]LogTexture:Display: Building textures: LQ_Lightmap_0_80 (DXT1)
[2015.08.17-04.36.54:014][768]LogTexture:Display: Building textures: LQ_Lightmap_0_82 (DXT1)
[2015.08.17-04.36.54:020][768]LogTexture:Display: Building textures: LQ_Lightmap_1_11 (DXT1)
[2015.08.17-04.36.54:064][768]LogTexture:Display: Building textures: LQ_Lightmap_1_12 (DXT1)
[2015.08.17-04.36.54:132][768]LogTexture:Display: Building textures: LQ_Lightmap_1_13 (DXT1)
[2015.08.17-04.36.54:142][768]LogTexture:Display: Building textures: LQ_Lightmap_1_18 (DXT1)
[2015.08.17-04.36.54:168][768]LogTexture:Display: Building textures: LQ_Lightmap_1_19 (DXT1)
[2015.08.17-04.36.54:184][768]LogTexture:Display: Building textures: LQ_Lightmap_1_26 (DXT1)
[2015.08.17-04.36.54:193][768]LogTexture:Display: Building textures: LQ_Lightmap_1_27 (DXT1)
[2015.08.17-04.36.54:206][768]LogTexture:Display: Building textures: LQ_Lightmap_1_4 (DXT1)
[2015.08.17-04.36.54:252][768]LogTexture:Display: Building textures: LQ_Lightmap_1_5 (DXT1)
[2015.08.17-04.36.54:375][768]LogTexture:Display: Building textures: LQ_Lightmap_1_6 (DXT1)
[2015.08.17-04.36.54:396][768]LogTexture:Display: Building textures: LQ_Lightmap_1_67 (DXT1)
[2015.08.17-04.36.54:410][768]LogTexture:Display: Building textures: LQ_Lightmap_1_68 (DXT1)
[2015.08.17-04.36.54:421][768]LogTexture:Display: Building textures: LQ_Lightmap_1_73 (DXT1)
[2015.08.17-04.36.54:433][768]LogTexture:Display: Building textures: LQ_Lightmap_1_74 (DXT1)
[2015.08.17-04.36.54:443][768]LogTexture:Display: Building textures: LQ_Lightmap_1_75 (DXT1)
[2015.08.17-04.36.54:456][768]LogTexture:Display: Building textures: LQ_Lightmap_1_76 (DXT1)
[2015.08.17-04.36.54:466][768]LogTexture:Display: Building textures: LQ_Lightmap_1_77 (DXT1)
[2015.08.17-04.36.54:477][768]LogTexture:Display: Building textures: LQ_Lightmap_1_9 (DXT1)
[2015.08.17-04.36.54:491][768]LogTexture:Display: Building textures: SkyOcclusion0_10 (AutoDXT)
[2015.08.17-04.36.54:508][768]LogTexture:Display: Building textures: SkyOcclusion0_14 (AutoDXT)
[2015.08.17-04.36.54:518][768]LogTexture:Display: Building textures: SkyOcclusion0_15 (AutoDXT)
[2015.08.17-04.36.54:535][768]LogTexture:Display: Building textures: SkyOcclusion0_16 (AutoDXT)
[2015.08.17-04.36.54:549][768]LogTexture:Display: Building textures: SkyOcclusion0_17 (AutoDXT)
[2015.08.17-04.36.54:562][768]LogTexture:Display: Building textures: SkyOcclusion0_2 (AutoDXT)
[2015.08.17-04.36.54:580][768]LogTexture:Display: Building textures: SkyOcclusion0_20 (AutoDXT)
[2015.08.17-04.36.54:591][768]LogTexture:Display: Building textures: SkyOcclusion0_21 (AutoDXT)
[2015.08.17-04.36.54:601][768]LogTexture:Display: Building textures: SkyOcclusion0_22 (AutoDXT)
[2015.08.17-04.36.54:610][768]LogTexture:Display: Building textures: SkyOcclusion0_25 (AutoDXT)
[2015.08.17-04.36.54:620][768]LogTexture:Display: Building textures: SkyOcclusion0_28 (AutoDXT)
[2015.08.17-04.36.54:630][768]LogTexture:Display: Building textures: SkyOcclusion0_29 (AutoDXT)
[2015.08.17-04.36.54:644][768]LogTexture:Display: Building textures: SkyOcclusion0_3 (AutoDXT)
[2015.08.17-04.36.54:735][768]LogTexture:Display: Building textures: SkyOcclusion0_30 (AutoDXT)
[2015.08.17-04.36.54:742][768]LogTexture:Display: Building textures: SkyOcclusion0_33 (AutoDXT)
[2015.08.17-04.36.54:752][768]LogTexture:Display: Building textures: SkyOcclusion0_37 (AutoDXT)
[2015.08.17-04.36.54:762][768]LogTexture:Display: Building textures: SkyOcclusion0_38 (AutoDXT)
[2015.08.17-04.36.54:768][768]LogTexture:Display: Building textures: SkyOcclusion0_41 (AutoDXT)
[2015.08.17-04.36.54:778][768]LogTexture:Display: Building textures: SkyOcclusion0_45 (AutoDXT)
[2015.08.17-04.36.54:788][768]LogTexture:Display: Building textures: SkyOcclusion0_46 (AutoDXT)
[2015.08.17-04.36.54:796][768]LogTexture:Display: Building textures: SkyOcclusion0_49 (AutoDXT)
[2015.08.17-04.36.54:805][768]LogTexture:Display: Building textures: SkyOcclusion0_50 (AutoDXT)
[2015.08.17-04.36.54:814][768]LogTexture:Display: Building textures: SkyOcclusion0_51 (AutoDXT)
[2015.08.17-04.36.54:824][768]LogTexture:Display: Building textures: SkyOcclusion0_52 (AutoDXT)
[2015.08.17-04.36.54:833][768]LogTexture:Display: Building textures: SkyOcclusion0_53 (AutoDXT)
[2015.08.17-04.36.54:841][768]LogTexture:Display: Building textures: SkyOcclusion0_54 (AutoDXT)
[2015.08.17-04.36.54:846][768]LogTexture:Display: Building textures: SkyOcclusion0_55 (AutoDXT)
[2015.08.17-04.36.54:853][768]LogTexture:Display: Building textures: SkyOcclusion0_56 (AutoDXT)
[2015.08.17-04.36.54:861][768]LogTexture:Display: Building textures: SkyOcclusion0_57 (AutoDXT)
[2015.08.17-04.36.54:868][768]LogTexture:Display: Building textures: SkyOcclusion0_58 (AutoDXT)
[2015.08.17-04.36.54:873][768]LogTexture:Display: Building textures: SkyOcclusion0_59 (AutoDXT)
[2015.08.17-04.36.54:879][768]LogTexture:Display: Building textures: SkyOcclusion0_60 (AutoDXT)
[2015.08.17-04.36.54:884][768]LogTexture:Display: Building textures: SkyOcclusion0_61 (AutoDXT)
[2015.08.17-04.36.54:889][768]LogTexture:Display: Building textures: SkyOcclusion0_62 (AutoDXT)
[2015.08.17-04.36.54:897][768]LogTexture:Display: Building textures: SkyOcclusion0_63 (AutoDXT)
[2015.08.17-04.36.54:907][768]LogTexture:Display: Building textures: SkyOcclusion0_64 (AutoDXT)
[2015.08.17-04.36.54:917][768]LogTexture:Display: Building textures: SkyOcclusion0_65 (AutoDXT)
[2015.08.17-04.36.54:926][768]LogTexture:Display: Building textures: SkyOcclusion0_66 (AutoDXT)
[2015.08.17-04.36.54:935][768]LogTexture:Display: Building textures: SkyOcclusion0_69 (AutoDXT)
[2015.08.17-04.36.54:944][768]LogTexture:Display: Building textures: SkyOcclusion0_7 (AutoDXT)
[2015.08.17-04.36.54:992][768]LogTexture:Display: Building textures: SkyOcclusion0_70 (AutoDXT)
[2015.08.17-04.36.55:001][768]LogTexture:Display: Building textures: SkyOcclusion0_71 (AutoDXT)
[2015.08.17-04.36.55:010][768]LogTexture:Display: Building textures: SkyOcclusion0_72 (AutoDXT)
[2015.08.17-04.36.55:019][768]LogTexture:Display: Building textures: SkyOcclusion0_78 (AutoDXT)
[2015.08.17-04.36.55:028][768]LogTexture:Display: Building textures: SkyOcclusion0_79 (AutoDXT)
[2015.08.17-04.36.55:038][768]LogTexture:Display: Building textures: SkyOcclusion0_8 (AutoDXT)
[2015.08.17-04.36.55:055][768]LogTexture:Display: Building textures: SkyOcclusion0_80 (AutoDXT)
[2015.08.17-04.36.55:065][768]LogTexture:Display: Building textures: SkyOcclusion0_82 (AutoDXT)
[2015.08.17-04.36.55:068][768]LogTexture:Display: Building textures: SkyOcclusion1_11 (AutoDXT)
[2015.08.17-04.36.55:098][768]LogTexture:Display: Building textures: SkyOcclusion1_12 (AutoDXT)
[2015.08.17-04.36.55:132][768]LogTexture:Display: Building textures: SkyOcclusion1_13 (AutoDXT)
[2015.08.17-04.36.55:139][768]LogTexture:Display: Building textures: SkyOcclusion1_18 (AutoDXT)
[2015.08.17-04.36.55:168][768]LogTexture:Display: Building textures: SkyOcclusion1_19 (AutoDXT)
[2015.08.17-04.36.55:178][768]LogTexture:Display: Building textures: SkyOcclusion1_26 (AutoDXT)
[2015.08.17-04.36.55:187][768]LogTexture:Display: Building textures: SkyOcclusion1_27 (AutoDXT)
[2015.08.17-04.36.55:197][768]LogTexture:Display: Building textures: SkyOcclusion1_4 (AutoDXT)
[2015.08.17-04.36.55:233][768]LogTexture:Display: Building textures: SkyOcclusion1_5 (AutoDXT)
[2015.08.17-04.36.55:313][768]LogTexture:Display: Building textures: SkyOcclusion1_6 (AutoDXT)
[2015.08.17-04.36.55:333][768]LogTexture:Display: Building textures: SkyOcclusion1_67 (AutoDXT)
[2015.08.17-04.36.55:342][768]LogTexture:Display: Building textures: SkyOcclusion1_68 (AutoDXT)
[2015.08.17-04.36.55:350][768]LogTexture:Display: Building textures: SkyOcclusion1_73 (AutoDXT)
[2015.08.17-04.36.55:360][768]LogTexture:Display: Building textures: SkyOcclusion1_74 (AutoDXT)
[2015.08.17-04.36.55:370][768]LogTexture:Display: Building textures: SkyOcclusion1_75 (AutoDXT)
[2015.08.17-04.36.55:379][768]LogTexture:Display: Building textures: SkyOcclusion1_76 (AutoDXT)
[2015.08.17-04.36.55:388][768]LogTexture:Display: Building textures: SkyOcclusion1_77 (AutoDXT)
[2015.08.17-04.36.55:400][768]LogTexture:Display: Building textures: SkyOcclusion1_9 (AutoDXT)
[2015.08.17-04.36.55:413][768]LogTexture:Display: Building textures: ShadowMapTexture2D_150 (BGRA8)
[2015.08.17-04.36.55:419][768]LogTexture:Display: Building textures: ShadowMapTexture2D_151 (BGRA8)
[2015.08.17-04.36.55:421][768]LogTexture:Display: Building textures: ShadowMapTexture2D_152 (BGRA8)
[2015.08.17-04.36.55:425][768]LogTexture:Display: Building textures: ShadowMapTexture2D_153 (BGRA8)
[2015.08.17-04.36.55:434][768]LogTexture:Display: Building textures: ShadowMapTexture2D_154 (BGRA8)
[2015.08.17-04.36.55:440][768]LogTexture:Display: Building textures: ShadowMapTexture2D_155 (BGRA8)
[2015.08.17-04.36.55:442][768]LogTexture:Display: Building textures: ShadowMapTexture2D_156 (BGRA8)
[2015.08.17-04.36.55:443][768]LogTexture:Display: Building textures: ShadowMapTexture2D_157 (BGRA8)
[2015.08.17-04.36.55:445][768]LogTexture:Display: Building textures: ShadowMapTexture2D_158 (BGRA8)
[2015.08.17-04.36.55:448][768]LogTexture:Display: Building textures: ShadowMapTexture2D_159 (BGRA8)
[2015.08.17-04.36.55:449][768]LogTexture:Display: Building textures: ShadowMapTexture2D_160 (BGRA8)
[2015.08.17-04.36.55:450][768]LogTexture:Display: Building textures: ShadowMapTexture2D_161 (BGRA8)
[2015.08.17-04.36.55:453][768]LogTexture:Display: Building textures: ShadowMapTexture2D_162 (BGRA8)
[2015.08.17-04.36.55:455][768]LogTexture:Display: Building textures: ShadowMapTexture2D_163 (BGRA8)
[2015.08.17-04.36.55:457][768]LogTexture:Display: Building textures: ShadowMapTexture2D_164 (BGRA8)
[2015.08.17-04.36.55:458][768]LogTexture:Display: Building textures: ShadowMapTexture2D_165 (BGRA8)
[2015.08.17-04.36.55:460][768]LogTexture:Display: Building textures: ShadowMapTexture2D_166 (BGRA8)
[2015.08.17-04.36.55:460][768]LogTexture:Display: Building textures: ShadowMapTexture2D_167 (BGRA8)
[2015.08.17-04.36.55:461][768]LogTexture:Display: Building textures: ShadowMapTexture2D_168 (BGRA8)
[2015.08.17-04.36.55:462][768]LogTexture:Display: Building textures: ShadowMapTexture2D_169 (BGRA8)
[2015.08.17-04.36.55:463][768]LogTexture:Display: Building textures: ShadowMapTexture2D_172 (BGRA8)
[2015.08.17-04.36.55:463][768]LogTexture:Display: Building textures: ShadowMapTexture2D_173 (BGRA8)
[2015.08.17-04.36.55:464][768]LogTexture:Display: Building textures: ShadowMapTexture2D_174 (BGRA8)
[2015.08.17-04.36.55:465][768]LogTexture:Display: Building textures: ShadowMapTexture2D_175 (BGRA8)
[2015.08.17-04.36.55:465][768]LogTexture:Display: Building textures: ShadowMapTexture2D_176 (BGRA8)
[2015.08.17-04.36.55:466][768]LogTexture:Display: Building textures: ShadowMapTexture2D_177 (BGRA8)
[2015.08.17-04.36.55:467][768]LogTexture:Display: Building textures: ShadowMapTexture2D_180 (BGRA8)
[2015.08.17-04.36.55:468][768]LogTexture:Display: Building textures: ShadowMapTexture2D_184 (BGRA8)
[2015.08.17-04.36.55:468][768]LogTexture:Display: Building textures: ShadowMapTexture2D_185 (BGRA8)
[2015.08.17-04.36.55:469][768]LogTexture:Display: Building textures: ShadowMapTexture2D_188 (BGRA8)
[2015.08.17-04.36.55:470][768]LogTexture:Display: Building textures: ShadowMapTexture2D_192 (BGRA8)
[2015.08.17-04.36.55:471][768]LogTexture:Display: Building textures: ShadowMapTexture2D_193 (BGRA8)
[2015.08.17-04.36.55:472][768]LogTexture:Display: Building textures: ShadowMapTexture2D_196 (BGRA8)
[2015.08.17-04.36.55:472][768]LogTexture:Display: Building textures: ShadowMapTexture2D_197 (BGRA8)
[2015.08.17-04.36.55:473][768]LogTexture:Display: Building textures: ShadowMapTexture2D_198 (BGRA8)
[2015.08.17-04.36.55:474][768]LogTexture:Display: Building textures: ShadowMapTexture2D_199 (BGRA8)
[2015.08.17-04.36.55:475][768]LogTexture:Display: Building textures: ShadowMapTexture2D_200 (BGRA8)
[2015.08.17-04.36.55:475][768]LogTexture:Display: Building textures: ShadowMapTexture2D_201 (BGRA8)
[2015.08.17-04.36.55:476][768]LogTexture:Display: Building textures: ShadowMapTexture2D_202 (BGRA8)
[2015.08.17-04.36.55:477][768]LogTexture:Display: Building textures: ShadowMapTexture2D_203 (BGRA8)
[2015.08.17-04.36.55:478][768]LogTexture:Display: Building textures: ShadowMapTexture2D_204 (BGRA8)
[2015.08.17-04.36.55:478][768]LogTexture:Display: Building textures: ShadowMapTexture2D_205 (BGRA8)
[2015.08.17-04.36.55:479][768]LogTexture:Display: Building textures: ShadowMapTexture2D_206 (BGRA8)
[2015.08.17-04.36.55:480][768]LogTexture:Display: Building textures: ShadowMapTexture2D_207 (BGRA8)
[2015.08.17-04.36.55:480][768]LogTexture:Display: Building textures: ShadowMapTexture2D_208 (BGRA8)
[2015.08.17-04.36.55:481][768]LogTexture:Display: Building textures: ShadowMapTexture2D_209 (BGRA8)
[2015.08.17-04.36.55:482][768]LogTexture:Display: Building textures: ShadowMapTexture2D_210 (BGRA8)
[2015.08.17-04.36.55:483][768]LogTexture:Display: Building textures: ShadowMapTexture2D_211 (BGRA8)
[2015.08.17-04.36.55:483][768]LogTexture:Display: Building textures: ShadowMapTexture2D_212 (BGRA8)
[2015.08.17-04.36.55:484][768]LogTexture:Display: Building textures: ShadowMapTexture2D_213 (BGRA8)
[2015.08.17-04.36.55:485][768]LogTexture:Display: Building textures: ShadowMapTexture2D_214 (BGRA8)
[2015.08.17-04.36.55:486][768]LogTexture:Display: Building textures: ShadowMapTexture2D_215 (BGRA8)
[2015.08.17-04.36.55:486][768]LogTexture:Display: Building textures: ShadowMapTexture2D_216 (BGRA8)
[2015.08.17-04.36.55:487][768]LogTexture:Display: Building textures: ShadowMapTexture2D_217 (BGRA8)
[2015.08.17-04.36.55:488][768]LogTexture:Display: Building textures: ShadowMapTexture2D_218 (BGRA8)
[2015.08.17-04.36.55:488][768]LogTexture:Display: Building textures: ShadowMapTexture2D_219 (BGRA8)
[2015.08.17-04.36.55:489][768]LogTexture:Display: Building textures: ShadowMapTexture2D_220 (BGRA8)
[2015.08.17-04.36.55:490][768]LogTexture:Display: Building textures: ShadowMapTexture2D_221 (BGRA8)
[2015.08.17-04.36.55:491][768]LogTexture:Display: Building textures: ShadowMapTexture2D_222 (BGRA8)
[2015.08.17-04.36.55:492][768]LogTexture:Display: Building textures: ShadowMapTexture2D_223 (BGRA8)
[2015.08.17-04.36.55:493][768]LogTexture:Display: Building textures: ShadowMapTexture2D_224 (BGRA8)
[2015.08.17-04.36.55:494][768]LogTexture:Display: Building textures: ShadowMapTexture2D_225 (BGRA8)
[2015.08.17-04.36.55:494][768]LogTexture:Display: Building textures: ShadowMapTexture2D_226 (BGRA8)
[2015.08.17-04.36.55:498][768]LogTexture:Display: Building textures: ShadowMapTexture2D_227 (BGRA8)
[2015.08.17-04.36.55:498][768]LogTexture:Display: Building textures: ShadowMapTexture2D_228 (BGRA8)
[2015.08.17-04.36.55:516][768]LogTexture:Display: Building textures: Texture2D_5 (BGRA8)
[2015.08.17-04.36.55:517][768]LogTexture:Display: Building textures: Texture2D_6 (BGRA8)
[2015.08.17-04.36.55:565][768]LogMaterial: Missing cached shader map for material Mat_King, compiling. 
[2015.08.17-04.36.55:603][768]LogMaterial: Missing cached shader map for material Mat_Sheep, compiling. 
[2015.08.17-04.36.55:629][768]LogAIModule: Creating AISystem for world Spook_World
[2015.08.17-04.36.55:784][768]Cmd: MAP LOAD FILE="../../../../../../Users/jackson.luff/Desktop/Spook_Prototype_PAT/Content/Spook/MapAndGameMode/Spook_World.umap" TEMPLATE=0 SHOWPROGRESS=1 FEATURELEVEL=3
[2015.08.17-04.36.55:785][768]LightingResults: New page: Lighting Build
[2015.08.17-04.36.55:801][768]LogContentBrowser: Native class hierarchy updated for 'StatsViewer' in 0.0005 seconds. Added 5 classes and 0 folders.
[2015.08.17-04.36.55:827][768]LoadErrors: New page: Loading map: Spook_World.umap
[2015.08.17-04.36.55:827][768]MapCheck: New page: Map Check
[2015.08.17-04.36.55:827][768]LightingResults: New page: Lighting Build
[2015.08.17-04.36.55:840][768]LogParticles: Destroying 0 GPU particle simulations for FXSystem 0x000000001AC7AF20
[2015.08.17-04.36.56:225][768]LogAIModule: Creating AISystem for world Spook_World
[2015.08.17-04.36.56:348][768]LogPhysics:Warning: PHYSX: ..\..\PhysX\src\NpMaterial.cpp (124) 4 : NpMaterial::setRestitution: Invalid value 14785.600586 was clamped to [0,1]!
[2015.08.17-04.36.56:374][768]LogEditorServer: Finished looking for orphan Actors (0.000 secs)
[2015.08.17-04.36.56:604][768]Cmd: MAP CHECKDEP NOCLEARLOG
[2015.08.17-04.36.56:660][768]MapCheck: Info Map check complete: 0 Error(s), 0 Warning(s), took 55.993ms to complete.
[2015.08.17-04.36.56:660][768]LogFileHelpers: Loading map 'Spook_World' took 0.877
[2015.08.17-04.36.56:709][769]Cmd: UpdateLandscapeEditorData -warnings
[2015.08.17-04.36.56:710][769]Cmd: UpdateLandscapeEditorData
[2015.08.17-04.36.56:728][769]LogSynthBenchmark:Display: FSynthBenchmark (V0.95):  requested WorkScale=1.00
[2015.08.17-04.36.56:728][769]LogSynthBenchmark:Display: ===============
[2015.08.17-04.36.56:728][769]LogSynthBenchmark:Display: Main Processor:
[2015.08.17-04.36.56:768][769]LogSynthBenchmark:Display:          ... 0.019893 s/Run 'RayIntersect'
[2015.08.17-04.36.56:768][769]LogSynthBenchmark:Display:          ... 0.019814 s/Run 'Fractal'
[2015.08.17-04.36.56:768][769]LogSynthBenchmark:Display: 
[2015.08.17-04.36.56:768][769]LogSynthBenchmark:Display:   CompiledTarget_x_Bits: 64
[2015.08.17-04.36.56:768][769]LogSynthBenchmark:Display:   UE_BUILD_SHIPPING: 0
[2015.08.17-04.36.56:768][769]LogSynthBenchmark:Display:   UE_BUILD_TEST: 0
[2015.08.17-04.36.56:768][769]LogSynthBenchmark:Display:   UE_BUILD_DEBUG: 0
[2015.08.17-04.36.56:768][769]LogSynthBenchmark:Display:   TotalPhysicalGBRam: 32
[2015.08.17-04.36.56:768][769]LogSynthBenchmark:Display:   NumberOfCores (physical): 4
[2015.08.17-04.36.56:768][769]LogSynthBenchmark:Display:   NumberOfCores (logical): 8
[2015.08.17-04.36.56:768][769]LogSynthBenchmark:Display:   CPU Perf Index 0: 128.7
[2015.08.17-04.36.56:768][769]LogSynthBenchmark:Display:   CPU Perf Index 1: 144.3
[2015.08.17-04.36.56:768][769]LogSynthBenchmark:Display:  
[2015.08.17-04.36.56:768][769]LogSynthBenchmark:Display: Graphics:
[2015.08.17-04.36.56:768][769]LogSynthBenchmark:Display:   Adapter Name: 'NVIDIA GeForce GTX 970'
[2015.08.17-04.36.56:768][769]LogSynthBenchmark:Display:   (On Optimus the name might be wrong, memory should be ok)
[2015.08.17-04.36.56:768][769]LogSynthBenchmark:Display:   Vendor Id: 0x10de
[2015.08.17-04.36.56:768][769]LogSynthBenchmark:Display:   GPU Memory: 4010/0/16060 MB
[2015.08.17-04.36.56:768][769]LogSynthBenchmark:Display:   CPUIndex: 128.7
[2015.08.17-04.36.56:768][769]LogSynthBenchmark:Display:   GPUIndex: -1.$
[2015.08.17-04.36.56:768][769]LogSynthBenchmark:Display: 
[2015.08.17-04.36.56:768][769]LogSynthBenchmark:Display:          ... Total Time: 0.039911 sec
[2015.08.17-04.36.57:673][851]LogD3D11RHI: InitD3DDevice
[2015.08.17-04.36.59:896][ 91]LogD3D11RHI: InitD3DDevice
[2015.08.17-04.37.47:422][688]LogRenderer: Reallocating scene render targets to support 1208x600 (Frame:6556).
[2015.08.17-04.37.56:753][205]LogPlayLevel: PIE:  No blueprints needed recompiling
[2015.08.17-04.37.56:755][205]PIE: New page: PIE session: Spook_World (18 Aug 2015 12:37:56 am)
[2015.08.17-04.37.56:755][205]LogPlayLevel: Creating play world package: /Game/Spook/MapAndGameMode/UEDPIE_0_Spook_World
[2015.08.17-04.37.56:843][205]LogPlayLevel: PIE: StaticDuplicateObject took: (0.086996s)
[2015.08.17-04.37.56:843][205]LogAIModule: Creating AISystem for world Spook_World
[2015.08.17-04.37.56:844][205]LogPlayLevel: PIE: World Init took: (0.001217s)
[2015.08.17-04.37.56:844][205]LogPlayLevel: PIE: Created PIE world by copying editor world from /Game/Spook/MapAndGameMode/Spook_World.Spook_World to /Game/Spook/MapAndGameMode/UEDPIE_0_Spook_World.Spook_World (0.088459s)
[2015.08.17-04.37.56:844][205]LogActorComponent: UnregisterComponent: (/Engine/Transient.CharMoveComp) Not registered. Aborting.
[2015.08.17-04.37.56:861][205]LogInit: XAudio2 using 'Speakers (Realtek High Definition Audio)' : 4 channels at 48 kHz using 32 bits per sample (channel mask 0x33)
[2015.08.17-04.37.56:868][205]LogInit: FAudioDevice initialized.
[2015.08.17-04.37.56:908][205]LogWorld: Game class is 'SpookGameMode_C'
[2015.08.17-04.37.56:929][205]LogWorld: Bringing World /Game/Spook/MapAndGameMode/UEDPIE_0_Spook_World.Spook_World up for play (max tick rate 0) at 2015.08.17-14.37.56
[2015.08.17-04.37.56:929][205]LogActor:Warning: GameSession /Game/Spook/MapAndGameMode/UEDPIE_0_Spook_World.Spook_World:PersistentLevel.GameSession_0 has natively added scene component(s), but none of them were set as the actor's RootComponent - picking one arbitrarily
[2015.08.17-04.37.56:929][205]LogActor:Warning: GameNetworkManager /Game/Spook/MapAndGameMode/UEDPIE_0_Spook_World.Spook_World:PersistentLevel.GameNetworkManager_0 has natively added scene component(s), but none of them were set as the actor's RootComponent - picking one arbitrarily
[2015.08.17-04.37.56:932][205]LogWorld: Bringing up level for play took: 0.021377
[2015.08.17-04.37.56:935][205]PIE: Info Play in editor start time for /Game/Spook/MapAndGameMode/UEDPIE_0_Spook_World 0.258
[2015.08.17-04.37.59:888][548]LogParticles: Destroying 0 GPU particle simulations for FXSystem 0x000000001FDB0E00
[2015.08.17-04.38.24:392][979]LogPlayLevel: PIE:  No blueprints needed recompiling
[2015.08.17-04.38.24:392][979]PIE: New page: PIE session: Spook_World (18 Aug 2015 12:38:24 am)
[2015.08.17-04.38.24:393][979]LogPlayLevel: Creating play world package: /Game/Spook/MapAndGameMode/UEDPIE_0_Spook_World
[2015.08.17-04.38.24:476][979]LogPlayLevel: PIE: StaticDuplicateObject took: (0.083350s)
[2015.08.17-04.38.24:477][979]LogAIModule: Creating AISystem for world Spook_World
[2015.08.17-04.38.24:478][979]LogPlayLevel: PIE: World Init took: (0.001366s)
[2015.08.17-04.38.24:478][979]LogPlayLevel: PIE: Created PIE world by copying editor world from /Game/Spook/MapAndGameMode/Spook_World.Spook_World to /Game/Spook/MapAndGameMode/UEDPIE_0_Spook_World.Spook_World (0.084907s)
[2015.08.17-04.38.24:493][979]LogInit: XAudio2 using 'Speakers (Realtek High Definition Audio)' : 4 channels at 48 kHz using 32 bits per sample (channel mask 0x33)
[2015.08.17-04.38.24:499][979]LogInit: FAudioDevice initialized.
[2015.08.17-04.38.24:525][979]LogWorld: Game class is 'SpookGameMode_C'
[2015.08.17-04.38.24:546][979]LogWorld: Bringing World /Game/Spook/MapAndGameMode/UEDPIE_0_Spook_World.Spook_World up for play (max tick rate 0) at 2015.08.17-14.38.24
[2015.08.17-04.38.24:546][979]LogActor:Warning: GameSession /Game/Spook/MapAndGameMode/UEDPIE_0_Spook_World.Spook_World:PersistentLevel.GameSession_1 has natively added scene component(s), but none of them were set as the actor's RootComponent - picking one arbitrarily
[2015.08.17-04.38.24:546][979]LogActor:Warning: GameNetworkManager /Game/Spook/MapAndGameMode/UEDPIE_0_Spook_World.Spook_World:PersistentLevel.GameNetworkManager_1 has natively added scene component(s), but none of them were set as the actor's RootComponent - picking one arbitrarily
[2015.08.17-04.38.24:547][979]LogWorld: Bringing up level for play took: 0.020020
[2015.08.17-04.38.24:550][979]PIE: Info Play in editor start time for /Game/Spook/MapAndGameMode/UEDPIE_0_Spook_World -0.128
[2015.08.17-04.38.25:564][ 90]LogParticles: Destroying 0 GPU particle simulations for FXSystem 0x000000001FDB3880
[2015.08.17-04.39.10:755][691]LogPlayLevel: PIE:  No blueprints needed recompiling
[2015.08.17-04.39.10:755][691]PIE: New page: PIE session: Spook_World (18 Aug 2015 12:39:10 am)
[2015.08.17-04.39.10:756][691]LogPlayLevel: Creating play world package: /Game/Spook/MapAndGameMode/UEDPIE_0_Spook_World
[2015.08.17-04.39.10:883][691]LogPlayLevel: PIE: StaticDuplicateObject took: (0.127299s)
[2015.08.17-04.39.10:883][691]LogAIModule: Creating AISystem for world Spook_World
[2015.08.17-04.39.10:884][691]LogPlayLevel: PIE: World Init took: (0.001423s)
[2015.08.17-04.39.10:884][691]LogPlayLevel: PIE: Created PIE world by copying editor world from /Game/Spook/MapAndGameMode/Spook_World.Spook_World to /Game/Spook/MapAndGameMode/UEDPIE_0_Spook_World.Spook_World (0.128975s)
[2015.08.17-04.39.10:907][691]LogInit: XAudio2 using 'Speakers (Realtek High Definition Audio)' : 4 channels at 48 kHz using 32 bits per sample (channel mask 0x33)
[2015.08.17-04.39.10:926][691]LogInit: FAudioDevice initialized.
[2015.08.17-04.39.10:960][691]LogWorld: Game class is 'SpookGameMode_C'
[2015.08.17-04.39.10:991][691]LogWorld: Bringing World /Game/Spook/MapAndGameMode/UEDPIE_0_Spook_World.Spook_World up for play (max tick rate 0) at 2015.08.17-14.39.10
[2015.08.17-04.39.10:991][691]LogActor:Warning: GameSession /Game/Spook/MapAndGameMode/UEDPIE_0_Spook_World.Spook_World:PersistentLevel.GameSession_2 has natively added scene component(s), but none of them were set as the actor's RootComponent - picking one arbitrarily
[2015.08.17-04.39.10:991][691]LogActor:Warning: GameNetworkManager /Game/Spook/MapAndGameMode/UEDPIE_0_Spook_World.Spook_World:PersistentLevel.GameNetworkManager_2 has natively added scene component(s), but none of them were set as the actor's RootComponent - picking one arbitrarily
[2015.08.17-04.39.10:993][691]LogWorld: Bringing up level for play took: 0.030764
[2015.08.17-04.39.10:996][691]PIE: Info Play in editor start time for /Game/Spook/MapAndGameMode/UEDPIE_0_Spook_World 0.317
[2015.08.17-04.40.14:484][  4]LogParticles: Destroying 0 GPU particle simulations for FXSystem 0x00000000175E72E0
[2015.08.17-04.41.23:492][549]LogD3D11RHI: InitD3DDevice
[2015.08.17-04.41.23:577][552]LogPhysics:Warning: PHYSX: ..\..\PhysX\src\NpMaterial.cpp (124) 4 : NpMaterial::setRestitution: Invalid value 14785.600586 was clamped to [0,1]!
[2015.08.17-04.41.27:832][ 27]LogLinker:Warning: Can't find file '/Game/Spook/Characters/Frank/Resources/Mat_King'
[2015.08.17-04.41.27:832][ 27]LogLinker:Warning: Can't find file for asset '/Game/Spook/Characters/Frank/Resources/Mat_King' while loading ../../../../../../Users/jackson.luff/Desktop/Spook_Prototype_PAT/Content/Spook/Characters/Boar/BoarController.uasset.
[2015.08.17-04.41.27:832][ 27]LoadErrors:Error: Error /Game/Spook/Characters/Boar/BoarController : Can't find file for asset. /Game/Spook/Characters/Frank/Resources/Mat_King
[2015.08.17-04.41.27:832][ 27]LogLinker:Warning: Can't find file '/Game/Spook/Characters/Frank/Resources/Mat_King'
[2015.08.17-04.41.27:832][ 27]LogLinker:Warning: Can't find file for asset '/Game/Spook/Characters/Frank/Resources/Mat_King' while loading ../../../../../../Users/jackson.luff/Desktop/Spook_Prototype_PAT/Content/Spook/Characters/Boar/BoarController.uasset.
[2015.08.17-04.41.27:836][ 27]LogLinker:Warning: Can't find file '/Game/Spook/Characters/Frank/Resources/Mat_King'
[2015.08.17-04.41.27:836][ 27]LogLinker:Warning: Can't find file for asset '/Game/Spook/Characters/Frank/Resources/Mat_King' while loading NULL.
[2015.08.17-04.41.27:836][ 27]LogLinker:Warning: Can't find file '/Game/Spook/Characters/Frank/Resources/Mat_King'
[2015.08.17-04.41.27:836][ 27]LogLinker:Warning: Can't find file for asset '/Game/Spook/Characters/Frank/Resources/Mat_King' while loading NULL.
[2015.08.17-04.41.27:836][ 27]LogLinker:Warning: Can't find file '/Game/Spook/Characters/Frank/Resources/Mat_King'
[2015.08.17-04.41.27:837][ 27]LoadErrors: Info Failed to load /Game/Spook/Characters/Frank/Resources/Mat_King.Mat_King Referenced by Default__BoarController_C
[2015.08.17-04.41.27:837][ 27]LogLinker:Warning: Can't find file for asset '/Game/Spook/Characters/Frank/Resources/Mat_King' while loading NULL.
[2015.08.17-04.41.27:910][ 27]LogBlueprint:Warning: [compiler BoarController] Warning InputAction Event references unknown Action 'Boar Charging' for  InputAction Boar Charging 
[2015.08.17-04.41.27:917][ 27]LogBlueprint:Warning: [compiler BoarController] Warning [0301.14] Compile of BoarController successful, but with 1 Warning(s) [in 29 ms]
[2015.08.17-04.41.27:917][ 27]LogBlueprint:Warning: [compiler BoarController] Warning [0301.14] Compile of BoarController successful, but with 2 Warning(s) [in 0 ms]
[2015.08.17-04.41.27:917][ 27]LogBlueprint:Warning: [compiler BoarController] Warning [0301.14] Compile of BoarController successful, but with 3 Warning(s) [in 0 ms]
[2015.08.17-04.41.27:950][ 27]LogBlueprint:Warning: [compiler BoarController] Warning InputAction Event references unknown Action 'Boar Charging' for  InputAction Boar Charging 
[2015.08.17-04.41.27:958][ 27]LogBlueprint:Warning: [compiler BoarController] Warning [0301.18] Compile of BoarController successful, but with 1 Warning(s) [in 30 ms]
[2015.08.17-04.41.27:958][ 27]LogBlueprint:Warning: [compiler BoarController] Warning [0301.18] Compile of BoarController successful, but with 2 Warning(s) [in 0 ms]
[2015.08.17-04.41.27:960][ 27]LogMaterial: Missing cached shader map for material Mat_Boar, compiling. 
[2015.08.17-04.41.28:014][ 27]LogD3D11RHI: InitD3DDevice
[2015.08.17-04.41.28:025][ 27]LoadErrors:Error: Error Failed import for Skeleton /Game/Spook/Characters/Boar/Resources/Boar_Model_Skeleton.Boar_Model_Skeleton
[2015.08.17-04.41.28:025][ 27]LoadErrors:Error: Error Failed import for SkeletalMesh /Game/Spook/Characters/Boar/Resources/Boar_Model.Boar_Model
[2015.08.17-04.41.30:197][200]LogPlayLevel: PIE:  No blueprints needed recompiling
[2015.08.17-04.41.30:197][200]PIE: New page: PIE session: Spook_World (18 Aug 2015 12:41:30 am)
[2015.08.17-04.41.30:198][200]LogPlayLevel: Creating play world package: /Game/Spook/MapAndGameMode/UEDPIE_0_Spook_World
[2015.08.17-04.41.30:317][200]LogPlayLevel: PIE: StaticDuplicateObject took: (0.119233s)
[2015.08.17-04.41.30:317][200]LogAIModule: Creating AISystem for world Spook_World
[2015.08.17-04.41.30:318][200]LogPlayLevel: PIE: World Init took: (0.000851s)
[2015.08.17-04.41.30:318][200]LogPlayLevel: PIE: Created PIE world by copying editor world from /Game/Spook/MapAndGameMode/Spook_World.Spook_World to /Game/Spook/MapAndGameMode/UEDPIE_0_Spook_World.Spook_World (0.120286s)
[2015.08.17-04.41.30:318][200]LogActorComponent: UnregisterComponent: (/Engine/Transient.CharMoveComp) Not registered. Aborting.
[2015.08.17-04.41.30:318][200]LogActorComponent: UnregisterComponent: (/Engine/Transient.CharacterMovementComponent_0) Not registered. Aborting.
[2015.08.17-04.41.30:401][200]LogInit: XAudio2 using 'Speakers (Realtek High Definition Audio)' : 4 channels at 48 kHz using 32 bits per sample (channel mask 0x33)
[2015.08.17-04.41.30:409][200]LogInit: FAudioDevice initialized.
[2015.08.17-04.41.30:443][200]LogWorld: Game class is 'SpookGameMode_C'
[2015.08.17-04.41.30:466][200]LogWorld: Bringing World /Game/Spook/MapAndGameMode/UEDPIE_0_Spook_World.Spook_World up for play (max tick rate 0) at 2015.08.17-14.41.30
[2015.08.17-04.41.30:466][200]LogActor:Warning: GameSession /Game/Spook/MapAndGameMode/UEDPIE_0_Spook_World.Spook_World:PersistentLevel.GameSession_3 has natively added scene component(s), but none of them were set as the actor's RootComponent - picking one arbitrarily
[2015.08.17-04.41.30:466][200]LogActor:Warning: GameNetworkManager /Game/Spook/MapAndGameMode/UEDPIE_0_Spook_World.Spook_World:PersistentLevel.GameNetworkManager_3 has natively added scene component(s), but none of them were set as the actor's RootComponent - picking one arbitrarily
[2015.08.17-04.41.30:468][200]LogWorld: Bringing up level for play took: 0.023363
[2015.08.17-04.41.30:470][200]PIE: Info Play in editor start time for /Game/Spook/MapAndGameMode/UEDPIE_0_Spook_World -0.21
[2015.08.17-04.41.32:114][382]LogParticles: Destroying 0 GPU particle simulations for FXSystem 0x0000000011CA4D60
[2015.08.17-04.41.34:853][701]LogD3D11RHI: InitD3DDevice
[2015.08.17-04.41.34:904][701]LogD3D11RHI: InitD3DDevice
[2015.08.17-04.41.34:929][701]LogLinker:Warning: Asset '../../../Engine/Content/ArtTools/RenderToTexture/Macros/RenderToTextureMacros.uasset' has been saved with empty engine version. The asset will be loaded but may be incompatible.
[2015.08.17-04.41.34:986][701]LogLinker:Warning: Asset '../../../Engine/Content/ArtTools/RenderToTexture/Enums/RenderToTexture_Enum.uasset' has been saved with empty engine version. The asset will be loaded but may be incompatible.
[2015.08.17-04.41.38:263][917]LogEditorViewport: Clicking on Actor (LMB): Landscape (Landscape1)
[2015.08.17-04.41.39:338][ 39]LogEditorViewport: Clicking on Actor (LMB): BoarController_C (BoarController)
[2015.08.17-04.41.39:959][105]Cmd: DELETE
[2015.08.17-04.41.39:959][105]Cmd: ACTOR DELETE
[2015.08.17-04.41.39:976][105]LogEditorActor: Deleted Actor: BoarController_C
[2015.08.17-04.41.40:022][105]LogParticles: Destroying 0 GPU particle simulations for FXSystem 0x00000000124E13A0
[2015.08.17-04.41.40:032][105]LogEditorActor: Deleted 1 Actors (0.073 secs)
[2015.08.17-04.41.40:486][158]LogD3D11RHI: InitD3DDevice
[2015.08.17-04.41.43:061][449]LogD3D11RHI: InitD3DDevice
[2015.08.17-04.41.43:142][449]LogD3D11RHI: InitD3DDevice
[2015.08.17-04.41.48:750][829]LogD3D11RHI: InitD3DDevice
[2015.08.17-04.41.49:482][876]LogD3D11RHI: InitD3DDevice
[2015.08.17-04.41.54:395][231]LogEditorTransaction: Undo Delete current selection
[2015.08.17-04.41.54:429][231]LogD3D11RHI: InitD3DDevice
[2015.08.17-04.42.00:467][722]LogD3D11RHI: InitD3DDevice
[2015.08.17-04.42.02:332][873]LogD3D11RHI: InitD3DDevice
[2015.08.17-04.44.01:044][404]LogD3D11RHI: InitD3DDevice
[2015.08.17-04.44.02:390][486]LogD3D11RHI: InitD3DDevice
[2015.08.17-04.44.44:755][266]BlueprintLog: New page: Compile BoarController
[2015.08.17-04.44.44:910][266]LogActorComponent: UnregisterComponent: (/Engine/Transient.CharMoveComp) Not registered. Aborting.
[2015.08.17-04.44.44:910][266]LogActorComponent: UnregisterComponent: (/Engine/Transient.CharacterMovementComponent_1) Not registered. Aborting.
[2015.08.17-04.44.44:950][266]BlueprintEditorCompileResults: Info [0498.17] Compile of BoarController successful! [in 195 ms]
[2015.08.17-04.44.55:900][521]LogD3D11RHI: InitD3DDevice
[2015.08.17-04.45.03:381][152]LogRenderer: Reallocating scene render targets to support 1208x944 (Frame:56311).
[2015.08.17-04.45.19:089][940]LogD3D11RHI: InitD3DDevice
[2015.08.17-04.45.26:062][447]LogD3D11RHI: InitD3DDevice
[2015.08.17-04.45.26:876][447]LogSavePackage: Save=680.465210ms
[2015.08.17-04.45.26:876][447]LogSavePackage: Moving '../../../../../../Users/jackson.luff/Desktop/Spook_Prototype_PAT/Saved/Spook_WorldDF88496C4A1E5BEFB596E0A2D2F76D67.tmp' to '../../../../../../Users/jackson.luff/Desktop/Spook_Prototype_PAT/Content/Spook/MapAndGameMode/Spook_World.umap'
[2015.08.17-04.45.26:918][447]LogFileHelpers: Saving map 'Spook_World' took 0.805
[2015.08.17-04.45.27:013][447]LogSavePackage: Save=84.329445ms
[2015.08.17-04.45.27:013][447]LogSavePackage: Moving '../../../../../../Users/jackson.luff/Desktop/Spook_Prototype_PAT/Saved/BoarController59CE434345A3A2B02F2EF283CC92487F.tmp' to '../../../../../../Users/jackson.luff/Desktop/Spook_Prototype_PAT/Content/Spook/Characters/Boar/BoarController.uasset'
[2015.08.17-04.45.51:179][661]LogD3D11RHI: InitD3DDevice
[2015.08.17-04.46.27:251][687]LogActorComponent: UnregisterComponent: (/Engine/Transient.CharMoveComp) Not registered. Aborting.
[2015.08.17-04.46.27:252][687]LogActorComponent: UnregisterComponent: (/Engine/Transient.CharacterMovementComponent_2) Not registered. Aborting.
[2015.08.17-04.46.27:267][687]LogParticles: Destroying 0 GPU particle simulations for FXSystem 0x000000002CFF0AE0
[2015.08.17-04.46.27:280][687]LogD3D11RHI: InitD3DDevice
[2015.08.17-04.46.32:776][687]LogD3D11RHI: InitD3DDevice
[2015.08.17-04.46.32:813][687]LogD3D11RHI: InitD3DDevice
[2015.08.17-04.46.32:834][687]LogD3D11RHI: InitD3DDevice
[2015.08.17-04.46.37:385][822]LogActorComponent: UnregisterComponent: (/Engine/Transient.CharMoveComp) Not registered. Aborting.
[2015.08.17-04.46.37:386][822]LogActorComponent: UnregisterComponent: (/Engine/Transient.CharacterMovementComponent_3) Not registered. Aborting.
[2015.08.17-04.46.37:822][823]Cmd: QUIT_EDITOR
[2015.08.17-04.46.38:045][823]LogExit: Preparing to exit.
[2015.08.17-04.46.39:015][823]LogExit: Editor shut down
[2015.08.17-04.46.39:015][823]LogExit: Transaction tracking system shut down
[2015.08.17-04.46.39:016][823]LogParticles: Destroying 0 GPU particle simulations for FXSystem 0x000000001781D580
[2015.08.17-04.46.39:017][823]LogParticles: Destroying 0 GPU particle simulations for FXSystem 0x0000000012374AE0
[2015.08.17-04.46.39:020][823]LogParticles: Destroying 0 GPU particle simulations for FXSystem 0x000000001FDB37E0
[2015.08.17-04.46.39:020][823]LogParticles: Destroying 0 GPU particle simulations for FXSystem 0x000000001FDB1760
[2015.08.17-04.46.39:020][823]LogParticles: Destroying 0 GPU particle simulations for FXSystem 0x00000000123C99E0
[2015.08.17-04.46.39:022][823]LogParticles: Destroying 0 GPU particle simulations for FXSystem 0x000000001229F1A0
[2015.08.17-04.46.39:026][823]LogParticles: Destroying 0 GPU particle simulations for FXSystem 0x000000003B610F40
[2015.08.17-04.46.39:026][823]LogParticles: Destroying 0 GPU particle simulations for FXSystem 0x000000003B613060
[2015.08.17-04.46.39:026][823]LogParticles: Destroying 0 GPU particle simulations for FXSystem 0x000000003B610AE0
[2015.08.17-04.46.39:157][823]LogExit: Object subsystem successfully closed.
[2015.08.17-04.46.39:170][823]LogD3D11RHI: Shutdown
[2015.08.17-04.46.39:170][823]LogD3D11RHI: CleanupD3DDevice
[2015.08.17-04.46.39:222][823]LogD3D11RHI: ~FD3D11DynamicRHI
[2015.08.17-04.46.39:237][823]LogModuleManager: Shutting down and abandoning module ExternalImagePicker (190)
[2015.08.17-04.46.39:237][823]LogModuleManager: Shutting down and abandoning module SynthBenchmark (189)
[2015.08.17-04.46.39:237][823]LogModuleManager: Shutting down and abandoning module StatsViewer (188)
[2015.08.17-04.46.39:237][823]LogModuleManager: Shutting down and abandoning module CrashTracker (187)
[2015.08.17-04.46.39:237][823]LogModuleManager: Shutting down and abandoning module SceneOutliner (186)
[2015.08.17-04.46.39:237][823]LogModuleManager: Shutting down and abandoning module SuperSearch (185)
[2015.08.17-04.46.39:237][823]LogModuleManager: Shutting down and abandoning module WidgetCarousel (184)
[2015.08.17-04.46.39:237][823]LogModuleManager: Shutting down and abandoning module AddContentDialog (183)
[2015.08.17-04.46.39:238][823]LogModuleManager: Shutting down and abandoning module EditorWidgets (182)
[2015.08.17-04.46.39:238][823]LogModuleManager: Shutting down and abandoning module CollectionManager (181)
[2015.08.17-04.46.39:238][823]LogModuleManager: Shutting down and abandoning module FoliageEdit (180)
[2015.08.17-04.46.39:238][823]LogModuleManager: Shutting down and abandoning module LandscapeEditor (179)
[2015.08.17-04.46.39:238][823]LogModuleManager: Shutting down and abandoning module ActorPickerMode (178)
[2015.08.17-04.46.39:238][823]LogModuleManager: Shutting down and abandoning module GeometryMode (177)
[2015.08.17-04.46.39:238][823]LogModuleManager: Shutting down and abandoning module TextureAlignMode (176)
[2015.08.17-04.46.39:238][823]LogModuleManager: Shutting down and abandoning module BspMode (175)
[2015.08.17-04.46.39:238][823]LogModuleManager: Shutting down and abandoning module PlacementMode (174)
[2015.08.17-04.46.39:238][823]LogModuleManager: Shutting down and abandoning module AutomationWorker (173)
[2015.08.17-04.46.39:238][823]LogModuleManager: Shutting down and abandoning module CharacterAI (172)
[2015.08.17-04.46.39:238][823]LogModuleManager: Shutting down and abandoning module SmartSnapping (171)
[2015.08.17-04.46.39:238][823]LogModuleManager: Shutting down and abandoning module ViewportSnapping (170)
[2015.08.17-04.46.39:238][823]LogModuleManager: Shutting down and abandoning module LogVisualizer (169)
[2015.08.17-04.46.39:238][823]LogModuleManager: Shutting down and abandoning module GameProjectGeneration (168)
[2015.08.17-04.46.39:238][823]LogModuleManager: Shutting down and abandoning module IntroTutorials (167)
[2015.08.17-04.46.39:238][823]LogModuleManager: Shutting down and abandoning module EditorLiveStreaming (166)
[2015.08.17-04.46.39:238][823]LogModuleManager: Shutting down and abandoning module IOSPlatformEditor (165)
[2015.08.17-04.46.39:238][823]LogModuleManager: Shutting down and abandoning module HTML5PlatformEditor (164)
[2015.08.17-04.46.39:238][823]LogModuleManager: Shutting down and abandoning module AndroidDeviceDetection (163)
[2015.08.17-04.46.40:132][823]LogModuleManager: Shutting down and abandoning module AndroidPlatformEditor (162)
[2015.08.17-04.46.40:132][823]LogModuleManager: Shutting down and abandoning module IOSRuntimeSettings (161)
[2015.08.17-04.46.40:132][823]LogModuleManager: Shutting down and abandoning module AndroidRuntimeSettings (160)
[2015.08.17-04.46.40:132][823]LogModuleManager: Shutting down and abandoning module MergeActors (159)
[2015.08.17-04.46.40:132][823]LogModuleManager: Shutting down and abandoning module SizeMap (158)
[2015.08.17-04.46.40:132][823]LogModuleManager: Shutting down and abandoning module TreeMap (157)
[2015.08.17-04.46.40:132][823]LogModuleManager: Shutting down and abandoning module ReferenceViewer (156)
[2015.08.17-04.46.40:132][823]LogModuleManager: Shutting down and abandoning module LocalizationDashboard (155)
[2015.08.17-04.46.40:132][823]LogModuleManager: Shutting down and abandoning module HardwareTargeting (154)
[2015.08.17-04.46.40:132][823]LogModuleManager: Shutting down and abandoning module DeviceProfileEditor (153)
[2015.08.17-04.46.40:132][823]LogModuleManager: Shutting down and abandoning module UndoHistory (152)
[2015.08.17-04.46.40:133][823]LogModuleManager: Shutting down and abandoning module GameplayTagsEditor (151)
[2015.08.17-04.46.40:133][823]LogModuleManager: Shutting down and abandoning module UserFeedback (150)
[2015.08.17-04.46.40:133][823]LogModuleManager: Shutting down and abandoning module XmlParser (149)
[2015.08.17-04.46.40:133][823]LogModuleManager: Shutting down and abandoning module Blutility (148)
[2015.08.17-04.46.40:133][823]LogModuleManager: Shutting down and abandoning module ProjectTargetPlatformEditor (147)
[2015.08.17-04.46.40:133][823]LogModuleManager: Shutting down and abandoning module ProjectSettingsViewer (146)
[2015.08.17-04.46.40:133][823]LogModuleManager: Shutting down and abandoning module InputBindingEditor (145)
[2015.08.17-04.46.40:133][823]LogModuleManager: Shutting down and abandoning module EditorSettingsViewer (144)
[2015.08.17-04.46.40:133][823]LogModuleManager: Shutting down and abandoning module SettingsEditor (143)
[2015.08.17-04.46.40:134][823]LogModuleManager: Shutting down and abandoning module ProjectLauncher (142)
[2015.08.17-04.46.40:134][823]LogModuleManager: Shutting down and abandoning module SessionFrontend (141)
[2015.08.17-04.46.40:134][823]LogModuleManager: Shutting down and abandoning module ProfilerClient (140)
[2015.08.17-04.46.40:134][823]LogModuleManager: Shutting down and abandoning module TargetDeviceServices (139)
[2015.08.17-04.46.40:134][823]LogModuleManager: Shutting down and abandoning module DeviceManager (138)
[2015.08.17-04.46.40:134][823]LogModuleManager: Shutting down and abandoning module AutomationController (137)
[2015.08.17-04.46.40:134][823]LogModuleManager: Shutting down and abandoning module AutomationWindow (136)
[2015.08.17-04.46.40:134][823]LogModuleManager: Shutting down and abandoning module Layers (135)
[2015.08.17-04.46.40:134][823]LogModuleManager: Shutting down and abandoning module ComponentVisualizers (134)
[2015.08.17-04.46.40:134][823]LogModuleManager: Shutting down and abandoning module DetailCustomizations (133)
[2015.08.17-04.46.40:134][823]LogModuleManager: Shutting down and abandoning module PackagesDialog (132)
[2015.08.17-04.46.40:135][823]LogModuleManager: Shutting down and abandoning module AssetRegistry (131)
[2015.08.17-04.46.40:232][823]LogModuleManager: Shutting down and abandoning module Persona (130)
[2015.08.17-04.46.40:233][823]LogModuleManager: Shutting down and abandoning module Kismet (129)
[2015.08.17-04.46.40:233][823]LogModuleManager: Shutting down and abandoning module GraphEditor (128)
[2015.08.17-04.46.40:233][823]LogModuleManager: Shutting down and abandoning module ClassViewer (127)
[2015.08.17-04.46.40:233][823]LogModuleManager: Shutting down and abandoning module Toolbox (126)
[2015.08.17-04.46.40:233][823]LogModuleManager: Shutting down and abandoning module ModuleUI (125)
[2015.08.17-04.46.40:233][823]LogModuleManager: Shutting down and abandoning module MovieSceneTools (124)
[2015.08.17-04.46.40:233][823]LogModuleManager: Shutting down and abandoning module OutputLog (123)
[2015.08.17-04.46.40:233][823]LogModuleManager: Shutting down and abandoning module GammaUI (122)
[2015.08.17-04.46.40:233][823]LogModuleManager: Shutting down and abandoning module Documentation (121)
[2015.08.17-04.46.40:233][823]LogModuleManager: Shutting down and abandoning module GameLiveStreaming (120)
[2015.08.17-04.46.40:233][823]LogModuleManager: Shutting down and abandoning module StreamingPauseRendering (119)
[2015.08.17-04.46.40:233][823]LogModuleManager: Shutting down and abandoning module AnalyticsET (118)
[2015.08.17-04.46.40:233][823]LogModuleManager: Shutting down and abandoning module Analytics (117)
[2015.08.17-04.46.40:233][823]LogModuleManager: Shutting down and abandoning module AITestSuite (116)
[2015.08.17-04.46.40:233][823]LogModuleManager: Shutting down and abandoning module GameplayDebugger (115)
[2015.08.17-04.46.40:233][823]LogModuleManager: Shutting down and abandoning module AIModule (114)
[2015.08.17-04.46.40:233][823]LogModuleManager: Shutting down and abandoning module ProfilerService (113)
[2015.08.17-04.46.40:440][823]LogModuleManager: Shutting down and abandoning module TaskGraph (112)
[2015.08.17-04.46.40:440][823]LogModuleManager: Shutting down and abandoning module SlateRemote (111)
[2015.08.17-04.46.40:440][823]LogModuleManager: Shutting down and abandoning module SteamVRController (110)
[2015.08.17-04.46.40:440][823]LogModuleManager: Shutting down and abandoning module SteamVR (109)
[2015.08.17-04.46.40:440][823]LogModuleManager: Shutting down and abandoning module ProceduralMeshComponent (108)
[2015.08.17-04.46.40:440][823]LogModuleManager: Shutting down and abandoning module OculusRift (107)
[2015.08.17-04.46.40:440][823]LogModuleManager: Shutting down and abandoning module LeapMotionController (106)
[2015.08.17-04.46.40:458][823]LogModuleManager: Shutting down and abandoning module CustomMeshComponent (105)
[2015.08.17-04.46.40:458][823]LogModuleManager: Shutting down and abandoning module CableComponent (104)
[2015.08.17-04.46.40:458][823]LogModuleManager: Shutting down and abandoning module MessagingDebugger (103)
[2015.08.17-04.46.40:458][823]LogModuleManager: Shutting down and abandoning module MediaPlayerEditor (102)
[2015.08.17-04.46.40:458][823]LogModuleManager: Shutting down and abandoning module SpeedTreeImporter (101)
[2015.08.17-04.46.40:458][823]LogModuleManager: Shutting down and abandoning module PluginBrowser (100)
[2015.08.17-04.46.40:459][823]LogModuleManager: Shutting down and abandoning module EpicSurvey (99)
[2015.08.17-04.46.40:459][823]LogModuleManager: Shutting down and abandoning module DesktopPlatform (98)
[2015.08.17-04.46.40:459][823]LogModuleManager: Shutting down and abandoning module VisualStudioSourceCodeAccess (97)
[2015.08.17-04.46.40:459][823]LogModuleManager: Shutting down and abandoning module UObjectPlugin (96)
[2015.08.17-04.46.40:459][823]LogModuleManager: Shutting down and abandoning module SubversionSourceControl (95)
[2015.08.17-04.46.40:459][823]LogModuleManager: Shutting down and abandoning module PerforceSourceControl (94)
[2015.08.17-04.46.40:459][823]LogModuleManager: Shutting down and abandoning module SourceControl (93)
[2015.08.17-04.46.40:459][823]LogModuleManager: Shutting down and abandoning module GitSourceControl (92)
[2015.08.17-04.46.40:459][823]LogModuleManager: Shutting down and abandoning module BlankPlugin (91)
[2015.08.17-04.46.40:459][823]LogModuleManager: Shutting down and abandoning module PaperTiledImporter (90)
[2015.08.17-04.46.40:459][823]LogModuleManager: Shutting down and abandoning module PaperSpriteSheetImporter (89)
[2015.08.17-04.46.40:459][823]LogModuleManager: Shutting down and abandoning module MeshPaint (88)
[2015.08.17-04.46.40:459][823]LogModuleManager: Shutting down and abandoning module SlateReflector (87)
[2015.08.17-04.46.40:459][823]LogModuleManager: Shutting down and abandoning module DirectoryWatcher (86)
[2015.08.17-04.46.40:460][823]LogModuleManager: Shutting down and abandoning module HotReload (85)
[2015.08.17-04.46.40:460][823]LogModuleManager: Shutting down and abandoning module MainFrame (84)
[2015.08.17-04.46.40:460][823]LogModuleManager: Shutting down and abandoning module LevelEditor (83)
[2015.08.17-04.46.40:463][823]LogModuleManager: Shutting down and abandoning module ContentBrowser (82)
[2015.08.17-04.46.40:465][823]LogModuleManager: Shutting down and abandoning module Paper2DEditor (81)
[2015.08.17-04.46.40:465][823]LogModuleManager: Shutting down and abandoning module UdpMessaging (80)
[2015.08.17-04.46.40:565][823]LogModuleManager: Shutting down and abandoning module Paper2D (79)
[2015.08.17-04.46.40:565][823]LogModuleManager: Shutting down and abandoning module WindowsMoviePlayer (78)
[2015.08.17-04.46.40:574][823]LogModuleManager: Shutting down and abandoning module Media (77)
[2015.08.17-04.46.40:575][823]LogModuleManager: Shutting down and abandoning module WmfMedia (76)
[2015.08.17-04.46.40:575][823]LogModuleManager: Shutting down and abandoning module OnlineBlueprintSupport (75)
[2015.08.17-04.46.40:575][823]LogModuleManager: Shutting down and abandoning module PropertyEditor (74)
[2015.08.17-04.46.40:575][823]LogModuleManager: Shutting down and abandoning module BehaviorTreeEditor (73)
[2015.08.17-04.46.40:575][823]LogModuleManager: Shutting down and abandoning module FunctionalTesting (72)
[2015.08.17-04.46.40:575][823]LogModuleManager: Shutting down and abandoning module CollisionAnalyzer (71)
[2015.08.17-04.46.40:575][823]LogModuleManager: Shutting down and abandoning module WorkspaceMenuStructure (70)
[2015.08.17-04.46.40:575][823]LogModuleManager: Shutting down and abandoning module MessageLog (69)
[2015.08.17-04.46.40:576][823]LogModuleManager: Shutting down and abandoning module Sequencer (68)
[2015.08.17-04.46.40:576][823]LogModuleManager: Shutting down and abandoning module AssetTools (67)
[2015.08.17-04.46.40:576][823]LogModuleManager: Shutting down and abandoning module UMGEditor (66)
[2015.08.17-04.46.40:576][823]LogModuleManager: Shutting down and abandoning module UMG (65)
[2015.08.17-04.46.40:576][823]LogModuleManager: Shutting down and abandoning module Slate (64)
[2015.08.17-04.46.40:576][823]LogModuleManager: Shutting down and abandoning module EditorStyle (63)
[2015.08.17-04.46.40:583][823]LogModuleManager: Shutting down and abandoning module SessionServices (62)
[2015.08.17-04.46.40:583][823]LogModuleManager: Shutting down and abandoning module SourceCodeAccess (61)
[2015.08.17-04.46.40:583][823]LogModuleManager: Shutting down and abandoning module HeadMountedDisplay (60)
[2015.08.17-04.46.40:583][823]LogModuleManager: Shutting down and abandoning module XAudio2 (59)
[2015.08.17-04.46.40:583][823]LogModuleManager: Shutting down and abandoning module Networking (57)
[2015.08.17-04.46.40:583][823]LogModuleManager: Shutting down and abandoning module Core (56)
[2015.08.17-04.46.40:583][823]LogModuleManager: Shutting down and abandoning module KismetCompiler (55)
[2015.08.17-04.46.40:583][823]LogModuleManager: Shutting down and abandoning module PhysXFormats (54)
[2015.08.17-04.46.40:583][823]LogModuleManager: Shutting down and abandoning module MeshUtilities (53)
[2015.08.17-04.46.40:583][823]LogModuleManager: Shutting down and abandoning module DerivedDataCache (52)
[2015.08.17-04.46.40:595][823]LogDerivedDataCache: Shutdown
[2015.08.17-04.46.40:595][823]LogModuleManager: Shutting down and abandoning module ShaderFormatOpenGL (51)
[2015.08.17-04.46.40:595][823]LogModuleManager: Shutting down and abandoning module ShaderFormatD3D (50)
[2015.08.17-04.46.40:595][823]LogModuleManager: Shutting down and abandoning module MetalShaderFormat (49)
[2015.08.17-04.46.40:595][823]LogModuleManager: Shutting down and abandoning module TextureFormatUncompressed (48)
[2015.08.17-04.46.40:595][823]LogModuleManager: Shutting down and abandoning module TextureFormatPVR (47)
[2015.08.17-04.46.40:595][823]LogModuleManager: Shutting down and abandoning module TextureFormatIntelISPCTexComp (46)
[2015.08.17-04.46.40:595][823]LogModuleManager: Shutting down and abandoning module TextureFormatDXT (45)
[2015.08.17-04.46.40:595][823]LogModuleManager: Shutting down and abandoning module ImageWrapper (44)
[2015.08.17-04.46.40:595][823]LogModuleManager: Shutting down and abandoning module TextureFormatASTC (43)
[2015.08.17-04.46.40:595][823]LogModuleManager: Shutting down and abandoning module TextureFormatAndroid (42)
[2015.08.17-04.46.40:595][823]LogModuleManager: Shutting down and abandoning module AudioFormatOpus (41)
[2015.08.17-04.46.40:595][823]LogModuleManager: Shutting down and abandoning module AudioFormatOgg (40)
[2015.08.17-04.46.40:595][823]LogModuleManager: Shutting down and abandoning module AudioFormatADPCM (39)
[2015.08.17-04.46.40:595][823]LogModuleManager: Shutting down and abandoning module LinuxTargetPlatform (38)
[2015.08.17-04.46.40:595][823]LogModuleManager: Shutting down and abandoning module LinuxServerTargetPlatform (37)
[2015.08.17-04.46.40:595][823]LogModuleManager: Shutting down and abandoning module LinuxNoEditorTargetPlatform (36)
[2015.08.17-04.46.40:596][823]LogModuleManager: Shutting down and abandoning module Messaging (35)
[2015.08.17-04.46.40:596][823]LogModuleManager: Shutting down and abandoning module IOSTargetPlatform (34)
[2015.08.17-04.46.40:596][823]LogModuleManager: Shutting down and abandoning module HTML5TargetPlatform (33)
[2015.08.17-04.46.40:596][823]LogModuleManager: Shutting down and abandoning module Android_PVRTCTargetPlatform (32)
[2015.08.17-04.46.40:596][823]LogModuleManager: Shutting down and abandoning module Android_ETC2TargetPlatform (31)
[2015.08.17-04.46.40:596][823]LogModuleManager: Shutting down and abandoning module Android_ETC1TargetPlatform (30)
[2015.08.17-04.46.40:596][823]LogModuleManager: Shutting down and abandoning module Android_DXTTargetPlatform (29)
[2015.08.17-04.46.40:596][823]LogModuleManager: Shutting down and abandoning module Android_ATCTargetPlatform (28)
[2015.08.17-04.46.40:596][823]LogModuleManager: Shutting down and abandoning module Android_ASTCTargetPlatform (27)
[2015.08.17-04.46.40:596][823]LogModuleManager: Shutting down and abandoning module AndroidTargetPlatform (26)
[2015.08.17-04.46.40:596][823]LogModuleManager: Shutting down and abandoning module WindowsTargetPlatform (25)
[2015.08.17-04.46.40:596][823]LogModuleManager: Shutting down and abandoning module WindowsServerTargetPlatform (24)
[2015.08.17-04.46.40:596][823]LogModuleManager: Shutting down and abandoning module WindowsNoEditorTargetPlatform (23)
[2015.08.17-04.46.40:596][823]LogModuleManager: Shutting down and abandoning module WindowsClientTargetPlatform (22)
[2015.08.17-04.46.40:596][823]LogModuleManager: Shutting down and abandoning module DesktopTargetPlatform (21)
[2015.08.17-04.46.40:596][823]LogModuleManager: Shutting down and abandoning module TargetPlatform (20)
[2015.08.17-04.46.40:596][823]LogModuleManager: Shutting down and abandoning module InputCore (19)
[2015.08.17-04.46.40:596][823]LogModuleManager: Shutting down and abandoning module Settings (18)
[2015.08.17-04.46.40:596][823]LogModuleManager: Shutting down and abandoning module OnlineSubsystem (16)
[2015.08.17-04.46.40:596][823]LogModuleManager: Shutting down and abandoning module HTTP (15)
[2015.08.17-04.46.40:597][823]LogModuleManager: Shutting down and abandoning module ExampleDeviceProfileSelector (14)
[2015.08.17-04.46.40:597][823]LogModuleManager: Shutting down and abandoning module TextureCompressor (13)
[2015.08.17-04.46.40:597][823]LogModuleManager: Shutting down and abandoning module ShaderCore (12)
[2015.08.17-04.46.40:597][823]LogModuleManager: Shutting down and abandoning module Landscape (11)
[2015.08.17-04.46.40:597][823]LogModuleManager: Shutting down and abandoning module SlateRHIRenderer (10)
[2015.08.17-04.46.40:600][823]LogModuleManager: Shutting down and abandoning module OpenGLDrv (9)
[2015.08.17-04.46.40:600][823]LogModuleManager: Shutting down and abandoning module D3D11RHI (8)
[2015.08.17-04.46.40:600][823]LogModuleManager: Shutting down and abandoning module Renderer (7)
[2015.08.17-04.46.40:600][823]LogModuleManager: Shutting down and abandoning module Engine (6)
[2015.08.17-04.46.40:600][823]LogModuleManager: Shutting down and abandoning module CoreUObject (5)
[2015.08.17-04.46.40:600][823]LogModuleManager: Shutting down and abandoning module NetworkFile (4)
[2015.08.17-04.46.40:600][823]LogModuleManager: Shutting down and abandoning module StreamingFile (3)
[2015.08.17-04.46.40:600][823]LogModuleManager: Shutting down and abandoning module SandboxFile (2)
[2015.08.17-04.46.40:600][823]LogModuleManager: Shutting down and abandoning module PakFile (1)
[2015.08.17-04.46.40:602][823]LogExit: Exiting.
[2015.08.17-04.46.40:653][823]Log file closed, 08/17/15 14:46:40
