[2015.08.15-03.33.18:659][  0]Log file open, 08/15/15 13:33:18
[2015.08.15-03.33.18:659][  0]LogInit:Display: Running engine for game: Spook_Prototype
[2015.08.15-03.33.18:659][  0]LogInit:Display: RandInit(-1553069548) SRandInit(-1553069548).
[2015.08.15-03.33.18:659][  0]LogTaskGraph: Started task graph with 4 named threads and 5 total threads.
[2015.08.15-03.33.18:659][  0]LogStats: Stats thread started
[2015.08.15-03.33.18:659][  0]LogInit: Version: 4.8.3-2634408+++depot+UE4-Releases+4.8
[2015.08.15-03.33.18:659][  0]LogInit: API Version: 2579680
[2015.08.15-03.33.18:659][  0]LogInit: Compiled (64-bit): Jul 27 2015 16:24:33
[2015.08.15-03.33.18:659][  0]LogInit: Compiled with Visual C++: 18.00.21005.01
[2015.08.15-03.33.18:659][  0]LogInit: Build Configuration: Development
[2015.08.15-03.33.18:659][  0]LogInit: Branch Name: ++depot+UE4-Releases+4.8
[2015.08.15-03.33.18:659][  0]LogInit: Command line: 
[2015.08.15-03.33.18:659][  0]LogInit: Base directory: C:/Program Files/Epic Games/4.8/Engine/Binaries/Win64/
[2015.08.15-03.33.18:659][  0]LogInit: Rocket: 1
[2015.08.15-03.33.18:679][  0]LogInit: Using libcurl 7.41.0
[2015.08.15-03.33.18:679][  0]LogInit:  - built for x86_64-pc-win32
[2015.08.15-03.33.18:679][  0]LogInit:  - supports SSL with WinSSL
[2015.08.15-03.33.18:679][  0]LogInit:  - other features:
[2015.08.15-03.33.18:679][  0]LogInit:      CURL_VERSION_SSL
[2015.08.15-03.33.18:679][  0]LogInit:      CURL_VERSION_IPV6
[2015.08.15-03.33.18:679][  0]LogInit:      CURL_VERSION_ASYNCHDNS
[2015.08.15-03.33.18:679][  0]LogInit:      CURL_VERSION_LARGEFILE
[2015.08.15-03.33.18:679][  0]LogInit:      CURL_VERSION_IDN
[2015.08.15-03.33.18:679][  0]LogInit:  CurlRequestOptions (configurable via config and command line):
[2015.08.15-03.33.18:679][  0]LogInit:  - bVerifyPeer = true  - Libcurl will verify peer certificate
[2015.08.15-03.33.18:679][  0]LogInit:  - bUseHttpProxy = false  - Libcurl will NOT use HTTP proxy
[2015.08.15-03.33.18:679][  0]LogInit:  - bDontReuseConnections = false  - Libcurl will reuse connections
[2015.08.15-03.33.18:679][  0]LogInit:  - CertBundlePath = nullptr  - Libcurl will use whatever was configured at build time.
[2015.08.15-03.33.18:697][  0]LogOnline:Warning: No default platform service specified for OnlineSubsystem
[2015.08.15-03.33.18:726][  0]LogInit: Presizing for 0 objects not considered by GC, pre-allocating 0 bytes.
[2015.08.15-03.33.18:735][  0]LogInit: Object subsystem initialized
[2015.08.15-03.33.18:736][  0]LogConsoleResponse:Warning: Skipping Unknown console variable: 'TranslucentSortAxis = (X=0.000000,Y=-1.000000,Z=0.000000)'
[2015.08.15-03.33.18:736][  0]LogConsoleResponse:Warning:   Found in ini file 'C:/SourceTree/Spook/Spook_Prototype/Saved/Config/Windows/Engine.ini', in section '[/Script/Engine.RendererSettings]'
[2015.08.15-03.33.18:736][  0]LogConsoleResponse:Warning: Skipping Unknown console variable: 'UIScaleRule = ShortestSide'
[2015.08.15-03.33.18:736][  0]LogConsoleResponse:Warning:   Found in ini file 'C:/SourceTree/Spook/Spook_Prototype/Saved/Config/Windows/Engine.ini', in section '[/Script/Engine.RendererSettings]'
[2015.08.15-03.33.18:736][  0]LogConsoleResponse:Warning: Skipping Unknown console variable: 'UIScaleCurve = (EditorCurveData=(Keys=),ExternalCurve=None)'
[2015.08.15-03.33.18:737][  0]LogConsoleResponse:Warning:   Found in ini file 'C:/SourceTree/Spook/Spook_Prototype/Saved/Config/Windows/Engine.ini', in section '[/Script/Engine.RendererSettings]'
[2015.08.15-03.33.18:737][  0]LogInit: Selected Device Profile: [Windows]
[2015.08.15-03.33.18:737][  0]LogInit: Applying CVar settings loaded from the selected device profile: [Windows]
[2015.08.15-03.33.18:746][  0]LogInit: Computer: HURRAY-POOTA
[2015.08.15-03.33.18:746][  0]LogInit: User: Jackson
[2015.08.15-03.33.18:746][  0]LogInit: CPU Page size=4096, Cores=2
[2015.08.15-03.33.18:746][  0]LogInit: High frequency timer resolution =2.338337 MHz
[2015.08.15-03.33.18:746][  0]LogMemory: Memory total: Physical=7.9GB (8GB approx)
[2015.08.15-03.33.18:746][  0]LogMemory: Platform Memory Stats for Windows
[2015.08.15-03.33.18:747][  0]LogMemory: Process Physical Memory: 49.12 MB used, 49.12 MB peak
[2015.08.15-03.33.18:747][  0]LogMemory: Process Virtual Memory: 22.34 MB used, 22.34 MB peak
[2015.08.15-03.33.18:747][  0]LogMemory: Physical Memory: 3724.81 MB used, 8115.27 MB total
[2015.08.15-03.33.18:747][  0]LogMemory: Virtual Memory: 294.76 MB used, 134217728.00 MB total
[2015.08.15-03.33.18:809][  0]LogTextLocalizationManager: The requested culture ('en_AU') has no localization data; parent culture's ('en') localization data will be used.
[2015.08.15-03.33.19:241][  0]LogTextLocalizationManager:Warning: Loaded localization resources contain conflicting entries for (Namespace:ContentBrowser, Key:ImportAssetToolTip):
Localization Resource: (C:/Program Files/Epic Games/4.8/Engine/Content/Localization/Editor/en/Editor.locres) Source String Hash: (-630476809) Localized String: (Import to {0}...)
Localization Resource: (C:/Program Files/Epic Games/4.8/Engine/Content/Localization/Editor/en/Editor.locres) Source String Hash: (1271782899) Localized String: (Imports an asset from file to this folder.)
[2015.08.15-03.33.20:347][  0]LogD3D11RHI: Found D3D11 adapter 0: NVIDIA GeForce 840M (Feature Level 11_0)
[2015.08.15-03.33.20:347][  0]LogD3D11RHI: Adapter has 1972MB of dedicated video memory, 0MB of dedicated system memory, and 2048MB of shared system memory, 1 output[s]
[2015.08.15-03.33.20:371][  0]LogD3D11RHI: Found D3D11 adapter 1: Intel(R) HD Graphics Family (Feature Level 11_0)
[2015.08.15-03.33.20:371][  0]LogD3D11RHI: Adapter has 0MB of dedicated video memory, 0MB of dedicated system memory, and 1792MB of shared system memory, 0 output[s]
[2015.08.15-03.33.20:373][  0]LogD3D11RHI: Found D3D11 adapter 2: Microsoft Basic Render Driver (Feature Level 11_0)
[2015.08.15-03.33.20:373][  0]LogD3D11RHI: Adapter has 0MB of dedicated video memory, 0MB of dedicated system memory, and 256MB of shared system memory, 0 output[s]
[2015.08.15-03.33.20:373][  0]LogD3D11RHI: Chosen D3D11 Adapter Id = 0
[2015.08.15-03.33.20:378][  0]LogD3D11RHI: InitD3DDevice
[2015.08.15-03.33.20:378][  0]LogD3D11RHI: !Direct3DDevice
[2015.08.15-03.33.20:378][  0]LogRHI: Texture pool is 1361 MB (70% of 1945 MB)
[2015.08.15-03.33.20:394][  0]LogD3D11RHI: Async texture creation enabled
[2015.08.15-03.33.20:408][  0]LogShaderCompilers:Display: Using Local Shader Compiler.
[2015.08.15-03.33.22:146][  0]LogTemp:Display: Loaded TP DesktopTargetPlatform
[2015.08.15-03.33.22:176][  0]LogTemp:Display: Loaded TP WindowsClientTargetPlatform
[2015.08.15-03.33.22:202][  0]LogTemp:Display: Loaded TP WindowsNoEditorTargetPlatform
[2015.08.15-03.33.22:229][  0]LogTemp:Display: Loaded TP WindowsServerTargetPlatform
[2015.08.15-03.33.22:253][  0]LogTemp:Display: Loaded TP WindowsTargetPlatform
[2015.08.15-03.33.22:272][  0]LogTemp:Display: Loaded TP AndroidTargetPlatform
[2015.08.15-03.33.22:298][  0]LogTemp:Display: Loaded TP Android_ASTCTargetPlatform
[2015.08.15-03.33.22:317][  0]LogTemp:Display: Loaded TP Android_ATCTargetPlatform
[2015.08.15-03.33.22:335][  0]LogTemp:Display: Loaded TP Android_DXTTargetPlatform
[2015.08.15-03.33.22:353][  0]LogTemp:Display: Loaded TP Android_ETC1TargetPlatform
[2015.08.15-03.33.22:393][  0]LogTemp:Display: Loaded TP Android_ETC2TargetPlatform
[2015.08.15-03.33.22:415][  0]LogTemp:Display: Loaded TP Android_PVRTCTargetPlatform
[2015.08.15-03.33.22:487][  0]LogTemp:Display: Loaded TP IOSTargetPlatform
[2015.08.15-03.33.22:506][  0]LogTemp:Display: Loaded TP LinuxNoEditorTargetPlatform
[2015.08.15-03.33.22:525][  0]LogTemp:Display: Loaded TP LinuxServerTargetPlatform
[2015.08.15-03.33.22:545][  0]LogTemp:Display: Loaded TP LinuxTargetPlatform
[2015.08.15-03.33.22:545][  0]LogTargetPlatformManager:Display: Building Assets For Windows
[2015.08.15-03.33.22:948][  0]LogDerivedDataCache:Display: Max Cache Size: 512 MB
[2015.08.15-03.33.23:021][  0]LogDerivedDataCache: Loaded boot cache 0.07s 53MB C:/Users/Jackson/AppData/Local/UnrealEngine/4.8/DerivedDataCache/Boot.ddc.
[2015.08.15-03.33.23:021][  0]LogDerivedDataCache:Display: Loaded Boot cache: C:/Users/Jackson/AppData/Local/UnrealEngine/4.8/DerivedDataCache/Boot.ddc
[2015.08.15-03.33.23:021][  0]LogDerivedDataCache: FDerivedDataBackendGraph:  Pak pak cache file ../../../../../../SourceTree/Spook/Spook_Prototype/DerivedDataCache/DDC.ddp not found, will not use a pak cache.
[2015.08.15-03.33.23:021][  0]LogDerivedDataCache: Unable to find inner node Pak for hierarchical cache Hierarchy.
[2015.08.15-03.33.23:021][  0]LogDerivedDataCache: FDerivedDataBackendGraph:  CompressedPak pak cache file ../../../../../../SourceTree/Spook/Spook_Prototype/DerivedDataCache/Compressed.ddp not found, will not use a pak cache.
[2015.08.15-03.33.23:021][  0]LogDerivedDataCache: Unable to find inner node CompressedPak for hierarchical cache Hierarchy.
[2015.08.15-03.33.23:216][  0]LogDerivedDataCache:Display: Pak cache opened for reading ../../../Engine/DerivedDataCache/Compressed.ddp.
[2015.08.15-03.33.23:232][  0]LogDerivedDataCache: Using Local data cache path C:/Users/Jackson/AppData/Local/UnrealEngine/Common/DerivedDataCache: Writable
[2015.08.15-03.33.23:560][  0]LogInit: Selected Device Profile: [Windows]
[2015.08.15-03.33.23:671][  0]ImportText (ComponentSweepMultiTests): Missing closing parenthesis: (RootShapeAsset="/Engine/BasicShapes/Cube.Cube",ShapeType="TriggerCapsule",HitResult=(Time=0.50,Location=(X=-100.000015,Y=0.0,Z=100.000015),ImpactPoint=(X=-50.0,Y=0.0,Z=50.0),Normal=(X=-1.0,Y=-0.0,Z=0.0),ImpactNormal=(X=0.0,Y=0.0,Z=1.0),TraceStart=(X=-200.0,Y=0.0,Z=200.0),TraceEnd=(X=0.0,Y=0.0,Z=0.0))
[2015.08.15-03.33.23:671][  0]ImportText (LineTraceSingleByChannelTests): Missing closing parenthesis: (RootShapeAsset="/Engine/BasicShapes/Cube.Cube",HitResult=(Time=0.50,Location=(X=-100.000015,Y=0.0,Z=100.000015),ImpactPoint=(X=-50.0,Y=0.0,Z=50.0),Normal=(X=-1.0,Y=-0.0,Z=0.0),ImpactNormal=(X=0.0,Y=0.0,Z=1.0),TraceStart=(X=-200.0,Y=0.0,Z=200.0),TraceEnd=(X=0.0,Y=0.0,Z=0.0))
[2015.08.15-03.33.23:710][  0]LogMeshUtilities: No automatic mesh reduction module available
[2015.08.15-03.33.23:710][  0]LogMeshUtilities: No automatic mesh merging module available
[2015.08.15-03.33.24:206][  0]LogInit: WinSock: version 1.1 (2.2), MaxSocks=32767, MaxUdp=65467
[2015.08.15-03.33.25:771][  0]LogAssetRegistry: FAssetRegistry took 0.0106 seconds to start up
[2015.08.15-03.33.25:799][  0]LogDirectoryWatcher:Warning: Failed to begin reading directory changes for ../../../Engine/Plugins/Experimental/CharacterAI/Content/. Error: 0
[2015.08.15-03.33.25:828][  0]UdpMessaging: Initializing bridge on interface 0.0.0.0:0 to multicast group 230.0.0.1:6666.
[2015.08.15-03.33.26:490][  0]SourceControl: Info Source control is disabled
[2015.08.15-03.33.26:512][  0]SourceControl: Info Source control is disabled
[2015.08.15-03.33.26:559][  0]SourceControl: Info Source control is disabled
[2015.08.15-03.33.26:591][  0]SourceControl: Info Source control is disabled
[2015.08.15-03.33.27:206][  0]LogObj: 26440 objects as part of root set at end of initial load.
[2015.08.15-03.33.27:206][  0]LogUObjectAllocator: 5438856 out of 0 bytes used by permanent object pool.
[2015.08.15-03.33.27:353][  0]LogEngine: Initializing Engine...
[2015.08.15-03.33.27:377][  0]LogHMD: Can't find Oculus library dev build: is proper Runtime installed? Version: 0.6.0.0
[2015.08.15-03.33.27:393][  0]LogHMD:Warning: SteamVR failed to initialize.  Error: 108
[2015.08.15-03.33.27:773][  0]LogAIModule: Creating AISystem for world NewWorld
[2015.08.15-03.33.27:786][  0]LogInit: XAudio2 using 'Speakers (Realtek High Definition Audio)' : 2 channels at 48 kHz using 32 bits per sample (channel mask 0x3)
[2015.08.15-03.33.27:807][  0]LogInit: FAudioDevice initialized.
[2015.08.15-03.33.27:864][  0]LogDerivedDataCache: Saved boot cache 0.06s 53MB C:/Users/Jackson/AppData/Local/UnrealEngine/4.8/DerivedDataCache/Boot.ddc.
[2015.08.15-03.33.27:880][  0]LogInit: Texture streaming: Disabled
[2015.08.15-03.33.27:928][  0]LogAnalytics: Creating configured Analytics provider AnalyticsET
[2015.08.15-03.33.27:928][  0]LogAnalytics: [UEEditor.Rocket.Release] APIServer = http://et2.epicgames.com/ET2/. AppVersion = 4.8.3-2634408+++depot+UE4-Releases+4.8
[2015.08.15-03.33.27:928][  0]LogAnalytics: [UEEditor.Rocket.Release] SetUserId dafaf2674f7bc700140b2c82b2d27409|7cf267475aab4bafb7b336aedadbdf03|2c5d0b7f-8e58-403b-912b-3ca6d6480060
[2015.08.15-03.33.27:929][  0]LogAnalytics: [UEEditor.Rocket.Release] AnalyticsET::StartSession
[2015.08.15-03.33.27:976][  0]LogInit: Transaction tracking system initialized
[2015.08.15-03.33.28:312][  0]BlueprintLog: New page: Editor Load
[2015.08.15-03.33.29:626][  0]LogLinker:Warning: Can't find file '/Engine/Transient'
[2015.08.15-03.33.29:627][  0]LogLinker:Warning: Can't find file '/Engine/Transient'
[2015.08.15-03.33.29:627][  0]LogLinker:Warning: Can't find file '/Engine/Transient'
[2015.08.15-03.33.29:627][  0]LogUObjectGlobals:Warning: Failed to find object 'Class /Engine/Transient.REINST_ThirdPersonOverview_C_113'
[2015.08.15-03.33.29:866][  0]LogConsoleManager:Warning: Console variable 'r.VSync' wasn't set ('GameSetting' has a lower priority than 'SystemSettingsIni')
[2015.08.15-03.33.29:866][  0]LogConsoleResponse:Display: 
[2015.08.15-03.33.30:073][  0]LogCook:Display: Done creating registry. It took  0.00s.
[2015.08.15-03.33.30:472][  0]SourceControl: Info Source control is disabled
[2015.08.15-03.33.30:472][  0]Cmd: MAP LOAD FILE="../../../../../../SourceTree/Spook/Spook_Prototype/Content/ThirdPersonBP/Maps/ThirdPersonExampleMap.umap" TEMPLATE=0 SHOWPROGRESS=1 FEATURELEVEL=3
[2015.08.15-03.33.30:472][  0]LogEditorServer:Warning: Can't find file '../../../../../../SourceTree/Spook/Spook_Prototype/Content/ThirdPersonBP/Maps/ThirdPersonExampleMap.umap'
[2015.08.15-03.33.30:472][  0]Cmd: MAP CHECKDEP NOCLEARLOG
[2015.08.15-03.33.30:578][  0]MapCheck: Info Map check complete: 0 Error(s), 0 Warning(s), took 105.371ms to complete.
[2015.08.15-03.33.30:578][  0]LogFileHelpers: Loading map 'ThirdPersonExampleMap' took 0.106
[2015.08.15-03.33.30:746][  0]LogCollectionManager: Loaded 0 collections in 0.003926 seconds
[2015.08.15-03.33.30:758][  0]LogContentBrowser: Native class hierarchy populated in 0.0120 seconds. Added 1807 classes and 307 folders.
[2015.08.15-03.33.30:848][  0]LogContentBrowser: Native class hierarchy updated for 'WidgetCarousel' in 0.0007 seconds. Added 0 classes and 0 folders.
[2015.08.15-03.33.30:920][  0]LogContentBrowser: Native class hierarchy updated for 'AddContentDialog' in 0.0007 seconds. Added 0 classes and 0 folders.
[2015.08.15-03.33.30:949][  0]LogContentBrowser: Native class hierarchy updated for 'SceneOutliner' in 0.0007 seconds. Added 1 classes and 2 folders.
[2015.08.15-03.33.31:045][  0]LogCrashTracker: Crashtracker disabled due to settings.
[2015.08.15-03.33.31:046][  0]LogD3D11RHI: InitD3DDevice
[2015.08.15-03.33.31:051][  0]LogUObjectGlobals:Warning: Failed to find object 'Class None.'
[2015.08.15-03.33.31:074][  0]LogLoad: Full Startup: 15.69 seconds (BP compile: 0.08 seconds)
[2015.08.15-03.33.31:498][  0]LogContentStreaming: Texture pool size is 0.000000MB
[2015.08.15-03.33.31:528][  0]LogContentStreaming: Texture pool size now 1000 MB
[2015.08.15-03.33.31:709][  0]LogRenderer: Reallocating scene render targets to support 840x384 (Frame:2).
[2015.08.15-03.33.33:548][  5]LogAssetRegistry: Asset discovery search completed in 7.7878 seconds
[2015.08.15-03.36.46:617][621]LogD3D11RHI: InitD3DDevice
[2015.08.15-03.36.52:110][923]LogLinker:Warning: Can't find file '/Game/Spook/Characters/Frank/Resources/Mat_King'
[2015.08.15-03.36.52:111][923]LogLinker:Warning: Can't find file for asset '/Game/Spook/Characters/Frank/Resources/Mat_King' while loading ../../../../../../SourceTree/Spook/Spook_Prototype/Content/Spook/Characters/Boar/BoarController.uasset.
[2015.08.15-03.36.52:111][923]LoadErrors:Error: Error /Game/Spook/Characters/Boar/BoarController : Can't find file for asset. /Game/Spook/Characters/Frank/Resources/Mat_King
[2015.08.15-03.36.52:116][923]LogLinker:Warning: Can't find file '/Game/Spook/Characters/Frank/Resources/Mat_King'
[2015.08.15-03.36.52:116][923]LogLinker:Warning: Can't find file for asset '/Game/Spook/Characters/Frank/Resources/Mat_King' while loading ../../../../../../SourceTree/Spook/Spook_Prototype/Content/Spook/Characters/Boar/BoarController.uasset.
[2015.08.15-03.36.52:122][923]LogLinker:Warning: Can't find file '/Game/Spook/Characters/Frank/Resources/Mat_King'
[2015.08.15-03.36.52:122][923]LogLinker:Warning: Can't find file for asset '/Game/Spook/Characters/Frank/Resources/Mat_King' while loading ../../../../../../SourceTree/Spook/Spook_Prototype/Content/Spook/MapAndGameMode/SpookGameMode.uasset.
[2015.08.15-03.36.52:122][923]LoadErrors:Error: Error /Game/Spook/MapAndGameMode/SpookGameMode : Can't find file for asset. /Game/Spook/Characters/Frank/Resources/Mat_King
[2015.08.15-03.36.52:122][923]LogLinker:Warning: Can't find file '/Game/Spook/Characters/Frank/Resources/Mat_King'
[2015.08.15-03.36.52:122][923]LogLinker:Warning: Can't find file for asset '/Game/Spook/Characters/Frank/Resources/Mat_King' while loading ../../../../../../SourceTree/Spook/Spook_Prototype/Content/Spook/MapAndGameMode/SpookGameMode.uasset.
[2015.08.15-03.36.52:123][923]LogLinker:Warning: Can't find file '/Game/Spook/Characters/Frank/Resources/Mat_King'
[2015.08.15-03.36.52:123][923]LoadErrors: Info Failed to load /Game/Spook/Characters/Frank/Resources/Mat_King.Mat_King Referenced by Default__BoarController_C
[2015.08.15-03.36.52:124][923]LogLinker:Warning: Can't find file for asset '/Game/Spook/Characters/Frank/Resources/Mat_King' while loading ../../../../../../SourceTree/Spook/Spook_Prototype/Content/Spook/MapAndGameMode/SpookGameMode.uasset.
[2015.08.15-03.36.52:468][923]LogD3D11RHI: InitD3DDevice
[2015.08.15-03.36.52:534][923]LogD3D11RHI: InitD3DDevice
[2015.08.15-03.36.52:624][923]LogLinker:Warning: Asset '../../../Engine/Content/ArtTools/RenderToTexture/Macros/RenderToTextureMacros.uasset' has been saved with empty engine version. The asset will be loaded but may be incompatible.
[2015.08.15-03.36.52:682][923]LogLinker:Warning: Asset '../../../Engine/Content/ArtTools/RenderToTexture/Enums/RenderToTexture_Enum.uasset' has been saved with empty engine version. The asset will be loaded but may be incompatible.
[2015.08.15-03.36.53:785][923]LogActor:Warning: GameNetworkManager /Engine/Transient.World_2:PersistentLevel.GameNetworkManager_0 has natively added scene component(s), but none of them were set as the actor's RootComponent - picking one arbitrarily
[2015.08.15-03.36.55:830][ 32]LogD3D11RHI: InitD3DDevice
[2015.08.15-03.36.57:845][ 32]LogAIModule: Creating AISystem for world Spook_World
[2015.08.15-03.36.58:387][ 32]LogParticles: Destroying 0 GPU particle simulations for FXSystem 0x0000002D3159DF80
[2015.08.15-03.36.58:511][ 32]Cmd: MAP LOAD FILE="../../../../../../SourceTree/Spook/Spook_Prototype/Content/Spook/MapAndGameMode/Spook_World.umap" TEMPLATE=0 SHOWPROGRESS=1 FEATURELEVEL=3
[2015.08.15-03.36.58:512][ 32]LightingResults: New page: Lighting Build
[2015.08.15-03.36.58:541][ 32]LogContentBrowser: Native class hierarchy updated for 'StatsViewer' in 0.0005 seconds. Added 5 classes and 0 folders.
[2015.08.15-03.36.58:572][ 32]LoadErrors: New page: Loading map: Spook_World.umap
[2015.08.15-03.36.58:573][ 32]MapCheck: New page: Map Check
[2015.08.15-03.36.58:573][ 32]LightingResults: New page: Lighting Build
[2015.08.15-03.36.58:604][ 32]LogParticles: Destroying 0 GPU particle simulations for FXSystem 0x0000002D41E3B9C0
[2015.08.15-03.36.59:852][ 32]LogAIModule: Creating AISystem for world Spook_World
[2015.08.15-03.36.59:918][ 32]LogPhysics:Warning: PHYSX: ..\..\PhysX\src\NpMaterial.cpp (124) 4 : NpMaterial::setRestitution: Invalid value 14785.600586 was clamped to [0,1]!
[2015.08.15-03.36.59:921][ 32]LogEditorServer: Finished looking for orphan Actors (0.000 secs)
[2015.08.15-03.37.00:936][ 32]Cmd: MAP CHECKDEP NOCLEARLOG
[2015.08.15-03.37.01:052][ 32]MapCheck: Info Map check complete: 0 Error(s), 0 Warning(s), took 116.325ms to complete.
[2015.08.15-03.37.01:052][ 32]LogF