[2015.08.15-03.07.48:048][  0]Log file open, 08/15/15 13:07:48
[2015.08.15-03.07.48:048][  0]LogInit:Display: Running engine for game: Spook_Prototype
[2015.08.15-03.07.48:048][  0]LogInit:Display: RandInit(-834965057) SRandInit(-834965056).
[2015.08.15-03.07.48:048][  0]LogTaskGraph: Started task graph with 4 named threads and 5 total threads.
[2015.08.15-03.07.48:048][  0]LogStats: Stats thread started
[2015.08.15-03.07.48:048][  0]LogInit: Version: 4.8.3-2634408+++depot+UE4-Releases+4.8
[2015.08.15-03.07.48:048][  0]LogInit: API Version: 2579680
[2015.08.15-03.07.48:048][  0]LogInit: Compiled (64-bit): Jul 27 2015 16:24:33
[2015.08.15-03.07.48:048][  0]LogInit: Compiled with Visual C++: 18.00.21005.01
[2015.08.15-03.07.48:048][  0]LogInit: Build Configuration: Development
[2015.08.15-03.07.48:048][  0]LogInit: Branch Name: ++depot+UE4-Releases+4.8
[2015.08.15-03.07.48:048][  0]LogInit: Command line: 
[2015.08.15-03.07.48:048][  0]LogInit: Base directory: C:/Program Files/Epic Games/4.8/Engine/Binaries/Win64/
[2015.08.15-03.07.48:048][  0]LogInit: Rocket: 1
[2015.08.15-03.07.48:094][  0]LogInit: Using libcurl 7.41.0
[2015.08.15-03.07.48:094][  0]LogInit:  - built for x86_64-pc-win32
[2015.08.15-03.07.48:094][  0]LogInit:  - supports SSL with WinSSL
[2015.08.15-03.07.48:094][  0]LogInit:  - other features:
[2015.08.15-03.07.48:094][  0]LogInit:      CURL_VERSION_SSL
[2015.08.15-03.07.48:094][  0]LogInit:      CURL_VERSION_IPV6
[2015.08.15-03.07.48:094][  0]LogInit:      CURL_VERSION_ASYNCHDNS
[2015.08.15-03.07.48:094][  0]LogInit:      CURL_VERSION_LARGEFILE
[2015.08.15-03.07.48:094][  0]LogInit:      CURL_VERSION_IDN
[2015.08.15-03.07.48:094][  0]LogInit:  CurlRequestOptions (configurable via config and command line):
[2015.08.15-03.07.48:094][  0]LogInit:  - bVerifyPeer = true  - Libcurl will verify peer certificate
[2015.08.15-03.07.48:094][  0]LogInit:  - bUseHttpProxy = false  - Libcurl will NOT use HTTP proxy
[2015.08.15-03.07.48:094][  0]LogInit:  - bDontReuseConnections = false  - Libcurl will reuse connections
[2015.08.15-03.07.48:094][  0]LogInit:  - CertBundlePath = nullptr  - Libcurl will use whatever was configured at build time.
[2015.08.15-03.07.48:118][  0]LogOnline:Warning: No default platform service specified for OnlineSubsystem
[2015.08.15-03.07.48:233][  0]LogInit: Presizing for 0 objects not considered by GC, pre-allocating 0 bytes.
[2015.08.15-03.07.48:245][  0]LogInit: Object subsystem initialized
[2015.08.15-03.07.48:246][  0]LogConsoleResponse:Warning: Skipping Unknown console variable: 'TranslucentSortAxis = (X=0.000000,Y=-1.000000,Z=0.000000)'
[2015.08.15-03.07.48:246][  0]LogConsoleResponse:Warning:   Found in ini file 'C:/SourceTree/Spook/Spook_Prototype/Saved/Config/Windows/Engine.ini', in section '[/Script/Engine.RendererSettings]'
[2015.08.15-03.07.48:246][  0]LogConsoleResponse:Warning: Skipping Unknown console variable: 'UIScaleRule = ShortestSide'
[2015.08.15-03.07.48:246][  0]LogConsoleResponse:Warning:   Found in ini file 'C:/SourceTree/Spook/Spook_Prototype/Saved/Config/Windows/Engine.ini', in section '[/Script/Engine.RendererSettings]'
[2015.08.15-03.07.48:246][  0]LogConsoleResponse:Warning: Skipping Unknown console variable: 'UIScaleCurve = (EditorCurveData=(Keys=),ExternalCurve=None)'
[2015.08.15-03.07.48:246][  0]LogConsoleResponse:Warning:   Found in ini file 'C:/SourceTree/Spook/Spook_Prototype/Saved/Config/Windows/Engine.ini', in section '[/Script/Engine.RendererSettings]'
[2015.08.15-03.07.48:247][  0]LogInit: Selected Device Profile: [Windows]
[2015.08.15-03.07.48:247][  0]LogInit: Applying CVar settings loaded from the selected device profile: [Windows]
[2015.08.15-03.07.48:263][  0]LogInit: Computer: HURRAY-POOTA
[2015.08.15-03.07.48:263][  0]LogInit: User: Jackson
[2015.08.15-03.07.48:263][  0]LogInit: CPU Page size=4096, Cores=2
[2015.08.15-03.07.48:263][  0]LogInit: High frequency timer resolution =2.338337 MHz
[2015.08.15-03.07.48:263][  0]LogMemory: Memory total: Physical=7.9GB (8GB approx)
[2015.08.15-03.07.48:263][  0]LogMemory: Platform Memory Stats for Windows
[2015.08.15-03.07.48:263][  0]LogMemory: Process Physical Memory: 49.13 MB used, 49.13 MB peak
[2015.08.15-03.07.48:263][  0]LogMemory: Process Virtual Memory: 22.30 MB used, 22.30 MB peak
[2015.08.15-03.07.48:263][  0]LogMemory: Physical Memory: 3865.45 MB used, 8115.27 MB total
[2015.08.15-03.07.48:263][  0]LogMemory: Virtual Memory: 294.76 MB used, 134217728.00 MB total
[2015.08.15-03.07.48:328][  0]LogTextLocalizationManager: The requested culture ('en_AU') has no localization data; parent culture's ('en') localization data will be used.
[2015.08.15-03.07.48:761][  0]LogTextLocalizationManager:Warning: Loaded localization resources contain conflicting entries for (Namespace:ContentBrowser, Key:ImportAssetToolTip):
Localization Resource: (C:/Program Files/Epic Games/4.8/Engine/Content/Localization/Editor/en/Editor.locres) Source String Hash: (-630476809) Localized String: (Import to {0}...)
Localization Resource: (C:/Program Files/Epic Games/4.8/Engine/Content/Localization/Editor/en/Editor.locres) Source String Hash: (1271782899) Localized String: (Imports an asset from file to this folder.)
[2015.08.15-03.07.49:634][  0]LogD3D11RHI: Found D3D11 adapter 0: NVIDIA GeForce 840M (Feature Level 11_0)
[2015.08.15-03.07.49:634][  0]LogD3D11RHI: Adapter has 1972MB of dedicated video memory, 0MB of dedicated system memory, and 2048MB of shared system memory, 1 output[s]
[2015.08.15-03.07.49:646][  0]LogD3D11RHI: Found D3D11 adapter 1: Intel(R) HD Graphics Family (Feature Level 11_0)
[2015.08.15-03.07.49:646][  0]LogD3D11RHI: Adapter has 0MB of dedicated video memory, 0MB of dedicated system memory, and 1792MB of shared system memory, 0 output[s]
[2015.08.15-03.07.49:648][  0]LogD3D11RHI: Found D3D11 adapter 2: Microsoft Basic Render Driver (Feature Level 11_0)
[2015.08.15-03.07.49:648][  0]LogD3D11RHI: Adapter has 0MB of dedicated video memory, 0MB of dedicated system memory, and 256MB of shared system memory, 0 output[s]
[2015.08.15-03.07.49:648][  0]LogD3D11RHI: Chosen D3D11 Adapter Id = 0
[2015.08.15-03.07.49:654][  0]LogD3D11RHI: InitD3DDevice
[2015.08.15-03.07.49:654][  0]LogD3D11RHI: !Direct3DDevice
[2015.08.15-03.07.49:654][  0]LogRHI: Texture pool is 1361 MB (70% of 1945 MB)
[2015.08.15-03.07.49:664][  0]LogD3D11RHI: Async texture creation enabled
[2015.08.15-03.07.49:678][  0]LogShaderCompilers:Display: Using Local Shader Compiler.
[2015.08.15-03.07.50:974][  0]LogTemp:Display: Loaded TP DesktopTargetPlatform
[2015.08.15-03.07.50:997][  0]LogTemp:Display: Loaded TP WindowsClientTargetPlatform
[2015.08.15-03.07.51:022][  0]LogTemp:Display: Loaded TP WindowsNoEditorTargetPlatform
[2015.08.15-03.07.51:047][  0]LogTemp:Display: Loaded TP WindowsServerTargetPlatform
[2015.08.15-03.07.51:073][  0]LogTemp:Display: Loaded TP WindowsTargetPlatform
[2015.08.15-03.07.51:093][  0]LogTemp:Display: Loaded TP AndroidTargetPlatform
[2015.08.15-03.07.51:114][  0]LogTemp:Display: Loaded TP Android_ASTCTargetPlatform
[2015.08.15-03.07.51:136][  0]LogTemp:Display: Loaded TP Android_ATCTargetPlatform
[2015.08.15-03.07.51:158][  0]LogTemp:Display: Loaded TP Android_DXTTargetPlatform
[2015.08.15-03.07.51:180][  0]LogTemp:Display: Loaded TP Android_ETC1TargetPlatform
[2015.08.15-03.07.51:199][  0]LogTemp:Display: Loaded TP Android_ETC2TargetPlatform
[2015.08.15-03.07.51:222][  0]LogTemp:Display: Loaded TP Android_PVRTCTargetPlatform
[2015.08.15-03.07.51:297][  0]LogTemp:Display: Loaded TP IOSTargetPlatform
[2015.08.15-03.07.51:324][  0]LogTemp:Display: Loaded TP LinuxNoEditorTargetPlatform
[2015.08.15-03.07.51:346][  0]LogTemp:Display: Loaded TP LinuxServerTargetPlatform
[2015.08.15-03.07.51:374][  0]LogTemp:Display: Loaded TP LinuxTargetPlatform
[2015.08.15-03.07.51:374][  0]LogTargetPlatformManager:Display: Building Assets For Windows
[2015.08.15-03.07.51:729][  0]LogDerivedDataCache:Display: Max Cache Size: 512 MB
[2015.08.15-03.07.51:811][  0]LogDerivedDataCache: Loaded boot cache 0.08s 53MB C:/Users/Jackson/AppData/Local/UnrealEngine/4.8/DerivedDataCache/Boot.ddc.
[2015.08.15-03.07.51:811][  0]LogDerivedDataCache:Display: Loaded Boot cache: C:/Users/Jackson/AppData/Local/UnrealEngine/4.8/DerivedDataCache/Boot.ddc
[2015.08.15-03.07.51:812][  0]LogDerivedDataCache: FDerivedDataBackendGraph:  Pak pak cache file ../../../../../../SourceTree/Spook/Spook_Prototype/DerivedDataCache/DDC.ddp not found, will not use a pak cache.
[2015.08.15-03.07.51:812][  0]LogDerivedDataCache: Unable to find inner node Pak for hierarchical cache Hierarchy.
[2015.08.15-03.07.51:812][  0]LogDerivedDataCache: FDerivedDataBackendGraph:  CompressedPak pak cache file ../../../../../../SourceTree/Spook/Spook_Prototype/DerivedDataCache/Compressed.ddp not found, will not use a pak cache.
[2015.08.15-03.07.51:812][  0]LogDerivedDataCache: Unable to find inner node CompressedPak for hierarchical cache Hierarchy.
[2015.08.15-03.07.52:001][  0]LogDerivedDataCache:Display: Pak cache opened for reading ../../../Engine/DerivedDataCache/Compressed.ddp.
[2015.08.15-03.07.52:019][  0]LogDerivedDataCache: Using Local data cache path C:/Users/Jackson/AppData/Local/UnrealEngine/Common/DerivedDataCache: Writable
[2015.08.15-03.07.52:328][  0]LogInit: Selected Device Profile: [Windows]
[2015.08.15-03.07.52:445][  0]ImportText (ComponentSweepMultiTests): Missing closing parenthesis: (RootShapeAsset="/Engine/BasicShapes/Cube.Cube",ShapeType="TriggerCapsule",HitResult=(Time=0.50,Location=(X=-100.000015,Y=0.0,Z=100.000015),ImpactPoint=(X=-50.0,Y=0.0,Z=50.0),Normal=(X=-1.0,Y=-0.0,Z=0.0),ImpactNormal=(X=0.0,Y=0.0,Z=1.0),TraceStart=(X=-200.0,Y=0.0,Z=200.0),TraceEnd=(X=0.0,Y=0.0,Z=0.0))
[2015.08.15-03.07.52:445][  0]ImportText (LineTraceSingleByChannelTests): Missing closing parenthesis: (RootShapeAsset="/Engine/BasicShapes/Cube.Cube",HitResult=(Time=0.50,Location=(X=-100.000015,Y=0.0,Z=100.000015),ImpactPoint=(X=-50.0,Y=0.0,Z=50.0),Normal=(X=-1.0,Y=-0.0,Z=0.0),ImpactNormal=(X=0.0,Y=0.0,Z=1.0),TraceStart=(X=-200.0,Y=0.0,Z=200.0),TraceEnd=(X=0.0,Y=0.0,Z=0.0))
[2015.08.15-03.07.52:489][  0]LogMeshUtilities: No automatic mesh reduction module available
[2015.08.15-03.07.52:489][  0]LogMeshUtilities: No automatic mesh merging module available
[2015.08.15-03.07.53:077][  0]LogInit: WinSock: version 1.1 (2.2), MaxSocks=32767, MaxUdp=65467
[2015.08.15-03.07.54:790][  0]LogAssetRegistry: FAssetRegistry took 0.0112 seconds to start up
[2015.08.15-03.07.54:817][  0]LogDirectoryWatcher:Warning: Failed to begin reading directory changes for ../../../Engine/Plugins/Experimental/CharacterAI/Content/. Error: 0
[2015.08.15-03.07.54:842][  0]UdpMessaging: Initializing bridge on interface 0.0.0.0:0 to multicast group 230.0.0.1:6666.
[2015.08.15-03.07.55:393][  0]SourceControl: Info Source control is disabled
[2015.08.15-03.07.55:413][  0]SourceControl: Info Source control is disabled
[2015.08.15-03.07.55:429][  0]SourceControl: Info Source control is disabled
[2015.08.15-03.07.55:449][  0]SourceControl: Info Source control is disabled
[2015.08.15-03.07.55:860][  0]LogObj: 26440 objects as part of root set at end of initial load.
[2015.08.15-03.07.55:860][  0]LogUObjectAllocator: 5438864 out of 0 bytes used by permanent object pool.
[2015.08.15-03.07.55:958][  0]LogEngine: Initializing Engine...
[2015.08.15-03.07.55:960][  0]LogHMD: Can't find Oculus library dev build: is proper Runtime installed? Version: 0.6.0.0
[2015.08.15-03.07.55:970][  0]LogHMD:Warning: SteamVR failed to initialize.  Error: 108
[2015.08.15-03.07.56:200][  0]LogAIModule: Creating AISystem for world NewWorld
[2015.08.15-03.07.56:207][  0]LogInit: XAudio2 using 'Speakers (Realtek High Definition Audio)' : 2 channels at 48 kHz using 32 bits per sample (channel mask 0x3)
[2015.08.15-03.07.56:221][  0]LogInit: FAudioDevice initialized.
[2015.08.15-03.07.56:264][  0]LogDerivedDataCache: Saved boot cache 0.04s 53MB C:/Users/Jackson/AppData/Local/UnrealEngine/4.8/DerivedDataCache/Boot.ddc.
[2015.08.15-03.07.56:275][  0]LogInit: Texture streaming: Disabled
[2015.08.15-03.07.56:319][  0]LogAnalytics: Creating configured Analytics provider AnalyticsET
[2015.08.15-03.07.56:319][  0]LogAnalytics: [UEEditor.Rocket.Release] APIServer = http://et2.epicgames.com/ET2/. AppVersion = 4.8.3-2634408+++depot+UE4-Releases+4.8
[2015.08.15-03.07.56:319][  0]LogAnalytics: [UEEditor.Rocket.Release] SetUserId dafaf2674f7bc700140b2c82b2d27409|7cf267475aab4bafb7b336aedadbdf03|2c5d0b7f-8e58-403b-912b-3ca6d6480060
[2015.08.15-03.07.56:320][  0]LogAnalytics: [UEEditor.Rocket.Release] AnalyticsET::StartSession
[2015.08.15-03.07.56:363][  0]LogInit: Transaction tracking system initialized
[2015.08.15-03.07.56:666][  0]BlueprintLog: New page: Editor Load
[2015.08.15-03.07.57:909][  0]LogLinker:Warning: Can't find file '/Engine/Transient'
[2015.08.15-03.07.57:909][  0]LogLinker:Warning: Can't find file '/Engine/Transient'
[2015.08.15-03.07.57:910][  0]LogLinker:Warning: Can't find file '/Engine/Transient'
[2015.08.15-03.07.57:910][  0]LogUObjectGlobals:Warning: Failed to find object 'Class /Engine/Transient.REINST_ThirdPersonOverview_C_113'
[2015.08.15-03.07.58:149][  0]LogConsoleManager:Warning: Console variable 'r.VSync' wasn't set ('GameSetting' has a lower priority than 'SystemSettingsIni')
[2015.08.15-03.07.58:150][  0]LogConsoleResponse:Display: 
[2015.08.15-03.07.58:383][  0]LogCook:Display: Done creating registry. It took  0.00s.
[2015.08.15-03.07.58:789][  0]SourceControl: Info Source control is disabled
[2015.08.15-03.07.58:789][  0]Cmd: MAP LOAD FILE="../../../../../../SourceTree/Spook/Spook_Prototype/Content/ThirdPersonBP/Maps/ThirdPersonExampleMap.umap" TEMPLATE=0 SHOWPROGRESS=1 FEATURELEVEL=3
[2015.08.15-03.07.58:789][  0]LogEditorServer:Warning: Can't find file '../../../../../../SourceTree/Spook/Spook_Prototype/Content/ThirdPersonBP/Maps/ThirdPersonExampleMap.umap'
[2015.08.15-03.07.58:790][  0]Cmd: MAP CHECKDEP NOCLEARLOG
[2015.08.15-03.07.58:908][  0]MapCheck: Info Map check complete: 0 Error(s), 0 Warning(s), took 118.726ms to complete.
[2015.08.15-03.07.58:908][  0]LogFileHelpers: Loading map 'ThirdPersonExampleMap' took 0.119
[2015.08.15-03.07.59:082][  0]LogCollectionManager: Loaded 0 collections in 0.004150 seconds
[2015.08.15-03.07.59:097][  0]LogContentBrowser: Native class hierarchy populated in 0.0146 seconds. Added 1807 classes and 307 folders.
[2015.08.15-03.07.59:195][  0]LogContentBrowser: Native class hierarchy updated for 'WidgetCarousel' in 0.0007 seconds. Added 0 classes and 0 folders.
[2015.08.15-03.07.59:263][  0]LogContentBrowser: Native class hierarchy updated for 'AddContentDialog' in 0.0009 seconds. Added 0 classes and 0 folders.
[2015.08.15-03.07.59:306][  0]LogContentBrowser: Native class hierarchy updated for 'SceneOutliner' in 0.0021 seconds. Added 1 classes and 2 folders.
[2015.08.15-03.07.59:413][  0]LogCrashTracker: Crashtracker disabled due to settings.
[2015.08.15-03.07.59:414][  0]LogD3D11RHI: InitD3DDevice
[2015.08.15-03.07.59:428][  0]LogUObjectGlobals:Warning: Failed to find object 'Class None.'
[2015.08.15-03.07.59:451][  0]LogLoad: Full Startup: 13.67 seconds (BP compile: 0.11 seconds)
[2015.08.15-03.07.59:865][  0]LogContentStreaming: Texture pool size is 0.000000MB
[2015.08.15-03.07.59:908][  0]LogContentStreaming: Texture pool size now 1000 MB
[2015.08.15-03.08.00:090][  0]LogRenderer: Reallocating scene render targets to support 840x384 (Frame:2).
[2015.08.15-03.08.02:262][  6]LogAssetRegistry: Asset discovery search completed in 7.4839 seconds
[2015.08.15-03.08.33:264][252]LogD3D11RHI: InitD3DDevice
[2015.08.15-03.08.38:158][537]LogD3D11RHI: InitD3DDevice
[2015.08.15-03.08.45:122][537]LogMaterial: Missing cached shader map for material Mat_Boar, compiling. 
[2015.08.15-03.08.45:300][537]LogMaterial: Missing cached shader map for material Mat_Sheep, compiling. 
[2015.08.15-03.08.47:481][537]LogAIModule: Creating AISystem for world Spook_World
[2015.08.15-03.08.47:932][537]Cmd: MAP LOAD FILE="../../../../../../SourceTree/Spook/Spook_Prototype/Content/Spook/MapAndGameMode/Spook_World.umap" TEMPLATE=0 SHOWPROGRESS=1 FEATURELEVEL=3
[2015.08.15-03.08.47:935][537]LightingResults: New page: Lighting Build
[2015.08.15-03.08.47:966][537]LogContentBrowser: Native class hierarchy updated for 'StatsViewer' in 0.0006 seconds. Added 5 classes and 0 folders.
[2015.08.15-03.08.48:015][537]LoadErrors: New page: Loading map: Spook_World.umap
[2015.08.15-03.08.48:016][537]MapCheck: New page: Map Check
[2015.08.15-03.08.48:016][537]LightingResults: New page: Lighting Build
[2015.08.15-03.08.48:057][537]LogParticles: Destroying 0 GPU particle simulations for FXSystem 0x0000001DBB3139C0
[2015.08.15-03.08.50:044][537]LogAIModule: Creating AISystem for world Spook_World
[2015.08.15-03.08.50:173][537]LogPhysics:Warning: PHYSX: ..\..\PhysX\src\NpMaterial.cpp (124) 4 : NpMaterial::setRestitution: Invalid value 14785.600586 was clamped to [0,1]!
[2015.08.15-03.08.50:174][537]LogPhysics:Warning: PHYSX: ..\..\PhysX\src\NpMaterial.cpp (124) 4 : NpMaterial::setRestitution: Invalid value 14785.600586 was clamped to [0,1]!
[2015.08.15-03.08.50:187][537]LogEditorServer: Finished looking for orphan Actors (0.000 secs)
[2015.08.15-03.08.51:815][537]Cmd: MAP CHECKDEP NOCLEARLOG
[2015.08.15-03.08.52:017][537]MapCheck: Info Map check complete: 0 Error(s), 0 Warning(s), took 201.541ms to complete.
[2015.08.15-03.08.52:021][537]LogFileHelpers: Loading map 'Spook_World' took 4.091
[2015.08.15-03.08.53:038][567]LogD3D11RHI: InitD3DDevice
[2015.08.15-03.09.04:302][ 88]BlueprintLog: New page: Pre-PIE auto-recompile
[2015.08.15-03.09.04:302][ 88]LogPlayLevel: [PIE] Compiling Spook_World before PIE...
[2015.08.15-03.09.04:431][ 88]LogActorComponent: UnregisterComponent: (/Engine/Transient.CharMoveComp) Not registered. Aborting.
[2015.08.15-03.09.04:431][ 88]LogActorComponent: UnregisterComponent: (/Engine/Transient.CharacterMovementComponent_0) Not registered. Aborting.
[2015.08.15-03.09.04:524][ 88]LogPlayLevel: PIE:  Blueprint regeneration took 222 ms (1 blueprints)
[2015.08.15-03.09.04:755][ 88]PIE: New page: PIE session: Spook_World (15 Aug 2015 11:09:04 pm)
[2015.08.15-03.09.04:756][ 88]LogPlayLevel: Creating play world package: /Game/Spook/MapAndGameMode/UEDPIE_0_Spook_World
[2015.08.15-03.09.04:865][ 88]LogPlayLevel: PIE: StaticDuplicateObject took: (0.108713s)
[2015.08.15-03.09.04:867][ 88]LogAIModule: Creating AISystem for world Spook_World
[2015.08.15-03.09.04:872][ 88]LogPlayLevel: PIE: World Init took: (0.007045s)
[2015.08.15-03.09.04:872][ 88]LogPlayLevel: PIE: Created PIE world by copying editor world from /Game/Spook/MapAndGameMode/Spook_World.Spook_World to /Game/Spook/MapAndGameMode/UEDPIE_0_Spook_World.Spook_World (0.116250s)
[2015.08.15-03.09.04:935][ 88]LogInit: XAudio2 using 'Speakers (Realtek High Definition Audio)' : 2 channels at 48 kHz using 32 bits per sample (channel mask 0x3)
[2015.08.15-03.09.04:954][ 88]LogInit: FAudioDevice initialized.
[2015.08.15-03.09.05:087][ 88]LogWorld: Game class is 'SpookGameMode_C'
[2015.08.15-03.09.05:275][ 88]LogWorld: Bringing World /Game/Spook/MapAndGameMode/UEDPIE_0_Spook_World.Spook_World up for play (max tick rate 60) at 2015.08.15-13.09.05
[2015.08.15-03.09.05:275][ 88]LogActor:Warning: GameSession /Game/Spook/MapAndGameMode/UEDPIE_0_Spook_World.Spook_World:PersistentLevel.GameSession_0 has natively added scene component(s), but none of them were set as the actor's RootComponent - picking one arbitrarily
[2015.08.15-03.09.05:286][ 88]LogActor:Warning: GameNetworkManager /Game/Spook/MapAndGameMode/UEDPIE_0_Spook_World.Spook_World:PersistentLevel.GameNetworkManager_0 has natively added scene component(s), but none of them were set as the actor's RootComponent - picking one arbitrarily
[2015.08.15-03.09.05:394][ 88]LogWorld: Bringing up level for play took: 0.148527
[2015.08.15-03.09.05:461][ 88]PIE: Info Play in editor start time for /Game/Spook/MapAndGameMode/UEDPIE_0_Spook_World 0.928
[2015.08.15-03.09.35:325][141]LogParticles: Destroying 0 GPU particle simulations for FXSystem 0x0000001DC37DA2A0
[2015.08.15-03.09.37:958][282]LogEditorViewport: Clicking on Actor (LMB): BoarController_C (BoarController)
[2015.08.15-03.09.38:364][293]Cmd: DELETE
[2015.08.15-03.09.38:364][293]Cmd: ACTOR DELETE
[2015.08.15-03.09.38:370][293]LogEditorActor: Deleted Actor: BoarController_C
[2015.08.15-03.09.38:435][293]LogEditorActor: Deleted 1 Actors (0.070 secs)
[2015.08.15-03.09.39:111][332]LogEditorViewport: Clicking on Actor (LMB): FrankController_C (FrankController)
[2015.08.15-03.09.41:039][433]Cmd: DELETE
[2015.08.15-03.09.41:039][433]Cmd: ACTOR DELETE
[2015.08.15-03.09.41:041][433]LogEditorActor: Deleted Actor: FrankController_C
[2015.08.15-03.09.41:105][433]LogEditorActor: Deleted 1 Actors (0.065 secs)
[2015.08.15-03.09.41:831][476]LogEditorViewport: Clicking on Actor (LMB): Pickup_C (Pickup)
[2015.08.15-03.09.42:256][499]Cmd: DELETE
[2015.08.15-03.09.42:256][499]Cmd: ACTOR DELETE
[2015.08.15-03.09.42:258][499]LogEditorActor: Deleted Actor: Pickup_C
[2015.08.15-03.09.42:298][499]LogEditorActor: Deleted 1 Actors (0.041 secs)
[2015.08.15-03.09.44:508][625]BlueprintLog: New page: Pre-PIE auto-recompile
[2015.08.15-03.09.44:508][625]LogPlayLevel: [PIE] Compiling Spook_World before PIE...
[2015.08.15-03.09.44:621][625]LogPlayLevel: PIE:  Blueprint regeneration took 113 ms (1 blueprints)
[2015.08.15-03.09.44:622][625]PIE: New page: PIE session: Spook_World (15 Aug 2015 11:09:44 pm)
[2015.08.15-03.09.44:622][625]LogPlayLevel: Creating play world package: /Game/Spook/MapAndGameMode/UEDPIE_0_Spook_World
[2015.08.15-03.09.44:671][625]LogPlayLevel: PIE: StaticDuplicateObject took: (0.048537s)
[2015.08.15-03.09.44:672][625]LogAIModule: Creating AISystem for world Spook_World
[2015.08.15-03.09.44:674][625]LogPlayLevel: PIE: World Init took: (0.002976s)
[2015.08.15-03.09.44:674][625]LogPlayLevel: PIE: Created PIE world by copying editor world from /Game/Spook/MapAndGameMode/Spook_World.Spook_World to /Game/Spook/MapAndGameMode/UEDPIE_0_Spook_World.Spook_World (0.051892s)
[2015.08.15-03.09.44:726][625]LogInit: XAudio2 using 'Speakers (Realtek High Definition Audio)' : 2 channels at 48 kHz using 32 bits per sample (channel mask 0x3)
[2015.08.15-03.09.44:739][625]LogInit: FAudioDevice initialized.
[2015.08.15-03.09.44:779][625]LogWorld: Game class is 'SpookGameMode_C'
[2015.08.15-03.09.44:799][625]LogWorld: Bringing World /Game/Spook/MapAndGameMode/UEDPIE_0_Spook_World.Spook_World up for play (max tick rate 60) at 2015.08.15-13.09.44
[2015.08.15-03.09.44:799][625]LogActor:Warning: GameSession /Game/Spook/MapAndGameMode/UEDPIE_0_Spook_World.Spook_World:PersistentLevel.GameSession_1 has natively added scene component(s), but none of them were set as the actor's RootComponent - picking one arbitrarily
[2015.08.15-03.09.44:799][625]LogActor:Warning: GameNetworkManager /Game/Spook/MapAndGameMode/UEDPIE_0_Spook_World.Spook_World:PersistentLevel.GameNetworkManager_1 has natively added scene component(s), but none of them were set as the actor's RootComponent - picking one arbitrarily
[2015.08.15-03.09.44:800][625]LogWorld: Bringing up level for play took: 0.016283
[2015.08.15-03.09.44:804][625]PIE: Info Play in editor start time for /Game/Spook/MapAndGameMode/UEDPIE_0_Spook_World 0.272
[2015.08.15-03.10.16:796][494]LogParticles: Destroying 0 GPU particle simulations for FXSystem 0x0000001DC1AEF1A0
[2015.08.15-03.10.26:553][ 54]LogD3D11RHI: InitD3DDevice
[2015.08.15-03.10.26:607][ 54]LogD3D11RHI: InitD3DDevice
[2015.08.15-03.10.26:702][ 54]LogLinker:Warning: Asset '../../../Engine/Content/ArtTools/RenderToTexture/Macros/RenderToTextureMacros.uasset' has been saved with empty engine version. The asset will be loaded but may be incompatible.
[2015.08.15-03.10.26:774][ 54]LogLinker:Warning: Asset '../../../Engine/Content/ArtTools/RenderToTexture/Enums/RenderToTexture_Enum.uasset' has been saved with empty engine version. The asset will be loaded but may be incompatible.
[2015.08.15-03.10.28:038][ 54]LogActor:Warning: GameNetworkManager /Engine/Transient.World_5:PersistentLevel.GameNetworkManager_2 has natively added scene component(s), but none of them were set as the actor's RootComponent - picking one arbitrarily
[2015.08.15-03.10.29:358][129]LogD3D11RHI: InitD3DDevice
[2015.08.15-03.10.29:437][129]LogD3D11RHI: InitD3DDevice
[2015.08.15-03.10.44:778][996]LogD3D11RHI: InitD3DDevice
[2015.08.15-03.10.44:840][996]LogD3D11RHI: InitD3DDevice
[2015.08.15-03.10.45:727][996]LogParticles: Destroying 0 GPU particle simulations for FXSystem 0x0000001DC1B3AB60
[2015.08.15-03.10.45:727][996]LogMetaData: Removing '/Game/Spook/Characters/King/Resources/Animations/AnimBP_King_Model.AnimBP_King_Model_C' ref from Metadata '/Game/Spook/Characters/Frank/Resources/Animations/AnimBP_King_Model.PackageMetaData'
[2015.08.15-03.10.45:727][996]LogMetaData: Removing '/Game/Spook/Characters/King/Resources/Animations/AnimBP_King_Model.AnimBP_King_Model:EventGraph.K2Node_Event_810' ref from Metadata '/Game/Spook/Characters/Frank/Resources/Animations/AnimBP_King_Model.PackageMetaData'
[2015.08.15-03.10.45:727][996]LogMetaData: Removing '/Game/Spook/Characters/King/Resources/Animations/AnimBP_King_Model.AnimBP_King_Model:AnimGraph.AnimGraphNode_Root_15' ref from Metadata '/Game/Spook/Characters/Frank/Resources/Animations/AnimBP_King_Model.PackageMetaData'
[2015.08.15-03.10.45:727][996]LogMetaData: Removing '/Game/Spook/Characters/King/Resources/Animations/AnimBP_King_Model.AnimBP_King_Model:AnimGraph.AnimGraphNode_StateMachine_13.King Movement.AnimStateEntryNode_0' ref from Metadata '/Game/Spook/Characters/Frank/Resources/Animations/AnimBP_King_Model.PackageMetaData'
[2015.08.15-03.10.45:727][996]LogMetaData: Removing '/Game/Spook/Characters/King/Resources/Animations/AnimBP_King_Model.AnimBP_King_Model:AnimGraph.AnimGraphNode_StateMachine_13.King Movement.AnimStateNode_4.JumpStart.AnimGraphNode_StateResult_27' ref from Metadata '/Game/Spook/Characters/Frank/Resources/Animations/AnimBP_King_Model.PackageMetaData'
[2015.08.15-03.10.45:727][996]LogMetaData: Removing '/Game/Spook/Characters/King/Resources/Animations/AnimBP_King_Model.AnimBP_King_Model:AnimGraph.AnimGraphNode_StateMachine_13.King Movement.AnimStateTransitionNode_6.Transition.AnimGraphNode_TransitionResult_65' ref from Metadata '/Game/Spook/Characters/Frank/Resources/Animations/AnimBP_King_Model.PackageMetaData'
[2015.08.15-03.10.45:727][996]LogMetaData: Removing '/Game/Spook/Characters/King/Resources/Animations/AnimBP_King_Model.AnimBP_King_Model:AnimGraph.AnimGraphNode_StateMachine_13.King Movement.AnimStateNode_1.Idle/Walk/Run.AnimGraphNode_StateResult_24' ref from Metadata '/Game/Spook/Characters/Frank/Resources/Animations/AnimBP_King_Model.PackageMetaData'
[2015.08.15-03.10.45:727][996]LogMetaData: Removing '/Game/Spook/Characters/King/Resources/Animations/AnimBP_King_Model.AnimBP_King_Model:AnimGraph.AnimGraphNode_StateMachine_13.King Movement.AnimStateNode_2.JumpEnd.AnimGraphNode_StateResult_68' ref from Metadata '/Game/Spook/Characters/Frank/Resources/Animations/AnimBP_King_Model.PackageMetaData'
[2015.08.15-03.10.45:727][996]LogMetaData: Removing '/Game/Spook/Characters/King/Resources/Animations/AnimBP_King_Model.AnimBP_King_Model:AnimGraph.AnimGraphNode_StateMachine_13.King Movement.AnimStateTransitionNode_1.Transition.AnimGraphNode_TransitionResult_24' ref from Metadata '/Game/Spook/Characters/Frank/Resources/Animations/AnimBP_King_Model.PackageMetaData'
[2015.08.15-03.10.45:727][996]LogMetaData: Removing '/Game/Spook/Characters/King/Resources/Animations/AnimBP_King_Model.AnimBP_King_Model:AnimGraph.AnimGraphNode_StateMachine_13.King Movement.AnimStateTransitionNode_18.Transition.AnimGraphNode_TransitionResult_664' ref from Metadata '/Game/Spook/Characters/Frank/Resources/Animations/AnimBP_King_Model.PackageMetaData'
[2015.08.15-03.10.45:727][996]LogMetaData: Removing '/Game/Spook/Characters/King/Resources/Animations/AnimBP_King_Model.SKEL_AnimBP_King_Model_C' ref from Metadata '/Game/Spook/Characters/Frank/Resources/Animations/AnimBP_King_Model.PackageMetaData'
[2015.08.15-03.10.46:284][996]LogMetaData: Removing '/Game/Spook/Characters/King/FrankController.FrankController_C' ref from Metadata '/Game/Spook/Characters/Frank/FrankController.PackageMetaData'
[2015.08.15-03.10.46:284][996]LogMetaData: Removing '/Game/Spook/Characters/King/FrankController.SKEL_FrankController_C' ref from Metadata '/Game/Spook/Characters/Frank/FrankController.PackageMetaData'
[2015.08.15-03.10.46:445][996]LogD3D11RHI: InitD3DDevice
[2015.08.15-03.10.46:505][996]LogSavePackage: Save=10.474111ms
[2015.08.15-03.10.46:505][996]LogSavePackage: Moving '../../../../../../SourceTree/Spook/Spook_Prototype/Saved/PhysBP_King_ModelFF75D84043712ED2C15DCE8B8D483283.tmp' to '../../../../../../SourceTree/Spook/Spook_Prototype/Content/Spook/Characters/King/Resources/PhysBP_King_Model.uasset'
[2015.08.15-03.10.46:571][996]Cmd: OBJ SAVEPACKAGE PACKAGE="/Game/Spook/Characters/King/Resources/Mat_King" FILE="../../../../../../SourceTree/Spook/Spook_Prototype/Content/Spook/Characters/King/Resources/Mat_King.uasset" SILENT=true
[2015.08.15-03.10.46:602][996]LogSavePackage: Save=23.703598ms
[2015.08.15-03.10.46:602][996]LogSavePackage: Moving '../../../../../../SourceTree/Spook/Spook_Prototype/Saved/Mat_KingC16E8E0A4EBF67A4EFF8D6A2171AC6A7.tmp' to '../../../../../../SourceTree/Spook/Spook_Prototype/Content/Spook/Characters/King/Resources/Mat_King.uasset'
[2015.08.15-03.10.46:646][996]LogSavePackage: Save=7.893644ms
[2015.08.15-03.10.46:647][996]LogSavePackage: Moving '../../../../../../SourceTree/Spook/Spook_Prototype/Saved/Mat_King62C393044B223452E2EFFDA93F505486.tmp' to '../../../../../../SourceTree/Spook/Spook_Prototype/Content/Spook/Characters/Frank/Resources/Mat_King.uasset'
[2015.08.15-03.10.46:681][996]LogSavePackage: Save=9.820655ms
[2015.08.15-03.10.46:681][996]LogSavePackage: Moving '../../../../../../SourceTree/Spook/Spook_Prototype/Saved/King_Model_Skeleton4F84DA1B4CFFE18B3F2B7B822F5D0DDC.tmp' to '../../../../../../SourceTree/Spook/Spook_Prototype/Content/Spook/Characters/King/Resources/King_Model_Skeleton.uasset'
[2015.08.15-03.10.46:795][996]LogSavePackage: Save=22.101604ms
[2015.08.15-03.10.46:795][996]LogSavePackage: Moving '../../../../../../SourceTree/Spook/Spook_Prototype/Saved/King_Model_Jump_Fall4F6E0B4B47E2077C5B7AA395777BF106.tmp' to '../../../../../../SourceTree/Spook/Spook_Prototype/Content/Spook/Characters/King/Resources/Animations/King_Model_Jump_Fall.uasset'
[2015.08.15-03.10.46:891][996]LogSavePackage: Save=19.610090ms
[2015.08.15-03.10.46:891][996]LogSavePackage: Moving '../../../../../../SourceTree/Spook/Spook_Prototype/Saved/King_Model_Jump_Launch4EF56B0F4DCC33A24CD846AD95BBA74B.tmp' to '../../../../../../SourceTree/Spook/Spook_Prototype/Content/Spook/Characters/King/Resources/Animations/King_Model_Jump_Launch.uasset'
[2015.08.15-03.10.46:993][996]LogSavePackage: Save=22.421917ms
[2015.08.15-03.10.46:993][996]LogSavePackage: Moving '../../../../../../SourceTree/Spook/Spook_Prototype/Saved/King_Model_Idle3A61E0F5413619949D890FAB7314B804.tmp' to '../../../../../../SourceTree/Spook/Spook_Prototype/Content/Spook/Characters/King/Resources/Animations/King_Model_Idle.uasset'
[2015.08.15-03.10.47:086][996]LogSavePackage: Save=19.834181ms
[2015.08.15-03.10.47:086][996]LogSavePackage: Moving '../../../../../../SourceTree/Spook/Spook_Prototype/Saved/King_Model_RunAD54703946C68E68B9C5CCAE6C093914.tmp' to '../../../../../../SourceTree/Spook/Spook_Prototype/Content/Spook/Characters/King/Resources/Animations/King_Model_Run.uasset'
[2015.08.15-03.10.47:182][996]LogSavePackage: Save=24.871521ms
[2015.08.15-03.10.47:182][996]LogSavePackage: Moving '../../../../../../SourceTree/Spook/Spook_Prototype/Saved/King_Model_Walk9FCDE58C422D6A6D92C146AB23708FF9.tmp' to '../../../../../../SourceTree/Spook/Spook_Prototype/Content/Spook/Characters/King/Resources/Animations/King_Model_Walk.uasset'
[2015.08.15-03.10.47:290][996]LogSavePackage: Save=17.607386ms
[2015.08.15-03.10.47:290][996]LogSavePackage: Moving '../../../../../../SourceTree/Spook/Spook_Prototype/Saved/Blend_King_Model4FBD122342D5944B8C7AB485EBE7F0AF.tmp' to '../../../../../../SourceTree/Spook/Spook_Prototype/Content/Spook/Characters/King/Resources/Animations/Blend_King_Model.uasset'
[2015.08.15-03.10.47:518][996]LogSavePackage: Save=129.413345ms
[2015.08.15-03.10.47:518][996]LogSavePackage: Moving '../../../../../../SourceTree/Spook/Spook_Prototype/Saved/AnimBP_King_Model7574E1F34D25118C9609A5B4CECFE9AD.tmp' to '../../../../../../SourceTree/Spook/Spook_Prototype/Content/Spook/Characters/King/Resources/Animations/AnimBP_King_Model.uasset'
[2015.08.15-03.10.47:577][996]LogSavePackage: Save=27.143650ms
[2015.08.15-03.10.47:577][996]LogSavePackage: Moving '../../../../../../SourceTree/Spook/Spook_Prototype/Saved/King_Model_PhysicsAsset829305ED44A7CB2B878CBDBD506568F3.tmp' to '../../../../../../SourceTree/Spook/Spook_Prototype/Content/Spook/Characters/King/Resources/King_Model_PhysicsAsset.uasset'
[2015.08.15-03.10.47:683][996]LogSavePackage: Save=32.694176ms
[2015.08.15-03.10.47:683][996]LogSavePackage: Moving '../../../../../../SourceTree/Spook/Spook_Prototype/Saved/King_Model1B909F72486AC69C2A8CEB95404D7A90.tmp' to '../../../../../../SourceTree/Spook/Spook_Prototype/Content/Spook/Characters/King/Resources/King_Model.uasset'
[2015.08.15-03.10.47:750][996]Cmd: OBJ SAVEPACKAGE PACKAGE="/Game/Spook/Characters/King/FrankController" FILE="../../../../../../SourceTree/Spook/Spook_Prototype/Content/Spook/Characters/King/FrankController.uasset" SILENT=true
[2015.08.15-03.10.47:875][996]LogSavePackage: Save=118.918701ms
[2015.08.15-03.10.47:875][996]LogSavePackage: Moving '../../../../../../SourceTree/Spook/Spook_Prototype/Saved/FrankController475A7D1049E79D9260BB71BA5C31F9BF.tmp' to '../../../../../../SourceTree/Spook/Spook_Prototype/Content/Spook/Characters/King/FrankController.uasset'
[2015.08.15-03.10.47:899][996]Cmd: OBJ SAVEPACKAGE PACKAGE="/Game/Spook/Characters/Frank/FrankController" FILE="../../../../../../SourceTree/Spook/Spook_Prototype/Content/Spook/Characters/Frank/FrankController.uasset" SILENT=true
[2015.08.15-03.10.47:934][996]LogSavePackage: Save=16.961626ms
[2015.08.15-03.10.47:934][996]LogSavePackage: Moving '../../../../../../SourceTree/Spook/Spook_Prototype/Saved/FrankController920E1589405C71810FD442BA3FD46451.tmp' to '../../../../../../SourceTree/Spook/Spook_Prototype/Content/Spook/Characters/Frank/FrankController.uasset'
[2015.08.15-03.10.47:968][996]LogSavePackage: Save=12.555504ms
[2015.08.15-03.10.47:968][996]LogSavePackage: Moving '../../../../../../SourceTree/Spook/Spook_Prototype/Saved/King_Model_Ie4FF1A5E94685AF85C07B51AD3F6C321A.tmp' to '../../../../../../SourceTree/Spook/Spook_Prototype/Content/Spook/Characters/King/Resources/Animations/King_Model_Ie.uasset'
[2015.08.15-03.10.47:989][996]LogD3D11RHI: InitD3DDevice
[2015.08.15-03.10.48:032][996]LogActorComponent: UnregisterComponent: (/Engine/Transient.CharMoveComp) Not registered. Aborting.
[2015.08.15-03.10.48:775][996]LogD3D11RHI: InitD3DDevice
[2015.08.15-03.10.55:389][314]LogD3D11RHI: InitD3DDevice
[2015.08.15-03.11.04:093][617]LogD3D11RHI: InitD3DDevice
[2015.08.15-03.11.04:954][662]LogD3D11RHI: InitD3DDevice
[2015.08.15-03.11.05:912][718]LogActorComponent: UnregisterComponent: (/Engine/Transient.CharMoveComp) Not registered. Aborting.
[2015.08.15-03.11.05:915][718]LogActorComponent: UnregisterComponent: (/Engine/Transient.CharacterMovementComponent_1) Not registered. Aborting.
[2015.08.15-03.11.06:027][718]LogD3D11RHI: InitD3DDevice
[2015.08.15-03.11.10:088][718]LogD3D11RHI: InitD3DDevice
[2015.08.15-03.11.11:234][718]LogD3D11RHI: InitD3DDevice
[2015.08.15-03.11.12:582][718]LogD3D11RHI: InitD3DDevice
[2015.08.15-03.11.13:818][718]LogD3D11RHI: InitD3DDevice
[2015.08.15-03.11.23:831][250]LogD3D11RHI: InitD3DDevice
[2015.08.15-03.11.23:870][250]LogD3D11RHI: InitD3DDevice
[2015.08.15-03.11.23:945][250]LogLinker:Warning: Asset '../../../Engine/Content/ArtTools/RenderToTexture/Macros/RenderToTextureMacros.uasset' has been saved with empty engine version. The asset will be loaded but may be incompatible.
[2015.08.15-03.11.23:952][250]LogLinker:Warning: Asset '../../../Engine/Content/ArtTools/RenderToTexture/Enums/RenderToTexture_Enum.uasset' has been saved with empty engine version. The asset will be loaded but may be incompatible.
[2015.08.15-03.11.24:237][250]LogActor:Warning: GameNetworkManager /Engine/Transient.World_9:PersistentLevel.GameNetworkManager_3 has natively added scene component(s), but none of them were set as the actor's RootComponent - picking one arbitrarily
[2015.08.15-03.11.27:175][424]LogD3D11RHI: InitD3DDevice
[2015.08.15-03.11.27:185][424]LogSlate:Warning: Prevented a slow task dialog from being summoned while a context menu was open
[2015.08.15-03.11.30:998][641]LogD3D11RHI: InitD3DDevice
[2015.08.15-03.11.43:469][349]LogD3D11RHI: InitD3DDevice
[2015.08.15-03.11.43:501][349]LogLinker:Warning: Can't find file '/Game/Spook/Characters/Frank/FrankController'
[2015.08.15-03.11.43:513][349]LogD3D11RHI: InitD3DDevice
[2015.08.15-03.11.43:987][349]LogActorComponent: UnregisterComponent: (/Engine/Transient.CharMoveComp) Not registered. Aborting.
[2015.08.15-03.11.43:988][349]LogActorComponent: UnregisterComponent: (/Engine/Transient.CharacterMovementComponent_2) Not registered. Aborting.
[2015.08.15-03.11.43:989][349]LogActorComponent: UnregisterComponent: (/Engine/Transient.CharacterMovementComponent_3) Not registered. Aborting.
[2015.08.15-03.11.44:057][349]LogParticles: Destroying 0 GPU particle simulations for FXSystem 0x0000001DD9D93600
[2015.08.15-03.11.44:103][349]LogMetaData: Removing '/Game/Spook/Characters/King/KingController.KingController_C' ref from Metadata '/Game/Spook/Characters/King/FrankController.PackageMetaData'
[2015.08.15-03.11.44:103][349]LogMetaData: Removing '/Game/Spook/Characters/King/KingController.SKEL_KingController_C' ref from Metadata '/Game/Spook/Characters/King/FrankController.PackageMetaData'
[2015.08.15-03.11.44:199][349]LogD3D11RHI: InitD3DDevice
[2015.08.15-03.11.44:279][349]Cmd: OBJ SAVEPACKAGE PACKAGE="/Game/Spook/Characters/King/KingController" FILE="../../../../../../SourceTree/Spook/Spook_Prototype/Content/Spook/Characters/King/KingController.uasset" SILENT=true
[2015.08.15-03.11.44:424][349]LogSavePackage: Save=137.210327ms
[2015.08.15-03.11.44:424][349]LogSavePackage: Moving '../../../../../../SourceTree/Spook/Spook_Prototype/Saved/KingController6BA1BFD84B2A851C9E44A4BB989EC0C7.tmp' to '../../../../../../SourceTree/Spook/Spook_Prototype/Content/Spook/Characters/King/KingController.uasset'
[2015.08.15-03.11.44:469][349]Cmd: OBJ SAVEPACKAGE PACKAGE="/Game/Spook/Characters/King/FrankController" FILE="../../../../../../SourceTree/Spook/Spook_Prototype/Content/Spook/Characters/King/FrankController.uasset" SILENT=true
[2015.08.15-03.11.44:489][349]LogSavePackage: Save=12.295063ms
[2015.08.15-03.11.44:489][349]LogSavePackage: Moving '../../../../../../SourceTree/Spook/Spook_Prototype/Saved/FrankController284DD6AD4E4ABA3630D009976142673D.tmp' to '../../../../../../SourceTree/Spook/Spook_Prototype/Content/Spook/Characters/King/FrankController.uasset'
[2015.08.15-03.11.54:804][789]LogD3D11RHI: InitD3DDevice
[2015.08.15-03.11.56:104][861]LogD3D11RHI: InitD3DDevice
[2015.08.15-03.11.57:387][937]LogLinker:Warning: Can't find file '/Game/Spook/Characters/Frank/FrankController'
[2015.08.15-03.11.57:387][937]LogLinker:Warning: Can't find file '/Game/Spook/Characters/Frank/FrankController'
[2015.08.15-03.11.57:387][937]LogLinker:Warning: Can't find file '/Game/Spook/Characters/Frank/FrankController'
[2015.08.15-03.11.57:387][937]LogUObjectGlobals:Warning: Failed to find object 'Object /Game/Spook/Characters/Frank/FrankController.FrankController'
[2015.08.15-03.11.57:387][937]LogLinker:Warning: Can't find file '/Game/Spook/Characters/Frank/FrankController'
[2015.08.15-03.11.57:388][937]LogLinker:Warning: Can't find file '/Game/Spook/Characters/Frank/FrankController'
[2015.08.15-03.11.57:388][937]LogLinker:Warning: Can't find file '/Game/Spook/Characters/Frank/FrankController'
[2015.08.15-03.11.57:388][937]LogUObjectGlobals:Warning: Failed to find object 'Object /Game/Spook/Characters/Frank/FrankController.Default__FrankController_C'
[2015.08.15-03.11.57:388][937]LogLinker:Warning: Can't find file '/Game/Spook/Characters/Frank/FrankController'
[2015.08.15-03.11.57:388][937]LogLinker:Warning: Can't find file '/Game/Spook/Characters/Frank/FrankController'
[2015.08.15-03.11.57:388][937]LogLinker:Warning: Can't find file '/Game/Spook/Characters/Frank/FrankController'
[2015.08.15-03.11.57:388][937]LogUObjectGlobals:Warning: Failed to find object 'Object /Game/Spook/Characters/Frank/FrankController.FrankController_C'
[2015.08.15-03.11.57:390][937]LogD3D11RHI: InitD3DDevice
[2015.08.15-03.11.59:033][ 25]LogD3D11RHI: InitD3DDevice
[2015.08.15-03.12.10:666][353]LogD3D11RHI: InitD3DDevice
[2015.08.15-03.12.11:585][404]LogD3D11RHI: InitD3DDevice
[2015.08.15-03.12.12:697][470]LogLinker:Warning: Can't find file '/Game/Spook/Characters/Frank/FrankController'
[2015.08.15-03.12.12:697][470]LogLinker:Warning: Can't find file '/Game/Spook/Characters/Frank/FrankController'
[2015.08.15-03.12.12:697][470]LogLinker:Warning: Can't find file '/Game/Spook/Characters/Frank/FrankController'
[2015.08.15-03.12.12:697][470]LogUObjectGlobals:Warning: Failed to find object 'Object /Game/Spook/Characters/Frank/FrankController.FrankController'
[2015.08.15-03.12.12:697][470]LogLinker:Warning: Can't find file '/Game/Spook/Characters/Frank/FrankController'
[2015.08.15-03.12.12:698][470]LogLinker:Warning: Can't find file '/Game/Spook/Characters/Frank/FrankController'
[2015.08.15-03.12.12:698][470]LogLinker:Warning: Can't find file '/Game/Spook/Characters/Frank/FrankController'
[2015.08.15-03.12.12:698][470]LogUObjectGlobals:Warning: Failed to find object 'Object /Game/Spook/Characters/Frank/FrankController.Default__FrankController_C'
[2015.08.15-03.12.12:698][470]LogLinker:Warning: Can't find file '/Game/Spook/Characters/Frank/FrankController'
[2015.08.15-03.12.12:698][470]LogLinker:Warning: Can't find file '/Game/Spook/Characters/Frank/FrankController'
[2015.08.15-03.12.12:698][470]LogLinker:Warning: Can't find file '/Game/Spook/Characters/Frank/FrankController'
[2015.08.15-03.12.12:698][470]LogUObjectGlobals:Warning: Failed to find object 'Object /Game/Spook/Characters/Frank/FrankController.FrankController_C'
[2015.08.15-03.12.12:700][470]LogD3D11RHI: InitD3DDevice
[2015.08.15-03.12.14:712][581]LogActorComponent: UnregisterComponent: (/Engine/Transient.CharMoveComp) Not registered. Aborting.
[2015.08.15-03.12.14:714][581]LogActorComponent: UnregisterComponent: (/Engine/Transient.CharacterMovementComponent_4) Not registered. Aborting.
[2015.08.15-03.12.14:715][581]LogActorComponent: UnregisterComponent: (/Engine/Transient.CharacterMovementComponent_5) Not registered. Aborting.
[2015.08.15-03.12.14:778][581]LogD3D11RHI: InitD3DDevice
[2015.08.15-03.12.21:695][581]LogSavePackage: Save=6606.287598ms
[2015.08.15-03.12.21:695][581]LogSavePackage: Moving '../../../../../../SourceTree/Spook/Spook_Prototype/Saved/Spook_World882D9F604EAAF1B2FF83CB8318E80BE6.tmp' to '../../../../../../SourceTree/Spook/Spook_Prototype/Content/Spook/MapAndGameMode/Spook_World.umap'
[2015.08.15-03.12.21:779][581]LogFileHelpers: Saving map 'Spook_World' took 6.964
[2015.08.15-03.12.21:787][581]Cmd: OBJ SAVEPACKAGE PACKAGE="/Game/Spook/Characters/Frank/FrankController" FILE="../../../../../../SourceTree/Spook/Spook_Prototype/Content/Spook/Characters/Frank/FrankController.uasset" SILENT=true
[2015.08.15-03.12.21:805][581]LogSavePackage: Save=6.483668ms
[2015.08.15-03.12.21:805][581]LogSavePackage: Moving '../../../../../../SourceTree/Spook/Spook_Prototype/Saved/FrankControllerAB87AF834E72F944EFEB9EB4ECB610C6.tmp' to '../../../../../../SourceTree/Spook/Spook_Prototype/Content/Spook/Characters/Frank/FrankController.uasset'
[2015.08.15-03.14.37:258][427]BlueprintLog: New page: Pre-PIE auto-recompile
[2015.08.15-03.14.37:269][427]LogPlayLevel: [PIE] Compiling Spook_World before PIE...
[2015.08.15-03.14.37:408][427]LogPlayLevel: PIE:  Blueprint regeneration took 149 ms (1 blueprints)
[2015.08.15-03.14.37:408][427]PIE: New page: PIE session: Spook_World (15 Aug 2015 11:14:37 pm)
[2015.08.15-03.14.37:409][427]LogPlayLevel: Creating play world package: /Game/Spook/MapAndGameMode/UEDPIE_0_Spook_World
[2015.08.15-03.14.37:467][427]LogPlayLevel: PIE: StaticDuplicateObject took: (0.058204s)
[2015.08.15-03.14.37:469][427]LogAIModule: Creating AISystem for world Spook_World
[2015.08.15-03.14.37:470][427]LogPlayLevel: PIE: World Init took: (0.002782s)
[2015.08.15-03.14.37:470][427]LogPlayLevel: PIE: Created PIE world by copying editor world from /Game/Spook/MapAndGameMode/Spook_World.Spook_World to /Game/Spook/MapAndGameMode/UEDPIE_0_Spook_World.Spook_World (0.061333s)
[2015.08.15-03.14.37:523][427]LogInit: XAudio2 using 'Speakers (Realtek High Definition Audio)' : 2 channels at 48 kHz using 32 bits per sample (channel mask 0x3)
[2015.08.15-03.14.37:534][427]LogInit: FAudioDevice initialized.
[2015.08.15-03.14.37:575][427]LogWorld: Game class is 'SpookGameMode_C'
[2015.08.15-03.14.37:592][427]LogWorld: Bringing World /Game/Spook/MapAndGameMode/UEDPIE_0_Spook_World.Spook_World up for play (max tick rate 60) at 2015.08.15-13.14.37
[2015.08.15-03.14.37:592][427]LogActor:Warning: GameSession /Game/Spook/MapAndGameMode/UEDPIE_0_Spook_World.Spook_World:PersistentLevel.GameSession_2 has natively added scene component(s), but none of them were set as the actor's RootComponent - picking one arbitrarily
[2015.08.15-03.14.37:592][427]LogActor:Warning: GameNetworkManager /Game/Spook/MapAndGameMode/UEDPIE_0_Spook_World.Spook_World:PersistentLevel.GameNetworkManager_4 has natively added scene component(s), but none of them were set as the actor's RootComponent - picking one arbitrarily
[2015.08.15-03.14.37:594][427]LogWorld: Bringing up level for play took: 0.017069
[2015.08.15-03.14.37:598][427]PIE: Info Play in editor start time for /Game/Spook/MapAndGameMode/UEDPIE_0_Spook_World 1.065
[2015.08.15-03.14.47:471][993]LogParticles: Destroying 0 GPU particle simulations for FXSystem 0x0000001DE2536AC0
[2015.08.15-03.14.54:185][391]LogEditorViewport: Clicking on Actor (LMB): StaticMeshActor (Cube6)
[2015.08.15-03.14.59:801][697]LogStaticMesh:Display: Discarded foliage hierarchy of 124 elements build due to concurrent removal (0.0s)
[2015.08.15-03.15.05:248][980]LogEditorViewport: Clicking on Actor (LMB): StaticMeshActor (LargePlatform)
[2015.08.15-03.15.06:047][ 21]LogEditorViewport: Clicking on Actor (LMB): StaticMeshActor (floor_10x10)
[2015.08.15-03.15.11:653][336]LogStaticMesh:Display: Discarded foliage hierarchy of 124 elements build due to concurrent removal (0.0s)
[2015.08.15-03.15.13:266][418]LogEditorViewport: Clicking on Actor (LMB): StaticMeshActor (Cube5)
[2015.08.15-03.15.13:746][432]Cmd: DELETE
[2015.08.15-03.15.13:746][432]Cmd: ACTOR DELETE
[2015.08.15-03.15.13:752][432]LogD3D11RHI: InitD3DDevice
[2015.08.15-03.15.15:924][432]LogEditorActor: Deleted Actor: StaticMeshActor
[2015.08.15-03.15.15:942][432]LogD3D11RHI: InitD3DDevice
[2015.08.15-03.15.16:483][432]LogEditorActor: Deleted Actor: StaticMeshActor
[2015.08.15-03.15.16:500][432]LogD3D11RHI: InitD3DDevice
[2015.08.15-03.15.16:500][432]LogStaticMesh:Display: Discarded foliage hierarchy of 123 elements build due to concurrent removal (0.0s)
[2015.08.15-03.15.17:034][432]LogEditorActor: Deleted Actor: StaticMeshActor
[2015.08.15-03.15.17:050][432]LogD3D11RHI: InitD3DDevice
[2015.08.15-03.15.17:590][432]LogEditorActor: Deleted Actor: StaticMeshActor
[2015.08.15-03.15.17:656][432]LogEditorActor: Deleted 4 Actors (3.910 secs)
[2015.08.15-03.15.20:193][561]BlueprintLog: New page: Pre-PIE auto-recompile
[2015.08.15-03.15.20:202][561]LogPlayLevel: [PIE] Compiling Spook_World before PIE...
[2015.08.15-03.15.20:333][561]LogPlayLevel: PIE:  Blueprint regeneration took 140 ms (1 blueprints)
[2015.08.15-03.15.20:333][561]PIE: New page: PIE session: Spook_World (15 Aug 2015 11:15:20 pm)
[2015.08.15-03.15.20:334][561]LogPlayLevel: Creating play world package: /Game/Spook/MapAndGameMode/UEDPIE_0_Spook_World
[2015.08.15-03.15.20:389][561]LogPlayLevel: PIE: StaticDuplicateObject took: (0.055247s)
[2015.08.15-03.15.20:391][561]LogAIModule: Creating AISystem for world Spook_World
[2015.08.15-03.15.20:392][561]LogPlayLevel: PIE: World Init took: (0.002669s)
[2015.08.15-03.15.20:392][561]LogPlayLevel: PIE: Created PIE world by copying editor world from /Game/Spook/MapAndGameMode/Spook_World.Spook_World to /Game/Spook/MapAndGameMode/UEDPIE_0_Spook_World.Spook_World (0.058253s)
[2015.08.15-03.15.20:448][561]LogInit: XAudio2 using 'Speakers (Realtek High Definition Audio)' : 2 channels at 48 kHz using 32 bits per sample (channel mask 0x3)
[2015.08.15-03.15.20:457][561]LogInit: FAudioDevice initialized.
[2015.08.15-03.15.20:495][561]LogWorld: Game class is 'SpookGameMode_C'
[2015.08.15-03.15.20:511][561]LogWorld: Bringing World /Game/Spook/MapAndGameMode/UEDPIE_0_Spook_World.Spook_World up for play (max tick rate 60) at 2015.08.15-13.15.20
[2015.08.15-03.15.20:511][561]LogActor:Warning: GameSession /Game/Spook/MapAndGameMode/UEDPIE_0_Spook_World.Spook_World:PersistentLevel.GameSession_3 has natively added scene component(s), but none of them were set as the actor's RootComponent - picking one arbitrarily
[2015.08.15-03.15.20:511][561]LogActor:Warning: GameNetworkManager /Game/Spook/MapAndGameMode/UEDPIE_0_Spook_World.Spook_World:PersistentLevel.GameNetworkManager_5 has natively added scene component(s), but none of them were set as the actor's RootComponent - picking one arbitrarily
[2015.08.15-03.15.20:513][561]LogWorld: Bringing up level for play took: 0.016110
[2015.08.15-03.15.20:517][561]PIE: Info Play in editor start time for /Game/Spook/MapAndGameMode/UEDPIE_0_Spook_World -0.016
[2015.08.15-03.15.49:795][292]LogParticles: Destroying 0 GPU particle simulations for FXSystem 0x0000001DB2F77100
[2015.08.15-03.16.26:929][429]LogD3D11RHI: InitD3DDevice
[2015.08.15-03.16.33:192][429]LogSavePackage: Save=6020.627441ms
[2015.08.15-03.16.33:192][429]LogSavePackage: Moving '../../../../../../SourceTree/Spook/Spook_Prototype/Saved/Spook_World1747C03448A4BA839D4DF598166B7270.tmp' to '../../../../../../SourceTree/Spook/Spook_Prototype/Content/Spook/MapAndGameMode/Spook_World.umap'
[2015.08.15-03.16.33:264][429]LogFileHelpers: Saving map 'Spook_World' took 6.299
[2015.08.15-03.16.34:155][476]BlueprintLog: New page: Pre-PIE auto-recompile
[2015.08.15-03.16.34:164][476]LogPlayLevel: [PIE] Compiling Spook_World before PIE...
[2015.08.15-03.16.34:302][476]LogPlayLevel: PIE:  Blueprint regeneration took 147 ms (1 blueprints)
[2015.08.15-03.16.34:302][476]PIE: New page: PIE session: Spook_World (15 Aug 2015 11:16:34 pm)
[2015.08.15-03.16.34:303][476]LogPlayLevel: Creating play world package: /Game/Spook/MapAndGameMode/UEDPIE_0_Spook_World
[2015.08.15-03.16.34:362][476]LogPlayLevel: PIE: StaticDuplicateObject took: (0.058560s)
[2015.08.15-03.16.34:363][476]LogAIModule: Creating AISystem for world Spook_World
[2015.08.15-03.16.34:364][476]LogPlayLevel: PIE: World Init took: (0.002515s)
[2015.08.15-03.16.34:365][476]LogPlayLevel: PIE: Created PIE world by copying editor world from /Game/Spook/MapAndGameMode/Spook_World.Spook_World to /Game/Spook/MapAndGameMode/UEDPIE_0_Spook_World.Spook_World (0.061509s)
[2015.08.15-03.16.34:420][476]LogInit: XAudio2 using 'Speakers (Realtek High Definition Audio)' : 2 channels at 48 kHz using 32 bits per sample (channel mask 0x3)
[2015.08.15-03.16.34:431][476]LogInit: FAudioDevice initialized.
[2015.08.15-03.16.34:468][476]LogWorld: Game class is 'SpookGameMode_C'
[2015.08.15-03.16.34:483][476]LogWorld: Bringing World /Game/Spook/MapAndGameMode/UEDPIE_0_Spook_World.Spook_World up for play (max tick rate 60) at 2015.08.15-13.16.34
[2015.08.15-03.16.34:483][476]LogActor:Warning: GameSession /Game/Spook/MapAndGameMode/UEDPIE_0_Spook_World.Spook_World:PersistentLevel.GameSession_4 has natively added scene component(s), but none of them were set as the actor's RootComponent - picking one arbitrarily
[2015.08.15-03.16.34:484][476]LogActor:Warning: GameNetworkManager /Game/Spook/MapAndGameMode/UEDPIE_0_Spook_World.Spook_World:PersistentLevel.GameNetworkManager_6 has natively added scene component(s), but none of them were set as the actor's RootComponent - picking one arbitrarily
[2015.08.15-03.16.34:485][476]LogWorld: Bringing up level for play took: 0.015617
[2015.08.15-03.16.34:489][476]PIE: Info Play in editor start time for /Game/Spook/MapAndGameMode/UEDPIE_0_Spook_World -0.044
[2015.08.15-03.17.02:844][150]LogParticles: Destroying 0 GPU particle simulations for FXSystem 0x0000001DD5A49080
[2015.08.15-03.17.48:183][830]LogEditorViewport: Clicking on Actor (LMB): StaticMeshActor (Graveyard_Blockout)
[2015.08.15-03.17.51:438][ 13]Cmd: DELETE
[2015.08.15-03.17.51:438][ 13]Cmd: ACTOR DELETE
[2015.08.15-03.17.51:440][ 13]LogEditorActor: Deleted Actor: StaticMeshActor
[2015.08.15-03.17.51:514][ 13]LogEditorActor: Deleted 1 Actors (0.076 secs)
[2015.08.15-03.17.52:467][ 70]LogEditorViewport: Clicking on Actor (LMB): LightmassImportanceVolume (LightmassImportanceVolume)
[2015.08.15-03.17.52:621][ 75]Cmd: DELETE
[2015.08.15-03.17.52:621][ 75]Cmd: ACTOR DELETE
[2015.08.15-03.17.52:623][ 75]LogEditorActor: Deleted Actor: LightmassImportanceVolume
[2015.08.15-03.17.52:691][ 75]LogEditorActor: Deleted 1 Actors (0.069 secs)
[2015.08.15-03.17.53:062][ 97]LogEditorViewport: Clicking on Actor (LMB): StaticMeshActor (BreakableFence7)
[2015.08.15-03.17.53:234][105]Cmd: DELETE
[2015.08.15-03.17.53:234][105]Cmd: ACTOR DELETE
[2015.08.15-03.17.53:236][105]LogEditorActor: Deleted Actor: StaticMeshActor
[2015.08.15-03.17.53:295][105]LogEditorActor: Deleted 1 Actors (0.061 secs)
[2015.08.15-03.17.53:792][135]LogEditorViewport: Clicking on Actor (LMB): StaticMeshActor (LowPolyDeadTree2)
[2015.08.15-03.17.53:895][139]Cmd: DELETE
[2015.08.15-03.17.53:895][139]Cmd: ACTOR DELETE
[2015.08.15-03.17.53:897][139]LogEditorActor: Deleted Actor: StaticMeshActor
[2015.08.15-03.17.54:000][139]LogEditorActor: Deleted 1 Actors (0.105 secs)
[2015.08.15-03.17.55:106][203]BlueprintLog: New page: Pre-PIE auto-recompile
[2015.08.15-03.17.55:117][203]LogPlayLevel: [PIE] Compiling Spook_World before PIE...
[2015.08.15-03.17.55:249][203]LogPlayLevel: PIE:  Blueprint regeneration took 143 ms (1 blueprints)
[2015.08.15-03.17.55:249][203]PIE: New page: PIE session: Spook_World (15 Aug 2015 11:17:55 pm)
[2015.08.15-03.17.55:250][203]LogPlayLevel: Creating play world package: /Game/Spook/MapAndGameMode/UEDPIE_0_Spook_World
[2015.08.15-03.17.55:288][203]LogPlayLevel: PIE: StaticDuplicateObject took: (0.037775s)
[2015.08.15-03.17.55:289][203]LogAIModule: Creating AISystem for world Spook_World
[2015.08.15-03.17.55:290][203]LogPlayLevel: PIE: World Init took: (0.002204s)
[2015.08.15-03.17.55:290][203]LogPlayLevel: PIE: Created PIE world by copying editor world from /Game/Spook/MapAndGameMode/Spook_World.Spook_World to /Game/Spook/MapAndGameMode/UEDPIE_0_Spook_World.Spook_World (0.040329s)
[2015.08.15-03.17.55:345][203]LogInit: XAudio2 using 'Speakers (Realtek High Definition Audio)' : 2 channels at 48 kHz using 32 bits per sample (channel mask 0x3)
[2015.08.15-03.17.55:355][203]LogInit: FAudioDevice initialized.
[2015.08.15-03.17.55:388][203]LogWorld: Game class is 'SpookGameMode_C'
[2015.08.15-03.17.55:403][203]LogWorld: Bringing World /Game/Spook/MapAndGameMode/UEDPIE_0_Spook_World.Spook_World up for play (max tick rate 60) at 2015.08.15-13.17.55
[2015.08.15-03.17.55:403][203]LogActor:Warning: GameSession /Game/Spook/MapAndGameMode/UEDPIE_0_Spook_World.Spook_World:PersistentLevel.GameSession_5 has natively added scene component(s), but none of them were set as the actor's RootComponent - picking one arbitrarily
[2015.08.15-03.17.55:404][203]LogActor:Warning: GameNetworkManager /Game/Spook/MapAndGameMode/UEDPIE_0_Spook_World.Spook_World:PersistentLevel.GameNetworkManager_7 has natively added scene component(s), but none of them were set as the actor's RootComponent - picking one arbitrarily
[2015.08.15-03.17.55:405][203]LogWorld: Bringing up level for play took: 0.014807
[2015.08.15-03.17.55:409][203]PIE: Info Play in editor start time for /Game/Spook/MapAndGameMode/UEDPIE_0_Spook_World 0.876
[2015.08.15-03.17.57:266][301]LogParticles: Destroying 0 GPU particle simulations for FXSystem 0x0000001DDC918A40
[2015.08.15-03.17.59:388][419]LogEditorViewport: Clicking on Actor (LMB): StaticMeshActor (Open_blockout)
[2015.08.15-03.17.59:799][438]Cmd: DELETE
[2015.08.15-03.17.59:799][438]Cmd: ACTOR DELETE
[2015.08.15-03.17.59:801][438]LogEditorActor: Deleted Actor: StaticMeshActor
[2015.08.15-03.17.59:864][438]LogEditorActor: Deleted 1 Actors (0.064 secs)
[2015.08.15-03.18.01:362][525]LogEditorViewport: Clicking on Actor (LMB): StaticMeshActor (LowPolyLiveTree)
[2015.08.15-03.18.01:472][529]Cmd: DELETE
[2015.08.15-03.18.01:472][529]Cmd: ACTOR DELETE
[2015.08.15-03.18.01:474][529]LogEditorActor: Deleted Actor: StaticMeshActor
[2015.08.15-03.18.01:541][529]LogEditorActor: Deleted 1 Actors (0.070 secs)
[2015.08.15-03.18.02:176][567]LogEditorViewport: Clicking on Actor (LMB): BP_Sky_Sphere_C (SkySphereBlueprint)
[2015.08.15-03.18.02:683][596]LogEditorViewport: Clicking on Actor (LMB): StaticMeshActor (BreakableFence14)
[2015.08.15-03.18.02:755][598]Cmd: DELETE
[2015.08.15-03.18.02:755][598]Cmd: ACTOR DELETE
[2015.08.15-03.18.02:756][598]LogEditorActor: Deleted Actor: StaticMeshActor
[2015.08.15-03.18.02:832][598]LogEditorActor: Deleted 1 Actors (0.078 secs)
[2015.08.15-03.18.04:328][687]LogEditorViewport: Clicking on Actor (LMB): BP_Sky_Sphere_C (SkySphereBlueprint)
[2015.08.15-03.18.04:730][709]LogEditorViewport: Clicking on Actor (LMB): StaticMeshActor (BreakableFence16)
[2015.08.15-03.18.04:820][712]Cmd: DELETE
[2015.08.15-03.18.04:820][712]Cmd: ACTOR DELETE
[2015.08.15-03.18.04:822][712]LogEditorActor: Deleted Actor: StaticMeshActor
[2015.08.15-03.18.04:888][712]LogEditorActor: Deleted 1 Actors (0.068 secs)
[2015.08.15-03.18.05:217][732]LogEditorViewport: Clicking on Actor (LMB): BP_Sky_Sphere_C (SkySphereBlueprint)
[2015.08.15-03.18.05:374][740]Cmd: DELETE
[2015.08.15-03.18.05:374][740]Cmd: ACTOR DELETE
[2015.08.15-03.18.05:375][740]LogEditorActor: Deleted Actor: BP_Sky_Sphere_C
[2015.08.15-03.18.05:434][740]LogEditorActor: Deleted 1 Actors (0.060 secs)
[2015.08.15-03.18.06:760][820]Cmd: TRANSACTION UNDO
[2015.08.15-03.18.06:760][820]LogEditorTransaction: Undo Delete Actors
[2015.08.15-03.18.06:771][820]LogD3D11RHI: InitD3DDevice
[2015.08.15-03.18.07:525][855]LogEditorViewport: Clicking on Actor (LMB): StaticMeshActor (BreakableFence12)
[2015.08.15-03.18.07:849][872]Cmd: DELETE
[2015.08.15-03.18.07:849][872]Cmd: ACTOR DELETE
[2015.08.15-03.18.07:850][872]LogEditorActor: Deleted Actor: StaticMeshActor
[2015.08.15-03.18.07:909][872]LogEditorActor: Deleted 1 Actors (0.060 secs)
[2015.08.15-03.18.08:486][907]LogEditorViewport: Clicking on Actor (LMB): StaticMeshActor (BreakableFence13)
[2015.08.15-03.18.08:665][915]Cmd: DELETE
[2015.08.15-03.18.08:665][915]Cmd: ACTOR DELETE
[2015.08.15-03.18.08:667][915]LogEditorActor: Deleted Actor: StaticMeshActor
[2015.08.15-03.18.08:728][915]LogEditorActor: Deleted 1 Actors (0.063 secs)
[2015.08.15-03.18.09:306][950]LogEditorViewport: Clicking on Actor (LMB): StaticMeshActor (BreakableFence11)
[2015.08.15-03.18.09:477][958]Cmd: DELETE
[2015.08.15-03.18.09:477][958]Cmd: ACTOR DELETE
[2015.08.15-03.18.09:480][958]LogEditorActor: Deleted Actor: StaticMeshActor
[2015.08.15-03.18.09:539][958]LogEditorActor: Deleted 1 Actors (0.061 secs)
[2015.08.15-03.18.10:142][994]LogEditorViewport: Clicking on Actor (LMB): BP_Sky_Sphere_C (SkySphereBlueprint)
[2015.08.15-03.18.10:314][  3]Cmd: DELETE
[2015.08.15-03.18.10:314][  3]Cmd: ACTOR DELETE
[2015.08.15-03.18.10:315][  3]LogEditorActor: Deleted Actor: BP_Sky_Sphere_C
[2015.08.15-03.18.10:376][  3]LogEditorActor: Deleted 1 Actors (0.062 secs)
[2015.08.15-03.18.11:673][ 81]Cmd: TRANSACTION UNDO
[2015.08.15-03.18.11:673][ 81]LogEditorTransaction: Undo Delete Actors
[2015.08.15-03.18.11:682][ 81]LogD3D11RHI: InitD3DDevice
[2015.08.15-03.18.12:409][114]LogEditorViewport: Clicking on Actor (LMB): StaticMeshActor (BreakableFence15)
[2015.08.15-03.18.12:766][133]Cmd: DELETE
[2015.08.15-03.18.12:766][133]Cmd: ACTOR DELETE
[2015.08.15-03.18.12:768][133]LogEditorActor: Deleted Actor: StaticMeshActor
[2015.08.15-03.18.12:829][133]LogEditorActor: Deleted 1 Actors (0.063 secs)
[2015.08.15-03.18.13:533][175]LogEditorViewport: Clicking on Actor (LMB): StaticMeshActor (LowPolyDeadTree)
[2015.08.15-03.18.13:649][179]Cmd: DELETE
[2015.08.15-03.18.13:649][179]Cmd: ACTOR DELETE
[2015.08.15-03.18.13:650][179]LogEditorActor: Deleted Actor: StaticMeshActor
[2015.08.15-03.18.13:711][179]LogEditorActor: Deleted 1 Actors (0.063 secs)
[2015.08.15-03.18.15:677][296]LogEditorViewport: Clicking on Actor (LMB): StaticMeshActor (LowPolyRock1)
[2015.08.15-03.18.16:057][316]Cmd: DELETE
[2015.08.15-03.18.16:057][316]Cmd: ACTOR DELETE
[2015.08.15-03.18.16:058][316]LogEditorActor: Deleted Actor: StaticMeshActor
[2015.08.15-03.18.16:120][316]LogEditorActor: Deleted 1 Actors (0.063 secs)
[2015.08.15-03.18.16:500][339]LogEditorViewport: Clicking on Actor (LMB): StaticMeshActor (LowPolyRock2)
[2015.08.15-03.18.16:816][356]Cmd: DELETE
[2015.08.15-03.18.16:816][356]Cmd: ACTOR DELETE
[2015.08.15-03.18.16:817][356]LogEditorActor: Deleted Actor: StaticMeshActor
[2015.08.15-03.18.16:871][356]LogEditorActor: Deleted 1 Actors (0.055 secs)
[2015.08.15-03.18.17:219][377]LogEditorViewport: Clicking on Actor (LMB): StaticMeshActor (LowPolyDeadTree3)
[2015.08.15-03.18.17:387][385]Cmd: DELETE
[2015.08.15-03.18.17:387][385]Cmd: ACTOR DELETE
[2015.08.15-03.18.17:389][385]LogEditorActor: Deleted Actor: StaticMeshActor
[2015.08.15-03.18.17:450][385]LogEditorActor: Deleted 1 Actors (0.063 secs)
[2015.08.15-03.18.17:901][412]LogEditorViewport: Clicking on Actor (LMB): BP_Sky_Sphere_C (SkySphereBlueprint)
[2015.08.15-03.18.20:528][568]LogEditorViewport: Clicking on Actor (LMB): BP_Sky_Sphere_C (SkySphereBlueprint)
[2015.08.15-03.18.21:105][602]LogEditorViewport: Clicking on Actor (LMB): StaticMeshActor (BreakableFence8)
[2015.08.15-03.18.21:424][619]Cmd: DELETE
[2015.08.15-03.18.21:424][619]Cmd: ACTOR DELETE
[2015.08.15-03.18.21:425][619]LogEditorActor: Deleted Actor: StaticMeshActor
[2015.08.15-03.18.21:480][619]LogEditorActor: Deleted 1 Actors (0.056 secs)
[2015.08.15-03.18.22:242][665]LogEditorViewport: Clicking on Actor (LMB): StaticMeshActor (BreakableFence6)
[2015.08.15-03.18.22:352][669]Cmd: DELETE
[2015.08.15-03.18.22:352][669]Cmd: ACTOR DELETE
[2015.08.15-03.18.22:353][669]LogEditorActor: Deleted Actor: StaticMeshActor
[2015.08.15-03.18.22:412][669]LogEditorActor: Deleted 1 Actors (0.060 secs)
[2015.08.15-03.18.23:049][707]LogEditorViewport: Clicking on Actor (LMB): StaticMeshActor (BreakableFence5)
[2015.08.15-03.18.24:164][772]Cmd: DELETE
[2015.08.15-03.18.24:164][772]Cmd: ACTOR DELETE
[2015.08.15-03.18.24:165][772]LogEditorActor: Deleted Actor: StaticMeshActor
[2015.08.15-03.18.24:226][772]LogEditorActor: Deleted 1 Actors (0.062 secs)
[2015.08.15-03.18.24:736][803]LogEditorViewport: Clicking on Actor (LMB): BP_Sky_Sphere_C (SkySphereBlueprint)
[2015.08.15-03.18.25:261][833]LogEditorViewport: Clicking on Actor (LMB): StaticMeshActor (BreakableFence3)
[2015.08.15-03.18.25:933][871]Cmd: DELETE
[2015.08.15-03.18.25:933][871]Cmd: ACTOR DELETE
[2015.08.15-03.18.25:934][871]LogEditorActor: Deleted Actor: StaticMeshActor
[2015.08.15-03.18.25:992][871]LogEditorActor: Deleted 1 Actors (0.060 secs)
[2015.08.15-03.18.26:352][893]LogEditorViewport: Clicking on Actor (LMB): StaticMeshActor (BreakableFence4)
[2015.08.15-03.18.26:702][912]Cmd: DELETE
[2015.08.15-03.18.26:702][912]Cmd: ACTOR DELETE
[2015.08.15-03.18.26:704][912]LogEditorActor: Deleted Actor: StaticMeshActor
[2015.08.15-03.18.26:764][912]LogEditorActor: Deleted 1 Actors (0.061 secs)
[2015.08.15-03.18.27:272][943]LogEditorViewport: Clicking on Actor (LMB): BP_Sky_Sphere_C (SkySphereBlueprint)
[2015.08.15-03.18.27:831][975]LogEditorViewport: Clicking on Actor (LMB): StaticMeshActor (BreakableFence2)
[2015.08.15-03.18.28:371][  5]Cmd: DELETE
[2015.08.15-03.18.28:371][  5]Cmd: ACTOR DELETE
[2015.08.15-03.18.28:372][  5]LogEditorActor: Deleted Actor: StaticMeshActor
[2015.08.15-03.18.28:430][  5]LogEditorActor: Deleted 1 Actors (0.059 secs)
[2015.08.15-03.18.34:527][358]BlueprintLog: New page: Pre-PIE auto-recompile
[2015.08.15-03.18.34:539][358]LogPlayLevel: [PIE] Compiling Spook_World before PIE...
[2015.08.15-03.18.34:670][358]LogPlayLevel: PIE:  Blueprint regeneration took 143 ms (1 blueprints)
[2015.08.15-03.18.34:671][358]PIE: New page: PIE session: Spook_World (15 Aug 2015 11:18:34 pm)
[2015.08.15-03.18.34:671][358]LogPlayLevel: Creating play world package: /Game/Spook/MapAndGameMode/UEDPIE_0_Spook_World
[2015.08.15-03.18.34:707][358]LogPlayLevel: PIE: StaticDuplicateObject took: (0.036045s)
[2015.08.15-03.18.34:709][358]LogAIModule: Creating AISystem for world Spook_World
[2015.08.15-03.18.34:710][358]LogPlayLevel: PIE: World Init took: (0.002478s)
[2015.08.15-03.18.34:710][358]LogPlayLevel: PIE: Created PIE world by copying editor world from /Game/Spook/MapAndGameMode/Spook_World.Spook_World to /Game/Spook/MapAndGameMode/UEDPIE_0_Spook_World.Spook_World (0.038844s)
[2015.08.15-03.18.34:766][358]LogInit: XAudio2 using 'Speakers (Realtek High Definition Audio)' : 2 channels at 48 kHz using 32 bits per sample (channel mask 0x3)
[2015.08.15-03.18.34:775][358]LogInit: FAudioDevice initialized.
[2015.08.15-03.18.34:812][358]LogWorld: Game class is 'SpookGameMode_C'
[2015.08.15-03.18.34:824][358]LogWorld: Bringing World /Game/Spook/MapAndGameMode/UEDPIE_0_Spook_World.Spook_World up for play (max tick rate 60) at 2015.08.15-13.18.34
[2015.08.15-03.18.34:824][358]LogActor:Warning: GameSession /Game/Spook/MapAndGameMode/UEDPIE_0_Spook_World.Spook_World:PersistentLevel.GameSession_6 has natively added scene component(s), but none of them were set as the actor's RootComponent - picking one arbitrarily
[2015.08.15-03.18.34:824][358]LogActor:Warning: GameNetworkManager /Game/Spook/MapAndGameMode/UEDPIE_0_Spook_World.Spook_World:PersistentLevel.GameNetworkManager_8 has natively added scene component(s), but none of them were set as the actor's RootComponent - picking one arbitrarily
[2015.08.15-03.18.34:825][358]LogWorld: Bringing up level for play took: 0.011406
[2015.08.15-03.18.34:829][358]PIE: Info Play in editor start time for /Game/Spook/MapAndGameMode/UEDPIE_0_Spook_World 0.297
[2015.08.15-03.18.40:722][702]LogParticles: Destroying 0 GPU particle simulations for FXSystem 0x0000001DDC91B060
[2015.08.15-03.19.25:661][831]LogD3D11RHI: InitD3DDevice
[2015.08.15-03.19.27:545][943]LogLinker:Warning: Can't find file '/Game/StarterContent/Particles/Materials/M_Radial_Gradient'
[2015.08.15-03.19.27:545][943]LogLinker:Warning: Can't find file for asset '/Game/StarterContent/Particles/Materials/M_Radial_Gradient' while loading ../../../../../../SourceTree/Spook/Spook_Prototype/Content/Spook/ParticleSystems/P_Sparks.uasset.
[2015.08.15-03.19.27:545][943]LoadErrors:Error: Error /Game/Spook/ParticleSystems/P_Sparks : Can't find file for asset. /Game/StarterContent/Particles/Materials/M_Radial_Gradient
[2015.08.15-03.19.27:545][943]LogLinker:Warning: Can't find file '/Game/StarterContent/Particles/Materials/M_smoke_subUV'
[2015.08.15-03.19.27:545][943]LogLinker:Warning: Can't find file for asset '/Game/StarterContent/Particles/Materials/M_smoke_subUV' while loading ../../../../../../SourceTree/Spook/Spook_Prototype/Content/Spook/ParticleSystems/P_Sparks.uasset.
[2015.08.15-03.19.27:545][943]LoadErrors:Error: Error /Game/Spook/ParticleSystems/P_Sparks : Can't find file for asset. /Game/StarterContent/Particles/Materials/M_smoke_subUV
[2015.08.15-03.19.27:545][943]LogLinker:Warning: Can't find file '/Game/StarterContent/Particles/Materials/M_Spark'
[2015.08.15-03.19.27:546][943]LogLinker:Warning: Can't find file for asset '/Game/StarterContent/Particles/Materials/M_Spark' while loading ../../../../../../SourceTree/Spook/Spook_Prototype/Content/Spook/ParticleSystems/P_Sparks.uasset.
[2015.08.15-03.19.27:546][943]LoadErrors:Error: Error /Game/Spook/ParticleSystems/P_Sparks : Can't find file for asset. /Game/StarterContent/Particles/Materials/M_Spark
[2015.08.15-03.19.27:546][943]LogLinker:Warning: Can't find file '/Game/StarterContent/Particles/Materials/M_Radial_Gradient'
[2015.08.15-03.19.27:546][943]LogLinker:Warning: Can't find file for asset '/Game/StarterContent/Particles/Materials/M_Radial_Gradient' while loading ../../../../../../SourceTree/Spook/Spook_Prototype/Content/Spook/ParticleSystems/P_Sparks.uasset.
[2015.08.15-03.19.27:546][943]LogLinker:Warning: Can't find file '/Game/StarterContent/Particles/Materials/M_smoke_subUV'
[2015.08.15-03.19.27:546][943]LogLinker:Warning: Can't find file for asset '/Game/StarterContent/Particles/Materials/M_smoke_subUV' while loading ../../../../../../SourceTree/Spook/Spook_Prototype/Content/Spook/ParticleSystems/P_Sparks.uasset.
[2015.08.15-03.19.27:546][943]LogLinker:Warning: Can't find file '/Game/StarterContent/Particles/Materials/M_Spark'
[2015.08.15-03.19.27:547][943]LogLinker:Warning: Can't find file for asset '/Game/StarterContent/Particles/Materials/M_Spark' while loading ../../../../../../SourceTree/Spook/Spook_Prototype/Content/Spook/ParticleSystems/P_Sparks.uasset.
[2015.08.15-03.19.27:551][943]LogLinker:Warning: Can't find file '/Game/StarterContent/Particles/Materials/M_Spark'
[2015.08.15-03.19.27:551][943]LoadErrors: Info Failed to load /Game/StarterContent/Particles/Materials/M_Spark.M_Spark Referenced by ParticleModuleRequired_0
[2015.08.15-03.19.27:551][943]LogLinker:Warning: Can't find file for asset '/Game/StarterContent/Particles/Materials/M_Spark' while loading NULL.
[2015.08.15-03.19.27:551][943]LogLinker:Warning: Can't find file '/Game/StarterContent/Particles/Materials/M_smoke_subUV'
[2015.08.15-03.19.27:551][943]LoadErrors: Info Failed to load /Game/StarterContent/Particles/Materials/M_smoke_subUV.M_smoke_subUV Referenced by ParticleModuleRequired_1
[2015.08.15-03.19.27:551][943]LogLinker:Warning: Can't find file for asset '/Game/StarterContent/Particles/Materials/M_smoke_subUV' while loading NULL.
[2015.08.15-03.19.27:552][943]LogLinker:Warning: Can't find file '/Game/StarterContent/Particles/Materials/M_Radial_Gradient'
[2015.08.15-03.19.27:552][943]LoadErrors: Info Failed to load /Game/StarterContent/Particles/Materials/M_Radial_Gradient.M_Radial_Gradient Referenced by ParticleModuleRequired_4
[2015.08.15-03.19.27:552][943]LogLinker:Warning: Can't find file for asset '/Game/StarterContent/Particles/Materials/M_Radial_Gradient' while loading NULL.
[2015.08.15-03.19.27:662][943]LogD3D11RHI: InitD3DDevice
[2015.08.15-03.19.29:047][943]LogD3D11RHI: InitD3DDevice
[2015.08.15-03.19.29:101][943]LogD3D11RHI: InitD3DDevice
[2015.08.15-03.19.29:145][943]LogD3D11RHI: InitD3DDevice
[2015.08.15-03.19.42:239][689]LogD3D11RHI: InitD3DDevice
[2015.08.15-03.19.44:245][807]LogD3D11RHI: InitD3DDevice
[2015.08.15-03.19.44:959][849]LogUObjectGlobals:Warning: Failed to find object 'Object /Game/Spook/Characters/Frank/FrankController.FrankController'
[2015.08.15-03.19.44:959][849]LogUObjectGlobals:Warning: Failed to find object 'Object /Game/Spook/Characters/Frank/FrankController.Default__FrankController_C'
[2015.08.15-03.19.44:960][849]LogUObjectGlobals:Warning: Failed to find object 'Object /Game/Spook/Characters/Frank/FrankController.FrankController_C'
[2015.08.15-03.19.44:961][849]LogD3D11RHI: InitD3DDevice
[2015.08.15-03.19.45:838][892]LogActorComponent: UnregisterComponent: (/Engine/Transient.CharMoveComp) Not registered. Aborting.
[2015.08.15-03.19.45:839][892]LogActorComponent: UnregisterComponent: (/Engine/Transient.CharacterMovementComponent_6) Not registered. Aborting.
[2015.08.15-03.19.45:896][892]LogD3D11RHI: InitD3DDevice
[2015.08.15-03.19.52:052][892]LogSavePackage: Save=5901.116699ms
[2015.08.15-03.19.52:052][892]LogSavePackage: Moving '../../../../../../SourceTree/Spook/Spook_Prototype/Saved/Spook_World1E9219A346D044806331B08AFBCFAFFD.tmp' to '../../../../../../SourceTree/Spook/Spook_Prototype/Content/Spook/MapAndGameMode/Spook_World.umap'
[2015.08.15-03.19.52:131][892]LogFileHelpers: Saving map 'Spook_World' took 6.208
[2015.08.15-03.19.52:648][923]LogD3D11RHI: InitD3DDevice
[2015.08.15-03.20.10:922][493]LogD3D11RHI: InitD3DDevice
[2015.08.15-03.20.10:962][493]LogD3D11RHI: InitD3DDevice
[2015.08.15-03.20.23:492][140]LogD3D11RHI: InitD3DDevice
[2015.08.15-03.20.24:228][166]LogD3D11RHI: InitD3DDevice
[2015.08.15-03.20.39:412][936]LogActorComponent: UnregisterComponent: (/Engine/Transient.CharMoveComp) Not registered. Aborting.
[2015.08.15-03.20.39:413][936]LogActorComponent: UnregisterComponent: (/Engine/Transient.CharacterMovementComponent_7) Not registered. Aborting.
[2015.08.15-03.20.39:478][936]LogD3D11RHI: InitD3DDevice
[2015.08.15-03.20.39:542][936]Cmd: OBJ SAVEPACKAGE PACKAGE="/Game/Spook/Characters/Sheep/SheepController" FILE="../../../../../../SourceTree/Spook/Spook_Prototype/Content/Spook/Characters/Sheep/SheepController.uasset" SILENT=true
[2015.08.15-03.20.39:731][936]LogSavePackage: Save=172.833939ms
[2015.08.15-03.20.39:731][936]LogSavePackage: Moving '../../../../../../SourceTree/Spook/Spook_Prototype/Saved/SheepController26E09F77434391736C5EE58CFB461BED.tmp' to '../../../../../../SourceTree/Spook/Spook_Prototype/Content/Spook/Characters/Sheep/SheepController.uasset'
[2015.08.15-03.20.40:839][993]BlueprintLog: New page: Pre-PIE auto-recompile
[2015.08.15-03.20.40:845][993]LogActorComponent: UnregisterComponent: (/Engine/Transient.CharMoveComp) Not registered. Aborting.
[2015.08.15-03.20.40:868][993]LogPlayLevel: [PIE] Compiling SheepController before PIE...
[2015.08.15-03.20.41:169][993]LogPlayLevel: [PIE] Compiling Spook_World before PIE...
[2015.08.15-03.20.41:262][993]LogPlayLevel: [PIE] Compiling AnimBP_Sheep before PIE...
[2015.08.15-03.20.41:465][993]LogPlayLevel: PIE:  Blueprint regeneration took 626 ms (3 blueprints)
[2015.08.15-03.20.41:465][993]PIE: New page: PIE session: Spook_World (15 Aug 2015 11:20:41 pm)
[2015.08.15-03.20.41:466][993]LogPlayLevel: Creating play world package: /Game/Spook/MapAndGameMode/UEDPIE_0_Spook_World
[2015.08.15-03.20.41:502][993]LogPlayLevel: PIE: StaticDuplicateObject took: (0.035689s)
[2015.08.15-03.20.41:503][993]LogAIModule: Creating AISystem for world Spook_World
[2015.08.15-03.20.41:505][993]LogPlayLevel: PIE: World Init took: (0.003136s)
[2015.08.15-03.20.41:505][993]LogPlayLevel: PIE: Created PIE world by copying editor world from /Game/Spook/MapAndGameMode/Spook_World.Spook_World to /Game/Spook/MapAndGameMode/UEDPIE_0_Spook_World.Spook_World (0.039203s)
[2015.08.15-03.20.41:560][993]LogInit: XAudio2 using 'Speakers (Realtek High Definition Audio)' : 2 channels at 48 kHz using 32 bits per sample (channel mask 0x3)
[2015.08.15-03.20.41:571][993]LogInit: FAudioDevice initialized.
[2015.08.15-03.20.41:612][993]LogWorld: Game class is 'SpookGameMode_C'
[2015.08.15-03.20.41:624][993]LogWorld: Bringing World /Game/Spook/MapAndGameMode/UEDPIE_0_Spook_World.Spook_World up for play (max tick rate 60) at 2015.08.15-13.20.41
[2015.08.15-03.20.41:624][993]LogActor:Warning: GameSession /Game/Spook/MapAndGameMode/UEDPIE_0_Spook_World.Spook_World:PersistentLevel.GameSession_7 has natively added scene component(s), but none of them were set as the actor's RootComponent - picking one arbitrarily
[2015.08.15-03.20.41:625][993]LogActor:Warning: GameNetworkManager /Game/Spook/MapAndGameMode/UEDPIE_0_Spook_World.Spook_World:PersistentLevel.GameNetworkManager_9 has natively added scene component(s), but none of them were set as the actor's RootComponent - picking one arbitrarily
[2015.08.15-03.20.41:626][993]LogWorld: Bringing up level for play took: 0.011591
[2015.08.15-03.20.41:630][993]PIE: Info Play in editor start time for /Game/Spook/MapAndGameMode/UEDPIE_0_Spook_World 1.096
[2015.08.15-03.21.02:717][196]LogActorComponent: UnregisterComponent: (/Engine/Transient.CharMoveComp) Not registered. Aborting.
[2015.08.15-03.21.02:776][196]LogParticles: Destroying 0 GPU particle simulations for FXSystem 0x0000001DE3A77E20
[2015.08.15-03.21.12:520][642]LogD3D11RHI: InitD3DDevice
[2015.08.15-03.21.13:525][642]LogSkeletalMesh: InitArticulated: Bodies already created (/Engine/Transient.DebugSkelMeshComponent_0) - call TermArticulated first.
[2015.08.15-03.21.13:698][642]LogLinker:Warning: Asset '../../../Engine/Content/Tutorial/SubEditors/PersonaAnimEditorTutorial.uasset' has been saved with empty engine version. The asset will be loaded but may be incompatible.
[2015.08.15-03.21.13:939][642]LogContentBrowser:Verbose: The majority of assets in the view are of type: AnimSequence
[2015.08.15-03.21.21:665][ 41]LogActorComponent: UnregisterComponent: (/Engine/Transient.CharMoveComp) Not registered. Aborting.
[2015.08.15-03.21.21:733][ 41]LogD3D11RHI: InitD3DDevice
[2015.08.15-03.21.27:791][ 41]LogSavePackage: Save=5842.530273ms
[2015.08.15-03.21.27:791][ 41]LogSavePackage: Moving '../../../../../../SourceTree/Spook/Spook_Prototype/Saved/Spook_WorldA67A75E0452240DF1DDB2CB09EC45533.tmp' to '../../../../../../SourceTree/Spook/Spook_Prototype/Content/Spook/MapAndGameMode/Spook_World.umap'
[2015.08.15-03.21.27:867][ 41]LogFileHelpers: Saving map 'Spook_World' took 6.099
[2015.08.15-03.21.27:938][ 41]LogSavePackage: Save=18.989136ms
[2015.08.15-03.21.27:939][ 41]LogSavePackage: Moving '../../../../../../SourceTree/Spook/Spook_Prototype/Saved/Sheep_Model_Walk0264EFA7414502AA6437C794D46BC2E9.tmp' to '../../../../../../SourceTree/Spook/Spook_Prototype/Content/Spook/Characters/Sheep/Resource/Animations/Sheep_Model_Walk.uasset'
[2015.08.15-03.21.35:668][355]LogD3D11RHI: InitD3DDevice
[2015.08.15-03.21.39:563][526]LogParticles: Destroying 0 GPU particle simulations for FXSystem 0x0000001DBCC57A60
[2015.08.15-03.21.39:589][526]LogD3D11RHI: InitD3DDevice
[2015.08.15-03.21.39:690][526]LogSavePackage: Save=20.460695ms
[2015.08.15-03.21.39:690][526]LogSavePackage: Moving '../../../../../../SourceTree/Spook/Spook_Prototype/Saved/Sheep_Model_RunE5B336F54C684DA282A9E9B09CAB3A02.tmp' to '../../../../../../SourceTree/Spook/Spook_Prototype/Content/Spook/Characters/Sheep/Resource/Animations/Sheep_Model_Run.uasset'
[2015.08.15-03.21.41:338][601]LogD3D11RHI: InitD3DDevice
[2015.08.15-03.21.43:584][712]BlueprintLog: New page: Pre-PIE auto-recompile
[2015.08.15-03.21.43:602][712]LogPlayLevel: [PIE] Compiling Spook_World before PIE...
[2015.08.15-03.21.43:762][712]LogPlayLevel: PIE:  Blueprint regeneration took 177 ms (1 blueprints)
[2015.08.15-03.21.43:762][712]PIE: New page: PIE session: Spook_World (15 Aug 2015 11:21:43 pm)
[2015.08.15-03.21.43:762][712]LogPlayLevel: Creating play world package: /Game/Spook/MapAndGameMode/UEDPIE_0_Spook_World
[2015.08.15-03.21.43:806][712]LogPlayLevel: PIE: StaticDuplicateObject took: (0.043485s)
[2015.08.15-03.21.43:807][712]LogAIModule: Creating AISystem for world Spook_World
[2015.08.15-03.21.43:808][712]LogPlayLevel: PIE: World Init took: (0.002270s)
[2015.08.15-03.21.43:808][712]LogPlayLevel: PIE: Created PIE world by copying editor world from /Game/Spook/MapAndGameMode/Spook_World.Spook_World to /Game/Spook/MapAndGameMode/UEDPIE_0_Spook_World.Spook_World (0.046063s)
[2015.08.15-03.21.43:874][712]LogInit: XAudio2 using 'Speakers (Realtek High Definition Audio)' : 2 channels at 48 kHz using 32 bits per sample (channel mask 0x3)
[2015.08.15-03.21.43:887][712]LogInit: FAudioDevice initialized.
[2015.08.15-03.21.43:926][712]LogWorld: Game class is 'SpookGameMode_C'
[2015.08.15-03.21.43:941][712]LogWorld: Bringing World /Game/Spook/MapAndGameMode/UEDPIE_0_Spook_World.Spook_World up for play (max tick rate 60) at 2015.08.15-13.21.43
[2015.08.15-03.21.43:941][712]LogActor:Warning: GameSession /Game/Spook/MapAndGameMode/UEDPIE_0_Spook_World.Spook_World:PersistentLevel.GameSession_8 has natively added scene component(s), but none of them were set as the actor's RootComponent - picking one arbitrarily
[2015.08.15-03.21.43:941][712]LogActor:Warning: GameNetworkManager /Game/Spook/MapAndGameMode/UEDPIE_0_Spook_World.Spook_World:PersistentLevel.GameNetworkManager_10 has natively added scene component(s), but none of them were set as the actor's RootComponent - picking one arbitrarily
[2015.08.15-03.21.43:942][712]LogWorld: Bringing up level for play took: 0.014439
[2015.08.15-03.21.43:947][712]PIE: Info Play in editor start time for /Game/Spook/MapAndGameMode/UEDPIE_0_Spook_World -0.586
[2015.08.15-03.22.01:417][710]LogParticles: Destroying 0 GPU particle simulations for FXSystem 0x0000001DB3736FC0
[2015.08.15-03.22.07:145][953]LogD3D11RHI: InitD3DDevice
[2015.08.15-03.22.07:211][953]LogMaterial: Missing cached shader map for material Mat_Sheep, compiling. 
[2015.08.15-03.22.07:394][953]LogMaterial: Missing cached shader map for material Mat_Sheep, compiling. 
[2015.08.15-03.22.07:408][953]LogMaterial: 0.000078 seconds spent updating 1 materials, 1 interfaces, 0 instances, 0 with static permutations.
[2015.08.15-03.22.07:446][953]LogMaterial: Missing cached shader map for material FMatExpressionPreview MaterialExpressionConstant4Vector_0, compiling. 
[2015.08.15-03.22.11:825][132]LogD3D11RHI: InitD3DDevice
[2015.08.15-03.22.17:035][346]LogMaterial: Missing cached shader map for material Mat_Sheep, compiling. 
[2015.08.15-03.22.17:060][346]LogMaterial: 0.000065 seconds spent updating 1 materials, 1 interfaces, 0 instances, 0 with static permutations.
[2015.08.15-03.22.17:102][346]LogMaterial: Missing cached shader map for material FMatExpressionPreview MaterialExpressionConstant4Vector_0, compiling. 
[2015.08.15-03.22.18:524][408]LogMaterialEditor: Applying material Mat_Sheep
[2015.08.15-03.22.19:496][408]LogMaterial: Missing cached shader map for material Mat_Sheep, compiling. 
[2015.08.15-03.22.19:576][408]LogMaterial: 0.000046 seconds spent updating 1 materials, 1 interfaces, 0 instances, 0 with static permutations.
[2015.08.15-03.22.19:579][408]LogD3D11RHI: InitD3DDevice
[2015.08.15-03.22.19:638][408]LogMaterial: Missing cached shader map for material Mat_Sheep, compiling. 
[2015.08.15-03.22.19:733][408]LogMaterial: Missing cached shader map for material Mat_Sheep, compiling. 
[2015.08.15-03.22.19:780][408]LogMaterial: 0.001844 seconds spent updating 1 materials, 1 interfaces, 0 instances, 0 with static permutations.
[2015.08.15-03.22.20:656][416]LogMaterialEditor: Saving and Compiling material Mat_Sheep
[2015.08.15-03.22.20:661][416]LogD3D11RHI: InitD3DDevice
[2015.08.15-03.22.37:909][416]LogSavePackage: Save=18.987854ms
[2015.08.15-03.22.37:909][416]LogSavePackage: Moving '../../../../../../SourceTree/Spook/Spook_Prototype/Saved/Mat_SheepAEE977D6495139F9465B8697AD2EF8C5.tmp' to '../../../../../../SourceTree/Spook/Spook_Prototype/Content/Spook/Characters/Sheep/Resource/Mat_Sheep.uasset'
[2015.08.15-03.22.37:925][416]MaterialEditorStats: Info Base pass shader with only dynamic lighting: 62 instructions
[2015.08.15-03.22.37:925][416]MaterialEditorStats: Info Vertex shader: 31 instructions
[2015.08.15-03.22.37:925][416]MaterialEditorStats: Info Texture samplers: 3/16
[2015.08.15-03.23.04:506][824]BlueprintLog: New page: Pre-PIE auto-recompile
[2015.08.15-03.23.04:517][824]LogPlayLevel: [PIE] Compiling Spook_World before PIE...
[2015.08.15-03.23.04:622][824]LogActorComponent: UnregisterComponent: (/Engine/Transient.CharMoveComp) Not registered. Aborting.
[2015.08.15-03.23.04:688][824]LogPlayLevel: PIE:  Blueprint regeneration took 182 ms (1 blueprints)
[2015.08.15-03.23.04:688][824]PIE: New page: PIE session: Spook_World (15 Aug 2015 11:23:04 pm)
[2015.08.15-03.23.04:689][824]LogPlayLevel: Creating play world package: /Game/Spook/MapAndGameMode/UEDPIE_0_Spook_World
[2015.08.15-03.23.04:731][824]LogPlayLevel: PIE: StaticDuplicateObject took: (0.042546s)
[2015.08.15-03.23.04:733][824]LogAIModule: Creating AISystem for world Spook_World
[2015.08.15-03.23.04:734][824]LogPlayLevel: PIE: World Init took: (0.002367s)
[2015.08.15-03.23.04:734][824]LogPlayLevel: PIE: Created PIE world by copying editor world from /Game/Spook/MapAndGameMode/Spook_World.Spook_World to /Game/Spook/MapAndGameMode/UEDPIE_0_Spook_World.Spook_World (0.045303s)
[2015.08.15-03.23.04:805][824]LogInit: XAudio2 using 'Speakers (Realtek High Definition Audio)' : 2 channels at 48 kHz using 32 bits per sample (channel mask 0x3)
[2015.08.15-03.23.04:815][824]LogInit: FAudioDevice initialized.
[2015.08.15-03.23.04:855][824]LogWorld: Game class is 'SpookGameMode_C'
[2015.08.15-03.23.04:868][824]LogWorld: Bringing World /Game/Spook/MapAndGameMode/UEDPIE_0_Spook_World.Spook_World up for play (max tick rate 60) at 2015.08.15-13.23.04
[2015.08.15-03.23.04:868][824]LogActor:Warning: GameSession /Game/Spook/MapAndGameMode/UEDPIE_0_Spook_World.Spook_World:PersistentLevel.GameSession_9 has natively added scene component(s), but none of them were set as the actor's RootComponent - picking one arbitrarily
[2015.08.15-03.23.04:868][824]LogActor:Warning: GameNetworkManager /Game/Spook/MapAndGameMode/UEDPIE_0_Spook_World.Spook_World:PersistentLevel.GameNetworkManager_11 has natively added scene component(s), but none of them were set as the actor's RootComponent - picking one arbitrarily
[2015.08.15-03.23.04:869][824]LogWorld: Bringing up level for play took: 0.012912
[2015.08.15-03.23.04:874][824]PIE: Info Play in editor start time for /Game/Spook/MapAndGameMode/UEDPIE_0_Spook_World 0.341
[2015.08.15-03.23.12:074][219]LogParticles: Destroying 0 GPU particle simulations for FXSystem 0x0000001DD5B16700
[2015.08.15-03.23.22:176][650]LogD3D11RHI: InitD3DDevice
[2015.08.15-03.23.24:442][778]LogD3D11RHI: InitD3DDevice
[2015.08.15-03.23.24:487][778]LogD3D11RHI: InitD3DDevice
[2015.08.15-03.23.26:774][863]LogRenderer: Reallocating scene render targets to support 840x592 (Frame:20715).
[2015.08.15-03.23.29:869][979]LogD3D11RHI: InitD3DDevice
[2015.08.15-03.23.29:889][979]LogMaterial: Missing cached shader map for material Mat_King, compiling. 
[2015.08.15-03.23.30:029][979]LogMaterial: Missing cached shader map for material Mat_King, compiling. 
[2015.08.15-03.23.30:047][979]LogMaterial: 0.000059 seconds spent updating 1 materials, 1 interfaces, 0 instances, 0 with static permutations.
[2015.08.15-03.23.30:071][979]LogMaterial: Missing cached shader map for material FMatExpressionPreview MaterialExpressionConstant4Vector_0, compiling. 
[2015.08.15-03.23.32:106][ 64]LogD3D11RHI: InitD3DDevice
[2015.08.15-03.23.35:377][203]LogMaterial: Missing cached shader map for material Mat_King, compiling. 
[2015.08.15-03.23.35:408][203]LogMaterial: 0.000063 seconds spent updating 1 materials, 1 interfaces, 0 instances, 0 with static permutations.
[2015.08.15-03.23.35:439][203]LogMaterial: Missing cached shader map for material FMatExpressionPreview MaterialExpressionConstant4Vector_0, compiling. 
[2015.08.15-03.23.36:567][253]LogMaterialEditor: Applying material Mat_King
[2015.08.15-03.23.37:485][253]LogMaterial: Missing cached shader map for material Mat_King, compiling. 
[2015.08.15-03.23.37:571][253]LogMaterial: 0.000061 seconds spent updating 1 materials, 1 interfaces, 0 instances, 0 with static permutations.
[2015.08.15-03.23.37:573][253]LogD3D11RHI: InitD3DDevice
[2015.08.15-03.23.37:684][253]LogMaterial: Missing cached shader map for material Mat_King, compiling. 
[2015.08.15-03.23.37:759][253]LogMaterial: Missing cached shader map for material Mat_King, compiling. 
[2015.08.15-03.23.37:806][253]LogMaterial: 0.001393 seconds spent updating 1 materials, 1 interfaces, 0 instances, 0 with static permutations.
[2015.08.15-03.23.38:803][295]LogMaterialEditor: Saving and Compiling material Mat_King
[2015.08.15-03.23.38:810][295]LogD3D11RHI: InitD3DDevice
[2015.08.15-03.23.56:405][295]Cmd: OBJ SAVEPACKAGE PACKAGE="/Game/Spook/Characters/King/Resources/Mat_King" FILE="../../../../../../SourceTree/Spook/Spook_Prototype/Content/Spook/Characters/King/Resources/Mat_King.uasset" SILENT=true
[2015.08.15-03.23.56:442][295]LogSavePackage: Save=23.401247ms
[2015.08.15-03.23.56:442][295]LogSavePackage: Moving '../../../../../../SourceTree/Spook/Spook_Prototype/Saved/Mat_King22C88D3448473EBAEAC98FA6B9532005.tmp' to '../../../../../../SourceTree/Spook/Spook_Prototype/Content/Spook/Characters/King/Resources/Mat_King.uasset'
[2015.08.15-03.23.56:471][296]MaterialEditorStats: Info Base pass shader with only dynamic lighting: 62 instructions
[2015.08.15-03.23.56:471][296]MaterialEditorStats: Info Vertex shader: 31 instructions
[2015.08.15-03.23.56:471][296]MaterialEditorStats: Info Texture samplers: 3/16
[2015.08.15-03.24.04:460][693]LogD3D11RHI: InitD3DDevice
[2015.08.15-03.24.04:471][693]LogMaterial: Missing cached shader map for material Mat_Boar, compiling. 
[2015.08.15-03.24.04:550][693]LogD3D11RHI: InitD3DDevice
[2015.08.15-03.24.04:645][693]LogMaterial: Missing cached shader map for material Mat_Boar, compiling. 
[2015.08.15-03.24.04:667][693]LogMaterial: 0.000051 seconds spent updating 1 materials, 1 interfaces, 0 instances, 0 with static permutations.
[2015.08.15-03.24.04:723][693]LogMaterial: Missing cached shader map for material FMatExpressionPreview MaterialExpressionConstant4Vector_0, compiling. 
[2015.08.15-03.24.06:549][764]LogD3D11RHI: InitD3DDevice
[2015.08.15-03.24.09:537][885]LogMaterial: Missing cached shader map for material Mat_Boar, compiling. 
[2015.08.15-03.24.09:581][885]LogMaterial: 0.000076 seconds spent updating 1 materials, 1 interfaces, 0 instances, 0 with static permutations.
[2015.08.15-03.24.09:610][885]LogMaterial: Missing cached shader map for material FMatExpressionPreview MaterialExpressionConstant4Vector_0, compiling. 
[2015.08.15-03.24.11:088][949]LogMaterialEditor: Saving and Compiling material Mat_Boar
[2015.08.15-03.24.12:048][949]LogMaterial: Missing cached shader map for material Mat_Boar, compiling. 
[2015.08.15-03.24.12:124][949]LogMaterial: 0.000073 seconds spent updating 1 materials, 1 interfaces, 0 instances, 0 with static permutations.
[2015.08.15-03.24.12:126][949]LogD3D11RHI: InitD3DDevice
[2015.08.15-03.24.12:176][949]LogMaterial: Missing cached shader map for material Mat_Boar, compiling. 
[2015.08.15-03.24.12:277][949]LogMaterial: Missing cached shader map for material Mat_Boar, compiling. 
[2015.08.15-03.24.12:325][949]LogMaterial: 0.001233 seconds spent updating 1 materials, 1 interfaces, 0 instances, 0 with static permutations.
[2015.08.15-03.24.12:337][949]LogD3D11RHI: InitD3DDevice
[2015.08.15-03.24.30:645][949]Cmd: OBJ SAVEPACKAGE PACKAGE="/Game/Spook/Characters/Boar/Resources/Mat_Boar" FILE="../../../../../../SourceTree/Spook/Spook_Prototype/Content/Spook/Characters/Boar/Resources/Mat_Boar.uasset" SILENT=true
[2015.08.15-03.24.30:680][949]LogSavePackage: Save=19.375736ms
[2015.08.15-03.24.30:680][949]LogSavePackage: Moving '../../../../../../SourceTree/Spook/Spook_Prototype/Saved/Mat_Boar23F1032B48BB62CDD7B04D9D693EBE5E.tmp' to '../../../../../../SourceTree/Spook/Spook_Prototype/Content/Spook/Characters/Boar/Resources/Mat_Boar.uasset'
[2015.08.15-03.24.30:714][950]MaterialEditorStats: Info Base pass shader with only dynamic lighting: 62 instructions
[2015.08.15-03.24.30:714][950]MaterialEditorStats: Info Vertex shader: 31 instructions
[2015.08.15-03.24.30:714][950]MaterialEditorStats: Info Texture samplers: 3/16
[2015.08.15-03.24.49:900][ 30]LogD3D11RHI: InitD3DDevice
[2015.08.15-03.24.49:949][ 30]LogD3D11RHI: InitD3DDevice
[2015.08.15-03.24.50:289][ 30]LogActor:Warning: GameNetworkManager /Engine/Transient.World_20:PersistentLevel.GameNetworkManager_12 has natively added scene component(s), but none of them were set as the actor's RootComponent - picking one arbitrarily
[2015.08.15-03.24.51:467][ 99]LogD3D11RHI: InitD3DDevice
[2015.08.15-03.24.51:479][ 99]LogSlate:Warning: Prevented a slow task dialog from being summoned while a context menu was open
[2015.08.15-03.24.56:904][400]BlueprintLog: New page: Pre-PIE auto-recompile
[2015.08.15-03.24.56:918][400]LogPlayLevel: [PIE] Compiling Spook_World before PIE...
[2015.08.15-03.24.57:008][400]LogActorComponent: UnregisterComponent: (/Engine/Transient.CharMoveComp) Not registered. Aborting.
[2015.08.15-03.24.57:010][400]LogActorComponent: UnregisterComponent: (/Engine/Transient.CharacterMovementComponent_8) Not registered. Aborting.
[2015.08.15-03.24.57:012][400]LogActorComponent: UnregisterComponent: (/Engine/Transient.CharacterMovementComponent_9) Not registered. Aborting.
[2015.08.15-03.24.57:060][400]LogParticles: Destroying 0 GPU particle simulations for FXSystem 0x0000001DC21B00E0
[2015.08.15-03.24.57:061][400]LogParticles: Destroying 0 GPU particle simulations for FXSystem 0x0000001DE8A29F80
[2015.08.15-03.24.57:061][400]LogParticles: Destroying 0 GPU particle simulations for FXSystem 0x0000001DE62FDC60
[2015.08.15-03.24.57:062][400]LogParticles: Destroying 0 GPU particle simulations for FXSystem 0x0000001DDEDAE840
[2015.08.15-03.24.57