[2015.08.05-05.13.45:672][  0]Log file open, 08/05/15 15:13:45
[2015.08.05-05.13.45:672][  0]LogInit:Display: Running engine for game: Spook_Prototype
[2015.08.05-05.13.45:672][  0]LogInit:Display: RandInit(1375855348) SRandInit(1375855348).
[2015.08.05-05.13.45:672][  0]LogTaskGraph: Started task graph with 4 named threads and 5 total threads.
[2015.08.05-05.13.45:672][  0]LogStats: Stats thread started
[2015.08.05-05.13.45:672][  0]LogInit: Version: 4.8.2-2614606+++depot+UE4-Releases+4.8
[2015.08.05-05.13.45:672][  0]LogInit: API Version: 2579680
[2015.08.05-05.13.45:672][  0]LogInit: Compiled (64-bit): Jul  8 2015 23:43:41
[2015.08.05-05.13.45:672][  0]LogInit: Compiled with Visual C++: 18.00.21005.01
[2015.08.05-05.13.45:672][  0]LogInit: Build Configuration: Development
[2015.08.05-05.13.45:672][  0]LogInit: Branch Name: ++depot+UE4-Releases+4.8
[2015.08.05-05.13.45:672][  0]LogInit: Command line: 
[2015.08.05-05.13.45:672][  0]LogInit: Base directory: C:/Program Files/Epic Games/4.8/Engine/Binaries/Win64/
[2015.08.05-05.13.45:672][  0]LogInit: Rocket: 1
[2015.08.05-05.13.45:703][  0]LogInit: Using libcurl 7.41.0
[2015.08.05-05.13.45:703][  0]LogInit:  - built for x86_64-pc-win32
[2015.08.05-05.13.45:703][  0]LogInit:  - supports SSL with WinSSL
[2015.08.05-05.13.45:703][  0]LogInit:  - other features:
[2015.08.05-05.13.45:703][  0]LogInit:      CURL_VERSION_SSL
[2015.08.05-05.13.45:703][  0]LogInit:      CURL_VERSION_IPV6
[2015.08.05-05.13.45:703][  0]LogInit:      CURL_VERSION_ASYNCHDNS
[2015.08.05-05.13.45:703][  0]LogInit:      CURL_VERSION_LARGEFILE
[2015.08.05-05.13.45:703][  0]LogInit:      CURL_VERSION_IDN
[2015.08.05-05.13.45:703][  0]LogInit:  CurlRequestOptions (configurable via config and command line):
[2015.08.05-05.13.45:703][  0]LogInit:  - bVerifyPeer = true  - Libcurl will verify peer certificate
[2015.08.05-05.13.45:703][  0]LogInit:  - bUseHttpProxy = false  - Libcurl will NOT use HTTP proxy
[2015.08.05-05.13.45:703][  0]LogInit:  - bDontReuseConnections = false  - Libcurl will reuse connections
[2015.08.05-05.13.45:704][  0]LogInit:  - CertBundlePath = nullptr  - Libcurl will use whatever was configured at build time.
[2015.08.05-05.13.45:745][  0]LogOnline:Warning: No default platform service specified for OnlineSubsystem
[2015.08.05-05.13.45:795][  0]LogInit: Presizing for 0 objects not considered by GC, pre-allocating 0 bytes.
[2015.08.05-05.13.45:808][  0]LogInit: Object subsystem initialized
[2015.08.05-05.13.45:809][  0]LogConsoleResponse:Warning: Skipping Unknown console variable: 'TranslucentSortAxis = (X=0.000000,Y=-1.000000,Z=0.000000)'
[2015.08.05-05.13.45:809][  0]LogConsoleResponse:Warning:   Found in ini file 'C:/Users/Jackson/Documents/Unreal Projects/Spook_Prototype/Saved/Config/Windows/Engine.ini', in section '[/Script/Engine.RendererSettings]'
[2015.08.05-05.13.45:809][  0]LogConsoleResponse:Warning: Skipping Unknown console variable: 'UIScaleRule = ShortestSide'
[2015.08.05-05.13.45:809][  0]LogConsoleResponse:Warning:   Found in ini file 'C:/Users/Jackson/Documents/Unreal Projects/Spook_Prototype/Saved/Config/Windows/Engine.ini', in section '[/Script/Engine.RendererSettings]'
[2015.08.05-05.13.45:809][  0]LogConsoleResponse:Warning: Skipping Unknown console variable: 'UIScaleCurve = (EditorCurveData=(Keys=),ExternalCurve=None)'
[2015.08.05-05.13.45:809][  0]LogConsoleResponse:Warning:   Found in ini file 'C:/Users/Jackson/Documents/Unreal Projects/Spook_Prototype/Saved/Config/Windows/Engine.ini', in section '[/Script/Engine.RendererSettings]'
[2015.08.05-05.13.45:810][  0]LogInit: Selected Device Profile: [Windows]
[2015.08.05-05.13.45:810][  0]LogInit: Applying CVar settings loaded from the selected device profile: [Windows]
[2015.08.05-05.13.45:861][  0]LogInit: Computer: HURRAY-POOTA
[2015.08.05-05.13.45:861][  0]LogInit: User: Jackson
[2015.08.05-05.13.45:861][  0]LogInit: CPU Page size=4096, Cores=2
[2015.08.05-05.13.45:861][  0]LogInit: High frequency timer resolution =2.338337 MHz
[2015.08.05-05.13.45:861][  0]LogMemory: Memory total: Physical=7.9GB (8GB approx)
[2015.08.05-05.13.45:862][  0]LogMemory: Platform Memory Stats for Windows
[2015.08.05-05.13.45:862][  0]LogMemory: Process Physical Memory: 47.75 MB used, 47.75 MB peak
[2015.08.05-05.13.45:862][  0]LogMemory: Process Virtual Memory: 20.32 MB used, 20.32 MB peak
[2015.08.05-05.13.45:862][  0]LogMemory: Physical Memory: 4742.83 MB used, 8115.27 MB total
[2015.08.05-05.13.45:862][  0]LogMemory: Virtual Memory: 292.57 MB used, 134217728.00 MB total
[2015.08.05-05.13.45:995][  0]LogTextLocalizationManager: The requested culture ('en_AU') has no localization data; parent culture's ('en') localization data will be used.
[2015.08.05-05.13.46:436][  0]LogTextLocalizationManager:Warning: Loaded localization resources contain conflicting entries for (Namespace:ContentBrowser, Key:ImportAssetToolTip):
Localization Resource: (C:/Program Files/Epic Games/4.8/Engine/Content/Localization/Editor/en/Editor.locres) Source String Hash: (-630476809) Localized String: (Import to {0}...)
Localization Resource: (C:/Program Files/Epic Games/4.8/Engine/Content/Localization/Editor/en/Editor.locres) Source String Hash: (1271782899) Localized String: (Imports an asset from file to this folder.)
[2015.08.05-05.13.47:283][  0]LogD3D11RHI: Found D3D11 adapter 0: NVIDIA GeForce 840M (Feature Level 11_0)
[2015.08.05-05.13.47:283][  0]LogD3D11RHI: Adapter has 1972MB of dedicated video memory, 0MB of dedicated system memory, and 2048MB of shared system memory, 1 output[s]
[2015.08.05-05.13.47:298][  0]LogD3D11RHI: Found D3D11 adapter 1: Intel(R) HD Graphics Family (Feature Level 11_0)
[2015.08.05-05.13.47:298][  0]LogD3D11RHI: Adapter has 0MB of dedicated video memory, 0MB of dedicated system memory, and 1792MB of shared system memory, 0 output[s]
[2015.08.05-05.13.47:302][  0]LogD3D11RHI: Found D3D11 adapter 2: Microsoft Basic Render Driver (Feature Level 11_0)
[2015.08.05-05.13.47:302][  0]LogD3D11RHI: Adapter has 0MB of dedicated video memory, 0MB of dedicated system memory, and 256MB of shared system memory, 0 output[s]
[2015.08.05-05.13.47:302][  0]LogD3D11RHI: Chosen D3D11 Adapter Id = 0
[2015.08.05-05.13.47:307][  0]LogD3D11RHI: InitD3DDevice
[2015.08.05-05.13.47:307][  0]LogD3D11RHI: !Direct3DDevice
[2015.08.05-05.13.47:307][  0]LogRHI: Texture pool is 1361 MB (70% of 1945 MB)
[2015.08.05-05.13.47:320][  0]LogD3D11RHI: Async texture creation enabled
[2015.08.05-05.13.47:335][  0]LogShaderCompilers:Display: Using Local Shader Compiler.
[2015.08.05-05.13.50:544][  0]LogTemp:Display: Loaded TP DesktopTargetPlatform
[2015.08.05-05.13.50:580][  0]LogTemp:Display: Loaded TP WindowsClientTargetPlatform
[2015.08.05-05.13.50:614][  0]LogTemp:Display: Loaded TP WindowsNoEditorTargetPlatform
[2015.08.05-05.13.50:644][  0]LogTemp:Display: Loaded TP WindowsServerTargetPlatform
[2015.08.05-05.13.50:671][  0]LogTemp:Display: Loaded TP WindowsTargetPlatform
[2015.08.05-05.13.50:694][  0]LogTemp:Display: Loaded TP AndroidTargetPlatform
[2015.08.05-05.13.50:722][  0]LogTemp:Display: Loaded TP Android_ASTCTargetPlatform
[2015.08.05-05.13.50:747][  0]LogTemp:Display: Loaded TP Android_ATCTargetPlatform
[2015.08.05-05.13.50:770][  0]LogTemp:Display: Loaded TP Android_DXTTargetPlatform
[2015.08.05-05.13.50:804][  0]LogTemp:Display: Loaded TP Android_ETC1TargetPlatform
[2015.08.05-05.13.50:837][  0]LogTemp:Display: Loaded TP Android_ETC2TargetPlatform
[2015.08.05-05.13.50:877][  0]LogTemp:Display: Loaded TP Android_PVRTCTargetPlatform
[2015.08.05-05.13.50:983][  0]LogTemp:Display: Loaded TP IOSTargetPlatform
[2015.08.05-05.13.51:007][  0]LogTemp:Display: Loaded TP LinuxNoEditorTargetPlatform
[2015.08.05-05.13.51:032][  0]LogTemp:Display: Loaded TP LinuxServerTargetPlatform
[2015.08.05-05.13.51:058][  0]LogTemp:Display: Loaded TP LinuxTargetPlatform
[2015.08.05-05.13.51:058][  0]LogTargetPlatformManager:Display: Building Assets For Windows
[2015.08.05-05.13.51:608][  0]LogDerivedDataCache:Display: Max Cache Size: 512 MB
[2015.08.05-05.13.52:692][  0]LogDerivedDataCache: Loaded boot cache 1.08s 53MB C:/Users/Jackson/AppData/Local/UnrealEngine/4.8/DerivedDataCache/Boot.ddc.
[2015.08.05-05.13.52:692][  0]LogDerivedDataCache:Display: Loaded Boot cache: C:/Users/Jackson/AppData/Local/UnrealEngine/4.8/DerivedDataCache/Boot.ddc
[2015.08.05-05.13.52:692][  0]LogDerivedDataCache: FDerivedDataBackendGraph:  Pak pak cache file ../../../../../../Users/Jackson/Documents/Unreal Projects/Spook_Prototype/DerivedDataCache/DDC.ddp not found, will not use a pak cache.
[2015.08.05-05.13.52:692][  0]LogDerivedDataCache: Unable to find inner node Pak for hierarchical cache Hierarchy.
[2015.08.05-05.13.52:693][  0]LogDerivedDataCache: FDerivedDataBackendGraph:  CompressedPak pak cache file ../../../../../../Users/Jackson/Documents/Unreal Projects/Spook_Prototype/DerivedDataCache/Compressed.ddp not found, will not use a pak cache.
[2015.08.05-05.13.52:693][  0]LogDerivedDataCache: Unable to find inner node CompressedPak for hierarchical cache Hierarchy.
[2015.08.05-05.13.52:935][  0]LogDerivedDataCache:Display: Pak cache opened for reading ../../../Engine/DerivedDataCache/Compressed.ddp.
[2015.08.05-05.13.52:952][  0]LogDerivedDataCache: Using Local data cache path C:/Users/Jackson/AppData/Local/UnrealEngine/Common/DerivedDataCache: Writable
[2015.08.05-05.13.56:897][  0]LogInit: Selected Device Profile: [Windows]
[2015.08.05-05.13.57:003][  0]ImportText (ComponentSweepMultiTests): Missing closing parenthesis: (RootShapeAsset="/Engine/BasicShapes/Cube.Cube",ShapeType="TriggerCapsule",HitResult=(Time=0.50,Location=(X=-100.000015,Y=0.0,Z=100.000015),ImpactPoint=(X=-50.0,Y=0.0,Z=50.0),Normal=(X=-1.0,Y=-0.0,Z=0.0),ImpactNormal=(X=0.0,Y=0.0,Z=1.0),TraceStart=(X=-200.0,Y=0.0,Z=200.0),TraceEnd=(X=0.0,Y=0.0,Z=0.0))
[2015.08.05-05.13.57:003][  0]ImportText (LineTraceSingleByChannelTests): Missing closing parenthesis: (RootShapeAsset="/Engine/BasicShapes/Cube.Cube",HitResult=(Time=0.50,Location=(X=-100.000015,Y=0.0,Z=100.000015),ImpactPoint=(X=-50.0,Y=0.0,Z=50.0),Normal=(X=-1.0,Y=-0.0,Z=0.0),ImpactNormal=(X=0.0,Y=0.0,Z=1.0),TraceStart=(X=-200.0,Y=0.0,Z=200.0),TraceEnd=(X=0.0,Y=0.0,Z=0.0))
[2015.08.05-05.13.57:077][  0]LogMeshUtilities: No automatic mesh reduction module available
[2015.08.05-05.13.57:077][  0]LogMeshUtilities: No automatic mesh merging module available
[2015.08.05-05.13.57:693][  0]LogInit: WinSock: version 1.1 (2.2), MaxSocks=32767, MaxUdp=65467
[2015.08.05-05.14.12:606][  0]LogAssetRegistry: FAssetRegistry took 0.0107 seconds to start up
[2015.08.05-05.14.12:763][  0]LogDirectoryWatcher:Warning: Failed to begin reading directory changes for ../../../Engine/Plugins/Experimental/CharacterAI/Content/. Error: 0
[2015.08.05-05.14.12:851][  0]UdpMessaging: Initializing bridge on interface 0.0.0.0:0 to multicast group 230.0.0.1:6666.
[2015.08.05-05.14.15:238][  0]SourceControl: Info Source control is disabled
[2015.08.05-05.14.15:831][  0]SourceControl: Info Source control is disabled
[2015.08.05-05.14.15:873][  0]SourceControl: Info Source control is disabled
[2015.08.05-05.14.15:961][  0]SourceControl: Info Source control is disabled
[2015.08.05-05.14.17:007][  0]LogObj: 26440 objects as part of root set at end of initial load.
[2015.08.05-05.14.17:007][  0]LogUObjectAllocator: 5438856 out of 0 bytes used by permanent object pool.
[2015.08.05-05.14.17:197][  0]LogEngine: Initializing Engine...
[2015.08.05-05.14.17:201][  0]LogHMD: Can't find Oculus library dev build: is proper Runtime installed? Version: 0.6.0.0
[2015.08.05-05.14.17:484][  0]LogHMD:Warning: SteamVR failed to initialize.  Error: 108
[2015.08.05-05.14.17:710][  0]LogAIModule: Creating AISystem for world NewWorld
[2015.08.05-05.14.17:770][  0]LogInit: XAudio2 using 'Speakers (Realtek High Definition Audio)' : 2 channels at 48 kHz using 32 bits per sample (channel mask 0x3)
[2015.08.05-05.14.17:903][  0]LogInit: FAudioDevice initialized.
[2015.08.05-05.14.17:943][  0]LogDerivedDataCache: Saved boot cache 0.04s 53MB C:/Users/Jackson/AppData/Local/UnrealEngine/4.8/DerivedDataCache/Boot.ddc.
[2015.08.05-05.14.17:950][  0]LogInit: Texture streaming: Disabled
[2015.08.05-05.14.18:427][  0]LogAnalytics: Creating configured Analytics provider AnalyticsET
[2015.08.05-05.14.18:427][  0]LogAnalytics: [UEEditor.Rocket.Release] APIServer = http://et2.epicgames.com/ET2/. AppVersion = 4.8.2-2614606+++depot+UE4-Releases+4.8
[2015.08.05-05.14.18:427][  0]LogAnalytics: [UEEditor.Rocket.Release] SetUserId dafaf2674f7bc700140b2c82b2d27409|7cf267475aab4bafb7b336aedadbdf03|2c5d0b7f-8e58-403b-912b-3ca6d6480060
[2015.08.05-05.14.18:428][  0]LogAnalytics: [UEEditor.Rocket.Release] AnalyticsET::StartSession
[2015.08.05-05.14.18:537][  0]LogInit: Transaction tracking system initialized
[2015.08.05-05.14.19:503][  0]BlueprintLog: New page: Editor Load
[2015.08.05-05.14.25:711][  0]LogLinker:Warning: Can't find file '/Engine/Transient'
[2015.08.05-05.14.25:711][  0]LogLinker:Warning: Can't find file '/Engine/Transient'
[2015.08.05-05.14.25:712][  0]LogLinker:Warning: Can't find file '/Engine/Transient'
[2015.08.05-05.14.25:712][  0]LogUObjectGlobals:Warning: Failed to find object 'Class /Engine/Transient.REINST_ThirdPersonOverview_C_113'
[2015.08.05-05.14.26:318][  0]LogConsoleManager:Warning: Console variable 'r.VSync' wasn't set ('GameSetting' has a lower priority than 'SystemSettingsIni')
[2015.08.05-05.14.26:319][  0]LogConsoleResponse:Display: 
[2015.08.05-05.14.27:064][  0]LogCook:Display: Done creating registry. It took  0.00s.
[2015.08.05-05.14.29:236][  0]SourceControl: Info Source control is disabled
[2015.08.05-05.14.29:236][  0]Cmd: MAP LOAD FILE="../../../../../../Users/Jackson/Documents/Unreal Projects/Spook_Prototype/Content/ThirdPersonBP/Maps/ThirdPersonExampleMap.umap" TEMPLATE=0 SHOWPROGRESS=1 FEATURELEVEL=3
[2015.08.05-05.14.29:237][  0]LogEditorServer:Warning: Can't find file '../../../../../../Users/Jackson/Documents/Unreal Projects/Spook_Prototype/Content/ThirdPersonBP/Maps/ThirdPersonExampleMap.umap'
[2015.08.05-05.14.29:237][  0]Cmd: MAP CHECKDEP NOCLEARLOG
[2015.08.05-05.14.29:339][  0]MapCheck: Info Map check complete: 0 Error(s), 0 Warning(s), took 101.071ms to complete.
[2015.08.05-05.14.29:339][  0]LogFileHelpers: Loading map 'ThirdPersonExampleMap' took 0.102
[2015.08.05-05.14.29:808][  0]LogCollectionManager: Loaded 0 collections in 0.002841 seconds
[2015.08.05-05.14.29:816][  0]LogContentBrowser: Native class hierarchy populated in 0.0076 seconds. Added 1807 classes and 307 folders.
[2015.08.05-05.14.30:339][  0]LogContentBrowser: Native class hierarchy updated for 'WidgetCarousel' in 0.0005 seconds. Added 0 classes and 0 folders.
[2015.08.05-05.14.32:099][  0]LogContentBrowser: Native class hierarchy updated for 'AddContentDialog' in 0.0005 seconds. Added 0 classes and 0 folders.
[2015.08.05-05.14.32:238][  0]LogContentBrowser: Native class hierarchy updated for 'SceneOutliner' in 0.0005 seconds. Added 1 classes and 2 folders.
[2015.08.05-05.14.32:382][  0]LogCrashTracker: Crashtracker disabled due to settings.
[2015.08.05-05.14.32:385][  0]LogD3D11RHI: InitD3DDevice
[2015.08.05-05.14.32:391][  0]LogUObjectGlobals:Warning: Failed to find object 'Class None.'
[2015.08.05-05.14.32:415][  0]LogLoad: Full Startup: 49.45 seconds (BP compile: 0.09 seconds)
[2015.08.05-05.14.32:822][  0]LogContentStreaming: Texture pool size is 0.000000MB
[2015.08.05-05.14.32:858][  0]LogContentStreaming: Texture pool size now 1000 MB
[2015.08.05-05.14.33:001][  0]LogRenderer: Reallocating scene render targets to support 848x392 (Frame:2).
[2015.08.05-05.14.35:122][  6]LogAssetRegistry: Asset discovery search completed in 22.5268 seconds
[2015.08.05-05.18.49:259][861]LogD3D11RHI: InitD3DDevice
[2015.08.05-05.18.54:725][402]LogLinker:Warning: Can't find file '/Game/ThirdPersonBP/Animations/ThirdPersonAnimBlueprint'
[2015.08.05-05.18.54:725][402]LogLinker:Warning: Can't find file for asset '/Game/ThirdPersonBP/Animations/ThirdPersonAnimBlueprint' while loading ../../../../../../Users/Jackson/Documents/Unreal Projects/Spook_Prototype/Content/ThirdPersonBP/Blueprints/ThirdPersonCharacter.uasset.
[2015.08.05-05.18.54:726][402]LoadErrors:Error: Error /Game/ThirdPersonBP/Blueprints/ThirdPersonCharacter : Can't find file for asset. /Game/ThirdPersonBP/Animations/ThirdPersonAnimBlueprint
[2015.08.05-05.18.54:728][402]LogLinker:Warning: Can't find file '/Game/ThirdPersonBP/Animations/ThirdPersonAnimBlueprint'
[2015.08.05-05.18.54:729][402]LogLinker:Warning: Can't find file for asset '/Game/ThirdPersonBP/Animations/ThirdPersonAnimBlueprint' while loading ../../../../../../Users/Jackson/Documents/Unreal Projects/Spook_Prototype/Content/ThirdPersonBP/Blueprints/ThirdPersonCharacter.uasset.
[2015.08.05-05.18.54:773][402]LogLinker:Warning: Can't find file '/Game/ThirdPersonBP/Animations/ThirdPersonAnimBlueprint'
[2015.08.05-05.18.54:773][402]LogLinker:Warning: Can't find file for asset '/Game/ThirdPersonBP/Animations/ThirdPersonAnimBlueprint' while loading ../../../../../../Users/Jackson/Documents/Unreal Projects/Spook_Prototype/Content/Spook/Spook_World.umap.
[2015.08.05-05.18.54:773][402]LoadErrors:Error: Error /Game/Spook/Spook_World : Can't find file for asset. /Game/ThirdPersonBP/Animations/ThirdPersonAnimBlueprint
[2015.08.05-05.18.54:774][402]LogLinker:Warning: Can't find file '/Game/ThirdPersonBP/Animations/ThirdPersonAnimBlueprint'
[2015.08.05-05.18.54:774][402]LogLinker:Warning: Can't find file for asset '/Game/ThirdPersonBP/Animations/ThirdPersonAnimBlueprint' while loading ../../../../../../Users/Jackson/Documents/Unreal Projects/Spook_Prototype/Content/Spook/Spook_World.umap.
[2015.08.05-05.18.54:775][402]LogLinker:Warning: Can't find file '/Game/ThirdPersonBP/Animations/ThirdPersonAnimBlueprint'
[2015.08.05-05.18.54:775][402]LoadErrors: Info Failed to load /Game/ThirdPersonBP/Animations/ThirdPersonAnimBlueprint.ThirdPersonAnimBlueprint_C Referenced by Default__ThirdPersonCharacter_C
[2015.08.05-05.18.54:775][402]LogLinker:Warning: Can't find file for asset '/Game/ThirdPersonBP/Animations/ThirdPersonAnimBlueprint' while loading ../../../../../../Users/Jackson/Documents/Unreal Projects/Spook_Prototype/Content/Spook/Spook_World.umap.
[2015.08.05-05.18.55:586][402]LogAIModule: Creating AISystem for world Spook_World
[2015.08.05-05.18.55:621][402]LogD3D11RHI: InitD3DDevice
[2015.08.05-05.18.55:830][406]LogD3D11RHI: InitD3DDevice
[2015.08.05-05.18.55:956][406]Cmd: MAP LOAD FILE="../../../../../../Users/Jackson/Documents/Unreal Projects/Spook_Prototype/Content/Spook/Spook_World.umap" TEMPLATE=0 SHOWPROGRESS=1 FEATURELEVEL=3
[2015.08.05-05.18.55:956][406]LightingResults: New page: Lighting Build
[2015.08.05-05.18.55:975][406]LogContentBrowser: Native class hierarchy updated for 'StatsViewer' in 0.0005 seconds. Added 5 classes and 0 folders.
[2015.08.05-05.18.56:000][406]LoadErrors: New page: Loading map: Spook_World.umap
[2015.08.05-05.18.56:000][406]MapCheck: New page: Map Check
[2015.08.05-05.18.56:000][406]LightingResults: New page: Lighting Build
[2015.08.05-05.18.56:020][406]LogParticles: Destroying 0 GPU particle simulations for FXSystem 0x00000025303AB880
[2015.08.05-05.18.56:145][406]LogAIModule: Creating AISystem for world Spook_World
[2015.08.05-05.18.56:190][406]LogEditorServer: Finished looking for orphan Actors (0.000 secs)
[2015.08.05-05.18.56:223][406]Cmd: MAP CHECKDEP NOCLEARLOG
[2015.08.05-05.18.56:342][406]MapCheck: Info Map check complete: 0 Error(s), 0 Warning(s), took 119.023ms to complete.
[2015.08.05-05.18.56:344][406]LogFileHelpers: Loading map 'Spook_World' took 0.390
[2015.08.05-05.18.57:879][496]LogPlayLevel: PIE:  No blueprints needed recompiling
[2015.08.05-05.18.57:932][496]PIE: New page: PIE session: Spook_World (6 Aug 2015 1:18:57 am)
[2015.08.05-05.18.57:932][496]LogPlayLevel: Creating play world package: /Game/Spook/UEDPIE_0_Spook_World
[2015.08.05-05.18.57:957][496]LogPlayLevel: PIE: StaticDuplicateObject took: (0.025215s)
[2015.08.05-05.18.57:959][496]LogAIModule: Creating AISystem for world Spook_World
[2015.08.05-05.18.57:960][496]LogPlayLevel: PIE: World Init took: (0.002760s)
[2015.08.05-05.18.57:960][496]LogPlayLevel: PIE: Created PIE world by copying editor world from /Game/Spook/Spook_World.Spook_World to /Game/Spook/UEDPIE_0_Spook_World.Spook_World (0.028488s)
[2015.08.05-05.18.57:961][496]LogActorComponent: UnregisterComponent: (/Engine/Transient.CharMoveComp) Not registered. Aborting.
[2015.08.05-05.18.57:998][496]LogInit: XAudio2 using 'Speakers (Realtek High Definition Audio)' : 2 channels at 48 kHz using 32 bits per sample (channel mask 0x3)
[2015.08.05-05.18.58:008][496]LogInit: FAudioDevice initialized.
[2015.08.05-05.18.58:061][496]LogWorld: Game class is 'SpookGameMode_C'
[2015.08.05-05.18.58:069][496]LogWorld: Bringing World /Game/Spook/UEDPIE_0_Spook_World.Spook_World up for play (max tick rate 0) at 2015.08.05-15.18.58
[2015.08.05-05.18.58:069][496]LogActor:Warning: GameSession /Game/Spook/UEDPIE_0_Spook_World.Spook_World:PersistentLevel.GameSession_0 has natively added scene component(s), but none of them were set as the actor's RootComponent - picking one arbitrarily
[2015.08.05-05.18.58:069][496]LogActor:Warning: GameNetworkManager /Game/Spook/UEDPIE_0_Spook_World.Spook_World:PersistentLevel.GameNetworkManager_0 has natively added scene component(s), but none of them were set as the actor's RootComponent - picking one arbitrarily
[2015.08.05-05.18.58:070][496]LogWorld: Bringing up level for play took: 0.007809
[2015.08.05-05.18.58:072][496]PIE: Info Play in editor start time for /Game/Spook/UEDPIE_0_Spook_World 1.182
[2015.08.05-05.19.00:373][676]LogParticles: Destroying 0 GPU particle simulations for FXSystem 0x00000025215C0A40
[2015.08.05-05.19.09:100][116]LogD3D11RHI: InitD3DDevice
[2015.08.05-05.19.09:169][116]LogD3D11RHI: InitD3DDevice
[2015.08.05-05.19.09:239][116]LogLinker:Warning: Asset '../../../Engine/Content/ArtTools/RenderToTexture/Macros/RenderToTextureMacros.uasset' has been saved with empty engine version. The asset will be loaded but may be incompatible.
[2015.08.05-05.19.09:296][116]LogLinker:Warning: Asset '../../../Engine/Content/ArtTools/RenderToTexture/Enums/RenderToTexture_Enum.uasset' has been saved with empty engine version. The asset will be loaded but may be incompatible.
[2015.08.05-05.19.10:427][116]LogActor:Warning: GameNetworkManager /Engine/Transient.World_4:PersistentLevel.GameNetworkManager_1 has natively added scene component(s), but none of them were set as the actor's RootComponent - picking one arbitrarily
[2015.08.05-05.19.13:900][289]LogD3D11RHI: InitD3DDevice
[2015.08.05-05.19.13:981][289]LogD3D11RHI: InitD3DDevice
[2015.08.05-05.19.19:214][587]LogEditorViewport: Clicking on Actor (LMB): StaticMeshActor (Spooked_Blockout)
[2015.08.05-05.19.19:720][614]BlueprintLog: New page: Compile SpookGameMode
[2015.08.05-05.19.19:850][614]BlueprintEditorCompileResults: Info [0336.89] Compile of SpookGameMode successful! [in 130 ms]
[2015.08.05-05.19.20:368][645]LogD3D11RHI: InitD3DDevice
[2015.08.05-05.19.20:426][645]Cmd: OBJ SAVEPACKAGE PACKAGE="/Game/Spook/SpookGameMode" FILE="../../../../../../Users/Jackson/Documents/Unreal Projects/Spook_Prototype/Content/Spook/SpookGameMode.uasset" SILENT=true
[2015.08.05-05.19.20:465][645]LogSavePackage: Save=11.463702ms
[2015.08.05-05.19.20:465][645]LogSavePackage: Moving '../../../../../../Users/Jackson/Documents/Unreal Projects/Spook_Prototype/Saved/SpookGameModeCB750E884E2CF9ABA32A149C4091101C.tmp' to '../../../../../../Users/Jackson/Documents/Unreal Projects/Spook_Prototype/Content/Spook/SpookGameMode.uasset'
[2015.08.05-05.19.22:188][749]LogPlayLevel: PIE:  No blueprints needed recompiling
[2015.08.05-05.19.22:189][749]PIE: New page: PIE session: Spook_World (6 Aug 2015 1:19:22 am)
[2015.08.05-05.19.22:191][749]LogPlayLevel: Creating play world package: /Game/Spook/UEDPIE_0_Spook_World
[2015.08.05-05.19.22:219][749]LogPlayLevel: PIE: StaticDuplicateObject took: (0.028195s)
[2015.08.05-05.19.22:220][749]LogAIModule: Creating AISystem for world Spook_World
[2015.08.05-05.19.22:222][749]LogPlayLevel: PIE: World Init took: (0.002832s)
[2015.08.05-05.19.22:222][749]LogPlayLevel: PIE: Created PIE world by copying editor world from /Game/Spook/Spook_World.Spook_World to /Game/Spook/UEDPIE_0_Spook_World.Spook_World (0.031340s)
[2015.08.05-05.19.22:276][749]LogInit: XAudio2 using 'Speakers (Realtek High Definition Audio)' : 2 channels at 48 kHz using 32 bits per sample (channel mask 0x3)
[2015.08.05-05.19.22:286][749]LogInit: FAudioDevice initialized.
[2015.08.05-05.19.22:328][749]LogWorld: Game class is 'SpookGameMode_C'
[2015.08.05-05.19.22:336][749]LogWorld: Bringing World /Game/Spook/UEDPIE_0_Spook_World.Spook_World up for play (max tick rate 0) at 2015.08.05-15.19.22
[2015.08.05-05.19.22:336][749]LogActor:Warning: GameSession /Game/Spook/UEDPIE_0_Spook_World.Spook_World:PersistentLevel.GameSession_1 has natively added scene component(s), but none of them were set as the actor's RootComponent - picking one arbitrarily
[2015.08.05-05.19.22:337][749]LogActor:Warning: GameNetworkManager /Game/Spook/UEDPIE_0_Spook_World.Spook_World:PersistentLevel.GameNetworkManager_2 has natively added scene component(s), but none of them were set as the actor's RootComponent - picking one arbitrarily
[2015.08.05-05.19.22:338][749]LogWorld: Bringing up level for play took: 0.008341
[2015.08.05-05.19.22:340][749]PIE: Info Play in editor start time for /Game/Spook/UEDPIE_0_Spook_World -0.551
[2015.08.05-05.19.25:790][ 26]LogParticles: Destroying 0 GPU particle simulations for FXSystem 0x00000025319F74C0
[2015.08.05-05.19.29:499][277]LogEditorViewport: Clicking on Actor (LMB): ThirdPersonCharacter_C (ThirdPersonCharacter)
[2015.08.05-05.19.30:685][342]Cmd: DELETE
[2015.08.05-05.19.30:685][342]Cmd: ACTOR DELETE
[2015.08.05-05.19.30:693][342]LogEditorActor: Deleted Actor: ThirdPersonCharacter_C
[2015.08.05-05.19.30:778][342]LogEditorActor: Deleted 1 Actors (0.093 secs)
[2015.08.05-05.19.31:675][410]LogPlayLevel: PIE:  No blueprints needed recompiling
[2015.08.05-05.19.31:675][410]PIE: New page: PIE session: Spook_World (6 Aug 2015 1:19:31 am)
[2015.08.05-05.19.31:676][410]LogPlayLevel: Creating play world package: /Game/Spook/UEDPIE_0_Spook_World
[2015.08.05-05.19.31:706][410]LogPlayLevel: PIE: StaticDuplicateObject took: (0.030216s)
[2015.08.05-05.19.31:707][410]LogAIModule: Creating AISystem for world Spook_World
[2015.08.05-05.19.31:708][410]LogPlayLevel: PIE: World Init took: (0.002111s)
[2015.08.05-05.19.31:708][410]LogPlayLevel: PIE: Created PIE world by copying editor world from /Game/Spook/Spook_World.Spook_World to /Game/Spook/UEDPIE_0_Spook_World.Spook_World (0.032654s)
[2015.08.05-05.19.31:760][410]LogInit: XAudio2 using 'Speakers (Realtek High Definition Audio)' : 2 channels at 48 kHz using 32 bits per sample (channel mask 0x3)
[2015.08.05-05.19.31:770][410]LogInit: FAudioDevice initialized.
[2015.08.05-05.19.31:808][410]LogWorld: Game class is 'SpookGameMode_C'
[2015.08.05-05.19.31:814][410]LogWorld: Bringing World /Game/Spook/UEDPIE_0_Spook_World.Spook_World up for play (max tick rate 0) at 2015.08.05-15.19.31
[2015.08.05-05.19.31:814][410]LogActor:Warning: GameSession /Game/Spook/UEDPIE_0_Spook_World.Spook_World:PersistentLevel.GameSession_2 has natively added scene component(s), but none of them were set as the actor's RootComponent - picking one arbitrarily
[2015.08.05-05.19.31:815][410]LogActor:Warning: GameNetworkManager /Game/Spook/UEDPIE_0_Spook_World.Spook_World:PersistentLevel.GameNetworkManager_3 has natively added scene component(s), but none of them were set as the actor's RootComponent - picking one arbitrarily
[2015.08.05-05.19.31:816][410]LogWorld: Bringing up level for play took: 0.006267
[2015.08.05-05.19.31:889][410]PIE: Info Play in editor start time for /Game/Spook/UEDPIE_0_Spook_World 0.999
[2015.08.05-05.19.36:004][754]LogParticles: Destroying 0 GPU particle simulations for FXSystem 0x0000002531795800
[2015.08.05-05.19.37:596][842]LogD3D11RHI: InitD3DDevice
[2015.08.05-05.19.37:650][842]LogD3D11RHI: InitD3DDevice
[2015.08.05-05.19.39:509][842]LogSavePackage: Save=102.010529ms
[2015.08.05-05.19.39:509][842]LogSavePackage: Moving '../../../../../../Users/Jackson/Documents/Unreal Projects/Spook_Prototype/Saved/Spook_World5697521B4A331256840CBB8EC1EAEFE9.tmp' to '../../../../../../Users/Jackson/Documents/Unreal Projects/Spook_Prototype/Content/Spook/Spook_World.umap'
[2015.08.05-05.19.39:542][842]LogFileHelpers: Saving map 'Spook_World' took 0.311
[2015.08.05-05.19.39:556][842]Cmd: MAP LOAD FILE="../../../../../../Users/Jackson/Documents/Unreal Projects/Spook_Prototype/Content/Spook/Spook_World.umap" TEMPLATE=0 SHOWPROGRESS=1 FEATURELEVEL=3
[2015.08.05-05.19.39:556][842]LightingResults: New page: Lighting Build
[2015.08.05-05.19.39:582][842]LoadErrors: New page: Loading map: Spook_World.umap
[2015.08.05-05.19.39:583][842]MapCheck: New page: Map Check
[2015.08.05-05.19.39:583][842]LightingResults: New page: Lighting Build
[2015.08.05-05.19.39:616][842]LogParticles: Destroying 0 GPU particle simulations for FXSystem 0x0000002526F24FE0
[2015.08.05-05.19.39:616][842]LogParticles: Destroying 0 GPU particle simulations for FXSystem 0x0000002528F4B4C0
[2015.08.05-05.19.39:681][842]LogAIModule: Creating AISystem for world Spook_World
[2015.08.05-05.19.39:738][842]LogEditorServer: Finished looking for orphan Actors (0.000 secs)
[2015.08.05-05.19.39:777][842]Cmd: MAP CHECKDEP NOCLEARLOG
[2015.08.05-05.19.39:878][842]MapCheck: Info Map check complete: 0 Error(s), 0 Warning(s), took 100.232ms to complete.
[2015.08.05-05.19.39:878][842]LogFileHelpers: Loading map 'Spook_World' took 0.325
[2015.08.05-05.19.41:788][910]LogD3D11RHI: InitD3DDevice
[2015.08.05-05.19.41:793][910]LogActorComponent: UnregisterComponent: (/Engine/Transient.CharMoveComp) Not registered. Aborting.
[2015.08.05-05.19.41:848][910]Cmd: MAP LOAD FILE="../../../../../../Users/Jackson/Documents/Unreal Projects/Spook_Prototype/Content/Spook/Spook_World.umap" TEMPLATE=0 SHOWPROGRESS=1 FEATURELEVEL=3
[2015.08.05-05.19.41:848][910]LightingResults: New page: Lighting Build
[2015.08.05-05.19.41:875][910]LoadErrors: New page: Loading map: Spook_World.umap
[2015.08.05-05.19.41:876][910]MapCheck: New page: Map Check
[2015.08.05-05.19.41:876][910]LightingResults: New page: Lighting Build
[2015.08.05-05.19.41:955][910]LogParticles: Destroying 0 GPU particle simulations for FXSystem 0x0000002521AE2020
[2015.08.05-05.19.41:974][910]LogAIModule: Creating AISystem for world Spook_World
[2015.08.05-05.19.42:038][910]LogEditorServer: Finished looking for orphan Actors (0.000 secs)
[2015.08.05-05.19.42:081][910]Cmd: MAP CHECKDEP NOCLEARLOG
[2015.08.05-05.19.42:188][910]MapCheck: Info Map check complete: 0 Error(s), 0 Warning(s), took 106.421ms to complete.
[2015.08.05-05.19.42:189][910]LogFileHelpers: Loading map 'Spook_World' took 0.342
[2015.08.05-05.19.43:258][956]LogD3D11RHI: InitD3DDevice
[2015.08.05-05.19.43:268][956]LogSlate:Warning: Prevented a slow task dialog from being summoned while a context menu was open
[2015.08.05-05.19.45:429][103]Cmd: UpdateLandscapeSetup
[2015.08.05-05.19.46:878][154]LogD3D11RHI: InitD3DDevice
[2015.08.05-05.19.46:924][154]LogD3D11RHI: InitD3DDevice
[2015.08.05-05.19.47:171][154]LogActor:Warning: GameNetworkManager /Engine/Transient.World_5:PersistentLevel.GameNetworkManager_4 has natively added scene component(s), but none of them were set as the actor's RootComponent - picking one arbitrarily
[2015.08.05-05.19.55:299][653]LogD3D11RHI: InitD3DDevice
[2015.08.05-05.19.56:914][773]LogActorComponent: UnregisterComponent: (/Engine/Transient.CharMoveComp) Not registered. Aborting.
[2015.08.05-05.19.56:959][773]LogParticles: Destroying 0 GPU particle simulations for FXSystem 0x00000025318CD3A0
[2015.08.05-05.19.56:975][773]LogD3D11RHI: InitD3DDevice
[2015.08.05-05.19.57:274][773]LogSavePackage: Save=99.137550ms
[2015.08.05-05.19.57:274][773]LogSavePackage: Moving '../../../../../../Users/Jackson/Documents/Unreal Projects/Spook_Prototype/Saved/Spook_WorldD46DC4834962E8816D13EB93D8C16F7C.tmp' to '../../../../../../Users/Jackson/Documents/Unreal Projects/Spook_Prototype/Content/Spook/Spook_World.umap'
[2015.08.05-05.19.57:314][773]LogFileHelpers: Saving map 'Spook_World' took 0.310
[2015.08.05-05.20.04:220][253]LogD3D11RHI: InitD3DDevice
[2015.08.05-05.20.04:267][253]LogD3D11RHI: InitD3DDevice
[2015.08.05-05.20.04:536][253]LogActor:Warning: GameNetworkManager /Engine/Transient.World_6:PersistentLevel.GameNetworkManager_5 has natively added scene component(s), but none of them were set as the actor's RootComponent - picking one arbitrarily
[2015.08.05-05.20.21:457][358]LogD3D11RHI: InitD3DDevice
[2015.08.05-05.20.21:473][358]LogSlate:Warning: Prevented a slow task dialog from being summoned while a context menu was open
[2015.08.05-05.20.58:343][440]LogD3D11RHI: InitD3DDevice
[2015.08.05-05.20.58:405][440]LogD3D11RHI: InitD3DDevice
[2015.08.05-05.20.58:694][440]LogActor:Warning: GameNetworkManager /Engine/Transient.World_7:PersistentLevel.GameNetworkManager_6 has natively added scene component(s), but none of them were set as the actor's RootComponent - picking one arbitrarily
[2015.08.05-05.21.03:338][720]LogRenderer: Reallocating scene render targets to support 848x464 (Frame:8792).
[2015.08.05-05.21.16:146][385]LogPlayLevel: PIE:  No blueprints needed recompiling
[2015.08.05-05.21.16:147][385]PIE: New page: PIE session: Spook_World (6 Aug 2015 1:21:16 am)
[2015.08.05-05.21.16:147][385]LogPlayLevel: Creating play world package: /Game/Spook/UEDPIE_0_Spook_World
[2015.08.05-05.21.16:183][385]LogPlayLevel: PIE: StaticDuplicateObject took: (0.035301s)
[2015.08.05-05.21.16:184][385]LogAIModule: Creating AISystem for world Spook_World
[2015.08.05-05.21.16:185][385]LogPlayLevel: PIE: World Init took: (0.002677s)
[2015.08.05-05.21.16:186][385]LogPlayLevel: PIE: Created PIE world by copying editor world from /Game/Spook/Spook_World.Spook_World to /Game/Spook/UEDPIE_0_Spook_World.Spook_World (0.038453s)
[2015.08.05-05.21.16:186][385]LogActorComponent: UnregisterComponent: (/Engine/Transient.MovementComponent0) Not registered. Aborting.
[2015.08.05-05.21.16:230][385]LogParticles: Destroying 0 GPU particle simulations for FXSystem 0x0000002528E2C720
[2015.08.05-05.21.16:231][385]LogParticles: Destroying 0 GPU particle simulations for FXSystem 0x0000002531A68F40
[2015.08.05-05.21.16:248][385]LogInit: XAudio2 using 'Speakers (Realtek High Definition Audio)' : 2 channels at 48 kHz using 32 bits per sample (channel mask 0x3)
[2015.08.05-05.21.16:260][385]LogInit: FAudioDevice initialized.
[2015.08.05-05.21.16:297][385]LogWorld: Game class is 'SpookGameMode_C'
[2015.08.05-05.21.16:305][385]LogWorld: Bringing World /Game/Spook/UEDPIE_0_Spook_World.Spook_World up for play (max tick rate 0) at 2015.08.05-15.21.16
[2015.08.05-05.21.16:305][385]LogActor:Warning: GameSession /Game/Spook/UEDPIE_0_Spook_World.Spook_World:PersistentLevel.GameSession_3 has natively added scene component(s), but none of them were set as the actor's RootComponent - picking one arbitrarily
[2015.08.05-05.21.16:306][385]LogActor:Warning: GameNetworkManager /Game/Spook/UEDPIE_0_Spook_World.Spook_World:PersistentLevel.GameNetworkManager_7 has natively added scene component(s), but none of them were set as the actor's RootComponent - picking one arbitrarily
[2015.08.05-05.21.16:307][385]LogWorld: Bringing up level for play took: 0.007635
[2015.08.05-05.21.16:313][385]PIE: Info Play in editor start time for /Game/Spook/UEDPIE_0_Spook_World -0.578
[2015.08.05-05.21.22:697][920]LogParticles: Destroying 0 GPU particle simulations for FXSystem 0x000000251FAA3420
[2015.08.05-05.21.25:921][144]LogEditorViewport: Clicking on Actor (LMB): StaticMeshActor (Spooked_Blockout)
[2015.08.05-05.21.27:244][239]LogEditorViewport: Clicking on Actor (LMB): StaticMeshActor (Spooked_Blockout)
[2015.08.05-05.21.27:695][270]LogEditorViewport: Clicking on Actor (LMB): FrankController_C (FrankController)
[2015.08.05-05.21.28:161][292]Cmd: DELETE
[2015.08.05-05.21.28:161][292]Cmd: ACTOR DELETE
[2015.08.05-05.21.28:162][292]LogEditorActor: Deleted Actor: FrankController_C
[2015.08.05-05.21.28:256][292]LogEditorActor: Deleted 1 Actors (0.096 secs)
[2015.08.05-05.21.29:277][368]LogPlayLevel: PIE:  No blueprints needed recompiling
[2015.08.05-05.21.29:277][368]PIE: New page: PIE session: Spook_World (6 Aug 2015 1:21:29 am)
[2015.08.05-05.21.29:278][368]LogPlayLevel: Creating play world package: /Game/Spook/UEDPIE_0_Spook_World
[2015.08.05-05.21.29:315][368]LogPlayLevel: PIE: StaticDuplicateObject took: (0.036496s)
[2015.08.05-05.21.29:316][368]LogAIModule: Creating AISystem for world Spook_World
[2015.08.05-05.21.29:317][368]LogPlayLevel: PIE: World Init took: (0.002204s)
[2015.08.05-05.21.29:317][368]LogPlayLevel: PIE: Created PIE world by copying editor world from /Game/Spook/Spook_World.Spook_World to /Game/Spook/UEDPIE_0_Spook_World.Spook_World (0.039207s)
[2015.08.05-05.21.29:382][368]LogInit: XAudio2 using 'Speakers (Realtek High Definition Audio)' : 2 channels at 48 kHz using 32 bits per sample (channel mask 0x3)
[2015.08.05-05.21.29:393][368]LogInit: FAudioDevice initialized.
[2015.08.05-05.21.29:433][368]LogWorld: Game class is 'SpookGameMode_C'
[2015.08.05-05.21.29:438][368]LogWorld: Bringing World /Game/Spook/UEDPIE_0_Spook_World.Spook_World up for play (max tick rate 0) at 2015.08.05-15.21.29
[2015.08.05-05.21.29:438][368]LogActor:Warning: GameSession /Game/Spook/UEDPIE_0_Spook_World.Spook_World:PersistentLevel.GameSession_4 has natively added scene component(s), but none of them were set as the actor's RootComponent - picking one arbitrarily
[2015.08.05-05.21.29:439][368]LogActor:Warning: GameNetworkManager /Game/Spook/UEDPIE_0_Spook_World.Spook_World:PersistentLevel.GameNetworkManager_8 has natively added scene component(s), but none of them were set as the actor's RootComponent - picking one arbitrarily
[2015.08.05-05.21.29:439][368]LogWorld: Bringing up level for play took: 0.004240
[2015.08.05-05.21.29:443][368]PIE: Info Play in editor start time for /Game/Spook/UEDPIE_0_Spook_World 0.553
[2015.08.05-05.21.30:563][447]LogParticles: Destroying 0 GPU particle simulations for FXSystem 0x00000025281DF2E0
[2015.08.05-05.21.34:947][725]LogD3D11RHI: InitD3DDevice
[2015.08.05-05.21.36:875][854]LogPlayLevel: PIE:  No blueprints needed recompiling
[2015.08.05-05.21.36:875][854]PIE: New page: PIE session: Spook_World (6 Aug 2015 1:21:36 am)
[2015.08.05-05.21.36:876][854]LogPlayLevel: Creating play world package: /Game/Spook/UEDPIE_0_Spook_World
[2015.08.05-05.21.36:912][854]LogPlayLevel: PIE: StaticDuplicateObject took: (0.035845s)
[2015.08.05-05.21.36:913][854]LogAIModule: Creating AISystem for world Spook_World
[2015.08.05-05.21.36:915][854]LogPlayLevel: PIE: World Init took: (0.002706s)
[2015.08.05-05.21.36:915][854]LogPlayLevel: PIE: Created PIE world by copying editor world from /Game/Spook/Spook_World.Spook_World to /Game/Spook/UEDPIE_0_Spook_World.Spook_World (0.038970s)
[2015.08.05-05.21.36:915][854]LogActorComponent: UnregisterComponent: (/Engine/Transient.CharMoveComp) Not registered. Aborting.
[2015.08.05-05.21.36:977][854]LogInit: XAudio2 using 'Speakers (Realtek High Definition Audio)' : 2 channels at 48 kHz using 32 bits per sample (channel mask 0x3)
[2015.08.05-05.21.36:989][854]LogInit: FAudioDevice initialized.
[2015.08.05-05.21.37:028][854]LogWorld: Game class is 'SpookGameMode_C'
[2015.08.05-05.21.37:035][854]LogWorld: Bringing World /Game/Spook/UEDPIE_0_Spook_World.Spook_World up for play (max tick rate 0) at 2015.08.05-15.21.37
[2015.08.05-05.21.37:036][854]LogActor:Warning: GameSession /Game/Spook/UEDPIE_0_Spook_World.Spook_World:PersistentLevel.GameSession_5 has natively added scene component(s), but none of them were set as the actor's RootComponent - picking one arbitrarily
[2015.08.05-05.21.37:036][854]LogActor:Warning: GameNetworkManager /Game/Spook/UEDPIE_0_Spook_World.Spook_World:PersistentLevel.GameNetworkManager_9 has natively added scene component(s), but none of them were set as the actor's RootComponent - picking one arbitrarily
[2015.08.05-05.21.37:036][854]LogWorld: Bringing up level for play took: 0.005966
[2015.08.05-05.21.37:041][854]PIE: Info Play in editor start time for /Game/Spook/UEDPIE_0_Spook_World 0.151
[2015.08.05-05.21.40:111][112]LogParticles: Destroying 0 GPU particle simulations for FXSystem 0x0000002531A0B240
[2015.08.05-05.21.43:418][342]LogNavigationPoint: PostEditMove Clear paths rebuilt
[2015.08.05-05.21.46:508][563]LogPlayLevel: PIE:  No blueprints needed recompiling
[2015.08.05-05.21.46:508][563]PIE: New page: PIE session: Spook_World (6 Aug 2015 1:21:46 am)
[2015.08.05-05.21.46:509][563]LogPlayLevel: Creating play world package: /Game/Spook/UEDPIE_0_Spook_World
[2015.08.05-05.21.46:540][563]LogPlayLevel: PIE: StaticDuplicateObject took: (0.031541s)
[2015.08.05-05.21.46:542][563]LogAIModule: Creating AISystem for world Spook_World
[2015.08.05-05.21.46:543][563]LogPlayLevel: PIE: World Init took: (0.002554s)
[2015.08.05-05.21.46:543][563]LogPlayLevel: PIE: Created PIE world by copying editor world from /Game/Spook/Spook_World.Spook_World to /Game/Spook/UEDPIE_0_Spook_World.Spook_World (0.034460s)
[2015.08.05-05.21.46:596][563]LogInit: XAudio2 using 'Speakers (Realtek High Definition Audio)' : 2 channels at 48 kHz using 32 bits per sample (channel mask 0x3)
[2015.08.05-05.21.46:606][563]LogInit: FAudioDevice initialized.
[2015.08.05-05.21.46:642][563]LogWorld: Game class is 'SpookGameMode_C'
[2015.08.05-05.21.46:647][563]LogWorld: Bringing World /Game/Spook/UEDPIE_0_Spook_World.Spook_World up for play (max tick rate 0) at 2015.08.05-15.21.46
[2015.08.05-05.21.46:647][563]LogActor:Warning: GameSession /Game/Spook/UEDPIE_0_Spook_World.Spook_World:PersistentLevel.GameSession_6 has natively added scene component(s), but none of them were set as the actor's RootComponent - picking one arbitrarily
[2015.08.05-05.21.46:648][563]LogActor:Warning: GameNetworkManager /Game/Spook/UEDPIE_0_Spook_World.Spook_World:PersistentLevel.GameNetworkManager_10 has natively added scene component(s), but none of them were set as the actor's RootComponent - picking one arbitrarily
[2015.08.05-05.21.46:648][563]LogWorld: Bringing up level for play took: 0.004805
[2015.08.05-05.21.46:652][563]PIE: Info Play in editor start time for /Game/Spook/UEDPIE_0_Spook_World -0.239
[2015.08.05-05.21.53:905][186]LogParticles: Destroying 0 GPU particle simulations for FXSystem 0x00000025281DF560
[2015.08.05-05.22.13:963][134]LogD3D11RHI: InitD3DDevice
[2015.08.05-05.22.14:306][134]LogSavePackage: Save=108.010094ms
[2015.08.05-05.22.14:306][134]LogSavePackage: Moving '../../../../../../Users/Jackson/Documents/Unreal Projects/Spook_Prototype/Saved/Spook_WorldA850B7E946243ED6E6054FBB7A619C1C.tmp' to '../../../../../../Users/Jackson/Documents/Unreal Projects/Spook_Prototype/Content/Spook/Spook_World.umap'
[2015.08.05-05.22.14:348][134]LogFileHelpers: Saving map 'Spook_World' took 0.344
[2015.08.05-05.22.22:471][647]LogD3D11RHI: InitD3DDevice
[2015.08.05-05.22.24:128][756]LogD3D11RHI: InitD3DDevice
[2015.08.05-05.22.25:235][823]LogD3D11RHI: InitD3DDevice
[2015.08.05-05.22.26:833][823]LogD3D11RHI: InitD3DDevice
[2015.08.05-05.22.26:969][823]LogD3D11RHI: InitD3DDevice
[2015.08.05-05.22.27:025][823]LogD3D11RHI: InitD3DDevice
[2015.08.05-05.22.30:770][ 28]LogD3D11RHI: InitD3DDevice
[2015.08.05-05.22.32:229][123]LogD3D11RHI: InitD3DDevice
[2015.08.05-05.22.33:167][184]LogD3D11RHI: InitD3DDevice
[2015.08.05-05.22.34:066][246]LogActorComponent: UnregisterComponent: (/Engine/Transient.CharMoveComp) Not registered. Aborting.
[2015.08.05-05.22.34:114][246]LogD3D11RHI: InitD3DDevice
[2015.08.05-05.22.35:607][246]LogD3D11RHI: InitD3DDevice
[2015.08.05-05.22.35:681][246]LogD3D11RHI: InitD3DDevice
[2015.08.05-05.22.35:724][246]LogD3D11RHI: InitD3DDevice
[2015.08.05-05.22.37:876][390]LogD3D11RHI: InitD3DDevice
[2015.08.05-05.22.38:763][445]LogD3D11RHI: InitD3DDevice
[2015.08.05-05.22.39:178][472]LogD3D11RHI: InitD3DDevice
[2015.08.05-05.22.40:795][578]LogD3D11RHI: InitD3DDevice
[2015.08.05-05.22.53:916][668]LogWindowsTextInputMethodSystem:Display: IME system now deactivated.
[2015.08.05-05.22.54:270][669]Cmd: QUIT_EDITOR
[2015.08.05-05.22.55:685][669]LogExit: Preparing to exit.
[2015.08.05-05.22.56:502][669]LogExit: Editor shut down
[2015.08.05-05.22.56:503][669]LogExit: Transaction tracking system shut down
[2015.08.05-05.22.56:503][669]LogParticles: Destroying 0 GPU particle simulations for FXSystem 0x0000002521BB79C0
[2015.08.05-05.22.56:506][669]LogParticles: Destroying 0 GPU particle simulations for FXSystem 0x0000002522964A40
[2015.08.05-05.22.56:506][669]LogParticles: Destroying 0 GPU particle simulations for FXSystem 0x0000002522964CC0
[2015.08.05-05.22.56:506][669]LogParticles: Destroying 0 GPU particle simulations for FXSystem 0x000000252CE4B380
[2015.08.05-05.22.56:510][669]LogParticles: Destroying 0 GPU particle simulations for FXSystem 0x0000002521E27CE0
[2015.08.05-05.22.57:880][669]LogExit: Object subsystem successfully closed.
[2015.08.05-05.22.58:275][669]LogD3D11RHI: Shutdown
[2015.08.05-05.22.58:293][669]LogD3D11RHI: CleanupD3DDevice
[2015.08.05-05.22.58:425][669]LogD3D11RHI: ~FD3D11DynamicRHI
[2015.08.05-05.22.58:556][669]LogModuleManager: Shutting down and abandoning module StatsViewer (190)
[2015.08.05-05.22.58:573][669]LogModuleManager: Shutting down and abandoning module CrashTracker (189)
[2015.08.05-05.22.58:573][669]LogModuleManager: Shutting down and abandoning module SceneOutliner (188)
[2015.08.05-05.22.58:573][669]LogModuleManager: Shutting down and abandoning module SuperSearch (187)
[2015.08.05-05.22.58:573][669]LogModuleManager: Shutting down and abandoning module WidgetCarousel (186)
[2015.08.05-05.22.58:582][669]LogModuleManager: Shutting down and abandoning module AddContentDialog (185)
[2015.08.05-05.22.58:597][669]LogModuleManager: Shutting down and abandoning module EditorWidgets (184)
[2015.08.05-05.22.58:597][669]LogModuleManager: Shutting down and abandoning module CollectionManager (183)
[2015.08.05-05.22.58:615][669]LogModuleManager: Shutting down and abandoning module FoliageEdit (182)
[2015.08.05-05.22.58:631][669]LogModuleManager: Shutting down and abandoning module LandscapeEditor (181)
[2015.08.05-05.22.58:643][669]LogModuleManager: Shutting down and abandoning module ActorPickerMode (180)
[2015.08.05-05.22.58:643][669]LogModuleManager: Shutting down and abandoning module GeometryMode (179)
[2015.08.05-05.22.58:643][669]LogModuleManager: Shutting down and abandoning module TextureAlignMode (178)
[2015.08.05-05.22.58:643][669]LogModuleManager: Shutting down and abandoning module BspMode (177)
[2015.08.05-05.22.58:643][669]LogModuleManager: Shutting down and abandoning module PlacementMode (176)
[2015.08.05-05.22.58:649][669]LogModuleManager: Shutting down and abandoning module AutomationWorker (175)
[2015.08.05-05.22.58:649][669]LogModuleManager: Shutting down and abandoning module CharacterAI (174)
[2015.08.05-05.22.58:649][669]LogModuleManager: Shutting down and abandoning module SmartSnapping (173)
[2015.08.05-05.22.58:649][669]LogModuleManager: Shutting down and abandoning module ViewportSnapping (172)
[2015.08.05-05.22.58:649][669]LogModuleManager: Shutting down and abandoning module LogVisualizer (171)
[2015.08.05-05.22.58:666][669]LogModuleManager: Shutting down and abandoning module GameProjectGeneration (170)
[2015.08.05-05.22.58:689][669]LogModuleManager: Shutting down and abandoning module IntroTutorials (169)
[2015.08.05-05.22.58:725][669]LogModuleManager: Shutting down and abandoning module EditorLiveStreaming (168)
[2015.08.05-05.22.58:725][669]LogModuleManager: Shutting down and abandoning module IOSPlatformEditor (167)
[2015.08.05-05.22.58:736][669]LogModuleManager: Shutting down and abandoning module HTML5PlatformEditor (166)
[2015.08.05-05.22.58:736][669]LogModuleManager: Shutting down and abandoning module AndroidDeviceDetection (165)
[2015.08.05-05.22.58:769][669]LogModuleManager: Shutting down and abandoning module AndroidPlatformEditor (164)
[2015.08.05-05.22.58:769][669]LogModuleManager: Shutting down and abandoning module IOSRuntimeSettings (163)
[2015.08.05-05.22.58:769][669]LogModuleManager: Shutting down and abandoning module AndroidRuntimeSettings (162)
[2015.08.05-05.22.58:769][669]LogModuleManager: Shutting down and abandoning module MergeActors (161)
[2015.08.05-05.22.58:787][669]LogModuleManager: Shutting down and abandoning module SizeMap (160)
[2015.08.05-05.22.58:787][669]LogModuleManager: Shutting down and abandoning module TreeMap (159)
[2015.08.05-05.22.58:812][669]LogModuleManager: Shutting down and abandoning module ReferenceViewer (158)
[2015.08.05-05.22.58:812][669]LogModuleManager: Shutting down and abandoning module LocalizationDashboard (157)
[2015.08.05-05.22.58:818][669]LogModuleManager: Shutting down and abandoning module HardwareTargeting (156)
[2015.08.05-05.22.58:818][669]LogModuleManager: Shutting down and abandoning module DeviceProfileEditor (155)
[2015.08.05-05.22.58:824][669]LogModuleManager: Shutting down and abandoning module UndoHistory (154)
[2015.08.05-05.22.58:832][669]LogModuleManager: Shutting down and abandoning module GameplayTagsEditor (153)
[2015.08.05-05.22.58:844][669]LogModuleManager: Shutting down and abandoning module UserFeedback (152)
[2015.08.05-05.22.58:844][669]LogModuleManager: Shutting down and abandoning module XmlParser (151)
[2015.08.05-05.22.58:844][669]LogModuleManager: Shutting down and abandoning module Blutility (150)
[2015.08.05-05.22.58:844][669]LogModuleManager: Shutting down and abandoning module ProjectTargetPlatformEditor (149)
[2015.08.05-05.22.58:844][669]LogModuleManager: Shutting down and abandoning module ProjectSettingsViewer (148)
[2015.08.05-05.22.58:844][669]LogModuleManager: Shutting down and abandoning module InputBindingEditor (147)
[2015.08.05-05.22.58:879][669]LogModuleManager: Shutting down and abandoning module EditorSettingsViewer (146)
[2015.08.05-05.22.58:879][669]LogModuleManager: Shutting down and abandoning module SettingsEditor (145)
[2015.08.05-05.22.58:913][669]LogModuleManager: Shutting down and abandoning module ProjectLauncher (144)
[2015.08.05-05.22.58:933][669]LogModuleManager: Shutting down and abandoning module SessionFrontend (143)
[2015.08.05-05.22.58:946][669]LogModuleManager: Shutting down and abandoning module ProfilerClient (142)
[2015.08.05-05.22.58:958][669]LogModuleManager: Shutting down and abandoning module TargetDeviceServices (141)
[2015.08.05-05.22.58:959][669]LogModuleManager: Shutting down and abandoning module DeviceManager (140)
[2015.08.05-05.22.58:969][669]LogModuleManager: Shutting down and abandoning module AutomationController (139)
[2015.08.05-05.22.58:980][669]LogModuleManager: Shutting down and abandoning module AutomationWindow (138)
[2015.08.05-05.22.58:986][669]LogModuleManager: Shutting down and abandoning module Layers (137)
[2015.08.05-05.22.59:068][669]LogModuleManager: Shutting down and abandoning module ComponentVisualizers (136)
[2015.08.05-05.22.59:068][669]LogModuleManager: Shutting down and abandoning module DetailCustomizations (135)
[2015.08.05-05.22.59:068][669]LogModuleManager: Shutting down and abandoning module PackagesDialog (134)
[2015.08.05-05.22.59:068][669]LogModuleManager: Shutting down and abandoning module Persona (133)
[2015.08.05-05.22.59:100][669]LogModuleManager: Shutting down and abandoning module Kismet (132)
[2015.08.05-05.22.59:117][669]LogModuleManager: Shutting down and abandoning module GraphEditor (131)
[2015.08.05-05.22.59:117][669]LogModuleManager: Shutting down and abandoning module ClassViewer (130)
[2015.08.05-05.22.59:119][669]LogModuleManager: Shutting down and abandoning module Toolbox (129)
[2015.08.05-05.22.59:119][669]LogModuleManager: Shutting down and abandoning module ModuleUI (128)
[2015.08.05-05.22.59:131][669]LogModuleManager: Shutting down and abandoning module MovieSceneTools (127)
[2015.08.05-05.22.59:149][669]LogModuleManager: Shutting down and abandoning module OutputLog (126)
[2015.08.05-05.22.59:149][669]LogModuleManager: Shutting down and abandoning module GammaUI (125)
[2015.08.05-05.22.59:155][669]LogModuleManager: Shutting down and abandoning module Documentation (124)
[2015.08.05-05.22.59:155][669]LogModuleManager: Shutting down and abandoning module GameLiveStreaming (123)
[2015.08.05-05.22.59:162][669]LogModuleManager: Shutting down and abandoning module StreamingPauseRendering (122)
[2015.08.05-05.22.59:162][669]LogModuleManager: Shutting down and abandoning module AnalyticsET (121)
[2015.08.05-05.22.59:162][669]LogModuleManager: Shutting down and abandoning module Analytics (120)
[2015.08.05-05.22.59:162][669]LogModuleManager: Shutting down and abandoning module AITestSuite (119)
[2015.08.05-05.22.59:167][669]LogModuleManager: Shutting down and abandoning module GameplayDebugger (118)
[2015.08.05-05.22.59:167][669]LogModuleManager: Shutting down and abandoning module AIModule (117)
[2015.08.05-05.22.59:167][669]LogModuleManager: Shutting down and abandoning module ProfilerService (116)
[2015.08.05-05.22.59:251][669]LogModuleManager: Shutting down and abandoning module TaskGraph (115)
[2015.08.05-05.22.59:293][669]LogModuleManager: Shutting down and abandoning module SubstanceEditor (114)
[2015.08.05-05.22.59:303][669]LogModuleManager: Shutting down and abandoning module SlateRemote (113)
[2015.08.05-05.22.59:303][669]LogModuleManager: Shutting down and abandoning module SteamVRController (112)
[2015.08.05-05.22.59:303][669]LogModuleManager: Shutting down and abandoning module SteamVR (111)
[2015.08.05-05.22.59:303][669]LogModuleManager: Shutting down and abandoning module ProceduralMeshComponent (110)
[2015.08.05-05.22.59:303][669]LogModuleManager: Shutting down and abandoning module OculusRift (109)
[2015.08.05-05.22.59:303][669]LogModuleManager: Shutting down and abandoning module LeapMotionController (108)
[2015.08.05-05.22.59:344][669]LogModuleManager: Shutting down and abandoning module CustomMeshComponent (107)
[2015.08.05-05.22.59:344][669]LogModuleManager: Shutting down and abandoning module CableComponent (106)
[2015.08.05-05.22.59:356][669]LogModuleManager: Shutting down and abandoning module MessagingDebugger (105)
[2015.08.05-05.22.59:396][669]LogModuleManager: Shutting down and abandoning module MediaPlayerEditor (104)
[2015.08.05-05.22.59:464][669]LogModuleManager: Shutting down and abandoning module SpeedTreeImporter (103)
[2015.08.05-05.22.59:464][669]LogModuleManager: Shutting down and abandoning module PluginBrowser (102)
[2015.08.05-05.22.59:478][669]LogModuleManager: Shutting down and abandoning module EpicSurvey (101)
[2015.08.05-05.22.59:487][669]LogModuleManager: Shutting down and abandoning module DesktopPlatform (100)
[2015.08.05-05.22.59:487][669]LogModuleManager: Shutting down and abandoning module VisualStudioSourceCodeAccess (99)
[2015.08.05-05.22.59:497][669]LogModuleManager: Shutting down and abandoning module UObjectPlugin (98)
[2015.08.05-05.22.59:497][669]LogModuleManager: Shutting down and abandoning module SubversionSourceControl (97)
[2015.08.05-05.22.59:516][669]LogModuleManager: Shutting down and abandoning module PerforceSourceControl (96)
[2015.08.05-05.22.59:544][669]LogModuleManager: Shutting down and abandoning module SourceControl (95)
[2015.08.05-05.22.59:587][669]LogModuleManager: Shutting down and abandoning module GitSourceControl (94)
[2015.08.05-05.22.59:605][669]LogModuleManager: Shutting down and abandoning module BlankPlugin (93)
[2015.08.05-05.22.59:605][669]LogModuleManager: Shutting down and abandoning module PaperTiledImporter (92)
[2015.08.05-05.22.59:605][669]LogModuleManager: Shutting down and abandoning module PaperSpriteSheetImporter (91)
[2015.08.05-05.22.59:605][669]LogModuleManager: Shutting down and abandoning module MeshPaint (90)
[2015.08.05-05.22.59:610][669]LogModuleManager: Shutting down and abandoning module SlateReflector (89)
[2015.08.05-05.22.59:643][669]LogModuleManager: Shutting down and abandoning module HotReload (88)
[2015.08.05-05.22.59:643][669]LogModuleManager: Shutting down and abandoning module MainFrame (87)
[2015.08.05-05.22.59:643][669]LogModuleManager: Shutting down and abandoning module LevelEditor (86)
[2015.08.05-05.22.59:672][669]LogModuleManager: Shutting down and abandoning module ContentBrowser (85)
[2015.08.05-05.22.59:674][669]LogModuleManager: Shutting down and abandoning module Paper2DEditor (84)
[2015.08.05-05.22.59:716][669]LogModuleManager: Shutting down and abandoning module UdpMessaging (83)
[2015.08.05-05.22.59:817][669]LogModuleManager: Shutting down and abandoning module DirectoryWatcher (82)
[2015.08.05-05.22.59:817][669]LogModuleManager: Shutting down and abandoning module AssetRegistry (81)
[2015.08.05-05.22.59:886][669]LogModuleManager: Shutting down and abandoning module SubstanceCore (80)
[2015.08.05-05.22.59:952][669]LogModuleManager: Shutting down and abandoning module Paper2D (79)
[2015.08.05-05.22.59:995][669]LogModuleManager: Shutting down and abandoning module WindowsMoviePlayer (78)
[2015.08.05-05.23.00:011][669]LogModuleManager: Shutting down and abandoning module Media (77)
[2015.08.05-05.23.00:011][669]LogModuleManager: Shutting down and abandoning module WmfMedia (76)
[2015.08.05-05.23.00:011][669]LogModuleManager: Shutting down and abandoning module OnlineBlueprintSupport (75)
[2015.08.05-05.23.00:011][669]LogModuleManager: Shutting down and abandoning module PropertyEditor (74)
[2015.08.05-05.23.00:011][669]LogModuleManager: Shutting down and abandoning module BehaviorTreeEditor (73)
[2015.08.05-05.23.00:050][669]LogModuleManager: Shutting down and abandoning module FunctionalTesting (72)
[2015.08.05-05.23.00:058][669]LogModuleManager: Shutting down and abandoning module CollisionAnalyzer (71)
[2015.08.05-05.23.00:107][669]LogModuleManager: Shutting down and abandoning module WorkspaceMenuStructure (70)
[2015.08.05-05.23.00:107][669]LogModuleManager: Shutting down and abandoning module MessageLog (69)
[2015.08.05-05.23.00:107][669]LogModuleManager: Shutting down and abandoning module Sequencer (68)
[2015.08.05-05.23.00:157][669]LogModuleManager: Shutting down and abandoning module AssetTools (67)
[2015.08.05-05.23.00:186][669]LogModuleManager: Shutting down and abandoning module UMGEditor (66)
[2015.08.05-05.23.00:205][669]LogModuleManager: Shutting down and abandoning module UMG (65)
[2015.08.05-05.23.00:225][669]LogModuleManager: Shutting down and abandoning module Slate (64)
[2015.08.05-05.23.00:225][669]LogModuleManager: Shutting down and abandoning module EditorStyle (63)
[2015.08.05-05.23.00:229][669]LogModuleManager: Shutting down and abandoning module SessionServices (62)
[2015.08.05-05.23.00:229][669]LogModuleManager: Shutting down and abandoning module SourceCodeAccess (61)
[2015.08.05-05.23.00:229][669]LogModuleManager: Shutting down and abandoning module HeadMountedDisplay (60)
[2015.08.05-05.23.00:229][669]LogModuleManager: Shutting down and abandoning module XAudio2 (59)
[2015.08.05-05.23.00:229][669]LogModuleManager: Shutting down and abandoning module Networking (57)
[2015.08.05-05.23.00:229][669]LogModuleManager: Shutting down and abandoning module Core (56)
[2015.08.05-05.23.00:229][669]LogModuleManager: Shutting down and abandoning module KismetCompiler (55)
[2015.08.05-05.23.00:239][669]LogModuleManager: Shutting down and abandoning module PhysXFormats (54)
[2015.08.05-05.23.00:239][669]LogModuleManager: Shutting down and abandoning module MeshUtilities (53)
[2015.08.05-05.23.00:255][669]LogModuleManager: Shutting down and abandoning module DerivedDataCache (52)
[2015.08.05-05.23.00:346][669]LogDerivedDataCache: Shutdown
[2015.08.05-05.23.00:346][669]LogModuleManager: Shutting down and abandoning module ShaderFormatOpenGL (51)
[2015.08.05-05.23.00:352][669]LogModuleManager: Shutting down and abandoning module ShaderFormatD3D (50)
[2015.08.05-05.23.00:352][669]LogModuleManager: Shutting down and abandoning module MetalShaderFormat (49)
[2015.08.05-05.23.00:378][669]LogModuleManager: Shutting down and abandoning module TextureFormatUncompressed (48)
[2015.08.05-05.23.00:378][669]LogModuleManager: Shutting down and abandoning module TextureFormatPVR (47)
[2015.08.05-05.23.00:378][669]LogModuleManager: Shutting down and abandoning module TextureFormatIntelISPCTexComp (46)
[2015.08.05-05.23.00:378][669]LogModuleManager: Shutting down and abandoning module TextureFormatDXT (45)
[2015.08.05-05.23.00:378][669]LogModuleManager: Shutting down and abandoning module ImageWrapper (44)
[2015.08.05-05.23.00:378][669]LogModuleManager: Shutting down and abandoning module TextureFormatASTC (43)
[2015.08.05-05.23.00:378][669]LogModuleManager: Shutting down and abandoning module TextureFormatAndroid (42)
[2015.08.05-05.23.00:378][669]LogModuleManager: Shutting down and abandoning module AudioFormatOpus (41)
[2015.08.05-05.23.00:385][669]LogModuleManager: Shutting down and abandoning module AudioFormatOgg (40)
[2015.08.05-05.23.00:385][669]LogModuleManager: Shutting down and abandoning module AudioFormatADPCM (39)
[2015.08.05-05.23.00:385][669]LogModuleManager: Shutting down and abandoning module LinuxTargetPlatform (38)
[2015.08.05-05.23.00:385][669]LogModuleManager: Shutting down and abandoning module LinuxServerTargetPlatform (37)
[2015.08.05-05.23.00:385][669]LogModuleManager: Shutting down and abandoning module LinuxNoEditorTargetPlatform (36)
[2015.08.05-05.23.00:385][669]LogModuleManager: Shutting down and abandoning module Messaging (35)
[2015.08.05-05.23.00:385][669]LogModuleManager: Shutting down and abandoning module IOSTargetPlatform (34)
[2015.08.05-05.23.00:385][669]LogModuleManager: Shutting down and abandoning module HTML5TargetPlatform (33)
[2015.08.05-05.23.00:385][669]LogModuleManager: Shutting down and abandoning module Android_PVRTCTargetPlatform (32)
[2015.08.05-05.23.00:385][669]LogModuleManager: Shutting down and abandoning module Android_ETC2TargetPlatform (31)
[2015.08.05-05.23.00:385][669]LogModuleManager: Shutting down and abandoning module Android_ETC1TargetPlatform (30)
[2015.08.05-05.23.00:385][669]LogModuleManager: Shutting down and abandoning module Android_DXTTargetPlatform (29)
[2015.08.05-05.23.00:385][669]LogModuleManager: Shutting down and abandoning module Android_ATCTargetPlatform (28)
[2015.08.05-05.23.00:385][669]LogModuleManager: Shutting down and abandoning module Android_ASTCTargetPlatform (27)
[2015.08.05-05.23.00:385][669]LogModuleManager: Shutting down and abandoning module AndroidTargetPlatform (26)
[2015.08.05-05.23.00:385][669]LogModuleManager: Shutting down and abandoning module WindowsTargetPlatform (25)
[2015.08.05-05.23.00:385][669]LogModuleManager: Shutting down and abandoning module WindowsServerTargetPlatform (24)
[2015.08.05-05.23.00:385][669]LogModuleManager: Shutting down and abandoning module WindowsNoEditorTargetPlatform (23)
[2015.08.05-05.23.00:385][669]LogModuleManager: Shutting down and abandoning module WindowsClientTargetPlatform (22)
[2015.08.05-05.23.00:385][669]LogModuleManager: Shutting down and abandoning module DesktopTargetPlatform (21)
[2015.08.05-05.23.00:385][669]LogModuleManager: Shutting down and abandoning module TargetPlatform (20)
[2015.08.05-05.23.00:385][669]LogModuleManager: Shutting down and abandoning module InputCore (19)
[2015.08.05-05.23.00:385][669]LogModuleManager: Shutting down and abandoning module Settings (18)
[2015.08.05-05.23.00:385][669]LogModuleManager: Shutting down and abandoning module OnlineSubsystem (16)
[2015.08.05-05.23.00:385][669]LogModuleManager: Shutting down and abandoning module HTTP (15)
[2015.08.05-05.23.00:385][669]LogModuleManager: Shutting down and abandoning module ExampleDeviceProfileSelector (14)
[2015.08.05-05.23.00:385][669]LogModuleManager: Shutting down and abandoning module TextureCompressor (13)
[2015.08.05-05.23.00:385][669]LogModuleManager: Shutting down and abandoning module ShaderCore (12)
[2015.08.05-05.23.00:385][669]LogModuleManager: Shutting down and abandoning module Landscape (11)
[2015.08.05-05.23.00:385][669]LogModuleManager: Shutting down and abandoning module SlateRHIRenderer (10)
[2015.08.05-05.23.00:404][669]LogModuleManager: Shutting down and abandoning module OpenGLDrv (9)
[2015.08.05-05.23.00:416][669]LogModuleManager: Shutting down and abandoning module D3D11RHI (8)
[2015.08.05-05.23.00:416][669]LogModuleManager: Shutting down and abandoning module Renderer (7)
[2015.08.05-05.23.00:416][669]LogModuleManager: Shutting down and abandoning module Engine (6)
[2015.08.05-05.23.00:416][669]LogModuleManager: Shutting down and abandoning module CoreUObject (5)
[2015.08.05-05.23.00:416][669]LogModuleManager: Shutting down and abandoning module NetworkFile (4)
[2015.08.05-05.23.00:426][669]LogModuleManager: Shutting down and abandoning module StreamingFile (3)
[2015.08.05-05.23.00:426][669]LogModuleManager: Shutting down and abandoning module SandboxFile (2)
[2015.08.05-05.23.00:440][669]LogModuleManager: Shutting down and abandoning module PakFile (1)
[2015.08.05-05.23.00:461][669]LogExit: Exiting.
[2015.08.05-05.23.00:478][669]Log file closed, 08/05/15 15:23:00
