[2015.08.17-05.19.24:993][  0]Log file open, 08/17/15 15:19:24
[2015.08.17-05.19.24:993][  0]LogInit:Display: Running engine for game: Spook_Prototype
[2015.08.17-05.19.24:993][  0]LogInit:Display: RandInit(341507941) SRandInit(341507943).
[2015.08.17-05.19.24:993][  0]LogTaskGraph: Started task graph with 4 named threads and 7 total threads.
[2015.08.17-05.19.24:993][  0]LogStats: Stats thread started
[2015.08.17-05.19.24:993][  0]LogInit: Version: 4.8.3-2634408+++depot+UE4-Releases+4.8
[2015.08.17-05.19.24:993][  0]LogInit: API Version: 2579680
[2015.08.17-05.19.24:993][  0]LogInit: Compiled (64-bit): Jul 27 2015 16:24:33
[2015.08.17-05.19.24:993][  0]LogInit: Compiled with Visual C++: 18.00.21005.01
[2015.08.17-05.19.24:993][  0]LogInit: Build Configuration: Development
[2015.08.17-05.19.24:993][  0]LogInit: Branch Name: ++depot+UE4-Releases+4.8
[2015.08.17-05.19.24:993][  0]LogInit: Command line:  
[2015.08.17-05.19.24:993][  0]LogInit: Base directory: C:/Program Files/Epic Games/4.8/Engine/Binaries/Win64/
[2015.08.17-05.19.24:993][  0]LogInit: Rocket: 1
[2015.08.17-05.19.25:008][  0]LogInit: Using libcurl 7.41.0
[2015.08.17-05.19.25:008][  0]LogInit:  - built for x86_64-pc-win32
[2015.08.17-05.19.25:008][  0]LogInit:  - supports SSL with WinSSL
[2015.08.17-05.19.25:008][  0]LogInit:  - other features:
[2015.08.17-05.19.25:008][  0]LogInit:      CURL_VERSION_SSL
[2015.08.17-05.19.25:008][  0]LogInit:      CURL_VERSION_IPV6
[2015.08.17-05.19.25:008][  0]LogInit:      CURL_VERSION_ASYNCHDNS
[2015.08.17-05.19.25:008][  0]LogInit:      CURL_VERSION_LARGEFILE
[2015.08.17-05.19.25:008][  0]LogInit:      CURL_VERSION_IDN
[2015.08.17-05.19.25:008][  0]LogInit:  CurlRequestOptions (configurable via config and command line):
[2015.08.17-05.19.25:008][  0]LogInit:  - bVerifyPeer = true  - Libcurl will verify peer certificate
[2015.08.17-05.19.25:008][  0]LogInit:  - bUseHttpProxy = false  - Libcurl will NOT use HTTP proxy
[2015.08.17-05.19.25:008][  0]LogInit:  - bDontReuseConnections = false  - Libcurl will reuse connections
[2015.08.17-05.19.25:008][  0]LogInit:  - CertBundlePath = nullptr  - Libcurl will use whatever was configured at build time.
[2015.08.17-05.19.25:008][  0]LogOnline:Warning: No default platform service specified for OnlineSubsystem
[2015.08.17-05.19.25:055][  0]LogInit: Presizing for 0 objects not considered by GC, pre-allocating 0 bytes.
[2015.08.17-05.19.25:071][  0]LogInit: Object subsystem initialized
[2015.08.17-05.19.25:071][  0]LogConsoleResponse:Warning: Skipping Unknown console variable: 'TranslucentSortAxis = (X=0.000000,Y=-1.000000,Z=0.000000)'
[2015.08.17-05.19.25:071][  0]LogConsoleResponse:Warning:   Found in ini file 'C:/Users/jackson.luff/Desktop/Spook_Prototype_PAT/Saved/Config/Windows/Engine.ini', in section '[/Script/Engine.RendererSettings]'
[2015.08.17-05.19.25:071][  0]LogConsoleResponse:Warning: Skipping Unknown console variable: 'UIScaleRule = ShortestSide'
[2015.08.17-05.19.25:071][  0]LogConsoleResponse:Warning:   Found in ini file 'C:/Users/jackson.luff/Desktop/Spook_Prototype_PAT/Saved/Config/Windows/Engine.ini', in section '[/Script/Engine.RendererSettings]'
[2015.08.17-05.19.25:071][  0]LogConsoleResponse:Warning: Skipping Unknown console variable: 'UIScaleCurve = (EditorCurveData=(Keys=),ExternalCurve=None)'
[2015.08.17-05.19.25:071][  0]LogConsoleResponse:Warning:   Found in ini file 'C:/Users/jackson.luff/Desktop/Spook_Prototype_PAT/Saved/Config/Windows/Engine.ini', in section '[/Script/Engine.RendererSettings]'
[2015.08.17-05.19.25:086][  0]LogInit: Selected Device Profile: [Windows]
[2015.08.17-05.19.25:086][  0]LogInit: Applying CVar settings loaded from the selected device profile: [Windows]
[2015.08.17-05.19.25:102][  0]LogInit: Computer: FCAA148BAB7C
[2015.08.17-05.19.25:102][  0]LogInit: User: jacksonluff
[2015.08.17-05.19.25:102][  0]LogInit: CPU Page size=4096, Cores=4
[2015.08.17-05.19.25:102][  0]LogInit: High frequency timer resolution =3.515654 MHz
[2015.08.17-05.19.25:102][  0]LogMemory: Memory total: Physical=31.9GB (32GB approx)
[2015.08.17-05.19.25:102][  0]LogMemory: Platform Memory Stats for Windows
[2015.08.17-05.19.25:102][  0]LogMemory: Process Physical Memory: 51.16 MB used, 51.16 MB peak
[2015.08.17-05.19.25:102][  0]LogMemory: Process Virtual Memory: 24.25 MB used, 24.25 MB peak
[2015.08.17-05.19.25:102][  0]LogMemory: Physical Memory: 2645.71 MB used, 32631.33 MB total
[2015.08.17-05.19.25:102][  0]LogMemory: Virtual Memory: 283.72 MB used, 8388608.00 MB total
[2015.08.17-05.19.25:359][  0]LogTextLocalizationManager: The requested culture ('en_AU') has no localization data; parent culture's ('en') localization data will be used.
[2015.08.17-05.19.25:549][  0]LogTextLocalizationManager:Warning: Loaded localization resources contain conflicting entries for (Namespace:ContentBrowser, Key:ImportAssetToolTip):
Localization Resource: (C:/Program Files/Epic Games/4.8/Engine/Content/Localization/Editor/en/Editor.locres) Source String Hash: (-630476809) Localized String: (Import to {0}...)
Localization Resource: (C:/Program Files/Epic Games/4.8/Engine/Content/Localization/Editor/en/Editor.locres) Source String Hash: (1271782899) Localized String: (Imports an asset from file to this folder.)
[2015.08.17-05.19.25:974][  0]LogD3D11RHI: Found D3D11 adapter 0: NVIDIA GeForce GTX 970 (Feature Level 11_0)
[2015.08.17-05.19.25:974][  0]LogD3D11RHI: Adapter has 4009MB of dedicated video memory, 0MB of dedicated system memory, and 16059MB of shared system memory, 2 output[s]
[2015.08.17-05.19.25:974][  0]LogD3D11RHI: Chosen D3D11 Adapter Id = 0
[2015.08.17-05.19.25:978][  0]LogD3D11RHI: InitD3DDevice
[2015.08.17-05.19.25:978][  0]LogD3D11RHI: !Direct3DDevice
[2015.08.17-05.19.25:978][  0]LogRHI: Texture pool is 1361 MB (70% of 1945 MB)
[2015.08.17-05.19.25:985][  0]LogD3D11RHI: Async texture creation enabled
[2015.08.17-05.19.26:013][  0]LogShaderCompilers:Display: Using Local Shader Compiler.
[2015.08.17-05.19.27:522][  0]LogTemp:Display: Loaded TP DesktopTargetPlatform
[2015.08.17-05.19.27:533][  0]LogTemp:Display: Loaded TP WindowsClientTargetPlatform
[2015.08.17-05.19.27:544][  0]LogTemp:Display: Loaded TP WindowsNoEditorTargetPlatform
[2015.08.17-05.19.27:555][  0]LogTemp:Display: Loaded TP WindowsServerTargetPlatform
[2015.08.17-05.19.27:567][  0]LogTemp:Display: Loaded TP WindowsTargetPlatform
[2015.08.17-05.19.27:578][  0]LogTemp:Display: Loaded TP AndroidTargetPlatform
[2015.08.17-05.19.27:588][  0]LogTemp:Display: Loaded TP Android_ASTCTargetPlatform
[2015.08.17-05.19.27:598][  0]LogTemp:Display: Loaded TP Android_ATCTargetPlatform
[2015.08.17-05.19.27:607][  0]LogTemp:Display: Loaded TP Android_DXTTargetPlatform
[2015.08.17-05.19.27:617][  0]LogTemp:Display: Loaded TP Android_ETC1TargetPlatform
[2015.08.17-05.19.27:627][  0]LogTemp:Display: Loaded TP Android_ETC2TargetPlatform
[2015.08.17-05.19.27:636][  0]LogTemp:Display: Loaded TP Android_PVRTCTargetPlatform
[2015.08.17-05.19.27:697][  0]LogTemp:Display: Loaded TP IOSTargetPlatform
[2015.08.17-05.19.27:707][  0]LogTemp:Display: Loaded TP LinuxNoEditorTargetPlatform
[2015.08.17-05.19.27:716][  0]LogTemp:Display: Loaded TP LinuxServerTargetPlatform
[2015.08.17-05.19.27:728][  0]LogTemp:Display: Loaded TP LinuxTargetPlatform
[2015.08.17-05.19.27:728][  0]LogTargetPlatformManager:Display: Building Assets For Windows
[2015.08.17-05.19.28:069][  0]LogDerivedDataCache:Display: Max Cache Size: 512 MB
[2015.08.17-05.19.28:200][  0]LogDerivedDataCache: Loaded boot cache 0.13s 53MB C:/Users/jackson.luff/AppData/Local/UnrealEngine/4.8/DerivedDataCache/Boot.ddc.
[2015.08.17-05.19.28:200][  0]LogDerivedDataCache:Display: Loaded Boot cache: C:/Users/jackson.luff/AppData/Local/UnrealEngine/4.8/DerivedDataCache/Boot.ddc
[2015.08.17-05.19.28:200][  0]LogDerivedDataCache: FDerivedDataBackendGraph:  Pak pak cache file ../../../../../../Users/jackson.luff/Desktop/Spook_Prototype_PAT/DerivedDataCache/DDC.ddp not found, will not use a pak cache.
[2015.08.17-05.19.28:200][  0]LogDerivedDataCache: Unable to find inner node Pak for hierarchical cache Hierarchy.
[2015.08.17-05.19.28:200][  0]LogDerivedDataCache: FDerivedDataBackendGraph:  CompressedPak pak cache file ../../../../../../Users/jackson.luff/Desktop/Spook_Prototype_PAT/DerivedDataCache/Compressed.ddp not found, will not use a pak cache.
[2015.08.17-05.19.28:200][  0]LogDerivedDataCache: Unable to find inner node CompressedPak for hierarchical cache Hierarchy.
[2015.08.17-05.19.28:336][  0]LogDerivedDataCache:Display: Pak cache opened for reading ../../../Engine/DerivedDataCache/Compressed.ddp.
[2015.08.17-05.19.28:347][  0]LogDerivedDataCache: Using Local data cache path C:/Users/jackson.luff/AppData/Local/UnrealEngine/Common/DerivedDataCache: Writable
[2015.08.17-05.19.30:871][  0]LogInit: Selected Device Profile: [Windows]
[2015.08.17-05.19.30:890][  0]ImportText (ComponentSweepMultiTests): Missing closing parenthesis: (RootShapeAsset="/Engine/BasicShapes/Cube.Cube",ShapeType="TriggerCapsule",HitResult=(Time=0.50,Location=(X=-100.000015,Y=0.0,Z=100.000015),ImpactPoint=(X=-50.0,Y=0.0,Z=50.0),Normal=(X=-1.0,Y=-0.0,Z=0.0),ImpactNormal=(X=0.0,Y=0.0,Z=1.0),TraceStart=(X=-200.0,Y=0.0,Z=200.0),TraceEnd=(X=0.0,Y=0.0,Z=0.0))
[2015.08.17-05.19.30:890][  0]ImportText (LineTraceSingleByChannelTests): Missing closing parenthesis: (RootShapeAsset="/Engine/BasicShapes/Cube.Cube",HitResult=(Time=0.50,Location=(X=-100.000015,Y=0.0,Z=100.000015),ImpactPoint=(X=-50.0,Y=0.0,Z=50.0),Normal=(X=-1.0,Y=-0.0,Z=0.0),ImpactNormal=(X=0.0,Y=0.0,Z=1.0),TraceStart=(X=-200.0,Y=0.0,Z=200.0),TraceEnd=(X=0.0,Y=0.0,Z=0.0))
[2015.08.17-05.19.30:934][  0]LogMeshUtilities: No automatic mesh reduction module available
[2015.08.17-05.19.30:934][  0]LogMeshUtilities: No automatic mesh merging module available
[2015.08.17-05.19.31:638][  0]LogInit: WinSock: version 1.1 (2.2), MaxSocks=32767, MaxUdp=65467
[2015.08.17-05.19.33:452][  0]UdpMessaging: Initializing bridge on interface 0.0.0.0:0 to multicast group 230.0.0.1:6666.
[2015.08.17-05.19.33:926][  0]SourceControl: Info Source control is disabled
[2015.08.17-05.19.33:926][  0]SourceControl: Info Source control is disabled
[2015.08.17-05.19.33:937][  0]SourceControl: Info Source control is disabled
[2015.08.17-05.19.33:947][  0]SourceControl: Info Source control is disabled
[2015.08.17-05.19.34:196][  0]LogObj: 26273 objects as part of root set at end of initial load.
[2015.08.17-05.19.34:196][  0]LogUObjectAllocator: 5409256 out of 0 bytes used by permanent object pool.
[2015.08.17-05.19.34:296][  0]LogEngine: Initializing Engine...
[2015.08.17-05.19.34:299][  0]LogHMD: Can't find Oculus library dev build: is proper Runtime installed? Version: 0.6.0.0
[2015.08.17-05.19.34:308][  0]LogHMD:Warning: SteamVR failed to initialize.  Error: 110
[2015.08.17-05.19.34:533][  0]LogAIModule: Creating AISystem for world NewWorld
[2015.08.17-05.19.34:546][  0]LogInit: XAudio2 using 'Speakers (Realtek High Definition Audio)' : 4 channels at 48 kHz using 32 bits per sample (channel mask 0x33)
[2015.08.17-05.19.34:573][  0]LogInit: FAudioDevice initialized.
[2015.08.17-05.19.34:594][  0]LogDerivedDataCache: Saved boot cache 0.02s 53MB C:/Users/jackson.luff/AppData/Local/UnrealEngine/4.8/DerivedDataCache/Boot.ddc.
[2015.08.17-05.19.34:598][  0]LogInit: Texture streaming: Disabled
[2015.08.17-05.19.34:616][  0]LogAnalytics: Creating configured Analytics provider AnalyticsET
[2015.08.17-05.19.34:616][  0]LogAnalytics: [UEEditor.Rocket.Release] APIServer = http://et2.epicgames.com/ET2/. AppVersion = 4.8.3-2634408+++depot+UE4-Releases+4.8
[2015.08.17-05.19.34:616][  0]LogAnalytics: [UEEditor.Rocket.Release] SetUserId 1048279d4b8c56ae617f1e86260abbe7||db701714-62e2-4b5b-8d82-53200fddd665
[2015.08.17-05.19.34:616][  0]LogAnalytics: [UEEditor.Rocket.Release] AnalyticsET::StartSession
[2015.08.17-05.19.34:652][  0]LogInit: Transaction tracking system initialized
[2015.08.17-05.19.34:765][  0]BlueprintLog: New page: Editor Load
[2015.08.17-05.19.34:798][  0]LogAssetRegistry: FAssetRegistry took 0.0118 seconds to start up
[2015.08.17-05.19.34:803][  0]LogDirectoryWatcher:Warning: Failed to begin reading directory changes for ../../../Engine/Plugins/Experimental/CharacterAI/Content/. Error: 0
[2015.08.17-05.19.35:401][  0]LogConsoleManager:Warning: Console variable 'r.VSync' wasn't set ('GameSetting' has a lower priority than 'SystemSettingsIni')
[2015.08.17-05.19.35:401][  0]LogConsoleResponse:Display: 
[2015.08.17-05.19.35:599][  0]LogCook:Display: Done creating registry. It took  0.00s.
[2015.08.17-05.19.35:768][  0]SourceControl: Info Source control is disabled
[2015.08.17-05.19.35:770][  0]Cmd: MAP LOAD FILE="../../../../../../Users/jackson.luff/Desktop/Spook_Prototype_PAT/Content/ThirdPersonBP/Maps/ThirdPersonExampleMap.umap" TEMPLATE=0 SHOWPROGRESS=1 FEATURELEVEL=3
[2015.08.17-05.19.35:770][  0]LogEditorServer:Warning: Can't find file '../../../../../../Users/jackson.luff/Desktop/Spook_Prototype_PAT/Content/ThirdPersonBP/Maps/ThirdPersonExampleMap.umap'
[2015.08.17-05.19.35:770][  0]Cmd: MAP CHECKDEP NOCLEARLOG
[2015.08.17-05.19.35:797][  0]MapCheck: Info Map check complete: 0 Error(s), 0 Warning(s), took 27.304ms to complete.
[2015.08.17-05.19.35:798][  0]LogFileHelpers: Loading map 'ThirdPersonExampleMap' took 0.029
[2015.08.17-05.19.35:962][  0]LogCollectionManager: Loaded 0 collections in 0.001438 seconds
[2015.08.17-05.19.35:969][  0]LogContentBrowser: Native class hierarchy populated in 0.0068 seconds. Added 1792 classes and 301 folders.
[2015.08.17-05.19.36:017][  0]LogContentBrowser: Native class hierarchy updated for 'WidgetCarousel' in 0.0002 seconds. Added 0 classes and 0 folders.
[2015.08.17-05.19.36:106][  0]LogContentBrowser: Native class hierarchy updated for 'AddContentDialog' in 0.0003 seconds. Added 0 classes and 0 folders.
[2015.08.17-05.19.36:123][  0]LogContentBrowser: Native class hierarchy updated for 'SceneOutliner' in 0.0003 seconds. Added 1 classes and 2 folders.
[2015.08.17-05.19.36:193][  0]LogCrashTracker: Crashtracker disabled due to settings.
[2015.08.17-05.19.36:200][  0]LogD3D11RHI: InitD3DDevice
[2015.08.17-05.19.36:220][  0]LogD3D11RHI: InitD3DDevice
[2015.08.17-05.19.36:266][  0]LogLoad: Full Startup: 13.29 seconds (BP compile: 0.06 seconds)
[2015.08.17-05.19.36:684][  0]LogContentStreaming: Texture pool size is 0.000000MB
[2015.08.17-05.19.36:703][  0]LogContentStreaming: Texture pool size now 1000 MB
[2015.08.17-05.19.36:885][  0]LogRenderer: Reallocating scene render targets to support 1208x600 (Frame:2).
[2015.08.17-05.19.37:355][  3]LogD3D11RHI: InitD3DDevice
[2015.08.17-05.19.39:320][  8]LogD3D11RHI: InitD3DDevice
[2015.08.17-05.19.39:972][ 10]LogAssetRegistry: Asset discovery search completed in 5.1848 seconds
[2015.08.17-05.19.41:223][ 81]LogD3D11RHI: InitD3DDevice
[2015.08.17-05.19.43:263][ 81]LogAIModule: Creating AISystem for world Spook_World
[2015.08.17-05.19.43:379][ 81]Cmd: MAP LOAD FILE="../../../../../../Users/jackson.luff/Desktop/Spook_Prototype_PAT/Content/Spook/MapAndGameMode/Spook_World.umap" TEMPLATE=0 SHOWPROGRESS=1 FEATURELEVEL=3
[2015.08.17-05.19.43:379][ 81]LightingResults: New page: Lighting Build
[2015.08.17-05.19.43:390][ 81]LogContentBrowser: Native class hierarchy updated for 'StatsViewer' in 0.0003 seconds. Added 5 classes and 0 folders.
[2015.08.17-05.19.43:407][ 81]LoadErrors: New page: Loading map: Spook_World.umap
[2015.08.17-05.19.43:408][ 81]MapCheck: New page: Map Check
[2015.08.17-05.19.43:408][ 81]LightingResults: New page: Lighting Build
[2015.08.17-05.19.43:416][ 81]LogParticles: Destroying 0 GPU particle simulations for FXSystem 0x000000001600EF20
[2015.08.17-05.19.43:726][ 81]LogAIModule: Creating AISystem for world Spook_World
[2015.08.17-05.19.44:033][ 81]LogPhysics:Warning: PHYSX: ..\..\PhysX\src\NpMaterial.cpp (124) 4 : NpMaterial::setRestitution: Invalid value 14785.600586 was clamped to [0,1]!
[2015.08.17-05.19.44:034][ 81]LogPhysics:Warning: PHYSX: ..\..\PhysX\src\NpMaterial.cpp (124) 4 : NpMaterial::setRestitution: Invalid value 14785.600586 was clamped to [0,1]!
[2015.08.17-05.19.44:035][ 81]LogPhysics:Warning: PHYSX: ..\..\PhysX\src\NpMaterial.cpp (124) 4 : NpMaterial::setRestitution: Invalid value 14000.000000 was clamped to [0,1]!
[2015.08.17-05.19.44:041][ 81]LogEditorServer: Finished looking for orphan Actors (0.000 secs)
[2015.08.17-05.19.44:224][ 81]Cmd: MAP CHECKDEP NOCLEARLOG
[2015.08.17-05.19.44:258][ 81]MapCheck: Info Map check complete: 0 Error(s), 0 Warning(s), took 34.432ms to complete.
[2015.08.17-05.19.44:272][ 81]LogFileHelpers: Loading map 'Spook_World' took 0.894
[2015.08.17-05.19.44:394][ 82]Cmd: UpdateLandscapeEditorData -warnings
[2015.08.17-05.19.44:396][ 82]Cmd: UpdateLandscapeEditorData
[2015.08.17-05.19.52:233][379]LogPlayLevel: PIE:  No blueprints needed recompiling
[2015.08.17-05.19.52:250][379]PIE: New page: PIE session: Spook_World (18 Aug 2015 1:19:52 am)
[2015.08.17-05.19.52:251][379]LogPlayLevel: Creating play world package: /Game/Spook/MapAndGameMode/UEDPIE_0_Spook_World
[2015.08.17-05.19.52:338][379]LogPlayLevel: PIE: StaticDuplicateObject took: (0.087476s)
[2015.08.17-05.19.52:339][379]LogAIModule: Creating AISystem for world Spook_World
[2015.08.17-05.19.52:339][379]LogPlayLevel: PIE: World Init took: (0.000800s)
[2015.08.17-05.19.52:339][379]LogPlayLevel: PIE: Created PIE world by copying editor world from /Game/Spook/MapAndGameMode/Spook_World.Spook_World to /Game/Spook/MapAndGameMode/UEDPIE_0_Spook_World.Spook_World (0.088608s)
[2015.08.17-05.19.52:340][379]LogActorComponent: UnregisterComponent: (/Engine/Transient.CharMoveComp) Not registered. Aborting.
[2015.08.17-05.19.52:340][379]LogActorComponent: UnregisterComponent: (/Engine/Transient.CharacterMovementComponent_0) Not registered. Aborting.
[2015.08.17-05.19.52:340][379]LogActorComponent: UnregisterComponent: (/Engine/Transient.CharacterMovementComponent_1) Not registered. Aborting.
[2015.08.17-05.19.52:356][379]LogInit: XAudio2 using 'Speakers (Realtek High Definition Audio)' : 4 channels at 48 kHz using 32 bits per sample (channel mask 0x33)
[2015.08.17-05.19.52:363][379]LogInit: FAudioDevice initialized.
[2015.08.17-05.19.52:410][379]LogWorld: Game class is 'SpookGameMode_C'
[2015.08.17-05.19.52:436][379]LogWorld: Bringing World /Game/Spook/MapAndGameMode/UEDPIE_0_Spook_World.Spook_World up for play (max tick rate 0) at 2015.08.17-15.19.52
[2015.08.17-05.19.52:436][379]LogActor:Warning: GameSession /Game/Spook/MapAndGameMode/UEDPIE_0_Spook_World.Spook_World:PersistentLevel.GameSession_0 has natively added scene component(s), but none of them were set as the actor's RootComponent - picking one arbitrarily
[2015.08.17-05.19.52:437][379]LogActor:Warning: GameNetworkManager /Game/Spook/MapAndGameMode/UEDPIE_0_Spook_World.Spook_World:PersistentLevel.GameNetworkManager_0 has natively added scene component(s), but none of them were set as the actor's RootComponent - picking one arbitrarily
[2015.08.17-05.19.52:442][379]LogWorld: Bringing up level for play took: 0.026568
[2015.08.17-05.19.52:447][379]PIE: Info Play in editor start time for /Game/Spook/MapAndGameMode/UEDPIE_0_Spook_World 0.042
[2015.08.17-05.19.55:067][688]Cmd: LevelEditor.ToggleImmersive
[2015.08.17-05.19.55:202][689]LogRenderer: Reallocating scene render targets to support 1360x704 (Frame:685).
[2015.08.17-05.19.55:261][690]LogRenderer: Reallocating scene render targets to support 1920x1080 (Frame:687).
[2015.08.17-05.21.21:058][967]LogParticles: Destroying 0 GPU particle simulations for FXSystem 0x0000000023093420
[2015.08.17-05.21.31:508][215]LogEditorViewport: Clicking on Actor (LMB): Landscape (Landscape1)
[2015.08.17-05.21.40:457][240]LogD3D11RHI: InitD3DDevice
[2015.08.17-05.21.42:801][512]LogD3D11RHI: InitD3DDevice
[2015.08.17-05.22.07:450][424]Cmd: QUIT_EDITOR
[2015.08.17-05.22.07:685][424]LogExit: Preparing to exit.
[2015.08.17-05.22.08:538][424]LogExit: Editor shut down
[2015.08.17-05.22.08:539][424]LogExit: Transaction tracking system shut down
[2015.08.17-05.22.08:540][424]LogParticles: Destroying 0 GPU particle simulations for FXSystem 0x000000001ADD9440
[2015.08.17-05.22.08:541][424]LogParticles: Destroying 0 GPU particle simulations for FXSystem 0x0000000012CD3A60
[2015.08.17-05.22.08:543][424]LogParticles: Destroying 0 GPU particle simulations for FXSystem 0x00000000233F1F80
[2015.08.17-05.22.08:547][424]LogParticles: Destroying 0 GPU particle simulations for FXSystem 0x000000000D963880
[2015.08.17-05.22.08:686][424]LogParticles: Destroying 0 GPU particle simulations for FXSystem 0x0000000012C96F20
[2015.08.17-05.22.08:686][424]LogExit: Object subsystem successfully closed.
[2015.08.17-05.22.08:701][424]LogD3D11RHI: Shutdown
[2015.08.17-05.22.08:701][424]LogD3D11RHI: CleanupD3DDevice
[2015.08.17-05.22.08:735][424]LogD3D11RHI: ~FD3D11DynamicRHI
[2015.08.17-05.22.08:746][424]LogModuleManager: Shutting down and abandoning module StatsViewer (188)
[2015.08.17-05.22.08:746][424]LogModuleManager: Shutting down and abandoning module CrashTracker (187)
[2015.08.17-05.22.08:746][424]LogModuleManager: Shutting down and abandoning module SceneOutliner (186)
[2015.08.17-05.22.08:746][424]LogModuleManager: Shutting down and abandoning module SuperSearch (185)
[2015.08.17-05.22.08:746][424]LogModuleManager: Shutting down and abandoning module WidgetCarousel (184)
[2015.08.17-05.22.08:746][424]LogModuleManager: Shutting down and abandoning module AddContentDialog (183)
[2015.08.17-05.22.08:747][424]LogModuleManager: Shutting down and abandoning module EditorWidgets (182)
[2015.08.17-05.22.08:747][424]LogModuleManager: Shutting down and abandoning module CollectionManager (181)
[2015.08.17-05.22.08:747][424]LogModuleManager: Shutting down and abandoning module FoliageEdit (180)
[2015.08.17-05.22.08:747][424]LogModuleManager: Shutting down and abandoning module LandscapeEditor (179)
[2015.08.17-05.22.08:748][424]LogModuleManager: Shutting down and abandoning module ActorPickerMode (178)
[2015.08.17-05.22.08:748][424]LogModuleManager: Shutting down and abandoning module GeometryMode (177)
[2015.08.17-05.22.08:748][424]LogModuleManager: Shutting down and abandoning module TextureAlignMode (176)
[2015.08.17-05.22.08:748][424]LogModuleManager: Shutting down and abandoning module BspMode (175)
[2015.08.17-05.22.08:748][424]LogModuleManager: Shutting down and abandoning module PlacementMode (174)
[2015.08.17-05.22.08:748][424]LogModuleManager: Shutting down and abandoning module AutomationWorker (173)
[2015.08.17-05.22.08:748][424]LogModuleManager: Shutting down and abandoning module CharacterAI (172)
[2015.08.17-05.22.08:748][424]LogModuleManager: Shutting down and abandoning module SmartSnapping (171)
[2015.08.17-05.22.08:748][424]LogModuleManager: Shutting down and abandoning module ViewportSnapping (170)
[2015.08.17-05.22.08:748][424]LogModuleManager: Shutting down and abandoning module LogVisualizer (169)
[2015.08.17-05.22.08:748][424]LogModuleManager: Shutting down and abandoning module GameProjectGeneration (168)
[2015.08.17-05.22.08:749][424]LogModuleManager: Shutting down and abandoning module IntroTutorials (167)
[2015.08.17-05.22.08:749][424]LogModuleManager: Shutting down and abandoning module EditorLiveStreaming (166)
[2015.08.17-05.22.08:749][424]LogModuleManager: Shutting down and abandoning module IOSPlatformEditor (165)
[2015.08.17-05.22.08:749][424]LogModuleManager: Shutting down and abandoning module HTML5PlatformEditor (164)
[2015.08.17-05.22.08:749][424]LogModuleManager: Shutting down and abandoning module AndroidDeviceDetection (163)
[2015.08.17-05.22.09:285][424]LogModuleManager: Shutting down and abandoning module AndroidPlatformEditor (162)
[2015.08.17-05.22.09:285][424]LogModuleManager: Shutting down and abandoning module IOSRuntimeSettings (161)
[2015.08.17-05.22.09:285][424]LogModuleManager: Shutting down and abandoning module AndroidRuntimeSettings (160)
[2015.08.17-05.22.09:285][424]LogModuleManager: Shutting down and abandoning module MergeActors (159)
[2015.08.17-05.22.09:285][424]LogModuleManager: Shutting down and abandoning module SizeMap (158)
[2015.08.17-05.22.09:286][424]LogModuleManager: Shutting down and abandoning module TreeMap (157)
[2015.08.17-05.22.09:286][424]LogModuleManager: Shutting down and abandoning module ReferenceViewer (156)
[2015.08.17-05.22.09:286][424]LogModuleManager: Shutting down and abandoning module LocalizationDashboard (155)
[2015.08.17-05.22.09:286][424]LogModuleManager: Shutting down and abandoning module HardwareTargeting (154)
[2015.08.17-05.22.09:286][424]LogModuleManager: Shutting down and abandoning module DeviceProfileEditor (153)
[2015.08.17-05.22.09:286][424]LogModuleManager: Shutting down and abandoning module UndoHistory (152)
[2015.08.17-05.22.09:286][424]LogModuleManager: Shutting down and abandoning module GameplayTagsEditor (151)
[2015.08.17-05.22.09:286][424]LogModuleManager: Shutting down and abandoning module UserFeedback (150)
[2015.08.17-05.22.09:286][424]LogModuleManager: Shutting down and abandoning module XmlParser (149)
[2015.08.17-05.22.09:286][424]LogModuleManager: Shutting down and abandoning module Blutility (148)
[2015.08.17-05.22.09:286][424]LogModuleManager: Shutting down and abandoning module ProjectTargetPlatformEditor (147)
[2015.08.17-05.22.09:286][424]LogModuleManager: Shutting down and abandoning module ProjectSettingsViewer (146)
[2015.08.17-05.22.09:286][424]LogModuleManager: Shutting down and abandoning module InputBindingEditor (145)
[2015.08.17-05.22.09:287][424]LogModuleManager: Shutting down and abandoning module EditorSettingsViewer (144)
[2015.08.17-05.22.09:287][424]LogModuleManager: Shutting down and abandoning module SettingsEditor (143)
[2015.08.17-05.22.09:287][424]LogModuleManager: Shutting down and abandoning module ProjectLauncher (142)
[2015.08.17-05.22.09:287][424]LogModuleManager: Shutting down and abandoning module SessionFrontend (141)
[2015.08.17-05.22.09:288][424]LogModuleManager: Shutting down and abandoning module ProfilerClient (140)
[2015.08.17-05.22.09:288][424]LogModuleManager: Shutting down and abandoning module TargetDeviceServices (139)
[2015.08.17-05.22.09:288][424]LogModuleManager: Shutting down and abandoning module DeviceManager (138)
[2015.08.17-05.22.09:289][424]LogModuleManager: Shutting down and abandoning module AutomationController (137)
[2015.08.17-05.22.09:289][424]LogModuleManager: Shutting down and abandoning module AutomationWindow (136)
[2015.08.17-05.22.09:289][424]LogModuleManager: Shutting down and abandoning module Layers (135)
[2015.08.17-05.22.09:291][424]LogModuleManager: Shutting down and abandoning module ComponentVisualizers (134)
[2015.08.17-05.22.09:291][424]LogModuleManager: Shutting down and abandoning module DetailCustomizations (133)
[2015.08.17-05.22.09:291][424]LogModuleManager: Shutting down and abandoning module PackagesDialog (132)
[2015.08.17-05.22.09:292][424]LogModuleManager: Shutting down and abandoning module AssetRegistry (131)
[2015.08.17-05.22.09:340][424]LogModuleManager: Shutting down and abandoning module Persona (130)
[2015.08.17-05.22.09:340][424]LogModuleManager: Shutting down and abandoning module Kismet (129)
[2015.08.17-05.22.09:341][424]LogModuleManager: Shutting down and abandoning module GraphEditor (128)
[2015.08.17-05.22.09:343][424]LogModuleManager: Shutting down and abandoning module ClassViewer (127)
[2015.08.17-05.22.09:343][424]LogModuleManager: Shutting down and abandoning module Toolbox (126)
[2015.08.17-05.22.09:343][424]LogModuleManager: Shutting down and abandoning module ModuleUI (125)
[2015.08.17-05.22.09:343][424]LogModuleManager: Shutting down and abandoning module MovieSceneTools (124)
[2015.08.17-05.22.09:344][424]LogModuleManager: Shutting down and abandoning module OutputLog (123)
[2015.08.17-05.22.09:344][424]LogModuleManager: Shutting down and abandoning module GammaUI (122)
[2015.08.17-05.22.09:344][424]LogModuleManager: Shutting down and abandoning module Documentation (121)
[2015.08.17-05.22.09:344][424]LogModuleManager: Shutting down and abandoning module GameLiveStreaming (120)
[2015.08.17-05.22.09:344][424]LogModuleManager: Shutting down and abandoning module StreamingPauseRendering (119)
[2015.08.17-05.22.09:344][424]LogModuleManager: Shutting down and abandoning module AnalyticsET (118)
[2015.08.17-05.22.09:344][424]LogModuleManager: Shutting down and abandoning module Analytics (117)
[2015.08.17-05.22.09:344][424]LogModuleManager: Shutting down and abandoning module AITestSuite (116)
[2015.08.17-05.22.09:344][424]LogModuleManager: Shutting down and abandoning module GameplayDebugger (115)
[2015.08.17-05.22.09:344][424]LogModuleManager: Shutting down and abandoning module AIModule (114)
[2015.08.17-05.22.09:344][424]LogModuleManager: Shutting down and abandoning module ProfilerService (113)
[2015.08.17-05.22.09:479][424]LogModuleManager: Shutting down and abandoning module TaskGraph (112)
[2015.08.17-05.22.09:480][424]LogModuleManager: Shutting down and abandoning module SlateRemote (111)
[2015.08.17-05.22.09:480][424]LogModuleManager: Shutting down and abandoning module SteamVRController (110)
[2015.08.17-05.22.09:480][424]LogModuleManager: Shutting down and abandoning module SteamVR (109)
[2015.08.17-05.22.09:480][424]LogModuleManager: Shutting down and abandoning module ProceduralMeshComponent (108)
[2015.08.17-05.22.09:480][424]LogModuleManager: Shutting down and abandoning module OculusRift (107)
[2015.08.17-05.22.09:480][424]LogModuleManager: Shutting down and abandoning module LeapMotionController (106)
[2015.08.17-05.22.09:493][424]LogModuleManager: Shutting down and abandoning module CustomMeshComponent (105)
[2015.08.17-05.22.09:493][424]LogModuleManager: Shutting down and abandoning module CableComponent (104)
[2015.08.17-05.22.09:494][424]LogModuleManager: Shutting down and abandoning module MessagingDebugger (103)
[2015.08.17-05.22.09:495][424]LogModuleManager: Shutting down and abandoning module MediaPlayerEditor (102)
[2015.08.17-05.22.09:495][424]LogModuleManager: Shutting down and abandoning module SpeedTreeImporter (101)
[2015.08.17-05.22.09:495][424]LogModuleManager: Shutting down and abandoning module PluginBrowser (100)
[2015.08.17-05.22.09:495][424]LogModuleManager: Shutting down and abandoning module EpicSurvey (99)
[2015.08.17-05.22.09:495][424]LogModuleManager: Shutting down and abandoning module DesktopPlatform (98)
[2015.08.17-05.22.09:495][424]LogModuleManager: Shutting down and abandoning module VisualStudioSourceCodeAccess (97)
[2015.08.17-05.22.09:495][424]LogModuleManager: Shutting down and abandoning module UObjectPlugin (96)
[2015.08.17-05.22.09:495][424]LogModuleManager: Shutting down and abandoning module SubversionSourceControl (95)
[2015.08.17-05.22.09:495][424]LogModuleManager: Shutting down and abandoning module PerforceSourceControl (94)
[2015.08.17-05.22.09:495][424]LogModuleManager: Shutting down and abandoning module SourceControl (93)
[2015.08.17-05.22.09:496][424]LogModuleManager: Shutting down and abandoning module GitSourceControl (92)
[2015.08.17-05.22.09:496][424]LogModuleManager: Shutting down and abandoning module BlankPlugin (91)
[2015.08.17-05.22.09:496][424]LogModuleManager: Shutting down and abandoning module PaperTiledImporter (90)
[2015.08.17-05.22.09:496][424]LogModuleManager: Shutting down and abandoning module PaperSpriteSheetImporter (89)
[2015.08.17-05.22.09:496][424]LogModuleManager: Shutting down and abandoning module MeshPaint (88)
[2015.08.17-05.22.09:496][424]LogModuleManager: Shutting down and abandoning module SlateReflector (87)
[2015.08.17-05.22.09:496][424]LogModuleManager: Shutting down and abandoning module DirectoryWatcher (86)
[2015.08.17-05.22.09:496][424]LogModuleManager: Shutting down and abandoning module HotReload (85)
[2015.08.17-05.22.09:496][424]LogModuleManager: Shutting down and abandoning module MainFrame (84)
[2015.08.17-05.22.09:496][424]LogModuleManager: Shutting down and abandoning module LevelEditor (83)
[2015.08.17-05.22.09:498][424]LogModuleManager: Shutting down and abandoning module ContentBrowser (82)
[2015.08.17-05.22.09:498][424]LogModuleManager: Shutting down and abandoning module Paper2DEditor (81)
[2015.08.17-05.22.09:499][424]LogModuleManager: Shutting down and abandoning module UdpMessaging (80)
[2015.08.17-05.22.09:599][424]LogModuleManager: Shutting down and abandoning module Paper2D (79)
[2015.08.17-05.22.09:599][424]LogModuleManager: Shutting down and abandoning module WindowsMoviePlayer (78)
[2015.08.17-05.22.09:603][424]LogModuleManager: Shutting down and abandoning module Media (77)
[2015.08.17-05.22.09:603][424]LogModuleManager: Shutting down and abandoning module WmfMedia (76)
[2015.08.17-05.22.09:604][424]LogModuleManager: Shutting down and abandoning module OnlineBlueprintSupport (75)
[2015.08.17-05.22.09:604][424]LogModuleManager: Shutting down and abandoning module PropertyEditor (74)
[2015.08.17-05.22.09:604][424]LogModuleManager: Shutting down and abandoning module BehaviorTreeEditor (73)
[2015.08.17-05.22.09:604][424]LogModuleManager: Shutting down and abandoning module FunctionalTesting (72)
[2015.08.17-05.22.09:604][424]LogModuleManager: Shutting down and abandoning module CollisionAnalyzer (71)
[2015.08.17-05.22.09:605][424]LogModuleManager: Shutting down and abandoning module WorkspaceMenuStructure (70)
[2015.08.17-05.22.09:605][424]LogModuleManager: Shutting down and abandoning module MessageLog (69)
[2015.08.17-05.22.09:605][424]LogModuleManager: Shutting down and abandoning module Sequencer (68)
[2015.08.17-05.22.09:606][424]LogModuleManager: Shutting down and abandoning module AssetTools (67)
[2015.08.17-05.22.09:608][424]LogModuleManager: Shutting down and abandoning module UMGEditor (66)
[2015.08.17-05.22.09:608][424]LogModuleManager: Shutting down and abandoning module UMG (65)
[2015.08.17-05.22.09:609][424]LogModuleManager: Shutting down and abandoning module Slate (64)
[2015.08.17-05.22.09:609][424]LogModuleManager: Shutting down and abandoning module EditorStyle (63)
[2015.08.17-05.22.09:612][424]LogModuleManager: Shutting down and abandoning module SessionServices (62)
[2015.08.17-05.22.09:612][424]LogModuleManager: Shutting down and abandoning module SourceCodeAccess (61)
[2015.08.17-05.22.09:612][424]LogModuleManager: Shutting down and abandoning module HeadMountedDisplay (60)
[2015.08.17-05.22.09:612][424]LogModuleManager: Shutting down and abandoning module XAudio2 (59)
[2015.08.17-05.22.09:612][424]LogModuleManager: Shutting down and abandoning module Networking (57)
[2015.08.17-05.22.09:612][424]LogModuleManager: Shutting down and abandoning module Core (56)
[2015.08.17-05.22.09:612][424]LogModuleManager: Shutting down and abandoning module KismetCompiler (55)
[2015.08.17-05.22.09:612][424]LogModuleManager: Shutting down and abandoning module PhysXFormats (54)
[2015.08.17-05.22.09:612][424]LogModuleManager: Shutting down and abandoning module MeshUtilities (53)
[2015.08.17-05.22.09:612][424]LogModuleManager: Shutting down and abandoning module DerivedDataCache (52)
[2015.08.17-05.22.09:697][424]LogDerivedDataCache: Shutdown
[2015.08.17-05.22.09:697][424]LogModuleManager: Shutting down and abandoning module ShaderFormatOpenGL (51)
[2015.08.17-05.22.09:697][424]LogModuleManager: Shutting down and abandoning module ShaderFormatD3D (50)
[2015.08.17-05.22.09:697][424]LogModuleManager: Shutting down and abandoning module MetalShaderFormat (49)
[2015.08.17-05.22.09:698][424]LogModuleManager: Shutting down and abandoning module TextureFormatUncompressed (48)
[2015.08.17-05.22.09:698][424]LogModuleManager: Shutting down and abandoning module TextureFormatPVR (47)
[2015.08.17-05.22.09:698][424]LogModuleManager: Shutting down and abandoning module TextureFormatIntelISPCTexComp (46)
[2015.08.17-05.22.09:698][424]LogModuleManager: Shutting down and abandoning module TextureFormatDXT (45)
[2015.08.17-05.22.09:698][424]LogModuleManager: Shutting down and abandoning module ImageWrapper (44)
[2015.08.17-05.22.09:698][424]LogModuleManager: Shutting down and abandoning module TextureFormatASTC (43)
[2015.08.17-05.22.09:698][424]LogModuleManager: Shutting down and abandoning module TextureFormatAndroid (42)
[2015.08.17-05.22.09:698][424]LogModuleManager: Shutting down and abandoning module AudioFormatOpus (41)
[2015.08.17-05.22.09:698][424]LogModuleManager: Shutting down and abandoning module AudioFormatOgg (40)
[2015.08.17-05.22.09:698][424]LogModuleManager: Shutting down and abandoning module AudioFormatADPCM (39)
[2015.08.17-05.22.09:698][424]LogModuleManager: Shutting down and abandoning module LinuxTargetPlatform (38)
[2015.08.17-05.22.09:698][424]LogModuleManager: Shutting down and abandoning module LinuxServerTargetPlatform (37)
[2015.08.17-05.22.09:698][424]LogModuleManager: Shutting down and abandoning module LinuxNoEditorTargetPlatform (36)
[2015.08.17-05.22.09:698][424]LogModuleManager: Shutting down and abandoning module Messaging (35)
[2015.08.17-05.22.09:698][424]LogModuleManager: Shutting down and abandoning module IOSTargetPlatform (34)
[2015.08.17-05.22.09:698][424]LogModuleManager: Shutting down and abandoning module HTML5TargetPlatform (33)
[2015.08.17-05.22.09:698][424]LogModuleManager: Shutting down and abandoning module Android_PVRTCTargetPlatform (32)
[2015.08.17-05.22.09:698][424]LogModuleManager: Shutting down and abandoning module Android_ETC2TargetPlatform (31)
[2015.08.17-05.22.09:698][424]LogModuleManager: Shutting down and abandoning module Android_ETC1TargetPlatform (30)
[2015.08.17-05.22.09:698][424]LogModuleManager: Shutting down and abandoning module Android_DXTTargetPlatform (29)
[2015.08.17-05.22.09:698][424]LogModuleManager: Shutting down and abandoning module Android_ATCTargetPlatform (28)
[2015.08.17-05.22.09:698][424]LogModuleManager: Shutting down and abandoning module Android_ASTCTargetPlatform (27)
[2015.08.17-05.22.09:698][424]LogModuleManager: Shutting down and abandoning module AndroidTargetPlatform (26)
[2015.08.17-05.22.09:698][424]LogModuleManager: Shutting down and abandoning module WindowsTargetPlatform (25)
[2015.08.17-05.22.09:698][424]LogModuleManager: Shutting down and abandoning module WindowsServerTargetPlatform (24)
[2015.08.17-05.22.09:698][424]LogModuleManager: Shutting down and abandoning module WindowsNoEditorTargetPlatform (23)
[2015.08.17-05.22.09:698][424]LogModuleManager: Shutting down and abandoning module WindowsClientTargetPlatform (22)
[2015.08.17-05.22.09:698][424]LogModuleManager: Shutting down and abandoning module DesktopTargetPlatform (21)
[2015.08.17-05.22.09:698][424]LogModuleManager: Shutting down and abandoning module TargetPlatform (20)
[2015.08.17-05.22.09:698][424]LogModuleManager: Shutting down and abandoning module InputCore (19)
[2015.08.17-05.22.09:698][424]LogModuleManager: Shutting down and abandoning module Settings (18)
[2015.08.17-05.22.09:698][424]LogModuleManager: Shutting down and abandoning module OnlineSubsystem (16)
[2015.08.17-05.22.09:698][424]LogModuleManager: Shutting down and abandoning module HTTP (15)
[2015.08.17-05.22.09:699][424]LogModuleManager: Shutting down and abandoning module ExampleDeviceProfileSelector (14)
[2015.08.17-05.22.09:699][424]LogModuleManager: Shutting down and abandoning module TextureCompressor (13)
[2015.08.17-05.22.09:699][424]LogModuleManager: Shutting down and abandoning module ShaderCore (12)
[2015.08.17-05.22.09:699][424]LogModuleManager: Shutting down and abandoning module Landscape (11)
[2015.08.17-05.22.09:699][424]LogModuleManager: Shutting down and abandoning module SlateRHIRenderer (10)
[2015.08.17-05.22.09:699][424]LogModuleManager: Shutting down and abandoning module OpenGLDrv (9)
[2015.08.17-05.22.09:700][424]LogModuleManager: Shutting down and abandoning module D3D11RHI (8)
[2015.08.17-05.22.09:700][424]LogModuleManager: Shutting down and abandoning module Renderer (7)
[2015.08.17-05.22.09:700][424]LogModuleManager: Shutting down and abandoning module Engine (6)
[2015.08.17-05.22.09:700][424]LogModuleManager: Shutting down and abandoning module CoreUObject (5)
[2015.08.17-05.22.09:700][424]LogModuleManager: Shutting down and abandoning module NetworkFile (4)
[2015.08.17-05.22.09:700][424]LogModuleManager: Shutting down and abandoning module StreamingFile (3)
[2015.08.17-05.22.09:700][424]LogModuleManager: Shutting down and abandoning module SandboxFile (2)
[2015.08.17-05.22.09:700][424]LogModuleManager: Shutting down and abandoning module PakFile (1)
[2015.08.17-05.22.09:701][424]LogExit: Exiting.
[2015.08.17-05.22.09:704][424]Log file closed, 08/17/15 15:22:09
