[2015.08.16-07.41.16:474][  0]Log file open, 08/16/15 17:41:16
[2015.08.16-07.41.16:474][  0]LogInit:Display: Running engine for game: Spook_Prototype
[2015.08.16-07.41.16:474][  0]LogInit:Display: RandInit(-1225142906) SRandInit(-1225142906).
[2015.08.16-07.41.16:474][  0]LogTaskGraph: Started task graph with 4 named threads and 7 total threads.
[2015.08.16-07.41.16:474][  0]LogStats: Stats thread started
[2015.08.16-07.41.16:474][  0]LogInit: Version: 4.8.3-2634408+++depot+UE4-Releases+4.8
[2015.08.16-07.41.16:474][  0]LogInit: API Version: 2579680
[2015.08.16-07.41.16:474][  0]LogInit: Compiled (64-bit): Jul 27 2015 16:24:33
[2015.08.16-07.41.16:474][  0]LogInit: Compiled with Visual C++: 18.00.21005.01
[2015.08.16-07.41.16:474][  0]LogInit: Build Configuration: Development
[2015.08.16-07.41.16:474][  0]LogInit: Branch Name: ++depot+UE4-Releases+4.8
[2015.08.16-07.41.16:474][  0]LogInit: Command line:  
[2015.08.16-07.41.16:474][  0]LogInit: Base directory: C:/Program Files/Epic Games/4.8/Engine/Binaries/Win64/
[2015.08.16-07.41.16:474][  0]LogInit: Rocket: 1
[2015.08.16-07.41.16:484][  0]LogInit: Using libcurl 7.41.0
[2015.08.16-07.41.16:484][  0]LogInit:  - built for x86_64-pc-win32
[2015.08.16-07.41.16:484][  0]LogInit:  - supports SSL with WinSSL
[2015.08.16-07.41.16:484][  0]LogInit:  - other features:
[2015.08.16-07.41.16:485][  0]LogInit:      CURL_VERSION_SSL
[2015.08.16-07.41.16:485][  0]LogInit:      CURL_VERSION_IPV6
[2015.08.16-07.41.16:485][  0]LogInit:      CURL_VERSION_ASYNCHDNS
[2015.08.16-07.41.16:485][  0]LogInit:      CURL_VERSION_LARGEFILE
[2015.08.16-07.41.16:485][  0]LogInit:      CURL_VERSION_IDN
[2015.08.16-07.41.16:485][  0]LogInit:  CurlRequestOptions (configurable via config and command line):
[2015.08.16-07.41.16:485][  0]LogInit:  - bVerifyPeer = true  - Libcurl will verify peer certificate
[2015.08.16-07.41.16:485][  0]LogInit:  - bUseHttpProxy = false  - Libcurl will NOT use HTTP proxy
[2015.08.16-07.41.16:485][  0]LogInit:  - bDontReuseConnections = false  - Libcurl will reuse connections
[2015.08.16-07.41.16:485][  0]LogInit:  - CertBundlePath = nullptr  - Libcurl will use whatever was configured at build time.
[2015.08.16-07.41.16:494][  0]LogOnline:Warning: No default platform service specified for OnlineSubsystem
[2015.08.16-07.41.16:505][  0]LogInit: Presizing for 0 objects not considered by GC, pre-allocating 0 bytes.
[2015.08.16-07.41.16:512][  0]LogInit: Object subsystem initialized
[2015.08.16-07.41.16:512][  0]LogConsoleResponse:Warning: Skipping Unknown console variable: 'TranslucentSortAxis = (X=0.000000,Y=-1.000000,Z=0.000000)'
[2015.08.16-07.41.16:512][  0]LogConsoleResponse:Warning:   Found in ini file 'C:/Users/jackson.luff/Desktop/Spook_Prototype/Saved/Config/Windows/Engine.ini', in section '[/Script/Engine.RendererSettings]'
[2015.08.16-07.41.16:513][  0]LogConsoleResponse:Warning: Skipping Unknown console variable: 'UIScaleRule = ShortestSide'
[2015.08.16-07.41.16:513][  0]LogConsoleResponse:Warning:   Found in ini file 'C:/Users/jackson.luff/Desktop/Spook_Prototype/Saved/Config/Windows/Engine.ini', in section '[/Script/Engine.RendererSettings]'
[2015.08.16-07.41.16:513][  0]LogConsoleResponse:Warning: Skipping Unknown console variable: 'UIScaleCurve = (EditorCurveData=(Keys=),ExternalCurve=None)'
[2015.08.16-07.41.16:513][  0]LogConsoleResponse:Warning:   Found in ini file 'C:/Users/jackson.luff/Desktop/Spook_Prototype/Saved/Config/Windows/Engine.ini', in section '[/Script/Engine.RendererSettings]'
[2015.08.16-07.41.16:513][  0]LogInit: Selected Device Profile: [Windows]
[2015.08.16-07.41.16:513][  0]LogInit: Applying CVar settings loaded from the selected device profile: [Windows]
[2015.08.16-07.41.16:520][  0]LogInit: Computer: AIE-PURPLE-03
[2015.08.16-07.41.16:520][  0]LogInit: User: jacksonluff
[2015.08.16-07.41.16:520][  0]LogInit: CPU Page size=4096, Cores=4
[2015.08.16-07.41.16:520][  0]LogInit: High frequency timer resolution =3.323623 MHz
[2015.08.16-07.41.16:520][  0]LogMemory: Memory total: Physical=16.0GB (16GB approx)
[2015.08.16-07.41.16:520][  0]LogMemory: Platform Memory Stats for Windows
[2015.08.16-07.41.16:520][  0]LogMemory: Process Physical Memory: 51.13 MB used, 51.13 MB peak
[2015.08.16-07.41.16:520][  0]LogMemory: Process Virtual Memory: 23.39 MB used, 24.23 MB peak
[2015.08.16-07.41.16:520][  0]LogMemory: Physical Memory: 4004.22 MB used, 16343.68 MB total
[2015.08.16-07.41.16:520][  0]LogMemory: Virtual Memory: 282.64 MB used, 8388608.00 MB total
[2015.08.16-07.41.16:551][  0]LogTextLocalizationManager: The requested culture ('en_AU') has no localization data; parent culture's ('en') localization data will be used.
[2015.08.16-07.41.16:728][  0]LogTextLocalizationManager:Warning: Loaded localization resources contain conflicting entries for (Namespace:ContentBrowser, Key:ImportAssetToolTip):
Localization Resource: (C:/Program Files/Epic Games/4.8/Engine/Content/Localization/Editor/en/Editor.locres) Source String Hash: (-630476809) Localized String: (Import to {0}...)
Localization Resource: (C:/Program Files/Epic Games/4.8/Engine/Content/Localization/Editor/en/Editor.locres) Source String Hash: (1271782899) Localized String: (Imports an asset from file to this folder.)
[2015.08.16-07.41.17:117][  0]LogD3D11RHI: Found D3D11 adapter 0: NVIDIA GeForce GTX 660 Ti (Feature Level 11_0)
[2015.08.16-07.41.17:117][  0]LogD3D11RHI: Adapter has 1989MB of dedicated video memory, 0MB of dedicated system memory, and 2048MB of shared system memory, 2 output[s]
[2015.08.16-07.41.17:117][  0]LogD3D11RHI: Chosen D3D11 Adapter Id = 0
[2015.08.16-07.41.17:120][  0]LogD3D11RHI: InitD3DDevice
[2015.08.16-07.41.17:120][  0]LogD3D11RHI: !Direct3DDevice
[2015.08.16-07.41.17:120][  0]LogRHI: Texture pool is 1361 MB (70% of 1945 MB)
[2015.08.16-07.41.17:126][  0]LogD3D11RHI: Async texture creation enabled
[2015.08.16-07.41.17:140][  0]LogShaderCompilers:Display: Using Local Shader Compiler.
[2015.08.16-07.41.17:821][  0]LogTemp:Display: Loaded TP DesktopTargetPlatform
[2015.08.16-07.41.17:832][  0]LogTemp:Display: Loaded TP WindowsClientTargetPlatform
[2015.08.16-07.41.17:844][  0]LogTemp:Display: Loaded TP WindowsNoEditorTargetPlatform
[2015.08.16-07.41.17:855][  0]LogTemp:Display: Loaded TP WindowsServerTargetPlatform
[2015.08.16-07.41.17:868][  0]LogTemp:Display: Loaded TP WindowsTargetPlatform
[2015.08.16-07.41.17:878][  0]LogTemp:Display: Loaded TP AndroidTargetPlatform
[2015.08.16-07.41.17:888][  0]LogTemp:Display: Loaded TP Android_ASTCTargetPlatform
[2015.08.16-07.41.17:899][  0]LogTemp:Display: Loaded TP Android_ATCTargetPlatform
[2015.08.16-07.41.17:909][  0]LogTemp:Display: Loaded TP Android_DXTTargetPlatform
[2015.08.16-07.41.17:919][  0]LogTemp:Display: Loaded TP Android_ETC1TargetPlatform
[2015.08.16-07.41.17:929][  0]LogTemp:Display: Loaded TP Android_ETC2TargetPlatform
[2015.08.16-07.41.17:939][  0]LogTemp:Display: Loaded TP Android_PVRTCTargetPlatform
[2015.08.16-07.41.17:979][  0]LogTemp:Display: Loaded TP IOSTargetPlatform
[2015.08.16-07.41.17:988][  0]LogTemp:Display: Loaded TP LinuxNoEditorTargetPlatform
[2015.08.16-07.41.17:998][  0]LogTemp:Display: Loaded TP LinuxServerTargetPlatform
[2015.08.16-07.41.18:010][  0]LogTemp:Display: Loaded TP LinuxTargetPlatform
[2015.08.16-07.41.18:010][  0]LogTargetPlatformManager:Display: Building Assets For Windows
[2015.08.16-07.41.18:177][  0]LogDerivedDataCache:Display: Max Cache Size: 512 MB
[2015.08.16-07.41.18:214][  0]LogDerivedDataCache: Loaded boot cache 0.04s 53MB C:/Users/jackson.luff/AppData/Local/UnrealEngine/4.8/DerivedDataCache/Boot.ddc.
[2015.08.16-07.41.18:214][  0]LogDerivedDataCache:Display: Loaded Boot cache: C:/Users/jackson.luff/AppData/Local/UnrealEngine/4.8/DerivedDataCache/Boot.ddc
[2015.08.16-07.41.18:214][  0]LogDerivedDataCache: FDerivedDataBackendGraph:  Pak pak cache file ../../../../../../Users/jackson.luff/Desktop/Spook_Prototype/DerivedDataCache/DDC.ddp not found, will not use a pak cache.
[2015.08.16-07.41.18:214][  0]LogDerivedDataCache: Unable to find inner node Pak for hierarchical cache Hierarchy.
[2015.08.16-07.41.18:215][  0]LogDerivedDataCache: FDerivedDataBackendGraph:  CompressedPak pak cache file ../../../../../../Users/jackson.luff/Desktop/Spook_Prototype/DerivedDataCache/Compressed.ddp not found, will not use a pak cache.
[2015.08.16-07.41.18:215][  0]LogDerivedDataCache: Unable to find inner node CompressedPak for hierarchical cache Hierarchy.
[2015.08.16-07.41.18:358][  0]LogDerivedDataCache:Display: Pak cache opened for reading ../../../Engine/DerivedDataCache/Compressed.ddp.
[2015.08.16-07.41.18:369][  0]LogDerivedDataCache: Using Local data cache path C:/Users/jackson.luff/AppData/Local/UnrealEngine/Common/DerivedDataCache: Writable
[2015.08.16-07.41.18:568][  0]LogInit: Selected Device Profile: [Windows]
[2015.08.16-07.41.18:575][  0]ImportText (ComponentSweepMultiTests): Missing closing parenthesis: (RootShapeAsset="/Engine/BasicShapes/Cube.Cube",ShapeType="TriggerCapsule",HitResult=(Time=0.50,Location=(X=-100.000015,Y=0.0,Z=100.000015),ImpactPoint=(X=-50.0,Y=0.0,Z=50.0),Normal=(X=-1.0,Y=-0.0,Z=0.0),ImpactNormal=(X=0.0,Y=0.0,Z=1.0),TraceStart=(X=-200.0,Y=0.0,Z=200.0),TraceEnd=(X=0.0,Y=0.0,Z=0.0))
[2015.08.16-07.41.18:575][  0]ImportText (LineTraceSingleByChannelTests): Missing closing parenthesis: (RootShapeAsset="/Engine/BasicShapes/Cube.Cube",HitResult=(Time=0.50,Location=(X=-100.000015,Y=0.0,Z=100.000015),ImpactPoint=(X=-50.0,Y=0.0,Z=50.0),Normal=(X=-1.0,Y=-0.0,Z=0.0),ImpactNormal=(X=0.0,Y=0.0,Z=1.0),TraceStart=(X=-200.0,Y=0.0,Z=200.0),TraceEnd=(X=0.0,Y=0.0,Z=0.0))
[2015.08.16-07.41.18:598][  0]LogMeshUtilities: No automatic mesh reduction module available
[2015.08.16-07.41.18:598][  0]LogMeshUtilities: No automatic mesh merging module available
[2015.08.16-07.41.18:945][  0]LogInit: WinSock: version 1.1 (2.2), MaxSocks=32767, MaxUdp=65467
[2015.08.16-07.41.19:750][  0]UdpMessaging: Initializing bridge on interface 0.0.0.0:0 to multicast group 230.0.0.1:6666.
[2015.08.16-07.41.20:064][  0]SourceControl: Info Source control is disabled
[2015.08.16-07.41.20:070][  0]SourceControl: Info Source control is disabled
[2015.08.16-07.41.20:078][  0]SourceControl: Info Source control is disabled
[2015.08.16-07.41.20:086][  0]SourceControl: Info Source control is disabled
[2015.08.16-07.41.20:274][  0]LogObj: 26273 objects as part of root set at end of initial load.
[2015.08.16-07.41.20:274][  0]LogUObjectAllocator: 5409248 out of 0 bytes used by permanent object pool.
[2015.08.16-07.41.20:333][  0]LogEngine: Initializing Engine...
[2015.08.16-07.41.20:335][  0]LogHMD: Can't find Oculus library dev build: is proper Runtime installed? Version: 0.6.0.0
[2015.08.16-07.41.20:336][  0]LogHMD:Warning: SteamVR failed to initialize.  Error: 110
[2015.08.16-07.41.20:466][  0]LogAIModule: Creating AISystem for world NewWorld
[2015.08.16-07.41.20:472][  0]LogInit: XAudio2 using 'Speakers (VIA High Definition Audio)' : 2 channels at 48 kHz using 32 bits per sample (channel mask 0x3)
[2015.08.16-07.41.20:493][  0]LogInit: FAudioDevice initialized.
[2015.08.16-07.41.20:516][  0]LogDerivedDataCache: Saved boot cache 0.02s 53MB C:/Users/jackson.luff/AppData/Local/UnrealEngine/4.8/DerivedDataCache/Boot.ddc.
[2015.08.16-07.41.20:520][  0]LogInit: Texture streaming: Disabled
[2015.08.16-07.41.20:540][  0]LogAnalytics: Creating configured Analytics provider AnalyticsET
[2015.08.16-07.41.20:540][  0]LogAnalytics: [UEEditor.Rocket.Release] APIServer = http://et2.epicgames.com/ET2/. AppVersion = 4.8.3-2634408+++depot+UE4-Releases+4.8
[2015.08.16-07.41.20:540][  0]LogAnalytics: [UEEditor.Rocket.Release] SetUserId 5935bf314cc2f96a3a6b41b54da9b35b|7cf267475aab4bafb7b336aedadbdf03|3742992d-4606-4afe-af30-26853548c9ac
[2015.08.16-07.41.20:540][  0]LogAnalytics: [UEEditor.Rocket.Release] AnalyticsET::StartSession
[2015.08.16-07.41.20:558][  0]LogInit: Transaction tracking system initialized
[2015.08.16-07.41.20:659][  0]BlueprintLog: New page: Editor Load
[2015.08.16-07.41.20:688][  0]LogAssetRegistry: FAssetRegistry took 0.0101 seconds to start up
[2015.08.16-07.41.20:688][  0]LogDirectoryWatcher:Warning: Failed to begin reading directory changes for ../../../Engine/Plugins/Experimental/CharacterAI/Content/. Error: 0
[2015.08.16-07.41.21:242][  0]LogConsoleManager:Warning: Console variable 'r.VSync' wasn't set ('GameSetting' has a lower priority than 'SystemSettingsIni')
[2015.08.16-07.41.21:242][  0]LogConsoleResponse:Display: 
[2015.08.16-07.41.21:340][  0]LogCook:Display: Done creating registry. It took  0.00s.
[2015.08.16-07.41.21:488][  0]SourceControl: Info Source control is disabled
[2015.08.16-07.41.21:489][  0]Cmd: MAP LOAD FILE="../../../../../../Users/jackson.luff/Desktop/Spook_Prototype/Content/ThirdPersonBP/Maps/ThirdPersonExampleMap.umap" TEMPLATE=0 SHOWPROGRESS=1 FEATURELEVEL=3
[2015.08.16-07.41.21:489][  0]LogEditorServer:Warning: Can't find file '../../../../../../Users/jackson.luff/Desktop/Spook_Prototype/Content/ThirdPersonBP/Maps/ThirdPersonExampleMap.umap'
[2015.08.16-07.41.21:489][  0]Cmd: MAP CHECKDEP NOCLEARLOG
[2015.08.16-07.41.21:515][  0]MapCheck: Info Map check complete: 0 Error(s), 0 Warning(s), took 26.105ms to complete.
[2015.08.16-07.41.21:515][  0]LogFileHelpers: Loading map 'ThirdPersonExampleMap' took 0.026
[2015.08.16-07.41.21:626][  0]LogCollectionManager: Loaded 0 collections in 0.001524 seconds
[2015.08.16-07.41.21:631][  0]LogContentBrowser: Native class hierarchy populated in 0.0057 seconds. Added 1792 classes and 301 folders.
[2015.08.16-07.41.21:667][  0]LogContentBrowser: Native class hierarchy updated for 'WidgetCarousel' in 0.0002 seconds. Added 0 classes and 0 folders.
[2015.08.16-07.41.21:687][  0]LogContentBrowser: Native class hierarchy updated for 'AddContentDialog' in 0.0003 seconds. Added 0 classes and 0 folders.
[2015.08.16-07.41.21:700][  0]LogContentBrowser: Native class hierarchy updated for 'SceneOutliner' in 0.0003 seconds. Added 1 classes and 2 folders.
[2015.08.16-07.41.21:725][  0]LogCrashTracker: Crashtracker disabled due to settings.
[2015.08.16-07.41.21:726][  0]LogD3D11RHI: InitD3DDevice
[2015.08.16-07.41.21:729][  0]LogUObjectGlobals:Warning: Failed to find object 'Class None.'
[2015.08.16-07.41.21:749][  0]LogLoad: Full Startup: 6.76 seconds (BP compile: 0.01 seconds)
[2015.08.16-07.41.21:792][  0]LogContentStreaming: Texture pool size is 0.000000MB
[2015.08.16-07.41.21:809][  0]LogContentStreaming: Texture pool size now 1000 MB
[2015.08.16-07.41.21:991][  0]LogRenderer: Reallocating scene render targets to support 1056x560 (Frame:2).
[2015.08.16-07.41.22:165][  4]LogAssetRegistry: Asset discovery search completed in 1.4874 seconds
[2015.08.16-07.41.23:750][189]LogD3D11RHI: InitD3DDevice
[2015.08.16-07.41.29:993][936]LogD3D11RHI: InitD3DDevice
[2015.08.16-07.41.31:334][936]LogTexture:Display: Building textures: Texture2D_4 (BGRA8)
[2015.08.16-07.41.31:349][936]LogTexture:Display: Building textures: HQ_Lightmap0_10 (AutoDXT)
[2015.08.16-07.41.31:368][936]LogTexture:Display: Building textures: HQ_Lightmap0_14 (AutoDXT)
[2015.08.16-07.41.31:381][936]LogTexture:Display: Building textures: HQ_Lightmap0_15 (AutoDXT)
[2015.08.16-07.41.31:395][936]LogTexture:Display: Building textures: HQ_Lightmap0_16 (AutoDXT)
[2015.08.16-07.41.31:416][936]LogTexture:Display: Building textures: HQ_Lightmap0_17 (AutoDXT)
[2015.08.16-07.41.31:430][936]LogTexture:Display: Building textures: HQ_Lightmap0_2 (AutoDXT)
[2015.08.16-07.41.31:445][936]LogTexture:Display: Building textures: HQ_Lightmap0_20 (AutoDXT)
[2015.08.16-07.41.31:458][936]LogTexture:Display: Building textures: HQ_Lightmap0_21 (AutoDXT)
[2015.08.16-07.41.31:469][936]LogTexture:Display: Building textures: HQ_Lightmap0_22 (AutoDXT)
[2015.08.16-07.41.31:479][936]LogTexture:Display: Building textures: HQ_Lightmap0_25 (AutoDXT)
[2015.08.16-07.41.31:490][936]LogTexture:Display: Building textures: HQ_Lightmap0_28 (AutoDXT)
[2015.08.16-07.41.31:501][936]LogTexture:Display: Building textures: HQ_Lightmap0_29 (AutoDXT)
[2015.08.16-07.41.31:516][936]LogTexture:Display: Building textures: HQ_Lightmap0_3 (AutoDXT)
[2015.08.16-07.41.31:637][936]LogTexture:Display: Building textures: HQ_Lightmap0_30 (AutoDXT)
[2015.08.16-07.41.31:651][936]LogTexture:Display: Building textures: HQ_Lightmap0_33 (AutoDXT)
[2015.08.16-07.41.31:662][936]LogTexture:Display: Building textures: HQ_Lightmap0_37 (AutoDXT)
[2015.08.16-07.41.31:673][936]LogTexture:Display: Building textures: HQ_Lightmap0_38 (AutoDXT)
[2015.08.16-07.41.31:683][936]LogTexture:Display: Building textures: HQ_Lightmap0_41 (AutoDXT)
[2015.08.16-07.41.31:694][936]LogTexture:Display: Building textures: HQ_Lightmap0_45 (AutoDXT)
[2015.08.16-07.41.31:705][936]LogTexture:Display: Building textures: HQ_Lightmap0_46 (AutoDXT)
[2015.08.16-07.41.31:716][936]LogTexture:Display: Building textures: HQ_Lightmap0_49 (AutoDXT)
[2015.08.16-07.41.31:727][936]LogTexture:Display: Building textures: HQ_Lightmap0_50 (AutoDXT)
[2015.08.16-07.41.31:737][936]LogTexture:Display: Building textures: HQ_Lightmap0_51 (AutoDXT)
[2015.08.16-07.41.31:748][936]LogTexture:Display: Building textures: HQ_Lightmap0_52 (AutoDXT)
[2015.08.16-07.41.31:759][936]LogTexture:Display: Building textures: HQ_Lightmap0_53 (AutoDXT)
[2015.08.16-07.41.31:769][936]LogTexture:Display: Building textures: HQ_Lightmap0_54 (AutoDXT)
[2015.08.16-07.41.31:780][936]LogTexture:Display: Building textures: HQ_Lightmap0_55 (AutoDXT)
[2015.08.16-07.41.31:791][936]LogTexture:Display: Building textures: HQ_Lightmap0_56 (AutoDXT)
[2015.08.16-07.41.31:802][936]LogTexture:Display: Building textures: HQ_Lightmap0_57 (AutoDXT)
[2015.08.16-07.41.31:815][936]LogTexture:Display: Building textures: HQ_Lightmap0_58 (AutoDXT)
[2015.08.16-07.41.31:826][936]LogTexture:Display: Building textures: HQ_Lightmap0_59 (AutoDXT)
[2015.08.16-07.41.31:837][936]LogTexture:Display: Building textures: HQ_Lightmap0_60 (AutoDXT)
[2015.08.16-07.41.31:848][936]LogTexture:Display: Building textures: HQ_Lightmap0_61 (AutoDXT)
[2015.08.16-07.41.31:858][936]LogTexture:Display: Building textures: HQ_Lightmap0_62 (AutoDXT)
[2015.08.16-07.41.31:871][936]LogTexture:Display: Building textures: HQ_Lightmap0_63 (AutoDXT)
[2015.08.16-07.41.31:883][936]LogTexture:Display: Building textures: HQ_Lightmap0_64 (AutoDXT)
[2015.08.16-07.41.31:893][936]LogTexture:Display: Building textures: HQ_Lightmap0_65 (AutoDXT)
[2015.08.16-07.41.31:903][936]LogTexture:Display: Building textures: HQ_Lightmap0_66 (AutoDXT)
[2015.08.16-07.41.31:914][936]LogTexture:Display: Building textures: HQ_Lightmap0_69 (AutoDXT)
[2015.08.16-07.41.31:928][936]LogTexture:Display: Building textures: HQ_Lightmap0_7 (AutoDXT)
[2015.08.16-07.41.31:988][936]LogTexture:Display: Building textures: HQ_Lightmap0_70 (AutoDXT)
[2015.08.16-07.41.32:002][936]LogTexture:Display: Building textures: HQ_Lightmap0_71 (AutoDXT)
[2015.08.16-07.41.32:010][936]LogTexture:Display: Building textures: HQ_Lightmap0_72 (AutoDXT)
[2015.08.16-07.41.32:020][936]LogTexture:Display: Building textures: HQ_Lightmap0_78 (AutoDXT)
[2015.08.16-07.41.32:030][936]LogTexture:Display: Building textures: HQ_Lightmap0_79 (AutoDXT)
[2015.08.16-07.41.32:040][936]LogTexture:Display: Building textures: HQ_Lightmap0_8 (AutoDXT)
[2015.08.16-07.41.32:055][936]LogTexture:Display: Building textures: HQ_Lightmap0_80 (AutoDXT)
[2015.08.16-07.41.32:069][936]LogTexture:Display: Building textures: HQ_Lightmap0_81 (AutoDXT)
[2015.08.16-07.41.32:080][936]LogTexture:Display: Building textures: HQ_Lightmap0_82 (AutoDXT)
[2015.08.16-07.41.32:082][936]LogTexture:Display: Building textures: HQ_Lightmap1_11 (AutoDXT)
[2015.08.16-07.41.32:112][936]LogTexture:Display: Building textures: HQ_Lightmap1_12 (AutoDXT)
[2015.08.16-07.41.32:170][936]LogTexture:Display: Building textures: HQ_Lightmap1_13 (AutoDXT)
[2015.08.16-07.41.32:180][936]LogTexture:Display: Building textures: HQ_Lightmap1_18 (AutoDXT)
[2015.08.16-07.41.32:213][936]LogTexture:Display: Building textures: HQ_Lightmap1_19 (AutoDXT)
[2015.08.16-07.41.32:227][936]LogTexture:Display: Building textures: HQ_Lightmap1_26 (AutoDXT)
[2015.08.16-07.41.32:237][936]LogTexture:Display: Building textures: HQ_Lightmap1_27 (AutoDXT)
[2015.08.16-07.41.32:250][936]LogTexture:Display: Building textures: HQ_Lightmap1_4 (AutoDXT)
[2015.08.16-07.41.32:295][936]LogTexture:Display: Building textures: HQ_Lightmap1_5 (AutoDXT)
[2015.08.16-07.41.32:384][936]LogTexture:Display: Building textures: HQ_Lightmap1_6 (AutoDXT)
[2015.08.16-07.41.32:412][936]LogTexture:Display: Building textures: HQ_Lightmap1_67 (AutoDXT)
[2015.08.16-07.41.32:426][936]LogTexture:Display: Building textures: HQ_Lightmap1_68 (AutoDXT)
[2015.08.16-07.41.32:436][936]LogTexture:Display: Building textures: HQ_Lightmap1_73 (AutoDXT)
[2015.08.16-07.41.32:446][936]LogTexture:Display: Building textures: HQ_Lightmap1_74 (AutoDXT)
[2015.08.16-07.41.32:457][936]LogTexture:Display: Building textures: HQ_Lightmap1_75 (AutoDXT)
[2015.08.16-07.41.32:468][936]LogTexture:Display: Building textures: HQ_Lightmap1_76 (AutoDXT)
[2015.08.16-07.41.32:479][936]LogTexture:Display: Building textures: HQ_Lightmap1_77 (AutoDXT)
[2015.08.16-07.41.32:489][936]LogTexture:Display: Building textures: HQ_Lightmap1_9 (AutoDXT)
[2015.08.16-07.41.32:503][936]LogTexture:Display: Building textures: LQ_Lightmap_0_10 (DXT1)
[2015.08.16-07.41.32:514][936]LogTexture:Display: Building textures: LQ_Lightmap_0_14 (DXT1)
[2015.08.16-07.41.32:525][936]LogTexture:Display: Building textures: LQ_Lightmap_0_15 (DXT1)
[2015.08.16-07.41.32:535][936]LogTexture:Display: Building textures: LQ_Lightmap_0_16 (DXT1)
[2015.08.16-07.41.32:551][936]LogTexture:Display: Building textures: LQ_Lightmap_0_17 (DXT1)
[2015.08.16-07.41.32:560][936]LogTexture:Display: Building textures: LQ_Lightmap_0_2 (DXT1)
[2015.08.16-07.41.32:570][936]LogTexture:Display: Building textures: LQ_Lightmap_0_20 (DXT1)
[2015.08.16-07.41.32:581][936]LogTexture:Display: Building textures: LQ_Lightmap_0_21 (DXT1)
[2015.08.16-07.41.32:590][936]LogTexture:Display: Building textures: LQ_Lightmap_0_22 (DXT1)
[2015.08.16-07.41.32:600][936]LogTexture:Display: Building textures: LQ_Lightmap_0_25 (DXT1)
[2015.08.16-07.41.32:606][936]LogTexture:Display: Building textures: LQ_Lightmap_0_28 (DXT1)
[2015.08.16-07.41.32:617][936]LogTexture:Display: Building textures: LQ_Lightmap_0_29 (DXT1)
[2015.08.16-07.41.32:631][936]LogTexture:Display: Building textures: LQ_Lightmap_0_3 (DXT1)
[2015.08.16-07.41.32:724][936]LogTexture:Display: Building textures: LQ_Lightmap_0_30 (DXT1)
[2015.08.16-07.41.32:738][936]LogTexture:Display: Building textures: LQ_Lightmap_0_33 (DXT1)
[2015.08.16-07.41.32:744][936]LogTexture:Display: Building textures: LQ_Lightmap_0_37 (DXT1)
[2015.08.16-07.41.32:754][936]LogTexture:Display: Building textures: LQ_Lightmap_0_38 (DXT1)
[2015.08.16-07.41.32:765][936]LogTexture:Display: Building textures: LQ_Lightmap_0_41 (DXT1)
[2015.08.16-07.41.32:775][936]LogTexture:Display: Building textures: LQ_Lightmap_0_45 (DXT1)
[2015.08.16-07.41.32:784][936]LogTexture:Display: Building textures: LQ_Lightmap_0_46 (DXT1)
[2015.08.16-07.41.32:792][936]LogTexture:Display: Building textures: LQ_Lightmap_0_49 (DXT1)
[2015.08.16-07.41.32:802][936]LogTexture:Display: Building textures: LQ_Lightmap_0_50 (DXT1)
[2015.08.16-07.41.32:813][936]LogTexture:Display: Building textures: LQ_Lightmap_0_51 (DXT1)
[2015.08.16-07.41.32:823][936]LogTexture:Display: Building textures: LQ_Lightmap_0_52 (DXT1)
[2015.08.16-07.41.32:832][936]LogTexture:Display: Building textures: LQ_Lightmap_0_53 (DXT1)
[2015.08.16-07.41.32:842][936]LogTexture:Display: Building textures: LQ_Lightmap_0_54 (DXT1)
[2015.08.16-07.41.32:853][936]LogTexture:Display: Building textures: LQ_Lightmap_0_55 (DXT1)
[2015.08.16-07.41.32:862][936]LogTexture:Display: Building textures: LQ_Lightmap_0_56 (DXT1)
[2015.08.16-07.41.32:872][936]LogTexture:Display: Building textures: LQ_Lightmap_0_57 (DXT1)
[2015.08.16-07.41.32:883][936]LogTexture:Display: Building textures: LQ_Lightmap_0_58 (DXT1)
[2015.08.16-07.41.32:894][936]LogTexture:Display: Building textures: LQ_Lightmap_0_59 (DXT1)
[2015.08.16-07.41.32:907][936]LogTexture:Display: Building textures: LQ_Lightmap_0_60 (DXT1)
[2015.08.16-07.41.32:918][936]LogTexture:Display: Building textures: LQ_Lightmap_0_61 (DXT1)
[2015.08.16-07.41.32:930][936]LogTexture:Display: Building textures: LQ_Lightmap_0_62 (DXT1)
[2015.08.16-07.41.32:940][936]LogTexture:Display: Building textures: LQ_Lightmap_0_63 (DXT1)
[2015.08.16-07.41.32:950][936]LogTexture:Display: Building textures: LQ_Lightmap_0_64 (DXT1)
[2015.08.16-07.41.32:960][936]LogTexture:Display: Building textures: LQ_Lightmap_0_65 (DXT1)
[2015.08.16-07.41.32:971][936]LogTexture:Display: Building textures: LQ_Lightmap_0_66 (DXT1)
[2015.08.16-07.41.32:983][936]LogTexture:Display: Building textures: LQ_Lightmap_0_69 (DXT1)
[2015.08.16-07.41.32:994][936]LogTexture:Display: Building textures: LQ_Lightmap_0_7 (DXT1)
[2015.08.16-07.41.33:045][936]LogTexture:Display: Building textures: LQ_Lightmap_0_70 (DXT1)
[2015.08.16-07.41.33:055][936]LogTexture:Display: Building textures: LQ_Lightmap_0_71 (DXT1)
[2015.08.16-07.41.33:062][936]LogTexture:Display: Building textures: LQ_Lightmap_0_72 (DXT1)
[2015.08.16-07.41.33:068][936]LogTexture:Display: Building textures: LQ_Lightmap_0_78 (DXT1)
[2015.08.16-07.41.33:075][936]LogTexture:Display: Building textures: LQ_Lightmap_0_79 (DXT1)
[2015.08.16-07.41.33:083][936]LogTexture:Display: Building textures: LQ_Lightmap_0_8 (DXT1)
[2015.08.16-07.41.33:096][936]LogTexture:Display: Building textures: LQ_Lightmap_0_80 (DXT1)
[2015.08.16-07.41.33:109][936]LogTexture:Display: Building textures: LQ_Lightmap_0_81 (DXT1)
[2015.08.16-07.41.33:117][936]LogTexture:Display: Building textures: LQ_Lightmap_0_82 (DXT1)
[2015.08.16-07.41.33:122][936]LogTexture:Display: Building textures: LQ_Lightmap_1_11 (DXT1)
[2015.08.16-07.41.33:154][936]LogTexture:Display: Building textures: LQ_Lightmap_1_12 (DXT1)
[2015.08.16-07.41.33:204][936]LogTexture:Display: Building textures: LQ_Lightmap_1_13 (DXT1)
[2015.08.16-07.41.33:211][936]LogTexture:Display: Building textures: LQ_Lightmap_1_18 (DXT1)
[2015.08.16-07.41.33:230][936]LogTexture:Display: Building textures: LQ_Lightmap_1_19 (DXT1)
[2015.08.16-07.41.33:242][936]LogTexture:Display: Building textures: LQ_Lightmap_1_26 (DXT1)
[2015.08.16-07.41.33:250][936]LogTexture:Display: Building textures: LQ_Lightmap_1_27 (DXT1)
[2015.08.16-07.41.33:260][936]LogTexture:Display: Building textures: LQ_Lightmap_1_4 (DXT1)
[2015.08.16-07.41.33:294][936]LogTexture:Display: Building textures: LQ_Lightmap_1_5 (DXT1)
[2015.08.16-07.41.33:374][936]LogTexture:Display: Building textures: LQ_Lightmap_1_6 (DXT1)
[2015.08.16-07.41.33:390][936]LogTexture:Display: Building textures: LQ_Lightmap_1_67 (DXT1)
[2015.08.16-07.41.33:401][936]LogTexture:Display: Building textures: LQ_Lightmap_1_68 (DXT1)
[2015.08.16-07.41.33:409][936]LogTexture:Display: Building textures: LQ_Lightmap_1_73 (DXT1)
[2015.08.16-07.41.33:419][936]LogTexture:Display: Building textures: LQ_Lightmap_1_74 (DXT1)
[2015.08.16-07.41.33:426][936]LogTexture:Display: Building textures: LQ_Lightmap_1_75 (DXT1)
[2015.08.16-07.41.33:436][936]LogTexture:Display: Building textures: LQ_Lightmap_1_76 (DXT1)
[2015.08.16-07.41.33:443][936]LogTexture:Display: Building textures: LQ_Lightmap_1_77 (DXT1)
[2015.08.16-07.41.33:452][936]LogTexture:Display: Building textures: LQ_Lightmap_1_9 (DXT1)
[2015.08.16-07.41.33:462][936]LogTexture:Display: Building textures: SkyOcclusion0_10 (AutoDXT)
[2015.08.16-07.41.33:473][936]LogTexture:Display: Building textures: SkyOcclusion0_14 (AutoDXT)
[2015.08.16-07.41.33:480][936]LogTexture:Display: Building textures: SkyOcclusion0_15 (AutoDXT)
[2015.08.16-07.41.33:492][936]LogTexture:Display: Building textures: SkyOcclusion0_16 (AutoDXT)
[2015.08.16-07.41.33:503][936]LogTexture:Display: Building textures: SkyOcclusion0_17 (AutoDXT)
[2015.08.16-07.41.33:513][936]LogTexture:Display: Building textures: SkyOcclusion0_2 (AutoDXT)
[2015.08.16-07.41.33:526][936]LogTexture:Display: Building textures: SkyOcclusion0_20 (AutoDXT)
[2015.08.16-07.41.33:533][936]LogTexture:Display: Building textures: SkyOcclusion0_21 (AutoDXT)
[2015.08.16-07.41.33:540][936]LogTexture:Display: Building textures: SkyOcclusion0_22 (AutoDXT)
[2015.08.16-07.41.33:547][936]LogTexture:Display: Building textures: SkyOcclusion0_25 (AutoDXT)
[2015.08.16-07.41.33:554][936]LogTexture:Display: Building textures: SkyOcclusion0_28 (AutoDXT)
[2015.08.16-07.41.33:561][936]LogTexture:Display: Building textures: SkyOcclusion0_29 (AutoDXT)
[2015.08.16-07.41.33:570][936]LogTexture:Display: Building textures: SkyOcclusion0_3 (AutoDXT)
[2015.08.16-07.41.33:638][936]LogTexture:Display: Building textures: SkyOcclusion0_30 (AutoDXT)
[2015.08.16-07.41.33:643][936]LogTexture:Display: Building textures: SkyOcclusion0_33 (AutoDXT)
[2015.08.16-07.41.33:650][936]LogTexture:Display: Building textures: SkyOcclusion0_37 (AutoDXT)
[2015.08.16-07.41.33:657][936]LogTexture:Display: Building textures: SkyOcclusion0_38 (AutoDXT)
[2015.08.16-07.41.33:661][936]LogTexture:Display: Building textures: SkyOcclusion0_41 (AutoDXT)
[2015.08.16-07.41.33:668][936]LogTexture:Display: Building textures: SkyOcclusion0_45 (AutoDXT)
[2015.08.16-07.41.33:675][936]LogTexture:Display: Building textures: SkyOcclusion0_46 (AutoDXT)
[2015.08.16-07.41.33:681][936]LogTexture:Display: Building textures: SkyOcclusion0_49 (AutoDXT)
[2015.08.16-07.41.33:688][936]LogTexture:Display: Building textures: SkyOcclusion0_50 (AutoDXT)
[2015.08.16-07.41.33:695][936]LogTexture:Display: Building textures: SkyOcclusion0_51 (AutoDXT)
[2015.08.16-07.41.33:702][936]LogTexture:Display: Building textures: SkyOcclusion0_52 (AutoDXT)
[2015.08.16-07.41.33:709][936]LogTexture:Display: Building textures: SkyOcclusion0_53 (AutoDXT)
[2015.08.16-07.41.33:715][936]LogTexture:Display: Building textures: SkyOcclusion0_54 (AutoDXT)
[2015.08.16-07.41.33:719][936]LogTexture:Display: Building textures: SkyOcclusion0_55 (AutoDXT)
[2015.08.16-07.41.33:724][936]LogTexture:Display: Building textures: SkyOcclusion0_56 (AutoDXT)
[2015.08.16-07.41.33:730][936]LogTexture:Display: Building textures: SkyOcclusion0_57 (AutoDXT)
[2015.08.16-07.41.33:735][936]LogTexture:Display: Building textures: SkyOcclusion0_58 (AutoDXT)
[2015.08.16-07.41.33:740][936]LogTexture:Display: Building textures: SkyOcclusion0_59 (AutoDXT)
[2015.08.16-07.41.33:744][936]LogTexture:Display: Building textures: SkyOcclusion0_60 (AutoDXT)
[2015.08.16-07.41.33:748][936]LogTexture:Display: Building textures: SkyOcclusion0_61 (AutoDXT)
[2015.08.16-07.41.33:751][936]LogTexture:Display: Building textures: SkyOcclusion0_62 (AutoDXT)
[2015.08.16-07.41.33:757][936]LogTexture:Display: Building textures: SkyOcclusion0_63 (AutoDXT)
[2015.08.16-07.41.33:765][936]LogTexture:Display: Building textures: SkyOcclusion0_64 (AutoDXT)
[2015.08.16-07.41.33:772][936]LogTexture:Display: Building textures: SkyOcclusion0_65 (AutoDXT)
[2015.08.16-07.41.33:779][936]LogTexture:Display: Building textures: SkyOcclusion0_66 (AutoDXT)
[2015.08.16-07.41.33:785][936]LogTexture:Display: Building textures: SkyOcclusion0_69 (AutoDXT)
[2015.08.16-07.41.33:791][936]LogTexture:Display: Building textures: SkyOcclusion0_7 (AutoDXT)
[2015.08.16-07.41.33:826][936]LogTexture:Display: Building textures: SkyOcclusion0_70 (AutoDXT)
[2015.08.16-07.41.33:833][936]LogTexture:Display: Building textures: SkyOcclusion0_71 (AutoDXT)
[2015.08.16-07.41.33:841][936]LogTexture:Display: Building textures: SkyOcclusion0_72 (AutoDXT)
[2015.08.16-07.41.33:848][936]LogTexture:Display: Building textures: SkyOcclusion0_78 (AutoDXT)
[2015.08.16-07.41.33:855][936]LogTexture:Display: Building textures: SkyOcclusion0_79 (AutoDXT)
[2015.08.16-07.41.33:862][936]LogTexture:Display: Building textures: SkyOcclusion0_8 (AutoDXT)
[2015.08.16-07.41.33:876][936]LogTexture:Display: Building textures: SkyOcclusion0_80 (AutoDXT)
[2015.08.16-07.41.33:883][936]LogTexture:Display: Building textures: SkyOcclusion0_81 (AutoDXT)
[2015.08.16-07.41.33:894][936]LogTexture:Display: Building textures: SkyOcclusion0_82 (AutoDXT)
[2015.08.16-07.41.33:896][936]LogTexture:Display: Building textures: SkyOcclusion1_11 (AutoDXT)
[2015.08.16-07.41.33:918][936]LogTexture:Display: Building textures: SkyOcclusion1_12 (AutoDXT)
[2015.08.16-07.41.33:950][936]LogTexture:Display: Building textures: SkyOcclusion1_13 (AutoDXT)
[2015.08.16-07.41.33:955][936]LogTexture:Display: Building textures: SkyOcclusion1_18 (AutoDXT)
[2015.08.16-07.41.33:977][936]LogTexture:Display: Building textures: SkyOcclusion1_19 (AutoDXT)
[2015.08.16-07.41.33:984][936]LogTexture:Display: Building textures: SkyOcclusion1_26 (AutoDXT)
[2015.08.16-07.41.33:991][936]LogTexture:Display: Building textures: SkyOcclusion1_27 (AutoDXT)
[2015.08.16-07.41.34:000][936]LogTexture:Display: Building textures: SkyOcclusion1_4 (AutoDXT)
[2015.08.16-07.41.34:028][936]LogTexture:Display: Building textures: SkyOcclusion1_5 (AutoDXT)
[2015.08.16-07.41.34:088][936]LogTexture:Display: Building textures: SkyOcclusion1_6 (AutoDXT)
[2015.08.16-07.41.34:104][936]LogTexture:Display: Building textures: SkyOcclusion1_67 (AutoDXT)
[2015.08.16-07.41.34:110][936]LogTexture:Display: Building textures: SkyOcclusion1_68 (AutoDXT)
[2015.08.16-07.41.34:116][936]LogTexture:Display: Building textures: SkyOcclusion1_73 (AutoDXT)
[2015.08.16-07.41.34:123][936]LogTexture:Display: Building textures: SkyOcclusion1_74 (AutoDXT)
[2015.08.16-07.41.34:130][936]LogTexture:Display: Building textures: SkyOcclusion1_75 (AutoDXT)
[2015.08.16-07.41.34:138][936]LogTexture:Display: Building textures: SkyOcclusion1_76 (AutoDXT)
[2015.08.16-07.41.34:145][936]LogTexture:Display: Building textures: SkyOcclusion1_77 (AutoDXT)
[2015.08.16-07.41.34:152][936]LogTexture:Display: Building textures: SkyOcclusion1_9 (AutoDXT)
[2015.08.16-07.41.34:162][936]LogTexture:Display: Building textures: ShadowMapTexture2D_150 (BGRA8)
[2015.08.16-07.41.34:167][936]LogTexture:Display: Building textures: ShadowMapTexture2D_151 (BGRA8)
[2015.08.16-07.41.34:168][936]LogTexture:Display: Building textures: ShadowMapTexture2D_152 (BGRA8)
[2015.08.16-07.41.34:171][936]LogTexture:Display: Building textures: ShadowMapTexture2D_153 (BGRA8)
[2015.08.16-07.41.34:177][936]LogTexture:Display: Building textures: ShadowMapTexture2D_154 (BGRA8)
[2015.08.16-07.41.34:182][936]LogTexture:Display: Building textures: ShadowMapTexture2D_155 (BGRA8)
[2015.08.16-07.41.34:184][936]LogTexture:Display: Building textures: ShadowMapTexture2D_156 (BGRA8)
[2015.08.16-07.41.34:184][936]LogTexture:Display: Building textures: ShadowMapTexture2D_157 (BGRA8)
[2015.08.16-07.41.34:186][936]LogTexture:Display: Building textures: ShadowMapTexture2D_158 (BGRA8)
[2015.08.16-07.41.34:188][936]LogTexture:Display: Building textures: ShadowMapTexture2D_159 (BGRA8)
[2015.08.16-07.41.34:189][936]LogTexture:Display: Building textures: ShadowMapTexture2D_160 (BGRA8)
[2015.08.16-07.41.34:190][936]LogTexture:Display: Building textures: ShadowMapTexture2D_161 (BGRA8)
[2015.08.16-07.41.34:192][936]LogTexture:Display: Building textures: ShadowMapTexture2D_162 (BGRA8)
[2015.08.16-07.41.34:194][936]LogTexture:Display: Building textures: ShadowMapTexture2D_163 (BGRA8)
[2015.08.16-07.41.34:195][936]LogTexture:Display: Building textures: ShadowMapTexture2D_164 (BGRA8)
[2015.08.16-07.41.34:196][936]LogTexture:Display: Building textures: ShadowMapTexture2D_165 (BGRA8)
[2015.08.16-07.41.34:198][936]LogTexture:Display: Building textures: ShadowMapTexture2D_166 (BGRA8)
[2015.08.16-07.41.34:199][936]LogTexture:Display: Building textures: ShadowMapTexture2D_167 (BGRA8)
[2015.08.16-07.41.34:200][936]LogTexture:Display: Building textures: ShadowMapTexture2D_168 (BGRA8)
[2015.08.16-07.41.34:200][936]LogTexture:Display: Building textures: ShadowMapTexture2D_169 (BGRA8)
[2015.08.16-07.41.34:201][936]LogTexture:Display: Building textures: ShadowMapTexture2D_172 (BGRA8)
[2015.08.16-07.41.34:202][936]LogTexture:Display: Building textures: ShadowMapTexture2D_173 (BGRA8)
[2015.08.16-07.41.34:203][936]LogTexture:Display: Building textures: ShadowMapTexture2D_174 (BGRA8)
[2015.08.16-07.41.34:203][936]LogTexture:Display: Building textures: ShadowMapTexture2D_175 (BGRA8)
[2015.08.16-07.41.34:204][936]LogTexture:Display: Building textures: ShadowMapTexture2D_176 (BGRA8)
[2015.08.16-07.41.34:204][936]LogTexture:Display: Building textures: ShadowMapTexture2D_177 (BGRA8)
[2015.08.16-07.41.34:205][936]LogTexture:Display: Building textures: ShadowMapTexture2D_180 (BGRA8)
[2015.08.16-07.41.34:205][936]LogTexture:Display: Building textures: ShadowMapTexture2D_184 (BGRA8)
[2015.08.16-07.41.34:206][936]LogTexture:Display: Building textures: ShadowMapTexture2D_185 (BGRA8)
[2015.08.16-07.41.34:206][936]LogTexture:Display: Building textures: ShadowMapTexture2D_188 (BGRA8)
[2015.08.16-07.41.34:207][936]LogTexture:Display: Building textures: ShadowMapTexture2D_192 (BGRA8)
[2015.08.16-07.41.34:208][936]LogTexture:Display: Building textures: ShadowMapTexture2D_193 (BGRA8)
[2015.08.16-07.41.34:208][936]LogTexture:Display: Building textures: ShadowMapTexture2D_196 (BGRA8)
[2015.08.16-07.41.34:209][936]LogTexture:Display: Building textures: ShadowMapTexture2D_197 (BGRA8)
[2015.08.16-07.41.34:210][936]LogTexture:Display: Building textures: ShadowMapTexture2D_198 (BGRA8)
[2015.08.16-07.41.34:210][936]LogTexture:Display: Building textures: ShadowMapTexture2D_199 (BGRA8)
[2015.08.16-07.41.34:211][936]LogTexture:Display: Building textures: ShadowMapTexture2D_200 (BGRA8)
[2015.08.16-07.41.34:211][936]LogTexture:Display: Building textures: ShadowMapTexture2D_201 (BGRA8)
[2015.08.16-07.41.34:212][936]LogTexture:Display: Building textures: ShadowMapTexture2D_202 (BGRA8)
[2015.08.16-07.41.34:212][936]LogTexture:Display: Building textures: ShadowMapTexture2D_203 (BGRA8)
[2015.08.16-07.41.34:213][936]LogTexture:Display: Building textures: ShadowMapTexture2D_204 (BGRA8)
[2015.08.16-07.41.34:213][936]LogTexture:Display: Building textures: ShadowMapTexture2D_205 (BGRA8)
[2015.08.16-07.41.34:214][936]LogTexture:Display: Building textures: ShadowMapTexture2D_206 (BGRA8)
[2015.08.16-07.41.34:215][936]LogTexture:Display: Building textures: ShadowMapTexture2D_207 (BGRA8)
[2015.08.16-07.41.34:215][936]LogTexture:Display: Building textures: ShadowMapTexture2D_208 (BGRA8)
[2015.08.16-07.41.34:216][936]LogTexture:Display: Building textures: ShadowMapTexture2D_209 (BGRA8)
[2015.08.16-07.41.34:216][936]LogTexture:Display: Building textures: ShadowMapTexture2D_210 (BGRA8)
[2015.08.16-07.41.34:217][936]LogTexture:Display: Building textures: ShadowMapTexture2D_211 (BGRA8)
[2015.08.16-07.41.34:217][936]LogTexture:Display: Building textures: ShadowMapTexture2D_212 (BGRA8)
[2015.08.16-07.41.34:218][936]LogTexture:Display: Building textures: ShadowMapTexture2D_213 (BGRA8)
[2015.08.16-07.41.34:219][936]LogTexture:Display: Building textures: ShadowMapTexture2D_214 (BGRA8)
[2015.08.16-07.41.34:219][936]LogTexture:Display: Building textures: ShadowMapTexture2D_215 (BGRA8)
[2015.08.16-07.41.34:220][936]LogTexture:Display: Building textures: ShadowMapTexture2D_216 (BGRA8)
[2015.08.16-07.41.34:220][936]LogTexture:Display: Building textures: ShadowMapTexture2D_217 (BGRA8)
[2015.08.16-07.41.34:221][936]LogTexture:Display: Building textures: ShadowMapTexture2D_218 (BGRA8)
[2015.08.16-07.41.34:221][936]LogTexture:Display: Building textures: ShadowMapTexture2D_219 (BGRA8)
[2015.08.16-07.41.34:222][936]LogTexture:Display: Building textures: ShadowMapTexture2D_220 (BGRA8)
[2015.08.16-07.41.34:222][936]LogTexture:Display: Building textures: ShadowMapTexture2D_221 (BGRA8)
[2015.08.16-07.41.34:223][936]LogTexture:Display: Building textures: ShadowMapTexture2D_222 (BGRA8)
[2015.08.16-07.41.34:224][936]LogTexture:Display: Building textures: ShadowMapTexture2D_223 (BGRA8)
[2015.08.16-07.41.34:224][936]LogTexture:Display: Building textures: ShadowMapTexture2D_224 (BGRA8)
[2015.08.16-07.41.34:225][936]LogTexture:Display: Building textures: ShadowMapTexture2D_225 (BGRA8)
[2015.08.16-07.41.34:225][936]LogTexture:Display: Building textures: ShadowMapTexture2D_226 (BGRA8)
[2015.08.16-07.41.34:226][936]LogTexture:Display: Building textures: ShadowMapTexture2D_227 (BGRA8)
[2015.08.16-07.41.34:226][936]LogTexture:Display: Building textures: ShadowMapTexture2D_228 (BGRA8)
[2015.08.16-07.41.34:238][936]LogStaticMesh: Building static mesh DeadTreeUV_d...
[2015.08.16-07.41.34:330][936]LogStaticMesh: Built static mesh [0.092269.2s] /Game/Spook/Environment/Trees/DeadTreeUV_d.DeadTreeUV_d
[2015.08.16-07.41.34:351][936]LogStaticMesh: Building static mesh FloatingPlatform2UV_d...
[2015.08.16-07.41.34:362][936]LogStaticMesh: Built static mesh [0.011896.2s] /Game/Spook/Environment/Platforms/FloatingPlatform2UV_d.FloatingPlatform2UV_d
[2015.08.16-07.41.34:371][936]LogStaticMesh: Building static mesh Rock1...
[2015.08.16-07.41.34:393][936]LogStaticMesh: Built static mesh [0.021987.2s] /Game/Spook/Environment/Rocks/Rock1.Rock1
[2015.08.16-07.41.34:395][936]LogStaticMesh: Building static mesh rock_2...
[2015.08.16-07.41.34:433][936]LogStaticMesh: Built static mesh [0.037643.2s] /Game/Spook/Environment/Rocks/rock_2.rock_2
[2015.08.16-07.41.34:438][936]LogStaticMesh: Building static mesh rock_3...
[2015.08.16-07.41.34:445][936]LogStaticMesh: Built static mesh [0.007328.2s] /Game/Spook/Environment/Rocks/rock_3.rock_3
[2015.08.16-07.41.34:446][936]LogStaticMesh: Building static mesh rock_4...
[2015.08.16-07.41.34:451][936]LogStaticMesh: Built static mesh [0.005591.2s] /Game/Spook/Environment/Rocks/rock_4.rock_4
[2015.08.16-07.41.34:457][936]LogStaticMesh: Building static mesh tube...
[2015.08.16-07.41.34:461][936]LogStaticMesh: Built static mesh [0.004776.2s] /Game/Spook/Environment/Level/tube.tube
[2015.08.16-07.41.34:463][936]LogTexture:Display: Building textures: Texture2D_5 (BGRA8)
[2015.08.16-07.41.34:463][936]LogTexture:Display: Building textures: Texture2D_6 (BGRA8)
[2015.08.16-07.41.34:489][936]LogAIModule: Creating AISystem for world Spook_World
[2015.08.16-07.41.34:625][936]Cmd: MAP LOAD FILE="../../../../../../Users/jackson.luff/Desktop/Spook_Prototype/Content/Spook/MapAndGameMode/Spook_World.umap" TEMPLATE=0 SHOWPROGRESS=1 FEATURELEVEL=3
[2015.08.16-07.41.34:625][936]LightingResults: New page: Lighting Build
[2015.08.16-07.41.34:635][936]LogContentBrowser: Native class hierarchy updated for 'StatsViewer' in 0.0003 seconds. Added 5 classes and 0 folders.
[2015.08.16-07.41.34:652][936]LoadErrors: New page: Loading map: Spook_World.umap
[2015.08.16-07.41.34:652][936]MapCheck: New page: Map Check
[2015.08.16-07.41.34:652][936]LightingResults: New page: Lighting Build
[2015.08.16-07.41.34:660][936]LogParticles: Destroying 0 GPU particle simulations for FXSystem 0x000000001AAD1300
[2015.08.16-07.41.34:963][936]LogAIModule: Creating AISystem for world Spook_World
[2015.08.16-07.41.35:062][936]LogPhysics:Warning: FConstraintInstance::GetRefFrame : Contained scale.
[2015.08.16-07.41.35:066][936]LogEditorServer: Finished looking for orphan Actors (0.000 secs)
[2015.08.16-07.41.35:237][936]Cmd: MAP CHECKDEP NOCLEARLOG
[2015.08.16-07.41.35:275][936]MapCheck: Info Map check complete: 0 Error(s), 0 Warning(s), took 37.057ms to complete.
[2015.08.16-07.41.35:275][936]LogFileHelpers: Loading map 'Spook_World' took 0.651
[2015.08.16-07.41.35:500][937]Cmd: UpdateLandscapeEditorData -warnings
[2015.08.16-07.41.35:500][937]Cmd: UpdateLandscapeEditorData
[2015.08.16-07.41.44:467][  6]LogD3D11RHI: InitD3DDevice
[2015.08.16-07.41.47:814][406]MapCheck: New page: Map Check
[2015.08.16-07.41.47:823][406]LogD3D11RHI: InitD3DDevice
[2015.08.16-07.41.47:835][406]Cmd: MAP REBUILD ALLVISIBLE
[2015.08.16-07.41.47:835][406]LogEditorServer: Rebuildmap Clear paths rebuilt
[2015.08.16-07.41.47:863][406]LogPhysics:Warning: FConstraintInstance::GetRefFrame : Contained scale.
[2015.08.16-07.41.47:868][406]LightingResults: New page: Lighting Build - 17 Aug 2015 3:41:47 am
[2015.08.16-07.41.51:791][406]LogStaticLightingSystem: Running Lightmass w/ ImmediateImport mode ENABLED
[2015.08.16-07.41.51:791][406]LogStaticLightingSystem: Running Lightmass w/ ImmediateProcess mode ENABLED
[2015.08.16-07.41.51:791][406]LogStaticLightingSystem: Running Lightmass w/ Sorting mode ENABLED
[2015.08.16-07.41.51:791][406]LogStaticLightingSystem: Running Lightmass w/ Mapping paddings ENABLED
[2015.08.16-07.41.51:791][406]LogStaticLightingSystem: Running Lightmass w/ Mapping debug paddings DISABLED
[2015.08.16-07.41.52:025][406]LogD3D11RHI: InitD3DDevice
[2015.08.16-07.41.52:047][406]LogEditorBuildUtils: Build time 0:00:04
[2015.08.16-07.41.52:067][407]Cmd: UpdateLandscapeEditorData
[2015.08.16-07.41.52:292][419]LogMaterial: Missing cached shader map for material FLightmassMaterialRenderer stone, compiling. 
[2015.08.16-07.41.52:298][419]LogMaterial: Missing cached shader map for material FLightmassMaterialRenderer stone, compiling. 
[2015.08.16-07.44.23:261][982]Job is a success!
[2015.08.16-07.44.23:276][983]LogD3D11RHI: InitD3DDevice
[2015.08.16-07.44.23:282][983]LogD3D11RHI: InitD3DDevice
[2015.08.16-07.44.23:586][983]LogPhysics:Warning: FConstraintInstance::GetRefFrame : Contained scale.
[2015.08.16-07.44.23:810][983]LogTexture:Display: Building textures: SkyOcclusion0_1 (AutoDXT)
[2015.08.16-07.44.23:842][983]LogTexture:Display: Building textures: LQ_Lightmap_1_70 (DXT1)
[2015.08.16-07.44.23:845][983]LogTexture:Display: Building textures: HQ_Lightmap1_70 (AutoDXT)
[2015.08.16-07.44.23:846][983]LogTexture:Display: Building textures: SkyOcclusion1_70 (AutoDXT)
[2015.08.16-07.44.23:847][983]LogTexture:Display: Building textures: LQ_Lightmap_1_69 (DXT1)
[2015.08.16-07.44.23:853][983]LogTexture:Display: Building textures: HQ_Lightmap1_69 (AutoDXT)
[2015.08.16-07.44.23:861][983]LogTexture:Display: Building textures: SkyOcclusion1_69 (AutoDXT)
[2015.08.16-07.44.23:867][983]LogTexture:Display: Building textures: LQ_Lightmap_0_68 (DXT1)
[2015.08.16-07.44.23:961][983]LogTexture:Display: Building textures: HQ_Lightmap0_68 (AutoDXT)
[2015.08.16-07.44.24:083][983]LogTexture:Display: Building textures: SkyOcclusion0_68 (AutoDXT)
[2015.08.16-07.44.24:137][983]LogTexture:Display: Building textures: LQ_Lightmap_0_67 (DXT1)
[2015.08.16-07.44.24:186][983]LogTexture:Display: Building textures: HQ_Lightmap0_67 (AutoDXT)
[2015.08.16-07.44.24:260][983]LogTexture:Display: Building textures: SkyOcclusion0_67 (AutoDXT)
[2015.08.16-07.44.24:289][983]LogTexture:Display: Building textures: LQ_Lightmap_1_66 (DXT1)
[2015.08.16-07.44.24:301][983]LogTexture:Display: Building textures: HQ_Lightmap1_66 (AutoDXT)
[2015.08.16-07.44.24:312][983]LogTexture:Display: Building textures: SkyOcclusion1_66 (AutoDXT)
[2015.08.16-07.44.24:319][983]LogTexture:Display: Building textures: LQ_Lightmap_1_65 (DXT1)
[2015.08.16-07.44.24:460][983]LogTexture:Display: Building textures: HQ_Lightmap1_65 (AutoDXT)
[2015.08.16-07.44.24:628][983]LogTexture:Display: Building textures: SkyOcclusion1_65 (AutoDXT)
[2015.08.16-07.44.24:724][983]LogTexture:Display: Building textures: LQ_Lightmap_1_64 (DXT1)
[2015.08.16-07.44.24:736][983]LogTexture:Display: Building textures: HQ_Lightmap1_64 (AutoDXT)
[2015.08.16-07.44.24:747][983]LogTexture:Display: Building textures: SkyOcclusion1_64 (AutoDXT)
[2015.08.16-07.44.24:754][983]LogTexture:Display: Building textures: LQ_Lightmap_1_63 (DXT1)
[2015.08.16-07.44.24:763][983]LogTexture:Display: Building textures: HQ_Lightmap1_63 (AutoDXT)
[2015.08.16-07.44.24:773][983]LogTexture:Display: Building textures: SkyOcclusion1_63 (AutoDXT)
[2015.08.16-07.44.24:781][983]LogTexture:Display: Building textures: LQ_Lightmap_1_62 (DXT1)
[2015.08.16-07.44.24:790][983]LogTexture:Display: Building textures: HQ_Lightmap1_62 (AutoDXT)
[2015.08.16-07.44.24:800][983]LogTexture:Display: Building textures: SkyOcclusion1_62 (AutoDXT)
[2015.08.16-07.44.24:807][983]LogTexture:Display: Building textures: LQ_Lightmap_1_61 (DXT1)
[2015.08.16-07.44.24:815][983]LogTexture:Display: Building textures: HQ_Lightmap1_61 (AutoDXT)
[2015.08.16-07.44.24:826][983]LogTexture:Display: Building textures: SkyOcclusion1_61 (AutoDXT)
[2015.08.16-07.44.24:835][983]LogTexture:Display: Building textures: LQ_Lightmap_1_60 (DXT1)
[2015.08.16-07.44.24:931][983]LogTexture:Display: Building textures: HQ_Lightmap1_60 (AutoDXT)
[2015.08.16-07.44.25:050][983]LogTexture:Display: Building textures: SkyOcclusion1_60 (AutoDXT)
[2015.08.16-07.44.25:104][983]LogTexture:Display: Building textures: LQ_Lightmap_1_59 (DXT1)
[2015.08.16-07.44.25:112][983]LogTexture:Display: Building textures: HQ_Lightmap1_59 (AutoDXT)
[2015.08.16-07.44.25:125][983]LogTexture:Display: Building textures: SkyOcclusion1_59 (AutoDXT)
[2015.08.16-07.44.25:132][983]LogTexture:Display: Building textures: LQ_Lightmap_1_58 (DXT1)
[2015.08.16-07.44.25:150][983]LogTexture:Display: Building textures: HQ_Lightmap1_58 (AutoDXT)
[2015.08.16-07.44.25:184][983]LogTexture:Display: Building textures: SkyOcclusion1_58 (AutoDXT)
[2015.08.16-07.44.25:206][983]LogTexture:Display: Building textures: LQ_Lightmap_1_57 (DXT1)
[2015.08.16-07.44.25:286][983]LogTexture:Display: Building textures: HQ_Lightmap1_57 (AutoDXT)
[2015.08.16-07.44.25:391][983]LogTexture:Display: Building textures: SkyOcclusion1_57 (AutoDXT)
[2015.08.16-07.44.25:451][983]LogTexture:Display: Building textures: LQ_Lightmap_1_56 (DXT1)
[2015.08.16-07.44.25:465][983]LogTexture:Display: Building textures: HQ_Lightmap1_56 (AutoDXT)
[2015.08.16-07.44.25:475][983]LogTexture:Display: Building textures: SkyOcclusion1_56 (AutoDXT)
[2015.08.16-07.44.25:483][983]LogTexture:Display: Building textures: LQ_Lightmap_1_55 (DXT1)
[2015.08.16-07.44.25:494][983]LogTexture:Display: Building textures: HQ_Lightmap1_55 (AutoDXT)
[2015.08.16-07.44.25:505][983]LogTexture:Display: Building textures: SkyOcclusion1_55 (AutoDXT)
[2015.08.16-07.44.25:512][983]LogTexture:Display: Building textures: LQ_Lightmap_1_54 (DXT1)
[2015.08.16-07.44.25:522][983]LogTexture:Display: Building textures: HQ_Lightmap1_54 (AutoDXT)
[2015.08.16-07.44.25:532][983]LogTexture:Display: Building textures: SkyOcclusion1_54 (AutoDXT)
[2015.08.16-07.44.25:538][983]LogTexture:Display: Building textures: LQ_Lightmap_1_53 (DXT1)
[2015.08.16-07.44.25:545][983]LogTexture:Display: Building textures: HQ_Lightmap1_53 (AutoDXT)
[2015.08.16-07.44.25:558][983]LogTexture:Display: Building textures: SkyOcclusion1_53 (AutoDXT)
[2015.08.16-07.44.25:564][983]LogTexture:Display: Building textures: LQ_Lightmap_1_52 (DXT1)
[2015.08.16-07.44.25:577][983]LogTexture:Display: Building textures: HQ_Lightmap1_52 (AutoDXT)
[2015.08.16-07.44.25:591][983]LogTexture:Display: Building textures: SkyOcclusion1_52 (AutoDXT)
[2015.08.16-07.44.25:598][983]LogTexture:Display: Building textures: LQ_Lightmap_1_51 (DXT1)
[2015.08.16-07.44.25:606][983]LogTexture:Display: Building textures: HQ_Lightmap1_51 (AutoDXT)
[2015.08.16-07.44.25:619][983]LogTexture:Display: Building textures: SkyOcclusion1_51 (AutoDXT)
[2015.08.16-07.44.25:626][983]LogTexture:Display: Building textures: LQ_Lightmap_1_50 (DXT1)
[2015.08.16-07.44.25:637][983]LogTexture:Display: Building textures: HQ_Lightmap1_50 (AutoDXT)
[2015.08.16-07.44.25:651][983]LogTexture:Display: Building textures: SkyOcclusion1_50 (AutoDXT)
[2015.08.16-07.44.25:658][983]LogTexture:Display: Building textures: LQ_Lightmap_1_49 (DXT1)
[2015.08.16-07.44.25:669][983]LogTexture:Display: Building textures: HQ_Lightmap1_49 (AutoDXT)
[2015.08.16-07.44.25:682][983]LogTexture:Display: Building textures: SkyOcclusion1_49 (AutoDXT)
[2015.08.16-07.44.25:690][983]LogTexture:Display: Building textures: LQ_Lightmap_0_48 (DXT1)
[2015.08.16-07.44.25:705][983]LogTexture:Display: Building textures: HQ_Lightmap0_48 (AutoDXT)
[2015.08.16-07.44.25:717][983]LogTexture:Display: Building textures: SkyOcclusion0_48 (AutoDXT)
[2015.08.16-07.44.25:725][983]LogTexture:Display: Building textures: LQ_Lightmap_0_47 (DXT1)
[2015.08.16-07.44.25:737][983]LogTexture:Display: Building textures: HQ_Lightmap0_47 (AutoDXT)
[2015.08.16-07.44.25:749][983]LogTexture:Display: Building textures: SkyOcclusion0_47 (AutoDXT)
[2015.08.16-07.44.25:756][983]LogTexture:Display: Building textures: LQ_Lightmap_1_46 (DXT1)
[2015.08.16-07.44.25:766][983]LogTexture:Display: Building textures: HQ_Lightmap1_46 (AutoDXT)
[2015.08.16-07.44.25:777][983]LogTexture:Display: Building textures: SkyOcclusion1_46 (AutoDXT)
[2015.08.16-07.44.25:783][983]LogTexture:Display: Building textures: LQ_Lightmap_1_45 (DXT1)
[2015.08.16-07.44.25:789][983]LogTexture:Display: Building textures: HQ_Lightmap1_45 (AutoDXT)
[2015.08.16-07.44.25:800][983]LogTexture:Display: Building textures: SkyOcclusion1_45 (AutoDXT)
[2015.08.16-07.44.25:807][983]LogTexture:Display: Building textures: LQ_Lightmap_0_44 (DXT1)
[2015.08.16-07.44.25:816][983]LogTexture:Display: Building textures: HQ_Lightmap0_44 (AutoDXT)
[2015.08.16-07.44.25:827][983]LogTexture:Display: Building textures: SkyOcclusion0_44 (AutoDXT)
[2015.08.16-07.44.25:834][983]LogTexture:Display: Building textures: LQ_Lightmap_0_43 (DXT1)
[2015.08.16-07.44.25:844][983]LogTexture:Display: Building textures: HQ_Lightmap0_43 (AutoDXT)
[2015.08.16-07.44.25:854][983]LogTexture:Display: Building textures: SkyOcclusion0_43 (AutoDXT)
[2015.08.16-07.44.25:861][983]LogTexture:Display: Building textures: LQ_Lightmap_0_42 (DXT1)
[2015.08.16-07.44.25:872][983]LogTexture:Display: Building textures: HQ_Lightmap0_42 (AutoDXT)
[2015.08.16-07.44.25:882][983]LogTexture:Display: Building textures: SkyOcclusion0_42 (AutoDXT)
[2015.08.16-07.44.25:889][983]LogTexture:Display: Building textures: LQ_Lightmap_1_41 (DXT1)
[2015.08.16-07.44.25:899][983]LogTexture:Display: Building textures: HQ_Lightmap1_41 (AutoDXT)
[2015.08.16-07.44.25:910][983]LogTexture:Display: Building textures: SkyOcclusion1_41 (AutoDXT)
[2015.08.16-07.44.25:918][983]LogTexture:Display: Building textures: LQ_Lightmap_0_40 (DXT1)
[2015.08.16-07.44.25:928][983]LogTexture:Display: Building textures: HQ_Lightmap0_40 (AutoDXT)
[2015.08.16-07.44.25:939][983]LogTexture:Display: Building textures: SkyOcclusion0_40 (AutoDXT)
[2015.08.16-07.44.25:946][983]LogTexture:Display: Building textures: LQ_Lightmap_0_39 (DXT1)
[2015.08.16-07.44.25:956][983]LogTexture:Display: Building textures: HQ_Lightmap0_39 (AutoDXT)
[2015.08.16-07.44.25:966][983]LogTexture:Display: Building textures: SkyOcclusion0_39 (AutoDXT)
[2015.08.16-07.44.25:973][983]LogTexture:Display: Building textures: LQ_Lightmap_1_38 (DXT1)
[2015.08.16-07.44.25:980][983]LogTexture:Display: Building textures: HQ_Lightmap1_38 (AutoDXT)
[2015.08.16-07.44.25:990][983]LogTexture:Display: Building textures: SkyOcclusion1_38 (AutoDXT)
[2015.08.16-07.44.25:996][983]LogTexture:Display: Building textures: LQ_Lightmap_1_37 (DXT1)
[2015.08.16-07.44.26:004][983]LogTexture:Display: Building textures: HQ_Lightmap1_37 (AutoDXT)
[2015.08.16-07.44.26:015][983]LogTexture:Display: Building textures: SkyOcclusion1_37 (AutoDXT)
[2015.08.16-07.44.26:022][983]LogTexture:Display: Building textures: LQ_Lightmap_0_36 (DXT1)
[2015.08.16-07.44.26:031][983]LogTexture:Display: Building textures: HQ_Lightmap0_36 (AutoDXT)
[2015.08.16-07.44.26:042][983]LogTexture:Display: Building textures: SkyOcclusion0_36 (AutoDXT)
[2015.08.16-07.44.26:049][983]LogTexture:Display: Building textures: LQ_Lightmap_0_35 (DXT1)
[2015.08.16-07.44.26:059][983]LogTexture:Display: Building textures: HQ_Lightmap0_35 (AutoDXT)
[2015.08.16-07.44.26:070][983]LogTexture:Display: Building textures: SkyOcclusion0_35 (AutoDXT)
[2015.08.16-07.44.26:077][983]LogTexture:Display: Building textures: LQ_Lightmap_0_34 (DXT1)
[2015.08.16-07.44.26:087][983]LogTexture:Display: Building textures: HQ_Lightmap0_34 (AutoDXT)
[2015.08.16-07.44.26:097][983]LogTexture:Display: Building textures: SkyOcclusion0_34 (AutoDXT)
[2015.08.16-07.44.26:104][983]LogTexture:Display: Building textures: LQ_Lightmap_1_33 (DXT1)
[2015.08.16-07.44.26:115][983]LogTexture:Display: Building textures: HQ_Lightmap1_33 (AutoDXT)
[2015.08.16-07.44.26:126][983]LogTexture:Display: Building textures: SkyOcclusion1_33 (AutoDXT)
[2015.08.16-07.44.26:133][983]LogTexture:Display: Building textures: LQ_Lightmap_0_32 (DXT1)
[2015.08.16-07.44.26:140][983]LogTexture:Display: Building textures: HQ_Lightmap0_32 (AutoDXT)
[2015.08.16-07.44.26:151][983]LogTexture:Display: Building textures: SkyOcclusion0_32 (AutoDXT)
[2015.08.16-07.44.26:157][983]LogTexture:Display: Building textures: LQ_Lightmap_0_31 (DXT1)
[2015.08.16-07.44.26:169][983]LogTexture:Display: Building textures: HQ_Lightmap0_31 (AutoDXT)
[2015.08.16-07.44.26:180][983]LogTexture:Display: Building textures: SkyOcclusion0_31 (AutoDXT)
[2015.08.16-07.44.26:185][983]LogTexture:Display: Building textures: LQ_Lightmap_1_30 (DXT1)
[2015.08.16-07.44.26:195][983]LogTexture:Display: Building textures: HQ_Lightmap1_30 (AutoDXT)
[2015.08.16-07.44.26:206][983]LogTexture:Display: Building textures: SkyOcclusion1_30 (AutoDXT)
[2015.08.16-07.44.26:209][983]LogTexture:Display: Building textures: LQ_Lightmap_1_29 (DXT1)
[2015.08.16-07.44.26:219][983]LogTexture:Display: Building textures: HQ_Lightmap1_29 (AutoDXT)
[2015.08.16-07.44.26:229][983]LogTexture:Display: Building textures: SkyOcclusion1_29 (AutoDXT)
[2015.08.16-07.44.26:235][983]LogTexture:Display: Building textures: LQ_Lightmap_1_28 (DXT1)
[2015.08.16-07.44.26:244][983]LogTexture:Display: Building textures: HQ_Lightmap1_28 (AutoDXT)
[2015.08.16-07.44.26:254][983]LogTexture:Display: Building textures: SkyOcclusion1_28 (AutoDXT)
[2015.08.16-07.44.26:260][983]LogTexture:Display: Building textures: LQ_Lightmap_0_27 (DXT1)
[2015.08.16-07.44.26:271][983]LogTexture:Display: Building textures: HQ_Lightmap0_27 (AutoDXT)
[2015.08.16-07.44.26:281][983]LogTexture:Display: Building textures: SkyOcclusion0_27 (AutoDXT)
[2015.08.16-07.44.26:286][983]LogTexture:Display: Building textures: LQ_Lightmap_0_26 (DXT1)
[2015.08.16-07.44.26:297][983]LogTexture:Display: Building textures: HQ_Lightmap0_26 (AutoDXT)
[2015.08.16-07.44.26:307][983]LogTexture:Display: Building textures: SkyOcclusion0_26 (AutoDXT)
[2015.08.16-07.44.26:311][983]LogTexture:Display: Building textures: LQ_Lightmap_1_25 (DXT1)
[2015.08.16-07.44.26:322][983]LogTexture:Display: Building textures: HQ_Lightmap1_25 (AutoDXT)
[2015.08.16-07.44.26:333][983]LogTexture:Display: Building textures: SkyOcclusion1_25 (AutoDXT)
[2015.08.16-07.44.26:337][983]LogTexture:Display: Building textures: LQ_Lightmap_0_24 (DXT1)
[2015.08.16-07.44.26:347][983]LogTexture:Display: Building textures: HQ_Lightmap0_24 (AutoDXT)
[2015.08.16-07.44.26:357][983]LogTexture:Display: Building textures: SkyOcclusion0_24 (AutoDXT)
[2015.08.16-07.44.26:360][983]LogTexture:Display: Building textures: LQ_Lightmap_0_23 (DXT1)
[2015.08.16-07.44.26:371][983]LogTexture:Display: Building textures: HQ_Lightmap0_23 (AutoDXT)
[2015.08.16-07.44.26:377][983]LogTexture:Display: Building textures: SkyOcclusion0_23 (AutoDXT)
[2015.08.16-07.44.26:380][983]LogTexture:Display: Building textures: LQ_Lightmap_1_22 (DXT1)
[2015.08.16-07.44.26:389][983]LogTexture:Display: Building textures: HQ_Lightmap1_22 (AutoDXT)
[2015.08.16-07.44.26:399][983]LogTexture:Display: Building textures: SkyOcclusion1_22 (AutoDXT)
[2015.08.16-07.44.26:404][983]LogTexture:Display: Building textures: LQ_Lightmap_1_21 (DXT1)
[2015.08.16-07.44.26:413][983]LogTexture:Display: Building textures: HQ_Lightmap1_21 (AutoDXT)
[2015.08.16-07.44.26:423][983]LogTexture:Display: Building textures: SkyOcclusion1_21 (AutoDXT)
[2015.08.16-07.44.26:430][983]LogTexture:Display: Building textures: LQ_Lightmap_1_20 (DXT1)
[2015.08.16-07.44.26:443][983]LogTexture:Display: Building textures: HQ_Lightmap1_20 (AutoDXT)
[2015.08.16-07.44.26:453][983]LogTexture:Display: Building textures: SkyOcclusion1_20 (AutoDXT)
[2015.08.16-07.44.26:460][983]LogTexture:Display: Building textures: LQ_Lightmap_0_19 (DXT1)
[2015.08.16-07.44.26:471][983]LogTexture:Display: Building textures: HQ_Lightmap0_19 (AutoDXT)
[2015.08.16-07.44.26:481][983]LogTexture:Display: Building textures: SkyOcclusion0_19 (AutoDXT)
[2015.08.16-07.44.26:488][983]LogTexture:Display: Building textures: LQ_Lightmap_0_18 (DXT1)
[2015.08.16-07.44.26:496][983]LogTexture:Display: Building textures: HQ_Lightmap0_18 (AutoDXT)
[2015.08.16-07.44.26:506][983]LogTexture:Display: Building textures: SkyOcclusion0_18 (AutoDXT)
[2015.08.16-07.44.26:512][983]LogTexture:Display: Building textures: LQ_Lightmap_1_17 (DXT1)
[2015.08.16-07.44.26:523][983]LogTexture:Display: Building textures: HQ_Lightmap1_17 (AutoDXT)
[2015.08.16-07.44.26:536][983]LogTexture:Display: Building textures: SkyOcclusion1_17 (AutoDXT)
[2015.08.16-07.44.26:542][983]LogTexture:Display: Building textures: LQ_Lightmap_1_16 (DXT1)
[2015.08.16-07.44.26:549][983]LogTexture:Display: Building textures: HQ_Lightmap1_16 (AutoDXT)
[2015.08.16-07.44.26:561][983]LogTexture:Display: Building textures: SkyOcclusion1_16 (AutoDXT)
[2015.08.16-07.44.26:566][983]LogTexture:Display: Building textures: LQ_Lightmap_1_15 (DXT1)
[2015.08.16-07.44.26:573][983]LogTexture:Display: Building textures: HQ_Lightmap1_15 (AutoDXT)
[2015.08.16-07.44.26:583][983]LogTexture:Display: Building textures: SkyOcclusion1_15 (AutoDXT)
[2015.08.16-07.44.26:588][983]LogTexture:Display: Building textures: LQ_Lightmap_1_14 (DXT1)
[2015.08.16-07.44.26:594][983]LogTexture:Display: Building textures: HQ_Lightmap1_14 (AutoDXT)
[2015.08.16-07.44.26:604][983]LogTexture:Display: Building textures: SkyOcclusion1_14 (AutoDXT)
[2015.08.16-07.44.26:611][983]LogTexture:Display: Building textures: LQ_Lightmap_0_13 (DXT1)
[2015.08.16-07.44.26:620][983]LogTexture:Display: Building textures: HQ_Lightmap0_13 (AutoDXT)
[2015.08.16-07.44.26:628][983]LogTexture:Display: Building textures: SkyOcclusion0_13 (AutoDXT)
[2015.08.16-07.44.26:635][983]LogTexture:Display: Building textures: LQ_Lightmap_0_12 (DXT1)
[2015.08.16-07.44.26:643][983]LogTexture:Display: Building textures: HQ_Lightmap0_12 (AutoDXT)
[2015.08.16-07.44.26:655][983]LogTexture:Display: Building textures: SkyOcclusion0_12 (AutoDXT)
[2015.08.16-07.44.26:662][983]LogTexture:Display: Building textures: LQ_Lightmap_0_11 (DXT1)
[2015.08.16-07.44.26:678][983]LogTexture:Display: Building textures: HQ_Lightmap0_11 (AutoDXT)
[2015.08.16-07.44.26:689][983]LogTexture:Display: Building textures: SkyOcclusion0_11 (AutoDXT)
[2015.08.16-07.44.26:697][983]LogTexture:Display: Building textures: LQ_Lightmap_1_10 (DXT1)
[2015.08.16-07.44.26:704][983]LogTexture:Display: Building textures: HQ_Lightmap1_10 (AutoDXT)
[2015.08.16-07.44.26:716][983]LogTexture:Display: Building textures: SkyOcclusion1_10 (AutoDXT)
[2015.08.16-07.44.26:723][983]LogTexture:Display: Building textures: LQ_Lightmap_0_9 (DXT1)
[2015.08.16-07.44.26:738][983]LogTexture:Display: Building textures: HQ_Lightmap0_9 (AutoDXT)
[2015.08.16-07.44.26:760][983]LogTexture:Display: Building textures: SkyOcclusion0_9 (AutoDXT)
[2015.08.16-07.44.26:775][983]LogTexture:Display: Building textures: LQ_Lightmap_1_8 (DXT1)
[2015.08.16-07.44.26:786][983]LogTexture:Display: Building textures: HQ_Lightmap1_8 (AutoDXT)
[2015.08.16-07.44.26:796][983]LogTexture:Display: Building textures: SkyOcclusion1_8 (AutoDXT)
[2015.08.16-07.44.26:804][983]LogTexture:Display: Building textures: LQ_Lightmap_1_7 (DXT1)
[2015.08.16-07.44.26:812][983]LogTexture:Display: Building textures: HQ_Lightmap1_7 (AutoDXT)
[2015.08.16-07.44.26:823][983]LogTexture:Display: Building textures: SkyOcclusion1_7 (AutoDXT)
[2015.08.16-07.44.26:830][983]LogTexture:Display: Building textures: LQ_Lightmap_0_6 (DXT1)
[2015.08.16-07.44.26:835][983]LogTexture:Display: Building textures: HQ_Lightmap0_6 (AutoDXT)
[2015.08.16-07.44.26:846][983]LogTexture:Display: Building textures: SkyOcclusion0_6 (AutoDXT)
[2015.08.16-07.44.26:852][983]LogTexture:Display: Building textures: LQ_Lightmap_0_5 (DXT1)
[2015.08.16-07.44.26:860][983]LogTexture:Display: Building textures: HQ_Lightmap0_5 (AutoDXT)
[2015.08.16-07.44.26:869][983]LogTexture:Display: Building textures: SkyOcclusion0_5 (AutoDXT)
[2015.08.16-07.44.26:877][983]LogTexture:Display: Building textures: LQ_Lightmap_0_4 (DXT1)
[2015.08.16-07.44.26:885][983]LogTexture:Display: Building textures: HQ_Lightmap0_4 (AutoDXT)
[2015.08.16-07.44.26:895][983]LogTexture:Display: Building textures: SkyOcclusion0_4 (AutoDXT)
[2015.08.16-07.44.26:903][983]LogTexture:Display: Building textures: LQ_Lightmap_1_3 (DXT1)
[2015.08.16-07.44.26:938][983]LogTexture:Display: Building textures: HQ_Lightmap1_3 (AutoDXT)
[2015.08.16-07.44.26:997][983]LogTexture:Display: Building textures: SkyOcclusion1_3 (AutoDXT)
[2015.08.16-07.44.27:036][983]LogTexture:Display: Building textures: LQ_Lightmap_1_2 (DXT1)
[2015.08.16-07.44.27:048][983]LogTexture:Display: Building textures: HQ_Lightmap1_2 (AutoDXT)
[2015.08.16-07.44.27:075][983]LogTexture:Display: Building textures: SkyOcclusion1_2 (AutoDXT)
[2015.08.16-07.44.27:091][983]LogTexture:Display: Building textures: LQ_Lightmap_0_1 (DXT1)
[2015.08.16-07.44.27:131][983]LogTexture:Display: Building textures: HQ_Lightmap0_1 (AutoDXT)
[2015.08.16-07.44.27:183][983]LogTexture:Display: Building textures: ShadowMapTexture2D_0 (BGRA8)
[2015.08.16-07.44.27:190][983]LogTexture:Display: Building textures: ShadowMapTexture2D_1 (BGRA8)
[2015.08.16-07.44.27:193][983]LogTexture:Display: Building textures: ShadowMapTexture2D_2 (BGRA8)
[2015.08.16-07.44.27:195][983]LogTexture:Display: Building textures: ShadowMapTexture2D_3 (BGRA8)
[2015.08.16-07.44.27:197][983]LogTexture:Display: Building textures: ShadowMapTexture2D_4 (BGRA8)
[2015.08.16-07.44.27:200][983]LogTexture:Display: Building textures: ShadowMapTexture2D_5 (BGRA8)
[2015.08.16-07.44.27:202][983]LogTexture:Display: Building textures: ShadowMapTexture2D_6 (BGRA8)
[2015.08.16-07.44.27:204][983]LogTexture:Display: Building textures: ShadowMapTexture2D_7 (BGRA8)
[2015.08.16-07.44.27:216][983]LogTexture:Display: Building textures: ShadowMapTexture2D_8 (BGRA8)
[2015.08.16-07.44.27:220][983]LogTexture:Display: Building textures: ShadowMapTexture2D_9 (BGRA8)
[2015.08.16-07.44.27:222][983]LogTexture:Display: Building textures: ShadowMapTexture2D_10 (BGRA8)
[2015.08.16-07.44.27:226][983]LogTexture:Display: Building textures: ShadowMapTexture2D_11 (BGRA8)
[2015.08.16-07.44.27:228][983]LogTexture:Display: Building textures: ShadowMapTexture2D_12 (BGRA8)
[2015.08.16-07.44.27:230][983]LogTexture:Display: Building textures: ShadowMapTexture2D_13 (BGRA8)
[2015.08.16-07.44.27:232][983]LogTexture:Display: Building textures: ShadowMapTexture2D_14 (BGRA8)
[2015.08.16-07.44.27:235][983]LogTexture:Display: Building textures: ShadowMapTexture2D_15 (BGRA8)
[2015.08.16-07.44.27:237][983]LogTexture:Display: Building textures: ShadowMapTexture2D_16 (BGRA8)
[2015.08.16-07.44.27:239][983]LogTexture:Display: Building textures: ShadowMapTexture2D_17 (BGRA8)
[2015.08.16-07.44.27:241][983]LogTexture:Display: Building textures: ShadowMapTexture2D_18 (BGRA8)
[2015.08.16-07.44.27:244][983]LogTexture:Display: Building textures: ShadowMapTexture2D_19 (BGRA8)
[2015.08.16-07.44.27:247][983]LogTexture:Display: Building textures: ShadowMapTexture2D_20 (BGRA8)
[2015.08.16-07.44.27:251][983]LogTexture:Display: Building textures: ShadowMapTexture2D_21 (BGRA8)
[2015.08.16-07.44.27:253][983]LogTexture:Display: Building textures: ShadowMapTexture2D_22 (BGRA8)
[2015.08.16-07.44.27:257][983]LogTexture:Display: Building textures: ShadowMapTexture2D_23 (BGRA8)
[2015.08.16-07.44.27:259][983]LogTexture:Display: Building textures: ShadowMapTexture2D_24 (BGRA8)
[2015.08.16-07.44.27:263][983]LogTexture:Display: Building textures: ShadowMapTexture2D_25 (BGRA8)
[2015.08.16-07.44.27:267][983]LogTexture:Display: Building textures: ShadowMapTexture2D_26 (BGRA8)
[2015.08.16-07.44.27:271][983]LogTexture:Display: Building textures: ShadowMapTexture2D_27 (BGRA8)
[2015.08.16-07.44.27:274][983]LogTexture:Display: Building textures: ShadowMapTexture2D_28 (BGRA8)
[2015.08.16-07.44.27:278][983]LogTexture:Display: Building textures: ShadowMapTexture2D_29 (BGRA8)
[2015.08.16-07.44.27:281][983]LogTexture:Display: Building textures: ShadowMapTexture2D_30 (BGRA8)
[2015.08.16-07.44.27:284][983]LogTexture:Display: Building textures: ShadowMapTexture2D_31 (BGRA8)
[2015.08.16-07.44.27:286][983]LogTexture:Display: Building textures: ShadowMapTexture2D_32 (BGRA8)
[2015.08.16-07.44.27:288][983]LogTexture:Display: Building textures: ShadowMapTexture2D_33 (BGRA8)
[2015.08.16-07.44.27:292][983]LogTexture:Display: Building textures: ShadowMapTexture2D_34 (BGRA8)
[2015.08.16-07.44.27:294][983]LogTexture:Display: Building textures: ShadowMapTexture2D_35 (BGRA8)
[2015.08.16-07.44.27:297][983]LogTexture:Display: Building textures: ShadowMapTexture2D_36 (BGRA8)
[2015.08.16-07.44.27:300][983]LogTexture:Display: Building textures: ShadowMapTexture2D_37 (BGRA8)
[2015.08.16-07.44.27:303][983]LogTexture:Display: Building textures: ShadowMapTexture2D_38 (BGRA8)
[2015.08.16-07.44.27:306][983]LogTexture:Display: Building textures: ShadowMapTexture2D_39 (BGRA8)
[2015.08.16-07.44.27:310][983]LogTexture:Display: Building textures: ShadowMapTexture2D_40 (BGRA8)
[2015.08.16-07.44.27:313][983]LogTexture:Display: Building textures: ShadowMapTexture2D_41 (BGRA8)
[2015.08.16-07.44.27:317][983]LogTexture:Display: Building textures: ShadowMapTexture2D_42 (BGRA8)
[2015.08.16-07.44.27:321][983]LogTexture:Display: Building textures: ShadowMapTexture2D_43 (BGRA8)
[2015.08.16-07.44.27:324][983]LogTexture:Display: Building textures: ShadowMapTexture2D_44 (BGRA8)
[2015.08.16-07.44.27:328][983]LogTexture:Display: Building textures: ShadowMapTexture2D_45 (BGRA8)
[2015.08.16-07.44.27:331][983]LogTexture:Display: Building textures: ShadowMapTexture2D_46 (BGRA8)
[2015.08.16-07.44.27:335][983]LogTexture:Display: Building textures: ShadowMapTexture2D_47 (BGRA8)
[2015.08.16-07.44.27:338][983]LogTexture:Display: Building textures: ShadowMapTexture2D_48 (BGRA8)
[2015.08.16-07.44.27:341][983]LogTexture:Display: Building textures: ShadowMapTexture2D_49 (BGRA8)
[2015.08.16-07.44.27:344][983]LogTexture:Display: Building textures: ShadowMapTexture2D_50 (BGRA8)
[2015.08.16-07.44.27:346][983]LogTexture:Display: Building textures: ShadowMapTexture2D_51 (BGRA8)
[2015.08.16-07.44.27:349][983]LogTexture:Display: Building textures: ShadowMapTexture2D_52 (BGRA8)
[2015.08.16-07.44.27:351][983]LogTexture:Display: Building textures: ShadowMapTexture2D_53 (BGRA8)
[2015.08.16-07.44.27:354][983]LogTexture:Display: Building textures: ShadowMapTexture2D_54 (BGRA8)
[2015.08.16-07.44.27:358][983]LogTexture:Display: Building textures: ShadowMapTexture2D_55 (BGRA8)
[2015.08.16-07.44.27:392][983]LogTexture:Display: Building textures: ShadowMapTexture2D_56 (BGRA8)
[2015.08.16-07.44.27:412][983]LogTexture:Display: Building textures: ShadowMapTexture2D_57 (BGRA8)
[2015.08.16-07.44.27:416][983]LogTexture:Display: Building textures: ShadowMapTexture2D_58 (BGRA8)
[2015.08.16-07.44.27:449][983]LogTexture:Display: Building textures: ShadowMapTexture2D_59 (BGRA8)
[2015.08.16-07.44.27:457][983]LogTexture:Display: Building textures: ShadowMapTexture2D_60 (BGRA8)
[2015.08.16-07.44.27:460][983]LogTexture:Display: Building textures: ShadowMapTexture2D_61 (BGRA8)
[2015.08.16-07.44.27:462][983]LogTexture:Display: Building textures: ShadowMapTexture2D_62 (BGRA8)
[2015.08.16-07.44.27:464][983]LogTexture:Display: Building textures: ShadowMapTexture2D_63 (BGRA8)
[2015.08.16-07.44.27:491][983]LogTexture:Display: Building textures: ShadowMapTexture2D_64 (BGRA8)
[2015.08.16-07.44.27:498][983]LogTexture:Display: Building textures: ShadowMapTexture2D_65 (BGRA8)
[2015.08.16-07.44.27:525][983]LogTexture:Display: Building textures: ShadowMapTexture2D_66 (BGRA8)
[2015.08.16-07.44.27:557][983]LogTexture:Display: Building textures: ShadowMapTexture2D_67 (BGRA8)
[2015.08.16-07.44.27:564][983]LogTexture:Display: Building textures: ShadowMapTexture2D_68 (BGRA8)
[2015.08.16-07.44.27:566][983]LogTexture:Display: Building textures: ShadowMapTexture2D_69 (BGRA8)
[2015.08.16-07.44.27:588][983]Lightmass on AIE-PURPLE-03: 2:32 min total, 380 ms importing, 841 ms setup, 26.5 sec photons, 2:05 min processing, 0 ms extra exporting [189/189 mappings]. Threads: 14:34 min total, 11:22 min processing.
[2015.08.16-07.44.27:598][983]LogPhysics:Warning: FConstraintInstance::GetRefFrame : Contained scale.
[2015.08.16-07.44.27:624][983]LogStaticLightingSystem: Illumination: 2:39 min (3.94 sec encoding lightmaps)
[2015.08.16-07.44.27:624][983]LogStaticLightingSystem: Lightmap texture memory:  3.3 MB (3.3 MB streaming, 0.0 MB non-streaming), 140 textures
[2015.08.16-07.44.27:624][983]LogStaticLightingSystem: Shadowmap texture memory: 6.5 MB (6.5 MB streaming, 0.0 MB non-streaming), 70 textures
[2015.08.16-07.44.27:897][984]Cmd: UpdateLandscapeEditorData
[2015.08.16-07.44.27:897][984]Cmd: MAP CHECK NOTIFYRESULTS
[2015.08.16-07.44.27:897][984]MapCheck: New page: Spook_World - 17 Aug 2015 3:44:27 am
[2015.08.16-07.44.27:905][984]MapCheck:Error: Error WallPlatform_60 Component is a static type but has invalid lightmap settings!  Indirect lighting will be black.  Common causes are lightmap resolution of 0, LightmapCoordinateIndex out of bounds. 
[2015.08.16-07.44.27:905][984]MapCheck:Warning: Warning WallPlatform_60 Static mesh actor has NULL StaticMesh property 
[2015.08.16-07.44.27:905][984]MapCheck:Warning: Warning WallPlatform_60 Static mesh actor has NULL StaticMesh property 
[2015.08.16-07.44.27:905][984]MapCheck:Error: Error WallPlatform2_70 Component is a static type but has invalid lightmap settings!  Indirect lighting will be black.  Common causes are lightmap resolution of 0, LightmapCoordinateIndex out of bounds. 
[2015.08.16-07.44.27:905][984]MapCheck:Warning: Warning WallPlatform2_70 Static mesh actor has NULL StaticMesh property 
[2015.08.16-07.44.27:905][984]MapCheck:Warning: Warning WallPlatform2_70 Static mesh actor has NULL StaticMesh property 
[2015.08.16-07.44.27:906][984]MapCheck:Error: Error SmallPlatform_63 Component is a static type but has invalid lightmap settings!  Indirect lighting will be black.  Common causes are lightmap resolution of 0, LightmapCoordinateIndex out of bounds. 
[2015.08.16-07.44.27:906][984]MapCheck:Warning: Warning SmallPlatform_63 Static mesh actor has NULL StaticMesh property 
[2015.08.16-07.44.27:906][984]MapCheck:Warning: Warning SmallPlatform_63 Static mesh actor has NULL StaticMesh property 
[2015.08.16-07.44.27:906][984]MapCheck:Error: Error LowPolyRock5_55 Component is a static type but has invalid lightmap settings!  Indirect lighting will be black.  Common causes are lightmap resolution of 0, LightmapCoordinateIndex out of bounds. 
[2015.08.16-07.44.27:906][984]MapCheck:Warning: Warning LowPolyRock5_55 Static mesh actor has NULL StaticMesh property 
[2015.08.16-07.44.27:906][984]MapCheck:Warning: Warning LowPolyRock5_55 Static mesh actor has NULL StaticMesh property 
[2015.08.16-07.44.27:906][984]MapCheck:Error: Error LowPolyRock4_48 Component is a static type but has invalid lightmap settings!  Indirect lighting will be black.  Common causes are lightmap resolution of 0, LightmapCoordinateIndex out of bounds. 
[2015.08.16-07.44.27:906][984]MapCheck:Warning: Warning LowPolyRock4_48 Static mesh actor has NULL StaticMesh property 
[2015.08.16-07.44.27:906][984]MapCheck:Warning: Warning LowPolyRock4_48 Static mesh actor has NULL StaticMesh property 
[2015.08.16-07.44.27:906][984]MapCheck:Error: Error LowPolyRock3 Component is a static type but has invalid lightmap settings!  Indirect lighting will be black.  Common causes are lightmap resolution of 0, LightmapCoordinateIndex out of bounds. 
[2015.08.16-07.44.27:906][984]MapCheck:Warning: Warning LowPolyRock3 Static mesh actor has NULL StaticMesh property 
[2015.08.16-07.44.27:906][984]MapCheck:Warning: Warning LowPolyRock3 Static mesh actor has NULL StaticMesh property 
[2015.08.16-07.44.27:906][984]MapCheck:Error: Error LowPolyDeadTree5_79 Component is a static type but has invalid lightmap settings!  Indirect lighting will be black.  Common causes are lightmap resolution of 0, LightmapCoordinateIndex out of bounds. 
[2015.08.16-07.44.27:906][984]MapCheck:Warning: Warning LowPolyDeadTree5_79 Static mesh actor has NULL StaticMesh property 
[2015.08.16-07.44.27:906][984]MapCheck:Warning: Warning LowPolyDeadTree5_79 Static mesh actor has NULL StaticMesh property 
[2015.08.16-07.44.27:907][984]MapCheck:Error: Error LargePlatform_66 Component is a static type but has invalid lightmap settings!  Indirect lighting will be black.  Common causes are lightmap resolution of 0, LightmapCoordinateIndex out of bounds. 
[2015.08.16-07.44.27:907][984]MapCheck:Warning: Warning LargePlatform_66 Static mesh actor has NULL StaticMesh property 
[2015.08.16-07.44.27:907][984]MapCheck:Warning: Warning LargePlatform_66 Static mesh actor has NULL StaticMesh property 
[2015.08.16-07.44.27:907][984]MapCheck:Error: Error BreakableFence9 Component is a static type but has invalid lightmap settings!  Indirect lighting will be black.  Common causes are lightmap resolution of 0, LightmapCoordinateIndex out of bounds. 
[2015.08.16-07.44.27:907][984]MapCheck:Warning: Warning BreakableFence9 Static mesh actor has NULL StaticMesh property 
[2015.08.16-07.44.27:907][984]MapCheck:Warning: Warning BreakableFence9 Static mesh actor has NULL StaticMesh property 
[2015.08.16-07.44.27:907][984]MapCheck:Error: Error BreakableFence25 Component is a static type but has invalid lightmap settings!  Indirect lighting will be black.  Common causes are lightmap resolution of 0, LightmapCoordinateIndex out of bounds. 
[2015.08.16-07.44.27:907][984]MapCheck:Warning: Warning BreakableFence25 Static mesh actor has NULL StaticMesh property 
[2015.08.16-07.44.27:907][984]MapCheck:Warning: Warning BreakableFence25 Static mesh actor has NULL StaticMesh property 
[2015.08.16-07.44.27:908][984]MapCheck:Error: Error BreakableFence24 Component is a static type but has invalid lightmap settings!  Indirect lighting will be black.  Common causes are lightmap resolution of 0, LightmapCoordinateIndex out of bounds. 
[2015.08.16-07.44.27:908][984]MapCheck:Warning: Warning BreakableFence24 Static mesh actor has NULL StaticMesh property 
[2015.08.16-07.44.27:908][984]MapCheck:Warning: Warning BreakableFence24 Static mesh actor has NULL StaticMesh property 
[2015.08.16-07.44.27:908][984]MapCheck:Error: Error BreakableFence23 Component is a static type but has invalid lightmap settings!  Indirect lighting will be black.  Common causes are lightmap resolution of 0, LightmapCoordinateIndex out of bounds. 
[2015.08.16-07.44.27:908][984]MapCheck:Warning: Warning BreakableFence23 Static mesh actor has NULL StaticMesh property 
[2015.08.16-07.44.27:908][984]MapCheck:Warning: Warning BreakableFence23 Static mesh actor has NULL StaticMesh property 
[2015.08.16-07.44.27:908][984]MapCheck:Error: Error BreakableFence22 Component is a static type but has invalid lightmap settings!  Indirect lighting will be black.  Common causes are lightmap resolution of 0, LightmapCoordinateIndex out of bounds. 
[2015.08.16-07.44.27:908][984]MapCheck:Warning: Warning BreakableFence22 Static mesh actor has NULL StaticMesh property 
[2015.08.16-07.44.27:908][984]MapCheck:Warning: Warning BreakableFence22 Static mesh actor has NULL StaticMesh property 
[2015.08.16-07.44.27:908][984]MapCheck:Error: Error BreakableFence21 Component is a static type but has invalid lightmap settings!  Indirect lighting will be black.  Common causes are lightmap resolution of 0, LightmapCoordinateIndex out of bounds. 
[2015.08.16-07.44.27:908][984]MapCheck:Warning: Warning BreakableFence21 Static mesh actor has NULL StaticMesh property 
[2015.08.16-07.44.27:908][984]MapCheck:Warning: Warning BreakableFence21 Static mesh actor has NULL StaticMesh property 
[2015.08.16-07.44.27:908][984]MapCheck:Error: Error BreakableFence20 Component is a static type but has invalid lightmap settings!  Indirect lighting will be black.  Common causes are lightmap resolution of 0, LightmapCoordinateIndex out of bounds. 
[2015.08.16-07.44.27:908][984]MapCheck:Warning: Warning BreakableFence20 Static mesh actor has NULL StaticMesh property 
[2015.08.16-07.44.27:908][984]MapCheck:Warning: Warning BreakableFence20 Static mesh actor has NULL StaticMesh property 
[2015.08.16-07.44.27:908][984]MapCheck:Error: Error BreakableFence1_33 Component is a static type but has invalid lightmap settings!  Indirect lighting will be black.  Common causes are lightmap resolution of 0, LightmapCoordinateIndex out of bounds. 
[2015.08.16-07.44.27:908][984]MapCheck:Warning: Warning BreakableFence1_33 Static mesh actor has NULL StaticMesh property 
[2015.08.16-07.44.27:908][984]MapCheck:Warning: Warning BreakableFence1_33 Static mesh actor has NULL StaticMesh property 
[2015.08.16-07.44.27:908][984]MapCheck:Error: Error BreakableFence19 Component is a static type but has invalid lightmap settings!  Indirect lighting will be black.  Common causes are lightmap resolution of 0, LightmapCoordinateIndex out of bounds. 
[2015.08.16-07.44.27:908][984]MapCheck:Warning: Warning BreakableFence19 Static mesh actor has NULL StaticMesh property 
[2015.08.16-07.44.27:908][984]MapCheck:Warning: Warning BreakableFence19 Static mesh actor has NULL StaticMesh property 
[2015.08.16-07.44.27:909][984]MapCheck:Error: Error BreakableFence18 Component is a static type but has invalid lightmap settings!  Indirect lighting will be black.  Common causes are lightmap resolution of 0, LightmapCoordinateIndex out of b