[2015.08.16-07.53.32:710][  0]Log file open, 08/16/15 17:53:32
[2015.08.16-07.53.32:710][  0]LogInit:Display: Running engine for game: Spook_Prototype
[2015.08.16-07.53.32:710][  0]LogInit:Display: RandInit(1221700823) SRandInit(1221700824).
[2015.08.16-07.53.32:710][  0]LogTaskGraph: Started task graph with 4 named threads and 7 total threads.
[2015.08.16-07.53.32:710][  0]LogStats: Stats thread started
[2015.08.16-07.53.32:710][  0]LogInit: Version: 4.8.3-2634408+++depot+UE4-Releases+4.8
[2015.08.16-07.53.32:710][  0]LogInit: API Version: 2579680
[2015.08.16-07.53.32:710][  0]LogInit: Compiled (64-bit): Jul 27 2015 16:24:33
[2015.08.16-07.53.32:710][  0]LogInit: Compiled with Visual C++: 18.00.21005.01
[2015.08.16-07.53.32:710][  0]LogInit: Build Configuration: Development
[2015.08.16-07.53.32:710][  0]LogInit: Branch Name: ++depot+UE4-Releases+4.8
[2015.08.16-07.53.32:710][  0]LogInit: Command line:  
[2015.08.16-07.53.32:710][  0]LogInit: Base directory: C:/Program Files/Epic Games/4.8/Engine/Binaries/Win64/
[2015.08.16-07.53.32:710][  0]LogInit: Rocket: 1
[2015.08.16-07.53.32:722][  0]LogInit: Using libcurl 7.41.0
[2015.08.16-07.53.32:722][  0]LogInit:  - built for x86_64-pc-win32
[2015.08.16-07.53.32:722][  0]LogInit:  - supports SSL with WinSSL
[2015.08.16-07.53.32:722][  0]LogInit:  - other features:
[2015.08.16-07.53.32:722][  0]LogInit:      CURL_VERSION_SSL
[2015.08.16-07.53.32:722][  0]LogInit:      CURL_VERSION_IPV6
[2015.08.16-07.53.32:722][  0]LogInit:      CURL_VERSION_ASYNCHDNS
[2015.08.16-07.53.32:722][  0]LogInit:      CURL_VERSION_LARGEFILE
[2015.08.16-07.53.32:722][  0]LogInit:      CURL_VERSION_IDN
[2015.08.16-07.53.32:722][  0]LogInit:  CurlRequestOptions (configurable via config and command line):
[2015.08.16-07.53.32:722][  0]LogInit:  - bVerifyPeer = true  - Libcurl will verify peer certificate
[2015.08.16-07.53.32:722][  0]LogInit:  - bUseHttpProxy = false  - Libcurl will NOT use HTTP proxy
[2015.08.16-07.53.32:722][  0]LogInit:  - bDontReuseConnections = false  - Libcurl will reuse connections
[2015.08.16-07.53.32:722][  0]LogInit:  - CertBundlePath = nullptr  - Libcurl will use whatever was configured at build time.
[2015.08.16-07.53.32:731][  0]LogOnline:Warning: No default platform service specified for OnlineSubsystem
[2015.08.16-07.53.32:743][  0]LogInit: Presizing for 0 objects not considered by GC, pre-allocating 0 bytes.
[2015.08.16-07.53.32:750][  0]LogInit: Object subsystem initialized
[2015.08.16-07.53.32:750][  0]LogConsoleResponse:Warning: Skipping Unknown console variable: 'TranslucentSortAxis = (X=0.000000,Y=-1.000000,Z=0.000000)'
[2015.08.16-07.53.32:750][  0]LogConsoleResponse:Warning:   Found in ini file 'C:/Users/jackson.luff/Desktop/Spook_Prototype/Saved/Config/Windows/Engine.ini', in section '[/Script/Engine.RendererSettings]'
[2015.08.16-07.53.32:750][  0]LogConsoleResponse:Warning: Skipping Unknown console variable: 'UIScaleRule = ShortestSide'
[2015.08.16-07.53.32:751][  0]LogConsoleResponse:Warning:   Found in ini file 'C:/Users/jackson.luff/Desktop/Spook_Prototype/Saved/Config/Windows/Engine.ini', in section '[/Script/Engine.RendererSettings]'
[2015.08.16-07.53.32:751][  0]LogConsoleResponse:Warning: Skipping Unknown console variable: 'UIScaleCurve = (EditorCurveData=(Keys=),ExternalCurve=None)'
[2015.08.16-07.53.32:751][  0]LogConsoleResponse:Warning:   Found in ini file 'C:/Users/jackson.luff/Desktop/Spook_Prototype/Saved/Config/Windows/Engine.ini', in section '[/Script/Engine.RendererSettings]'
[2015.08.16-07.53.32:751][  0]LogInit: Selected Device Profile: [Windows]
[2015.08.16-07.53.32:751][  0]LogInit: Applying CVar settings loaded from the selected device profile: [Windows]
[2015.08.16-07.53.32:758][  0]LogInit: Computer: AIE-PURPLE-03
[2015.08.16-07.53.32:758][  0]LogInit: User: jacksonluff
[2015.08.16-07.53.32:758][  0]LogInit: CPU Page size=4096, Cores=4
[2015.08.16-07.53.32:758][  0]LogInit: High frequency timer resolution =3.323623 MHz
[2015.08.16-07.53.32:758][  0]LogMemory: Memory total: Physical=16.0GB (16GB approx)
[2015.08.16-07.53.32:758][  0]LogMemory: Platform Memory Stats for Windows
[2015.08.16-07.53.32:758][  0]LogMemory: Process Physical Memory: 52.10 MB used, 52.10 MB peak
[2015.08.16-07.53.32:758][  0]LogMemory: Process Virtual Memory: 24.45 MB used, 24.45 MB peak
[2015.08.16-07.53.32:758][  0]LogMemory: Physical Memory: 4922.95 MB used, 16343.68 MB total
[2015.08.16-07.53.32:758][  0]LogMemory: Virtual Memory: 284.64 MB used, 8388608.00 MB total
[2015.08.16-07.53.32:789][  0]LogTextLocalizationManager: The requested culture ('en_AU') has no localization data; parent culture's ('en') localization data will be used.
[2015.08.16-07.53.32:980][  0]LogTextLocalizationManager:Warning: Loaded localization resources contain conflicting entries for (Namespace:ContentBrowser, Key:ImportAssetToolTip):
Localization Resource: (C:/Program Files/Epic Games/4.8/Engine/Content/Localization/Editor/en/Editor.locres) Source String Hash: (-630476809) Localized String: (Import to {0}...)
Localization Resource: (C:/Program Files/Epic Games/4.8/Engine/Content/Localization/Editor/en/Editor.locres) Source String Hash: (1271782899) Localized String: (Imports an asset from file to this folder.)
[2015.08.16-07.53.33:371][  0]LogD3D11RHI: Found D3D11 adapter 0: NVIDIA GeForce GTX 660 Ti (Feature Level 11_0)
[2015.08.16-07.53.33:371][  0]LogD3D11RHI: Adapter has 1989MB of dedicated video memory, 0MB of dedicated system memory, and 2048MB of shared system memory, 2 output[s]
[2015.08.16-07.53.33:371][  0]LogD3D11RHI: Chosen D3D11 Adapter Id = 0
[2015.08.16-07.53.33:374][  0]LogD3D11RHI: InitD3DDevice
[2015.08.16-07.53.33:374][  0]LogD3D11RHI: !Direct3DDevice
[2015.08.16-07.53.33:375][  0]LogRHI: Texture pool is 1361 MB (70% of 1945 MB)
[2015.08.16-07.53.33:381][  0]LogD3D11RHI: Async texture creation enabled
[2015.08.16-07.53.33:395][  0]LogShaderCompilers:Display: Using Local Shader Compiler.
[2015.08.16-07.53.34:089][  0]LogTemp:Display: Loaded TP DesktopTargetPlatform
[2015.08.16-07.53.34:100][  0]LogTemp:Display: Loaded TP WindowsClientTargetPlatform
[2015.08.16-07.53.34:112][  0]LogTemp:Display: Loaded TP WindowsNoEditorTargetPlatform
[2015.08.16-07.53.34:124][  0]LogTemp:Display: Loaded TP WindowsServerTargetPlatform
[2015.08.16-07.53.34:137][  0]LogTemp:Display: Loaded TP WindowsTargetPlatform
[2015.08.16-07.53.34:147][  0]LogTemp:Display: Loaded TP AndroidTargetPlatform
[2015.08.16-07.53.34:158][  0]LogTemp:Display: Loaded TP Android_ASTCTargetPlatform
[2015.08.16-07.53.34:167][  0]LogTemp:Display: Loaded TP Android_ATCTargetPlatform
[2015.08.16-07.53.34:177][  0]LogTemp:Display: Loaded TP Android_DXTTargetPlatform
[2015.08.16-07.53.34:187][  0]LogTemp:Display: Loaded TP Android_ETC1TargetPlatform
[2015.08.16-07.53.34:198][  0]LogTemp:Display: Loaded TP Android_ETC2TargetPlatform
[2015.08.16-07.53.34:209][  0]LogTemp:Display: Loaded TP Android_PVRTCTargetPlatform
[2015.08.16-07.53.34:249][  0]LogTemp:Display: Loaded TP IOSTargetPlatform
[2015.08.16-07.53.34:259][  0]LogTemp:Display: Loaded TP LinuxNoEditorTargetPlatform
[2015.08.16-07.53.34:269][  0]LogTemp:Display: Loaded TP LinuxServerTargetPlatform
[2015.08.16-07.53.34:282][  0]LogTemp:Display: Loaded TP LinuxTargetPlatform
[2015.08.16-07.53.34:282][  0]LogTargetPlatformManager:Display: Building Assets For Windows
[2015.08.16-07.53.34:451][  0]LogDerivedDataCache:Display: Max Cache Size: 512 MB
[2015.08.16-07.53.34:492][  0]LogDerivedDataCache: Loaded boot cache 0.04s 53MB C:/Users/jackson.luff/AppData/Local/UnrealEngine/4.8/DerivedDataCache/Boot.ddc.
[2015.08.16-07.53.34:492][  0]LogDerivedDataCache:Display: Loaded Boot cache: C:/Users/jackson.luff/AppData/Local/UnrealEngine/4.8/DerivedDataCache/Boot.ddc
[2015.08.16-07.53.34:492][  0]LogDerivedDataCache: FDerivedDataBackendGraph:  Pak pak cache file ../../../../../../Users/jackson.luff/Desktop/Spook_Prototype/DerivedDataCache/DDC.ddp not found, will not use a pak cache.
[2015.08.16-07.53.34:493][  0]LogDerivedDataCache: Unable to find inner node Pak for hierarchical cache Hierarchy.
[2015.08.16-07.53.34:493][  0]LogDerivedDataCache: FDerivedDataBackendGraph:  CompressedPak pak cache file ../../../../../../Users/jackson.luff/Desktop/Spook_Prototype/DerivedDataCache/Compressed.ddp not found, will not use a pak cache.
[2015.08.16-07.53.34:493][  0]LogDerivedDataCache: Unable to find inner node CompressedPak for hierarchical cache Hierarchy.
[2015.08.16-07.53.34:635][  0]LogDerivedDataCache:Display: Pak cache opened for reading ../../../Engine/DerivedDataCache/Compressed.ddp.
[2015.08.16-07.53.34:646][  0]LogDerivedDataCache: Using Local data cache path C:/Users/jackson.luff/AppData/Local/UnrealEngine/Common/DerivedDataCache: Writable
[2015.08.16-07.53.34:843][  0]LogInit: Selected Device Profile: [Windows]
[2015.08.16-07.53.34:850][  0]ImportText (ComponentSweepMultiTests): Missing closing parenthesis: (RootShapeAsset="/Engine/BasicShapes/Cube.Cube",ShapeType="TriggerCapsule",HitResult=(Time=0.50,Location=(X=-100.000015,Y=0.0,Z=100.000015),ImpactPoint=(X=-50.0,Y=0.0,Z=50.0),Normal=(X=-1.0,Y=-0.0,Z=0.0),ImpactNormal=(X=0.0,Y=0.0,Z=1.0),TraceStart=(X=-200.0,Y=0.0,Z=200.0),TraceEnd=(X=0.0,Y=0.0,Z=0.0))
[2015.08.16-07.53.34:850][  0]ImportText (LineTraceSingleByChannelTests): Missing closing parenthesis: (RootShapeAsset="/Engine/BasicShapes/Cube.Cube",HitResult=(Time=0.50,Location=(X=-100.000015,Y=0.0,Z=100.000015),ImpactPoint=(X=-50.0,Y=0.0,Z=50.0),Normal=(X=-1.0,Y=-0.0,Z=0.0),ImpactNormal=(X=0.0,Y=0.0,Z=1.0),TraceStart=(X=-200.0,Y=0.0,Z=200.0),TraceEnd=(X=0.0,Y=0.0,Z=0.0))
[2015.08.16-07.53.34:873][  0]LogMeshUtilities: No automatic mesh reduction module available
[2015.08.16-07.53.34:873][  0]LogMeshUtilities: No automatic mesh merging module available
[2015.08.16-07.53.35:216][  0]LogInit: WinSock: version 1.1 (2.2), MaxSocks=32767, MaxUdp=65467
[2015.08.16-07.53.36:017][  0]UdpMessaging: Initializing bridge on interface 0.0.0.0:0 to multicast group 230.0.0.1:6666.
[2015.08.16-07.53.36:327][  0]SourceControl: Info Source control is disabled
[2015.08.16-07.53.36:333][  0]SourceControl: Info Source control is disabled
[2015.08.16-07.53.36:342][  0]SourceControl: Info Source control is disabled
[2015.08.16-07.53.36:350][  0]SourceControl: Info Source control is disabled
[2015.08.16-07.53.36:539][  0]LogObj: 26273 objects as part of root set at end of initial load.
[2015.08.16-07.53.36:539][  0]LogUObjectAllocator: 5409248 out of 0 bytes used by permanent object pool.
[2015.08.16-07.53.36:598][  0]LogEngine: Initializing Engine...
[2015.08.16-07.53.36:600][  0]LogHMD: Can't find Oculus library dev build: is proper Runtime installed? Version: 0.6.0.0
[2015.08.16-07.53.36:601][  0]LogHMD:Warning: SteamVR failed to initialize.  Error: 110
[2015.08.16-07.53.36:730][  0]LogAIModule: Creating AISystem for world NewWorld
[2015.08.16-07.53.36:735][  0]LogInit: XAudio2 using 'Speakers (VIA High Definition Audio)' : 2 channels at 48 kHz using 32 bits per sample (channel mask 0x3)
[2015.08.16-07.53.36:755][  0]LogInit: FAudioDevice initialized.
[2015.08.16-07.53.36:778][  0]LogDerivedDataCache: Saved boot cache 0.02s 53MB C:/Users/jackson.luff/AppData/Local/UnrealEngine/4.8/DerivedDataCache/Boot.ddc.
[2015.08.16-07.53.36:782][  0]LogInit: Texture streaming: Disabled
[2015.08.16-07.53.36:802][  0]LogAnalytics: Creating configured Analytics provider AnalyticsET
[2015.08.16-07.53.36:802][  0]LogAnalytics: [UEEditor.Rocket.Release] APIServer = http://et2.epicgames.com/ET2/. AppVersion = 4.8.3-2634408+++depot+UE4-Releases+4.8
[2015.08.16-07.53.36:802][  0]LogAnalytics: [UEEditor.Rocket.Release] SetUserId 5935bf314cc2f96a3a6b41b54da9b35b|7cf267475aab4bafb7b336aedadbdf03|3742992d-4606-4afe-af30-26853548c9ac
[2015.08.16-07.53.36:802][  0]LogAnalytics: [UEEditor.Rocket.Release] AnalyticsET::StartSession
[2015.08.16-07.53.36:821][  0]LogInit: Transaction tracking system initialized
[2015.08.16-07.53.36:922][  0]BlueprintLog: New page: Editor Load
[2015.08.16-07.53.36:951][  0]LogAssetRegistry: FAssetRegistry took 0.0100 seconds to start up
[2015.08.16-07.53.36:951][  0]LogDirectoryWatcher:Warning: Failed to begin reading directory changes for ../../../Engine/Plugins/Experimental/CharacterAI/Content/. Error: 0
[2015.08.16-07.53.37:457][  0]LogConsoleManager:Warning: Console variable 'r.VSync' wasn't set ('GameSetting' has a lower priority than 'SystemSettingsIni')
[2015.08.16-07.53.37:458][  0]LogConsoleResponse:Display: 
[2015.08.16-07.53.37:536][  0]LogCook:Display: Done creating registry. It took  0.00s.
[2015.08.16-07.53.37:684][  0]SourceControl: Info Source control is disabled
[2015.08.16-07.53.37:684][  0]Cmd: MAP LOAD FILE="../../../../../../Users/jackson.luff/Desktop/Spook_Prototype/Content/ThirdPersonBP/Maps/ThirdPersonExampleMap.umap" TEMPLATE=0 SHOWPROGRESS=1 FEATURELEVEL=3
[2015.08.16-07.53.37:684][  0]LogEditorServer:Warning: Can't find file '../../../../../../Users/jackson.luff/Desktop/Spook_Prototype/Content/ThirdPersonBP/Maps/ThirdPersonExampleMap.umap'
[2015.08.16-07.53.37:684][  0]Cmd: MAP CHECKDEP NOCLEARLOG
[2015.08.16-07.53.37:710][  0]MapCheck: Info Map check complete: 0 Error(s), 0 Warning(s), took 25.813ms to complete.
[2015.08.16-07.53.37:710][  0]LogFileHelpers: Loading map 'ThirdPersonExampleMap' took 0.026
[2015.08.16-07.53.37:813][  0]LogCollectionManager: Loaded 0 collections in 0.001729 seconds
[2015.08.16-07.53.37:819][  0]LogContentBrowser: Native class hierarchy populated in 0.0058 seconds. Added 1792 classes and 301 folders.
[2015.08.16-07.53.37:856][  0]LogContentBrowser: Native class hierarchy updated for 'WidgetCarousel' in 0.0003 seconds. Added 0 classes and 0 folders.
[2015.08.16-07.53.37:876][  0]LogContentBrowser: Native class hierarchy updated for 'AddContentDialog' in 0.0003 seconds. Added 0 classes and 0 folders.
[2015.08.16-07.53.37:890][  0]LogContentBrowser: Native class hierarchy updated for 'SceneOutliner' in 0.0003 seconds. Added 1 classes and 2 folders.
[2015.08.16-07.53.37:915][  0]LogCrashTracker: Crashtracker disabled due to settings.
[2015.08.16-07.53.37:916][  0]LogD3D11RHI: InitD3DDevice
[2015.08.16-07.53.37:919][  0]LogUObjectGlobals:Warning: Failed to find object 'Class None.'
[2015.08.16-07.53.37:940][  0]LogLoad: Full Startup: 6.72 seconds (BP compile: 0.01 seconds)
[2015.08.16-07.53.38:312][  0]LogContentStreaming: Texture pool size is 0.000000MB
[2015.08.16-07.53.38:328][  0]LogContentStreaming: Texture pool size now 1000 MB
[2015.08.16-07.53.38:508][  0]LogRenderer: Reallocating scene render targets to support 1056x560 (Frame:2).
[2015.08.16-07.53.39:630][  4]LogAssetRegistry: Asset discovery search completed in 2.6893 seconds
[2015.08.16-07.53.46:954][ 26]LogD3D11RHI: InitD3DDevice
[2015.08.16-07.53.52:394][559]LogD3D11RHI: InitD3DDevice
[2015.08.16-07.53.52:460][566]LogActorFactory: Actor Factory created Open_blockout
[2015.08.16-07.53.53:080][640]LogActorFactory: Actor Factory created Open_blockout
[2015.08.16-07.53.56:539][ 46]Cmd: DELETE
[2015.08.16-07.53.56:539][ 46]Cmd: ACTOR DELETE
[2015.08.16-07.53.56:539][ 46]LogEditorActor: Deleted Actor: StaticMeshActor
[2015.08.16-07.53.56:562][ 46]LogEditorActor: Deleted 1 Actors (0.023 secs)
[2015.08.16-07.53.57:400][144]LogD3D11RHI: InitD3DDevice
[2015.08.16-07.53.58:069][144]LogD3D11RHI: InitD3DDevice
[2015.08.16-07.53.58:092][144]LogD3D11RHI: InitD3DDevice
[2015.08.16-07.53.58:119][144]LogD3D11RHI: InitD3DDevice
[2015.08.16-07.53.59:443][297]LogD3D11RHI: InitD3DDevice
[2015.08.16-07.53.59:492][302]LogActorFactory: Actor Factory created Level_Frame_02__1_
[2015.08.16-07.53.59:760][334]LogActorFactory: Actor Factory created Level_Frame_02__1_
[2015.08.16-07.54.03:517][773]Cmd: DELETE
[2015.08.16-07.54.03:517][773]Cmd: ACTOR DELETE
[2015.08.16-07.54.03:517][773]LogEditorActor: Deleted Actor: StaticMeshActor
[2015.08.16-07.54.03:532][773]LogEditorActor: Deleted 1 Actors (0.015 secs)
[2015.08.16-07.54.04:961][943]LogD3D11RHI: InitD3DDevice
[2015.08.16-07.54.05:030][951]LogActorFactory: Actor Factory created Graveyard_Blockout
[2015.08.16-07.54.05:299][983]LogActorFactory: Actor Factory created Graveyard_Blockout
[2015.08.16-07.54.08:075][302]Cmd: DELETE
[2015.08.16-07.54.08:075][302]Cmd: ACTOR DELETE
[2015.08.16-07.54.08:075][302]LogEditorActor: Deleted Actor: StaticMeshActor
[2015.08.16-07.54.08:094][302]LogEditorActor: Deleted 1 Actors (0.019 secs)
[2015.08.16-07.54.08:735][358]LogD3D11RHI: InitD3DDevice
[2015.08.16-07.54.09:740][358]LogD3D11RHI: InitD3DDevice
[2015.08.16-07.54.09:761][358]LogD3D11RHI: InitD3DDevice
[2015.08.16-07.54.09:774][358]LogD3D11RHI: InitD3DDevice
[2015.08.16-07.54.10:400][426]LogD3D11RHI: InitD3DDevice
[2015.08.16-07.54.10:464][433]LogActorFactory: Actor Factory created graveWall
[2015.08.16-07.54.10:793][472]LogActorFactory: Actor Factory created graveWall
[2015.08.16-07.54.13:568][792]Cmd: DELETE
[2015.08.16-07.54.13:568][792]Cmd: ACTOR DELETE
[2015.08.16-07.54.13:569][792]LogEditorActor: Deleted Actor: StaticMeshActor
[2015.08.16-07.54.13:582][792]LogEditorActor: Deleted 1 Actors (0.013 secs)
[2015.08.16-07.54.23:942][988]LogD3D11RHI: InitD3DDevice
[2015.08.16-07.54.26:547][298]LogD3D11RHI: InitD3DDevice
[2015.08.16-07.54.27:488][410]LogLinker:Warning: Can't find file '/Game/Spook/Environment/Platforms/lambert1'
[2015.08.16-07.54.27:488][410]LogLinker:Warning: Can't find file for asset '/Game/Spook/Environment/Platforms/lambert1' while loading ../../../../../../Users/jackson.luff/Desktop/Spook_Prototype/Content/Test/Particles/BP_SoulPickUp.uasset.
[2015.08.16-07.54.27:488][410]LoadErrors:Error: Error /Game/Test/Particles/BP_SoulPickUp : Can't find file for asset. /Game/Spook/Environment/Platforms/lambert1
[2015.08.16-07.54.27:488][410]LogLinker:Warning: Can't find file '/Game/Spook/Environment/Platforms/lambert1'
[2015.08.16-07.54.27:489][410]LogLinker:Warning: Can't find file for asset '/Game/Spook/Environment/Platforms/lambert1' while loading ../../../../../../Users/jackson.luff/Desktop/Spook_Prototype/Content/Test/Particles/BP_SoulPickUp.uasset.
[2015.08.16-07.54.27:493][410]LogLinker:Warning: Can't find file '/Game/Spook/Environment/Platforms/lambert1'
[2015.08.16-07.54.27:493][410]LogLinker:Warning: Can't find file for asset '/Game/Spook/Environment/Platforms/lambert1' while loading NULL.
[2015.08.16-07.54.27:493][410]LogLinker:Warning: Can't find file '/Game/Spook/Environment/Platforms/lambert1'
[2015.08.16-07.54.27:493][410]LogLinker:Warning: Can't find file for asset '/Game/Spook/Environment/Platforms/lambert1' while loading NULL.
[2015.08.16-07.54.27:495][410]LogLinker:Warning: Can't find file '/Game/Spook/Environment/Platforms/lambert1'
[2015.08.16-07.54.27:495][410]LoadErrors: Info Failed to load /Game/Spook/Environment/Platforms/lambert1.lambert1 Referenced by SphereC26531FF40384D4B717D7788E722A0AC
[2015.08.16-07.54.27:495][410]LogLinker:Warning: Can't find file for asset '/Game/Spook/Environment/Platforms/lambert1' while loading NULL.
[2015.08.16-07.54.27:537][410]LogMaterial: Missing cached shader map for material Mat_PS_Pickup, compiling. 
[2015.08.16-07.54.27:608][410]LogD3D11RHI: InitD3DDevice
[2015.08.16-07.54.28:282][410]LogD3D11RHI: InitD3DDevice
[2015.08.16-07.54.28:315][410]LogD3D11RHI: InitD3DDevice
[2015.08.16-07.54.28:331][410]LogD3D11RHI: InitD3DDevice
[2015.08.16-07.54.29:974][590]LogD3D11RHI: InitD3DDevice
[2015.08.16-07.54.30:005][590]LogD3D11RHI: InitD3DDevice
[2015.08.16-07.54.35:517][ 92]LogD3D11RHI: InitD3DDevice
[2015.08.16-07.54.35:823][ 92]LogLinker:Warning: Can't find file '/Game/Spook/MiscObjects/Mat_TriggerVisual'
[2015.08.16-07.54.35:823][ 92]LoadErrors: Info Failed to load /Game/Spook/Characters/Sheep/Resource/Animations/AnimBP_Sheep.AnimBP_Sheep_C Referenced by MaterialBillboardD06D73F04DB997E1EA2A02A011F63610
[2015.08.16-07.54.35:823][ 92]LogLinker:Warning: Can't find file for asset '/Game/Spook/MiscObjects/Mat_TriggerVisual' while loading ../../../../../../Users/jackson.luff/Desktop/Spook_Prototype/Content/Spook/Characters/Sheep/Resource/Animations/AnimBP_Sheep.uasset.
[2015.08.16-07.54.35:824][ 92]LoadErrors:Error: Error /Game/Spook/Characters/Sheep/Resource/Animations/AnimBP_Sheep : Can't find file for asset. /Game/Spook/MiscObjects/Mat_TriggerVisual
[2015.08.16-07.54.35:928][ 92]LogLinker:Warning: Can't find file '/Game/Spook/MiscObjects/Mat_TriggerVisual'
[2015.08.16-07.54.35:928][ 92]LogLinker:Warning: Can't find file for asset '/Game/Spook/MiscObjects/Mat_TriggerVisual' while loading ../../../../../../Users/jackson.luff/Desktop/Spook_Prototype/Content/Spook/Characters/Sheep/Resource/Animations/AnimBP_Sheep.uasset.
[2015.08.16-07.54.35:929][ 92]LogLinker:Warning: Can't find file '/Game/Spook/MiscObjects/Mat_TriggerVisual'
[2015.08.16-07.54.35:929][ 92]LogLinker:Warning: Can't find file for asset '/Game/Spook/MiscObjects/Mat_TriggerVisual' while loading ../../../../../../Users/jackson.luff/Desktop/Spook_Prototype/Content/Spook/Characters/Sheep/Resource/Animations/AnimBP_Sheep.uasset.
[2015.08.16-07.54.36:229][ 92]LogLinker:Warning: Can't find file '/Game/Spook/MiscObjects/Mat_TriggerVisual'
[2015.08.16-07.54.36:230][ 92]LogLinker:Warning: Can't find file for asset '/Game/Spook/MiscObjects/Mat_TriggerVisual' while loading ../../../../../../Users/jackson.luff/Desktop/Spook_Prototype/Content/Spook/Characters/Sheep/SheepController.uasset.
[2015.08.16-07.54.36:230][ 92]LoadErrors:Error: Error /Game/Spook/Characters/Sheep/SheepController : Can't find file for asset. /Game/Spook/MiscObjects/Mat_TriggerVisual
[2015.08.16-07.54.36:230][ 92]LogLinker:Warning: Can't find file '/Game/Spook/MiscObjects/Mat_TriggerVisual'
[2015.08.16-07.54.36:230][ 92]LogLinker:Warning: Can't find file for asset '/Game/Spook/MiscObjects/Mat_TriggerVisual' while loading ../../../../../../Users/jackson.luff/Desktop/Spook_Prototype/Content/Spook/Characters/Sheep/SheepController.uasset.
[2015.08.16-07.54.36:617][ 92]LogLinker:Warning: Can't find file '/Game/Spook/Characters/Frank/FrankController'
[2015.08.16-07.54.36:618][ 92]LogLinker:Warning: Can't find file for asset '/Game/Spook/Characters/Frank/FrankController' while loading ../../../../../../Users/jackson.luff/Desktop/Spook_Prototype/Content/Spook/MapAndGameMode/SpookGameMode.uasset.
[2015.08.16-07.54.36:618][ 92]LoadErrors:Error: Error /Game/Spook/MapAndGameMode/SpookGameMode : Can't find file for asset. /Game/Spook/Characters/Frank/FrankController
[2015.08.16-07.54.36:618][ 92]LogLinker:Warning: Can't find file '/Game/Spook/Characters/Frank/FrankController'
[2015.08.16-07.54.36:618][ 92]LogLinker:Warning: Can't find file for asset '/Game/Spook/Characters/Frank/FrankController' while loading ../../../../../../Users/jackson.luff/Desktop/Spook_Prototype/Content/Spook/MapAndGameMode/SpookGameMode.uasset.
[2015.08.16-07.54.36:623][ 92]LogLinker:Warning: Can't find file '/Game/Spook/Characters/Frank/FrankController'
[2015.08.16-07.54.36:623][ 92]LogLinker:Warning: Can't find file for asset '/Game/Spook/Characters/Frank/FrankController' while loading ../../../../../../Users/jackson.luff/Desktop/Spook_Prototype/Content/Spook/MapAndGameMode/Spook_World.umap.
[2015.08.16-07.54.36:623][ 92]LoadErrors:Error: Error /Game/Spook/MapAndGameMode/Spook_World : Can't find file for asset. /Game/Spook/Characters/Frank/FrankController
[2015.08.16-07.54.36:623][ 92]LogLinker:Warning: Can't find file '/Game/Spook/Characters/Frank/FrankController'
[2015.08.16-07.54.36:623][ 92]LogLinker:Warning: Can't find file for asset '/Game/Spook/Characters/Frank/FrankController' while loading ../../../../../../Users/jackson.luff/Desktop/Spook_Prototype/Content/Spook/MapAndGameMode/Spook_World.umap.
[2015.08.16-07.54.36:623][ 92]LogLinker:Warning: Can't find file '/Game/Spook/Characters/Frank/FrankController'
[2015.08.16-07.54.36:623][ 92]LogLinker:Warning: Can't find file for asset '/Game/Spook/Characters/Frank/FrankController' while loading ../../../../../../Users/jackson.luff/Desktop/Spook_Prototype/Content/Spook/MapAndGameMode/Spook_World.umap.
[2015.08.16-07.54.36:721][ 92]LogBlueprint:Warning: [Spook_World] CreatePinForVariable: 'isPossessed' variable not found. Base class was probably changed.
[2015.08.16-07.54.36:741][ 92]LogBlueprint:Warning: [compiler Spook_World] Warning Could not find a variable named "isPossessed" in 'SheepController_C'.
Make sure 'SheepController_C' has been compiled for  Get isPossessed 
[2015.08.16-07.54.36:743][ 92]LogBlueprint:Error: [compiler Spook_World] Error The property associated with  Is Possessed  could not be found
[2015.08.16-07.54.36:754][ 92]LogBlueprint:Warning: [compiler Spook_World] Warning [0065.53] Compile of Spook_World failed. 1 Fatal Issue(s) 1 Warning(s) [in 29 ms]
[2015.08.16-07.54.36:754][ 92]LogBlueprint:Warning: [compiler Spook_World] Warning [0065.53] Compile of Spook_World failed. 1 Fatal Issue(s) 2 Warning(s) [in 0 ms]
[2015.08.16-07.54.36:754][ 92]LogBlueprint:Warning: [compiler Spook_World] Warning [0065.53] Compile of Spook_World failed. 1 Fatal Issue(s) 3 Warning(s) [in 0 ms]
[2015.08.16-07.54.36:757][ 92]LogBlueprint:Warning: [Spook_World] CreatePinForVariable: 'isPossessed' variable not found. Base class was probably changed.
[2015.08.16-07.54.37:070][ 92]LogAIModule: Creating AISystem for world Spook_World
[2015.08.16-07.54.37:208][ 92]LogD3D11RHI: InitD3DDevice
[2015.08.16-07.54.39:304][ 92]LogD3D11RHI: InitD3DDevice
[2015.08.16-07.54.41:179][ 92]LoadErrors:Error: Error Failed import for BoolProperty /Game/Spook/Characters/Sheep/SheepController.SheepController_C:isPossessed
[2015.08.16-07.54.41:194][ 93]Cmd: UpdateLandscapeEditorData -warnings
[2015.08.16-07.54.43:024][312]LogD3D11RHI: InitD3DDevice
[2015.08.16-07.54.43:049][312]LogD3D11RHI: InitD3DDevice
[2015.08.16-07.54.44:450][312]Cmd: MAP LOAD FILE="../../../../../../Users/jackson.luff/Desktop/Spook_Prototype/Content/Spook/MapAndGameMode/Spook_World.umap" TEMPLATE=0 SHOWPROGRESS=1 FEATURELEVEL=3
[2015.08.16-07.54.44:451][312]LightingResults: New page: Lighting Build
[2015.08.16-07.54.44:461][312]LogContentBrowser: Native class hierarchy updated for 'StatsViewer' in 0.0003 seconds. Added 5 classes and 0 folders.
[2015.08.16-07.54.44:477][312]LoadErrors: New page: Loading map: Spook_World.umap
[2015.08.16-07.54.44:478][312]MapCheck: New page: Map Check
[2015.08.16-07.54.44:478][312]LightingResults: New page: Lighting Build
[2015.08.16-07.54.44:485][312]LogParticles: Destroying 0 GPU particle simulations for FXSystem 0x0000000016061300
[2015.08.16-07.54.44:710][312]LogBlueprint:Warning: [Spook_World] CreatePinForVariable: 'isPossessed' variable not found. Base class was probably changed.
[2015.08.16-07.54.44:730][312]LogBlueprint:Warning: [compiler Spook_World] Warning Could not find a variable named "isPossessed" in 'SheepController_C'.
Make sure 'SheepController_C' has been compiled for  Get isPossessed 
[2015.08.16-07.54.44:732][312]LogBlueprint:Error: [compiler Spook_World] Error The property associated with  Is Possessed  could not be found
[2015.08.16-07.54.44:742][312]LogBlueprint:Warning: [compiler Spook_World] Warning [0073.52] Compile of Spook_World failed. 1 Fatal Issue(s) 1 Warning(s) [in 28 ms]
[2015.08.16-07.54.44:742][312]LogBlueprint:Warning: [compiler Spook_World] Warning [0073.52] Compile of Spook_World failed. 1 Fatal Issue(s) 2 Warning(s) [in 0 ms]
[2015.08.16-07.54.44:742][312]LogBlueprint:Warning: [compiler Spook_World] Warning [0073.52] Compile of Spook_World failed. 1 Fatal Issue(s) 3 Warning(s) [in 0 ms]
[2015.08.16-07.54.44:746][312]LogBlueprint:Warning: [Spook_World] CreatePinForVariable: 'isPossessed' variable not found. Base class was probably changed.
[2015.08.16-07.54.44:884][312]LogAIModule: Creating AISystem for world Spook_World
[2015.08.16-07.54.44:908][312]LogPhysics:Warning: PHYSX: ..\..\PhysX\src\NpMaterial.cpp (124) 4 : NpMaterial::setRestitution: Invalid value 14785.600586 was clamped to [0,1]!
[2015.08.16-07.54.44:911][312]LogEditorServer: Finished looking for orphan Actors (0.000 secs)
[2015.08.16-07.54.45:081][312]Cmd: MAP CHECKDEP NOCLEARLOG
[2015.08.16-07.54.45:119][312]MapCheck: Info Map check complete: 0 Error(s), 0 Warning(s), took 38.313ms to complete.
[2015.08.16-07.54.45:120][312]LogFileHelpers: Loading map 'Spook_World' took 0.671
[2015.08.16-07.54.45:123][312]LoadErrors:Error: Error Failed import for BoolProperty /Game/Spook/Characters/Sheep/SheepController.SheepController_C:isPossessed
[2015.08.16-07.54.45:235][313]Cmd: UpdateLandscapeEditorData -warnings
[2015.08.16-07.54.45:235][313]Cmd: UpdateLandscapeEditorData
[2015.08.16-07.54.51:349][ 36]LogD3D11RHI: InitD3DDevice
[2015.08.16-07.54.52:838][183]LogD3D11RHI: InitD3DDevice
[2015.08.16-07.54.53:927][183]LogD3D11RHI: InitD3DDevice
[2015.08.16-07.54.53:989][183]LogD3D11RHI: InitD3DDevice
[2015.08.16-07.54.54:014][183]LogD3D11RHI: InitD3DDevice
[2015.08.16-07.54.55:788][365]LogD3D11RHI: InitD3DDevice
[2015.08.16-07.54.57:245][534]LogD3D11RHI: InitD3DDevice
[2015.08.16-07.54.59:392][534]LogD3D11RHI: InitD3DDevice
[2015.08.16-07.54.59:538][534]LogObjectTools:Warning: ForceReplaceReferences replaced references for a transient object 'DEADCLASS_BP_BoarAnim_C_0' or package '/Engine/Transient'.
[2015.08.16-07.54.59:539][534]LogObjectTools:Warning: ForceReplaceReferences replaced references for a transient object 'DEADCLASS_BP_BoarAnim_C_1' or package '/Engine/Transient'.
[2015.08.16-07.54.59:539][534]LogObjectTools:Warning: ForceReplaceReferences replaced references for a transient object 'Default__DEADCLASS_BP_BoarAnim_C_1' or package '/Engine/Transient'.
[2015.08.16-07.54.59:539][534]LogObjectTools:Warning: ForceReplaceReferences replaced references for a transient object 'Default__DEADCLASS_BP_BoarAnim_C_0' or package '/Engine/Transient'.
[2015.08.16-07.54.59:542][534]LogObjectTools:Warning: ForceReplaceReferences replaced references for a transient object 'DEADCLASS_TEST_BoarController_C_2' or package '/Engine/Transient'.
[2015.08.16-07.54.59:542][534]LogObjectTools:Warning: ForceReplaceReferences replaced references for a transient object 'DEADCLASS_TEST_BoarController_C_3' or package '/Engine/Transient'.
[2015.08.16-07.54.59:543][534]LogObjectTools:Warning: ForceReplaceReferences replaced references for a transient object 'CharacterMesh0' or package '/Engine/Transient'.
[2015.08.16-07.54.59:543][534]LogObjectTools:Warning: ForceReplaceReferences replaced references for a transient object 'BP_BoarAnim_C_1' or package '/Game/Spook/MapAndGameMode/Spook_World'.
[2015.08.16-07.54.59:543][534]LogObjectTools:Warning: ForceReplaceReferences replaced references for a transient object 'REINST_SKEL_TEST_BoarController_C_132' or package '/Engine/Transient'.
[2015.08.16-07.54.59:543][534]LogObjectTools:Warning: ForceReplaceReferences replaced references for a transient object 'CharacterMesh0' or package '/Engine/Transient'.
[2015.08.16-07.54.59:543][534]LogObjectTools:Warning: ForceReplaceReferences replaced references for a transient object 'REINST_TEST_BoarController_C_131' or package '/Engine/Transient'.
[2015.08.16-07.54.59:543][534]LogObjectTools:Warning: ForceReplaceReferences replaced references for a transient object 'Default__REINST_SKEL_BP_BoarAnim_C_21' or package '/Engine/Transient'.
[2015.08.16-07.54.59:543][534]LogObjectTools:Warning: ForceReplaceReferences replaced references for a transient object 'REINST_SKEL_BP_BoarAnim_C_21' or package '/Engine/Transient'.
[2015.08.16-07.54.59:544][534]LogObjectTools:Warning: ForceReplaceReferences replaced references for a transient object 'Default__REINST_BP_BoarAnim_C_20' or package '/Engine/Transient'.
[2015.08.16-07.54.59:544][534]LogObjectTools:Warning: ForceReplaceReferences replaced references for a transient object 'REINST_BP_BoarAnim_C_20' or package '/Engine/Transient'.
[2015.08.16-07.54.59:653][534]LogCrashTracker: 


[2015.08.16-07.55.02:048][534]LogCrashTracker: 


[2015.08.16-07.55.02:048][534]LogWindows: === Critical error: ===
Fatal error!

Unhandled Exception: EXCEPTION_ACCESS_VIOLATION reading address 0xffffffff

UE4Editor-CoreUObject.dll!FSerialNumberManager::GetAndAllocateSerialNumber() {0x000007fee7f79348} + 0 bytes [d:\buildfarm\buildmachine_++depot+ue4-releases+4.8\engine\sou
UE4Editor-CoreUObject.dll!FWeakObjectPtr::operator=() {0x000007fee7f65aac} + 12 bytes [d:\buildfarm\buildmachine_++depot+ue4-releases+4.8\engine\sou
UE4Editor-Engine.dll!USelection::Deselect() {0x000007fee56d4b60} + 14 bytes [d:\buildfarm\buildmachine_++depot+ue4-releases+4.8\engine\sou
UE4Editor-UnrealEd.dll!ObjectTools::DeleteSingleObject() {0x000007fed62e3c30} + 0 bytes [d:\buildfarm\buildmachine_++depot+ue4-releases+4.8\engine\sou
UE4Editor-UnrealEd.dll!ObjectTools::ForceDeleteObjects() {0x000007fed62f0998} + 10 bytes [d:\buildfarm\buildmachine_++depot+ue4-releases+4.8\engine\sou
UE4Editor-UnrealEd.dll!FAssetDeleteModel::DoForceDelete() {0x000007fed5fd6d39} + 12 bytes [d:\buildfarm\buildmachine_++depot+ue4-releases+4.8\engine\sou
UE4Editor-UnrealEd.dll!SDeleteAssetsDialog::ForceDelete() {0x000007fed6830c22} + 0 bytes [d:\buildfarm\buildmachine_++depot+ue4-releases+4.8\engine\sou
UE4Editor-UnrealEd.dll!TMemberFunctionCaller<SDeleteAssetsDialog,FReply (__cdecl SDeleteAssetsDialog::*)(void) __ptr64>::operator()<>() {0x000007fed679abd7} + 16 bytes [d:\buildfarm\buildmachine_++depot+ue4-releases+4.8\engine\sou
UE4Editor-UnrealEd.dll!TTupleImpl<TIntegerSequence<> >::ApplyAfter_ExplicitReturnType<FReply,TMemberFunctionCaller<SDeleteAssetsDialog,FReply (__cdecl SDeleteAssetsDialog::*)(void) __ptr64> >() {0x000007fed679bc79} + 19 bytes [d:\buildfarm\buildmachine_++depot+ue4-releases+4.8\engine\sou
UE4Editor-UnrealEd.dll!TBaseSPMethodDelegateInstance<0,SDeleteAssetsDialog,0,FReply __cdecl(void)>::Execute() {0x000007fed681c8a9} + 36 bytes [d:\buildfarm\buildmachine_++depot+ue4-releases+4.8\engine\sou
UE4Editor-Slate.dll!TBaseDelegate<FReply>::Execute() {0x000007fed8fc0c7a} + 6 bytes [d:\buildfarm\buildmachine_++depot+ue4-releases+4.8\engine\sou
UE4Editor-Slate.dll!SButton::OnMouseButtonUp() {0x000007fed8fef88f} + 17 bytes [d:\buildfarm\buildmachine_++depot+ue4-releases+4.8\engine\sou
UE4Editor-Slate.dll!<lambda_de96dc3471181973108233c6db1f9843>::operator()() {0x000007fed8df4ccc} + 24 bytes [d:\buildfarm\buildmachine_++depot+ue4-releases+4.8\engine\sou
UE4Editor-Slate.dll!FEventRouter::Route<FReply,FEventRouter::FToLeafmostPolicy,FPointerEvent,<lambda_de96dc3471181973108233c6db1f9843> >() {0x000007fed8dad167} + 21 bytes [d:\buildfarm\buildmachine_++depot+ue4-releases+4.8\engine\sou
UE4Editor-Slate.dll!FSlateApplication::ProcessMouseButtonUpEvent() {0x000007fed8e68617} + 78 bytes [d:\buildfarm\buildmachine_++depot+ue4-releases+4.8\engine\sou
UE4Editor-Slate.dll!FSlateApplication::OnMouseUp() {0x000007fed8e55d84} + 16 bytes [d:\buildfarm\buildmachine_++depot+ue4-releases+4.8\engine\sou
UE4Editor-Core.dll!FWindowsApplication::ProcessDeferredMessage() {0x000007fee850d7ad} + 12 bytes [d:\buildfarm\buildmachine_++depot+ue4-releases+4.8\engine\sou
UE4Editor-Core.dll!FWindowsApplication::DeferMessage() {0x000007fee84f49d1} + 74 bytes [d:\buildfarm\buildmachine_++depot+ue4-releases+4.8\engine\sou
UE4Editor-Core.dll!FWindowsApplication::ProcessMessage() {0x000007fee850edc3} + 44 bytes [d:\buildfarm\buildmachine_++depot+ue4-releases+4.8\engine\sou
UE4Editor-Core.dll!FWindowsApplication::AppWndProc() {0x000007fee84ee5ba} + 0 bytes [d:\buildfarm\buildmachine_++depot+ue4-releases+4.8\engine\sou
USER32.dll {0x0000000077a69bd1} + 0 bytes
USER32.dll {0x0000000077a698da} + 0 bytes
UE4Editor-Core.dll!FWindowsApplication::PumpMessages() {0x000007fee85100e9} + 11 bytes [d:\buildfarm\buildmachine_++depot+ue4-releases+4.8\engine\sou
UE4Editor-Slate.dll!FSlateApplication::Tick() {0x000007fed8e8687c} + 0 bytes [d:\buildfarm\buildmachine_++depot+ue4-releases+4.8\engine\sou
UE4Editor-Slate.dll!FSlateApplication::AddModalWindow() {0x000007fed8e01ba7} + 0 bytes [d:\buildfarm\buildmachine_++depot+ue4-releases+4.8\engine\sou
UE4Editor-UnrealEd.dll!UEditorEngine::EditorAddModalWindow() {0x000007fed61651ce} + 87 bytes [d:\buildfarm\buildmachine_++depot+ue4-releases+4.8\engine\sou
UE4Editor-UnrealEd.dll!ObjectTools::DeleteObjects() {0x000007fed62e2f6c} + 0 bytes [d:\buildfarm\buildmachine_++depot+ue4-releases+4.8\engine\sou
UE4Editor-ContentBrowser.dll!ContentBrowserUtils::DeleteFolders() {0x000007fecd353007} + 0 bytes [d:\buildfarm\buildmachine_++depot+ue4-releases+4.8\engine\sou
UE4Editor-ContentBrowser.dll!FAssetContextMenu::ExecuteDeleteFolderConfirmed() {0x000007fecd365520} + 0 bytes [d:\buildfarm\buildmachine_++depot+ue4-releases+4.8\engine\sou
UE4Editor-ContentBrowser.dll!TMemberFunctionCaller<FAssetContextMenu,FReply (__cdecl FAssetContextMenu::*)(void) __ptr64>::operator()<>() {0x000007fecd1fa833} + 12 bytes [d:\buildfarm\buildmachine_++depot+ue4-releases+4.8\engine\sou
UE4Editor-ContentBrowser.dll!TTupleImpl<TIntegerSequence<> >::ApplyAfter_ExplicitReturnType<FReply,TMemberFunctionCaller<FAssetContextMenu,FReply (__cdecl FAssetContextMenu::*)(void) __ptr64> >() {0x000007fecd2026b9} + 19 bytes [d:\buildfarm\buildmachine_++depot+ue4-releases+4.8\engine\sou
UE4Editor-ContentBrowser.dll!TBaseSPMethodDelegateInstance<0,FAssetContextMenu,0,FReply __cdecl(void)>::Execute() {0x000007fecd35dd19} + 36 bytes [d:\buildfarm\buildmachine_++depot+ue4-releases+4.8\engine\sou
UE4Editor-ContentBrowser.dll!TBaseDelegate<FReply>::Execute() {0x000007fecd35914a} + 6 bytes [d:\buildfarm\buildmachine_++depot+ue4-releases+4.8\engine\sou
UE4Editor-ContentBrowser.dll!SContentBrowserConfirmPopup::YesClicked() {0x000007fecd44f1c3} + 17 bytes [d:\buildfarm\buildmachine_++depot+ue4-releases+4.8\engine\sou
UE4Editor-ContentBrowser.dll!TMemberFunctionCaller<SContentBrowserConfirmPopup,FReply (__cdecl SContentBrowserConfirmPopup::*)(void) __ptr64>::operator()<>() {0x000007fecd1fbd97} + 16 bytes [d:\buildfarm\buildmachine_++depot+ue4-releases+4.8\engine\sou
UE4Editor-ContentBrowser.dll!TTupleImpl<TIntegerSequence<> >::ApplyAfter_ExplicitReturnType<FReply,TMemberFunctionCaller<SContentBrowserConfirmPopup,FReply (__cdecl SContentBrowserConfirmPopup::*)(void) __ptr64> >() {0x000007fecd2028c9} + 19 bytes [d:\buildfarm\buildmachine_++depot+ue4-releases+4.8\engine\sou
UE4Editor-ContentBrowser.dll!TBaseSPMethodDelegateInstance<0,SContentBrowserConfirmPopup,0,FReply __cdecl(void)>::Execute() {0x000007fecd361c89} + 36 bytes [d:\buildfarm\buildmachine_++depot+ue4-releases+4.8\engine\sou
UE4Editor-Slate.dll!TBaseDelegate<FReply>::Execute() {0x000007fed8fc0c7a} + 6 bytes [d:\buildfarm\buildmachine_++depot+ue4-releases+4.8\engine\sou
UE4Editor-Slate.dll!SButton::OnMouseButtonUp() {0x000007fed8fef88f} + 17 bytes [d:\buildfarm\buildmachine_++depot+ue4-releases+4.8\engine\sou
UE4Editor-Slate.dll!<lambda_de96dc3471181973108233c6db1f9843>::operator()() {0x000007fed8df4ccc} + 24 bytes [d:\buildfarm\buildmachine_++depot+ue4-releases+4.8\engine\sou
UE4Editor-Slate.dll!FEventRouter::Route<FReply,FEventRouter::FToLeafmostPolicy,FPointerEvent,<lambda_de96dc3471181973108233c6db1f9843> >() {0x000007fed8dad167} + 21 bytes [d:\buildfarm\buildmachine_++depot+ue4-releases+4.8\engine\sou
UE4Editor-Slate.dll!FSlateApplication::ProcessMouseButtonUpEvent() {0x000007fed8e68617} + 78 bytes [d:\buildfarm\buildmachine_++depot+ue4-releases+4.8\engine\sou
UE4Editor-Slate.dll!FSlateApplication::OnMouseUp() {0x000007fed8e55d84} + 16 bytes [d:\buildfarm\buildmachine_++depot+ue4-releases+4.8\engine\sou
UE4Editor-Core.dll!FWindowsApplication::ProcessDeferredMessage() {0x000007fee850d7ad} + 12 bytes [d:\buildfarm\buildmachine_++depot+ue4-releases+4.8\engine\sou
UE4Editor-Core.dll!FWindowsApplication::DeferMessage() {0x000007fee84f49d1} + 74 bytes [d:\buildfarm\buildmachine_++depot+ue4-releases+4.8\engine\sou
UE4Editor-Core.dll!FWindowsApplication::ProcessMessage() {0x000007fee850edc3} + 44 bytes [d:\buildfarm\buildmachine_++depot+ue4-releases+4.8\engine\sou
UE4Editor-Core.dll!FWindowsApplication::AppWndProc() {0x000007fee84ee5ba} + 0 bytes [d:\buildfarm\buildmachine_++depot+ue4-releases+4.8\engine\sou
USER32.dll {0x0000000077a69bd1} + 0 bytes
USER32.dll {0x0000000077a698da} + 0 bytes
UE4Editor-Core.dll!FWindowsPlatformMisc::PumpMessages() {0x000007fee8510186} + 48 bytes [d:\buildfarm\buildmachine_++depot+ue4-releases+4.8\engine\sou
UE4Editor.exe!FEngineLoop::Tick() {0x000000013fac3c7a} + 8 bytes [d:\buildfarm\buildmachine_++depot+ue4-releases+4.8\engine\sou
UE4Editor.exe!GuardedMain() {0x000000013fab49cc} + 0 bytes [d:\buildfarm\buildmachine_++depot+ue4-releases+4.8\engine\sou
UE4Editor.exe!GuardedMainWrapper() {0x000000013fab4a4a} + 5 bytes [d:\buildfarm\buildmachine_++depot+ue4-releases+4.8\engine\sou
UE4Editor.exe!WinMain() {0x000000013fac65c9} + 17 bytes [d:\buildfarm\buildmachine_++depot+ue4-releases+4.8\engine\sou
UE4Editor.exe!__tmainCRTStartup() {0x000000013fac75d9} + 21 bytes [f:\dd\vctools\crt\crtw32\dllstuff\crtexe.c:618]
kernel32.dll {0x00000000779459ed} + 0 bytes
ntdll.dll {0x0000000077b7c541} + 0 bytes
ntdll.dll {0x0000000077b7c541} + 0 bytes

